Running SLURM prolog script on rose05.cluster.local
===============================================================================
Job started on Sat May  4 03:28:34 BST 2024
Job ID          : 5943957
Job name        : launch.sh
WorkDir         : /mainfs/lyceum/jhj1g23/deeplearningpaper/inac_pytorch
Command         : /mainfs/lyceum/jhj1g23/deeplearningpaper/inac_pytorch/launch.sh
Partition       : a100
Num hosts       : 1
Num cores       : 48
Num of tasks    : 1
Hosts allocated : rose05
Job Output Follows ...
===============================================================================
/scratch/jhj1g23/.conda/envs/challenge/lib/python3.9/site-packages/glfw/__init__.py:914: GLFWError: (65550) b'Failed to detect any supported platform'
  warnings.warn(message, GLFWError)
pybullet build time: Nov 28 2023 23:52:03
/scratch/jhj1g23/.conda/envs/challenge/lib/python3.9/site-packages/gym/spaces/box.py:84: UserWarning: [33mWARN: Box bound precision lowered by casting to float32[0m
  logger.warn(f"Box bound precision lowered by casting to {self.dtype}")
load datafile:   0%|          | 0/21 [00:00<?, ?it/s]load datafile:   5%|â–         | 1/21 [00:00<00:04,  4.51it/s]load datafile:  14%|â–ˆâ–        | 3/21 [00:00<00:04,  3.94it/s]load datafile:  19%|â–ˆâ–‰        | 4/21 [00:01<00:05,  3.01it/s]load datafile:  81%|â–ˆâ–ˆâ–ˆâ–ˆâ–ˆâ–ˆâ–ˆâ–ˆ  | 17/21 [00:01<00:00, 11.44it/s]load datafile:  86%|â–ˆâ–ˆâ–ˆâ–ˆâ–ˆâ–ˆâ–ˆâ–ˆâ–Œ | 18/21 [00:02<00:00,  7.50it/s]load datafile: 100%|â–ˆâ–ˆâ–ˆâ–ˆâ–ˆâ–ˆâ–ˆâ–ˆâ–ˆâ–ˆ| 21/21 [00:02<00:00,  8.29it/s]
INFO:root:seed: 0
2024-05-04 03:29:23,437 | seed: 0
INFO:root:env_name: Walker2d
2024-05-04 03:29:23,440 | env_name: Walker2d
INFO:root:dataset: expert
2024-05-04 03:29:23,441 | dataset: expert
INFO:root:discrete_control: 0
2024-05-04 03:29:23,441 | discrete_control: 0
INFO:root:state_dim: 17
2024-05-04 03:29:23,441 | state_dim: 17
INFO:root:action_dim: 6
2024-05-04 03:29:23,441 | action_dim: 6
INFO:root:tau: 0.01
2024-05-04 03:29:23,441 | tau: 0.01
INFO:root:max_steps: 1000000
2024-05-04 03:29:23,441 | max_steps: 1000000
INFO:root:log_interval: 10000
2024-05-04 03:29:23,441 | log_interval: 10000
INFO:root:learning_rate: 0.0003
2024-05-04 03:29:23,442 | learning_rate: 0.0003
INFO:root:hidden_units: 256
2024-05-04 03:29:23,442 | hidden_units: 256
INFO:root:batch_size: 256
2024-05-04 03:29:23,442 | batch_size: 256
INFO:root:timeout: 1000
2024-05-04 03:29:23,442 | timeout: 1000
INFO:root:gamma: 0.99
2024-05-04 03:29:23,442 | gamma: 0.99
INFO:root:use_target_network: 1
2024-05-04 03:29:23,442 | use_target_network: 1
INFO:root:target_network_update_freq: 1
2024-05-04 03:29:23,442 | target_network_update_freq: 1
INFO:root:polyak: 0.995
2024-05-04 03:29:23,442 | polyak: 0.995
INFO:root:evaluation_criteria: return
2024-05-04 03:29:23,442 | evaluation_criteria: return
INFO:root:device: cpu
2024-05-04 03:29:23,442 | device: cpu
INFO:root:info: 0
2024-05-04 03:29:23,442 | info: 0
INFO:root:exp_path: /mainfs/lyceum/jhj1g23/deeplearningpaper/inac_pytorch/data/output/Walker2d/expert/0/0_run
2024-05-04 03:29:23,442 | exp_path: /mainfs/lyceum/jhj1g23/deeplearningpaper/inac_pytorch/data/output/Walker2d/expert/0/0_run
INFO:root:TRAIN LOG: steps 0, episodes   0, returns -13.51/-13.55/-14.01/-12.82/5 (mean/median/min/max/num), 129426.66 steps/s
2024-05-04 03:29:41,318 | TRAIN LOG: steps 0, episodes   0, returns -13.51/-13.55/-14.01/-12.82/5 (mean/median/min/max/num), 129426.66 steps/s
INFO:root:TEST LOG: steps 0, episodes   0, returns -13.86/-13.88/-14.53/-13.14/5 (mean/median/min/max/num), 129426.66 steps/s
2024-05-04 03:29:41,401 | TEST LOG: steps 0, episodes   0, returns -13.86/-13.88/-14.53/-13.14/5 (mean/median/min/max/num), 129426.66 steps/s
INFO:root:Normalized LOG: steps 0, episodes   0, returns -0.00/-0.00/-0.00/-0.00/5 (mean/median/min/max/num), 129426.66 steps/s
2024-05-04 03:29:41,401 | Normalized LOG: steps 0, episodes   0, returns -0.00/-0.00/-0.00/-0.00/5 (mean/median/min/max/num), 129426.66 steps/s
INFO:root:TRAIN LOG: steps 10000, episodes  10, returns 0.00/0.00/0.00/0.00/5 (mean/median/min/max/num), 67.43 steps/s
2024-05-04 03:32:09,701 | TRAIN LOG: steps 10000, episodes  10, returns 0.00/0.00/0.00/0.00/5 (mean/median/min/max/num), 67.43 steps/s
INFO:root:TEST LOG: steps 10000, episodes  10, returns 3515.53/3495.97/964.88/5085.83/5 (mean/median/min/max/num), 67.43 steps/s
2024-05-04 03:32:11,230 | TEST LOG: steps 10000, episodes  10, returns 3515.53/3495.97/964.88/5085.83/5 (mean/median/min/max/num), 67.43 steps/s
INFO:root:Normalized LOG: steps 10000, episodes  10, returns 0.77/0.76/0.21/1.11/5 (mean/median/min/max/num), 67.43 steps/s
2024-05-04 03:32:11,231 | Normalized LOG: steps 10000, episodes  10, returns 0.77/0.76/0.21/1.11/5 (mean/median/min/max/num), 67.43 steps/s
INFO:root:TRAIN LOG: steps 20000, episodes  20, returns 0.00/0.00/0.00/0.00/5 (mean/median/min/max/num), 67.99 steps/s
2024-05-04 03:34:38,321 | TRAIN LOG: steps 20000, episodes  20, returns 0.00/0.00/0.00/0.00/5 (mean/median/min/max/num), 67.99 steps/s
INFO:root:TEST LOG: steps 20000, episodes  20, returns 4876.21/4881.10/4846.61/4893.96/5 (mean/median/min/max/num), 67.99 steps/s
2024-05-04 03:34:40,457 | TEST LOG: steps 20000, episodes  20, returns 4876.21/4881.10/4846.61/4893.96/5 (mean/median/min/max/num), 67.99 steps/s
INFO:root:Normalized LOG: steps 20000, episodes  20, returns 1.06/1.06/1.06/1.07/5 (mean/median/min/max/num), 67.99 steps/s
2024-05-04 03:34:40,457 | Normalized LOG: steps 20000, episodes  20, returns 1.06/1.06/1.06/1.07/5 (mean/median/min/max/num), 67.99 steps/s
INFO:root:TRAIN LOG: steps 30000, episodes  30, returns 0.00/0.00/0.00/0.00/5 (mean/median/min/max/num), 68.26 steps/s
2024-05-04 03:37:06,960 | TRAIN LOG: steps 30000, episodes  30, returns 0.00/0.00/0.00/0.00/5 (mean/median/min/max/num), 68.26 steps/s
INFO:root:TEST LOG: steps 30000, episodes  30, returns 4996.09/4997.37/4986.87/5000.67/5 (mean/median/min/max/num), 68.26 steps/s
2024-05-04 03:37:09,092 | TEST LOG: steps 30000, episodes  30, returns 4996.09/4997.37/4986.87/5000.67/5 (mean/median/min/max/num), 68.26 steps/s
INFO:root:Normalized LOG: steps 30000, episodes  30, returns 1.09/1.09/1.09/1.09/5 (mean/median/min/max/num), 68.26 steps/s
2024-05-04 03:37:09,092 | Normalized LOG: steps 30000, episodes  30, returns 1.09/1.09/1.09/1.09/5 (mean/median/min/max/num), 68.26 steps/s
INFO:root:TRAIN LOG: steps 40000, episodes  40, returns 0.00/0.00/0.00/0.00/5 (mean/median/min/max/num), 67.82 steps/s
2024-05-04 03:39:36,532 | TRAIN LOG: steps 40000, episodes  40, returns 0.00/0.00/0.00/0.00/5 (mean/median/min/max/num), 67.82 steps/s
INFO:root:TEST LOG: steps 40000, episodes  40, returns 4390.62/4416.39/3456.60/5040.36/5 (mean/median/min/max/num), 67.82 steps/s
2024-05-04 03:39:38,431 | TEST LOG: steps 40000, episodes  40, returns 4390.62/4416.39/3456.60/5040.36/5 (mean/median/min/max/num), 67.82 steps/s
INFO:root:Normalized LOG: steps 40000, episodes  40, returns 0.96/0.96/0.75/1.10/5 (mean/median/min/max/num), 67.82 steps/s
2024-05-04 03:39:38,431 | Normalized LOG: steps 40000, episodes  40, returns 0.96/0.96/0.75/1.10/5 (mean/median/min/max/num), 67.82 steps/s
INFO:root:TRAIN LOG: steps 50000, episodes  50, returns 0.00/0.00/0.00/0.00/5 (mean/median/min/max/num), 68.13 steps/s
2024-05-04 03:42:05,211 | TRAIN LOG: steps 50000, episodes  50, returns 0.00/0.00/0.00/0.00/5 (mean/median/min/max/num), 68.13 steps/s
INFO:root:TEST LOG: steps 50000, episodes  50, returns 4813.50/4995.20/4061.95/5024.81/5 (mean/median/min/max/num), 68.13 steps/s
2024-05-04 03:42:07,271 | TEST LOG: steps 50000, episodes  50, returns 4813.50/4995.20/4061.95/5024.81/5 (mean/median/min/max/num), 68.13 steps/s
INFO:root:Normalized LOG: steps 50000, episodes  50, returns 1.05/1.09/0.88/1.09/5 (mean/median/min/max/num), 68.13 steps/s
2024-05-04 03:42:07,271 | Normalized LOG: steps 50000, episodes  50, returns 1.05/1.09/0.88/1.09/5 (mean/median/min/max/num), 68.13 steps/s
INFO:root:TRAIN LOG: steps 60000, episodes  60, returns 0.00/0.00/0.00/0.00/5 (mean/median/min/max/num), 67.71 steps/s
2024-05-04 03:44:34,971 | TRAIN LOG: steps 60000, episodes  60, returns 0.00/0.00/0.00/0.00/5 (mean/median/min/max/num), 67.71 steps/s
INFO:root:TEST LOG: steps 60000, episodes  60, returns 5000.23/5025.38/4831.83/5064.63/5 (mean/median/min/max/num), 67.71 steps/s
2024-05-04 03:44:37,082 | TEST LOG: steps 60000, episodes  60, returns 5000.23/5025.38/4831.83/5064.63/5 (mean/median/min/max/num), 67.71 steps/s
INFO:root:Normalized LOG: steps 60000, episodes  60, returns 1.09/1.09/1.05/1.10/5 (mean/median/min/max/num), 67.71 steps/s
2024-05-04 03:44:37,082 | Normalized LOG: steps 60000, episodes  60, returns 1.09/1.09/1.05/1.10/5 (mean/median/min/max/num), 67.71 steps/s
INFO:root:TRAIN LOG: steps 70000, episodes  70, returns 0.00/0.00/0.00/0.00/5 (mean/median/min/max/num), 67.73 steps/s
2024-05-04 03:47:04,738 | TRAIN LOG: steps 70000, episodes  70, returns 0.00/0.00/0.00/0.00/5 (mean/median/min/max/num), 67.73 steps/s
INFO:root:TEST LOG: steps 70000, episodes  70, returns 4168.09/4986.20/805.33/5062.48/5 (mean/median/min/max/num), 67.73 steps/s
2024-05-04 03:47:06,546 | TEST LOG: steps 70000, episodes  70, returns 4168.09/4986.20/805.33/5062.48/5 (mean/median/min/max/num), 67.73 steps/s
INFO:root:Normalized LOG: steps 70000, episodes  70, returns 0.91/1.09/0.18/1.10/5 (mean/median/min/max/num), 67.73 steps/s
2024-05-04 03:47:06,546 | Normalized LOG: steps 70000, episodes  70, returns 0.91/1.09/0.18/1.10/5 (mean/median/min/max/num), 67.73 steps/s
INFO:root:TRAIN LOG: steps 80000, episodes  80, returns 0.00/0.00/0.00/0.00/5 (mean/median/min/max/num), 67.54 steps/s
2024-05-04 03:49:34,609 | TRAIN LOG: steps 80000, episodes  80, returns 0.00/0.00/0.00/0.00/5 (mean/median/min/max/num), 67.54 steps/s
INFO:root:TEST LOG: steps 80000, episodes  80, returns 4473.87/5050.35/2855.66/5162.85/5 (mean/median/min/max/num), 67.54 steps/s
2024-05-04 03:49:36,494 | TEST LOG: steps 80000, episodes  80, returns 4473.87/5050.35/2855.66/5162.85/5 (mean/median/min/max/num), 67.54 steps/s
INFO:root:Normalized LOG: steps 80000, episodes  80, returns 0.97/1.10/0.62/1.12/5 (mean/median/min/max/num), 67.54 steps/s
2024-05-04 03:49:36,495 | Normalized LOG: steps 80000, episodes  80, returns 0.97/1.10/0.62/1.12/5 (mean/median/min/max/num), 67.54 steps/s
INFO:root:TRAIN LOG: steps 90000, episodes  90, returns 0.00/0.00/0.00/0.00/5 (mean/median/min/max/num), 67.71 steps/s
2024-05-04 03:52:04,194 | TRAIN LOG: steps 90000, episodes  90, returns 0.00/0.00/0.00/0.00/5 (mean/median/min/max/num), 67.71 steps/s
INFO:root:TEST LOG: steps 90000, episodes  90, returns 3575.11/4530.90/737.17/5111.55/5 (mean/median/min/max/num), 67.71 steps/s
2024-05-04 03:52:05,748 | TEST LOG: steps 90000, episodes  90, returns 3575.11/4530.90/737.17/5111.55/5 (mean/median/min/max/num), 67.71 steps/s
INFO:root:Normalized LOG: steps 90000, episodes  90, returns 0.78/0.99/0.16/1.11/5 (mean/median/min/max/num), 67.71 steps/s
2024-05-04 03:52:05,749 | Normalized LOG: steps 90000, episodes  90, returns 0.78/0.99/0.16/1.11/5 (mean/median/min/max/num), 67.71 steps/s
INFO:root:TRAIN LOG: steps 100000, episodes 100, returns 0.00/0.00/0.00/0.00/5 (mean/median/min/max/num), 67.19 steps/s
2024-05-04 03:54:34,580 | TRAIN LOG: steps 100000, episodes 100, returns 0.00/0.00/0.00/0.00/5 (mean/median/min/max/num), 67.19 steps/s
INFO:root:TEST LOG: steps 100000, episodes 100, returns 5115.13/5119.41/5039.36/5166.71/5 (mean/median/min/max/num), 67.19 steps/s
2024-05-04 03:54:36,710 | TEST LOG: steps 100000, episodes 100, returns 5115.13/5119.41/5039.36/5166.71/5 (mean/median/min/max/num), 67.19 steps/s
INFO:root:Normalized LOG: steps 100000, episodes 100, returns 1.11/1.11/1.10/1.13/5 (mean/median/min/max/num), 67.19 steps/s
2024-05-04 03:54:36,710 | Normalized LOG: steps 100000, episodes 100, returns 1.11/1.11/1.10/1.13/5 (mean/median/min/max/num), 67.19 steps/s
INFO:root:TRAIN LOG: steps 110000, episodes 110, returns 0.00/0.00/0.00/0.00/5 (mean/median/min/max/num), 67.44 steps/s
2024-05-04 03:57:04,985 | TRAIN LOG: steps 110000, episodes 110, returns 0.00/0.00/0.00/0.00/5 (mean/median/min/max/num), 67.44 steps/s
INFO:root:TEST LOG: steps 110000, episodes 110, returns 5067.15/5057.95/5045.25/5100.65/5 (mean/median/min/max/num), 67.44 steps/s
2024-05-04 03:57:07,115 | TEST LOG: steps 110000, episodes 110, returns 5067.15/5057.95/5045.25/5100.65/5 (mean/median/min/max/num), 67.44 steps/s
INFO:root:Normalized LOG: steps 110000, episodes 110, returns 1.10/1.10/1.10/1.11/5 (mean/median/min/max/num), 67.44 steps/s
2024-05-04 03:57:07,116 | Normalized LOG: steps 110000, episodes 110, returns 1.10/1.10/1.10/1.11/5 (mean/median/min/max/num), 67.44 steps/s
INFO:root:TRAIN LOG: steps 120000, episodes 120, returns 0.00/0.00/0.00/0.00/5 (mean/median/min/max/num), 67.38 steps/s
2024-05-04 03:59:35,518 | TRAIN LOG: steps 120000, episodes 120, returns 0.00/0.00/0.00/0.00/5 (mean/median/min/max/num), 67.38 steps/s
INFO:root:TEST LOG: steps 120000, episodes 120, returns 5030.16/5031.69/5019.25/5037.55/5 (mean/median/min/max/num), 67.38 steps/s
2024-05-04 03:59:37,650 | TEST LOG: steps 120000, episodes 120, returns 5030.16/5031.69/5019.25/5037.55/5 (mean/median/min/max/num), 67.38 steps/s
INFO:root:Normalized LOG: steps 120000, episodes 120, returns 1.10/1.10/1.09/1.10/5 (mean/median/min/max/num), 67.38 steps/s
2024-05-04 03:59:37,650 | Normalized LOG: steps 120000, episodes 120, returns 1.10/1.10/1.09/1.10/5 (mean/median/min/max/num), 67.38 steps/s
INFO:root:TRAIN LOG: steps 130000, episodes 130, returns 0.00/0.00/0.00/0.00/5 (mean/median/min/max/num), 67.07 steps/s
2024-05-04 04:02:06,748 | TRAIN LOG: steps 130000, episodes 130, returns 0.00/0.00/0.00/0.00/5 (mean/median/min/max/num), 67.07 steps/s
INFO:root:TEST LOG: steps 130000, episodes 130, returns 5081.63/5096.08/5037.63/5101.10/5 (mean/median/min/max/num), 67.07 steps/s
2024-05-04 04:02:08,880 | TEST LOG: steps 130000, episodes 130, returns 5081.63/5096.08/5037.63/5101.10/5 (mean/median/min/max/num), 67.07 steps/s
INFO:root:Normalized LOG: steps 130000, episodes 130, returns 1.11/1.11/1.10/1.11/5 (mean/median/min/max/num), 67.07 steps/s
2024-05-04 04:02:08,881 | Normalized LOG: steps 130000, episodes 130, returns 1.11/1.11/1.10/1.11/5 (mean/median/min/max/num), 67.07 steps/s
INFO:root:TRAIN LOG: steps 140000, episodes 140, returns 0.00/0.00/0.00/0.00/5 (mean/median/min/max/num), 67.18 steps/s
2024-05-04 04:04:37,728 | TRAIN LOG: steps 140000, episodes 140, returns 0.00/0.00/0.00/0.00/5 (mean/median/min/max/num), 67.18 steps/s
INFO:root:TEST LOG: steps 140000, episodes 140, returns 5037.48/5041.83/4991.12/5067.64/5 (mean/median/min/max/num), 67.18 steps/s
2024-05-04 04:04:39,860 | TEST LOG: steps 140000, episodes 140, returns 5037.48/5041.83/4991.12/5067.64/5 (mean/median/min/max/num), 67.18 steps/s
INFO:root:Normalized LOG: steps 140000, episodes 140, returns 1.10/1.10/1.09/1.10/5 (mean/median/min/max/num), 67.18 steps/s
2024-05-04 04:04:39,860 | Normalized LOG: steps 140000, episodes 140, returns 1.10/1.10/1.09/1.10/5 (mean/median/min/max/num), 67.18 steps/s
INFO:root:TRAIN LOG: steps 150000, episodes 150, returns 0.00/0.00/0.00/0.00/5 (mean/median/min/max/num), 67.17 steps/s
2024-05-04 04:07:08,730 | TRAIN LOG: steps 150000, episodes 150, returns 0.00/0.00/0.00/0.00/5 (mean/median/min/max/num), 67.17 steps/s
INFO:root:TEST LOG: steps 150000, episodes 150, returns 4985.25/5003.33/4866.23/5048.92/5 (mean/median/min/max/num), 67.17 steps/s
2024-05-04 04:07:10,866 | TEST LOG: steps 150000, episodes 150, returns 4985.25/5003.33/4866.23/5048.92/5 (mean/median/min/max/num), 67.17 steps/s
INFO:root:Normalized LOG: steps 150000, episodes 150, returns 1.09/1.09/1.06/1.10/5 (mean/median/min/max/num), 67.17 steps/s
2024-05-04 04:07:10,866 | Normalized LOG: steps 150000, episodes 150, returns 1.09/1.09/1.06/1.10/5 (mean/median/min/max/num), 67.17 steps/s
INFO:root:TRAIN LOG: steps 160000, episodes 160, returns 0.00/0.00/0.00/0.00/5 (mean/median/min/max/num), 67.36 steps/s
2024-05-04 04:09:39,313 | TRAIN LOG: steps 160000, episodes 160, returns 0.00/0.00/0.00/0.00/5 (mean/median/min/max/num), 67.36 steps/s
INFO:root:TEST LOG: steps 160000, episodes 160, returns 4981.40/4994.03/4891.76/5022.07/5 (mean/median/min/max/num), 67.36 steps/s
2024-05-04 04:09:41,451 | TEST LOG: steps 160000, episodes 160, returns 4981.40/4994.03/4891.76/5022.07/5 (mean/median/min/max/num), 67.36 steps/s
INFO:root:Normalized LOG: steps 160000, episodes 160, returns 1.08/1.09/1.07/1.09/5 (mean/median/min/max/num), 67.36 steps/s
2024-05-04 04:09:41,451 | Normalized LOG: steps 160000, episodes 160, returns 1.08/1.09/1.07/1.09/5 (mean/median/min/max/num), 67.36 steps/s
INFO:root:TRAIN LOG: steps 170000, episodes 170, returns 0.00/0.00/0.00/0.00/5 (mean/median/min/max/num), 67.15 steps/s
2024-05-04 04:12:10,372 | TRAIN LOG: steps 170000, episodes 170, returns 0.00/0.00/0.00/0.00/5 (mean/median/min/max/num), 67.15 steps/s
INFO:root:TEST LOG: steps 170000, episodes 170, returns 5043.15/5043.32/5036.86/5048.64/5 (mean/median/min/max/num), 67.15 steps/s
2024-05-04 04:12:12,506 | TEST LOG: steps 170000, episodes 170, returns 5043.15/5043.32/5036.86/5048.64/5 (mean/median/min/max/num), 67.15 steps/s
INFO:root:Normalized LOG: steps 170000, episodes 170, returns 1.10/1.10/1.10/1.10/5 (mean/median/min/max/num), 67.15 steps/s
2024-05-04 04:12:12,506 | Normalized LOG: steps 170000, episodes 170, returns 1.10/1.10/1.10/1.10/5 (mean/median/min/max/num), 67.15 steps/s
INFO:root:TRAIN LOG: steps 180000, episodes 180, returns 0.00/0.00/0.00/0.00/5 (mean/median/min/max/num), 67.08 steps/s
2024-05-04 04:14:41,591 | TRAIN LOG: steps 180000, episodes 180, returns 0.00/0.00/0.00/0.00/5 (mean/median/min/max/num), 67.08 steps/s
INFO:root:TEST LOG: steps 180000, episodes 180, returns 5003.72/4999.15/4962.21/5040.94/5 (mean/median/min/max/num), 67.08 steps/s
2024-05-04 04:14:43,727 | TEST LOG: steps 180000, episodes 180, returns 5003.72/4999.15/4962.21/5040.94/5 (mean/median/min/max/num), 67.08 steps/s
INFO:root:Normalized LOG: steps 180000, episodes 180, returns 1.09/1.09/1.08/1.10/5 (mean/median/min/max/num), 67.08 steps/s
2024-05-04 04:14:43,728 | Normalized LOG: steps 180000, episodes 180, returns 1.09/1.09/1.08/1.10/5 (mean/median/min/max/num), 67.08 steps/s
INFO:root:TRAIN LOG: steps 190000, episodes 190, returns 0.00/0.00/0.00/0.00/5 (mean/median/min/max/num), 67.12 steps/s
2024-05-04 04:17:12,709 | TRAIN LOG: steps 190000, episodes 190, returns 0.00/0.00/0.00/0.00/5 (mean/median/min/max/num), 67.12 steps/s
INFO:root:TEST LOG: steps 190000, episodes 190, returns 5039.00/5038.65/5012.63/5067.14/5 (mean/median/min/max/num), 67.12 steps/s
2024-05-04 04:17:14,848 | TEST LOG: steps 190000, episodes 190, returns 5039.00/5038.65/5012.63/5067.14/5 (mean/median/min/max/num), 67.12 steps/s
INFO:root:Normalized LOG: steps 190000, episodes 190, returns 1.10/1.10/1.09/1.10/5 (mean/median/min/max/num), 67.12 steps/s
2024-05-04 04:17:14,848 | Normalized LOG: steps 190000, episodes 190, returns 1.10/1.10/1.09/1.10/5 (mean/median/min/max/num), 67.12 steps/s
INFO:root:TRAIN LOG: steps 200000, episodes 200, returns 0.00/0.00/0.00/0.00/5 (mean/median/min/max/num), 67.56 steps/s
2024-05-04 04:19:42,862 | TRAIN LOG: steps 200000, episodes 200, returns 0.00/0.00/0.00/0.00/5 (mean/median/min/max/num), 67.56 steps/s
INFO:root:TEST LOG: steps 200000, episodes 200, returns 5082.37/5091.39/5033.93/5114.88/5 (mean/median/min/max/num), 67.56 steps/s
2024-05-04 04:19:44,994 | TEST LOG: steps 200000, episodes 200, returns 5082.37/5091.39/5033.93/5114.88/5 (mean/median/min/max/num), 67.56 steps/s
INFO:root:Normalized LOG: steps 200000, episodes 200, returns 1.11/1.11/1.10/1.11/5 (mean/median/min/max/num), 67.56 steps/s
2024-05-04 04:19:44,994 | Normalized LOG: steps 200000, episodes 200, returns 1.11/1.11/1.10/1.11/5 (mean/median/min/max/num), 67.56 steps/s
INFO:root:TRAIN LOG: steps 210000, episodes 210, returns 0.00/0.00/0.00/0.00/5 (mean/median/min/max/num), 67.31 steps/s
2024-05-04 04:22:13,557 | TRAIN LOG: steps 210000, episodes 210, returns 0.00/0.00/0.00/0.00/5 (mean/median/min/max/num), 67.31 steps/s
INFO:root:TEST LOG: steps 210000, episodes 210, returns 5047.16/5044.42/5016.68/5067.82/5 (mean/median/min/max/num), 67.31 steps/s
2024-05-04 04:22:15,685 | TEST LOG: steps 210000, episodes 210, returns 5047.16/5044.42/5016.68/5067.82/5 (mean/median/min/max/num), 67.31 steps/s
INFO:root:Normalized LOG: steps 210000, episodes 210, returns 1.10/1.10/1.09/1.10/5 (mean/median/min/max/num), 67.31 steps/s
2024-05-04 04:22:15,685 | Normalized LOG: steps 210000, episodes 210, returns 1.10/1.10/1.09/1.10/5 (mean/median/min/max/num), 67.31 steps/s
INFO:root:TRAIN LOG: steps 220000, episodes 220, returns 0.00/0.00/0.00/0.00/5 (mean/median/min/max/num), 68.47 steps/s
2024-05-04 04:24:41,726 | TRAIN LOG: steps 220000, episodes 220, returns 0.00/0.00/0.00/0.00/5 (mean/median/min/max/num), 68.47 steps/s
INFO:root:TEST LOG: steps 220000, episodes 220, returns 5042.24/5035.13/5010.20/5067.86/5 (mean/median/min/max/num), 68.47 steps/s
2024-05-04 04:24:43,835 | TEST LOG: steps 220000, episodes 220, returns 5042.24/5035.13/5010.20/5067.86/5 (mean/median/min/max/num), 68.47 steps/s
INFO:root:Normalized LOG: steps 220000, episodes 220, returns 1.10/1.10/1.09/1.10/5 (mean/median/min/max/num), 68.47 steps/s
2024-05-04 04:24:43,836 | Normalized LOG: steps 220000, episodes 220, returns 1.10/1.10/1.09/1.10/5 (mean/median/min/max/num), 68.47 steps/s
INFO:root:TRAIN LOG: steps 230000, episodes 230, returns 0.00/0.00/0.00/0.00/5 (mean/median/min/max/num), 68.91 steps/s
2024-05-04 04:27:08,950 | TRAIN LOG: steps 230000, episodes 230, returns 0.00/0.00/0.00/0.00/5 (mean/median/min/max/num), 68.91 steps/s
INFO:root:TEST LOG: steps 230000, episodes 230, returns 5026.34/5015.08/5005.71/5066.29/5 (mean/median/min/max/num), 68.91 steps/s
2024-05-04 04:27:11,064 | TEST LOG: steps 230000, episodes 230, returns 5026.34/5015.08/5005.71/5066.29/5 (mean/median/min/max/num), 68.91 steps/s
INFO:root:Normalized LOG: steps 230000, episodes 230, returns 1.09/1.09/1.09/1.10/5 (mean/median/min/max/num), 68.91 steps/s
2024-05-04 04:27:11,064 | Normalized LOG: steps 230000, episodes 230, returns 1.09/1.09/1.09/1.10/5 (mean/median/min/max/num), 68.91 steps/s
INFO:root:TRAIN LOG: steps 240000, episodes 240, returns 0.00/0.00/0.00/0.00/5 (mean/median/min/max/num), 68.85 steps/s
2024-05-04 04:29:36,302 | TRAIN LOG: steps 240000, episodes 240, returns 0.00/0.00/0.00/0.00/5 (mean/median/min/max/num), 68.85 steps/s
INFO:root:TEST LOG: steps 240000, episodes 240, returns 5077.76/5076.49/5040.01/5108.19/5 (mean/median/min/max/num), 68.85 steps/s
2024-05-04 04:29:38,413 | TEST LOG: steps 240000, episodes 240, returns 5077.76/5076.49/5040.01/5108.19/5 (mean/median/min/max/num), 68.85 steps/s
INFO:root:Normalized LOG: steps 240000, episodes 240, returns 1.11/1.11/1.10/1.11/5 (mean/median/min/max/num), 68.85 steps/s
2024-05-04 04:29:38,413 | Normalized LOG: steps 240000, episodes 240, returns 1.11/1.11/1.10/1.11/5 (mean/median/min/max/num), 68.85 steps/s
INFO:root:TRAIN LOG: steps 250000, episodes 250, returns 0.00/0.00/0.00/0.00/5 (mean/median/min/max/num), 68.75 steps/s
2024-05-04 04:32:03,868 | TRAIN LOG: steps 250000, episodes 250, returns 0.00/0.00/0.00/0.00/5 (mean/median/min/max/num), 68.75 steps/s
INFO:root:TEST LOG: steps 250000, episodes 250, returns 5066.63/5060.68/5043.20/5090.32/5 (mean/median/min/max/num), 68.75 steps/s
2024-05-04 04:32:05,980 | TEST LOG: steps 250000, episodes 250, returns 5066.63/5060.68/5043.20/5090.32/5 (mean/median/min/max/num), 68.75 steps/s
INFO:root:Normalized LOG: steps 250000, episodes 250, returns 1.10/1.10/1.10/1.11/5 (mean/median/min/max/num), 68.75 steps/s
2024-05-04 04:32:05,980 | Normalized LOG: steps 250000, episodes 250, returns 1.10/1.10/1.10/1.11/5 (mean/median/min/max/num), 68.75 steps/s
INFO:root:TRAIN LOG: steps 260000, episodes 260, returns 0.00/0.00/0.00/0.00/5 (mean/median/min/max/num), 69.42 steps/s
2024-05-04 04:34:30,041 | TRAIN LOG: steps 260000, episodes 260, returns 0.00/0.00/0.00/0.00/5 (mean/median/min/max/num), 69.42 steps/s
INFO:root:TEST LOG: steps 260000, episodes 260, returns 5057.24/5058.83/5023.45/5089.22/5 (mean/median/min/max/num), 69.42 steps/s
2024-05-04 04:34:32,149 | TEST LOG: steps 260000, episodes 260, returns 5057.24/5058.83/5023.45/5089.22/5 (mean/median/min/max/num), 69.42 steps/s
INFO:root:Normalized LOG: steps 260000, episodes 260, returns 1.10/1.10/1.09/1.11/5 (mean/median/min/max/num), 69.42 steps/s
2024-05-04 04:34:32,149 | Normalized LOG: steps 260000, episodes 260, returns 1.10/1.10/1.09/1.11/5 (mean/median/min/max/num), 69.42 steps/s
INFO:root:TRAIN LOG: steps 270000, episodes 270, returns 0.00/0.00/0.00/0.00/5 (mean/median/min/max/num), 68.65 steps/s
2024-05-04 04:36:57,824 | TRAIN LOG: steps 270000, episodes 270, returns 0.00/0.00/0.00/0.00/5 (mean/median/min/max/num), 68.65 steps/s
INFO:root:TEST LOG: steps 270000, episodes 270, returns 5090.40/5087.87/5074.13/5113.39/5 (mean/median/min/max/num), 68.65 steps/s
2024-05-04 04:36:59,935 | TEST LOG: steps 270000, episodes 270, returns 5090.40/5087.87/5074.13/5113.39/5 (mean/median/min/max/num), 68.65 steps/s
INFO:root:Normalized LOG: steps 270000, episodes 270, returns 1.11/1.11/1.10/1.11/5 (mean/median/min/max/num), 68.65 steps/s
2024-05-04 04:36:59,935 | Normalized LOG: steps 270000, episodes 270, returns 1.11/1.11/1.10/1.11/5 (mean/median/min/max/num), 68.65 steps/s
INFO:root:TRAIN LOG: steps 280000, episodes 280, returns 0.00/0.00/0.00/0.00/5 (mean/median/min/max/num), 68.89 steps/s
2024-05-04 04:39:25,100 | TRAIN LOG: steps 280000, episodes 280, returns 0.00/0.00/0.00/0.00/5 (mean/median/min/max/num), 68.89 steps/s
INFO:root:TEST LOG: steps 280000, episodes 280, returns 5079.83/5079.65/5055.40/5100.27/5 (mean/median/min/max/num), 68.89 steps/s
2024-05-04 04:39:27,211 | TEST LOG: steps 280000, episodes 280, returns 5079.83/5079.65/5055.40/5100.27/5 (mean/median/min/max/num), 68.89 steps/s
INFO:root:Normalized LOG: steps 280000, episodes 280, returns 1.11/1.11/1.10/1.11/5 (mean/median/min/max/num), 68.89 steps/s
2024-05-04 04:39:27,211 | Normalized LOG: steps 280000, episodes 280, returns 1.11/1.11/1.10/1.11/5 (mean/median/min/max/num), 68.89 steps/s
INFO:root:TRAIN LOG: steps 290000, episodes 290, returns 0.00/0.00/0.00/0.00/5 (mean/median/min/max/num), 68.53 steps/s
2024-05-04 04:41:53,123 | TRAIN LOG: steps 290000, episodes 290, returns 0.00/0.00/0.00/0.00/5 (mean/median/min/max/num), 68.53 steps/s
INFO:root:TEST LOG: steps 290000, episodes 290, returns 5022.12/5018.71/4994.16/5042.17/5 (mean/median/min/max/num), 68.53 steps/s
2024-05-04 04:41:55,233 | TEST LOG: steps 290000, episodes 290, returns 5022.12/5018.71/4994.16/5042.17/5 (mean/median/min/max/num), 68.53 steps/s
INFO:root:Normalized LOG: steps 290000, episodes 290, returns 1.09/1.09/1.09/1.10/5 (mean/median/min/max/num), 68.53 steps/s
2024-05-04 04:41:55,233 | Normalized LOG: steps 290000, episodes 290, returns 1.09/1.09/1.09/1.10/5 (mean/median/min/max/num), 68.53 steps/s
INFO:root:TRAIN LOG: steps 300000, episodes 300, returns 0.00/0.00/0.00/0.00/5 (mean/median/min/max/num), 68.46 steps/s
2024-05-04 04:44:21,314 | TRAIN LOG: steps 300000, episodes 300, returns 0.00/0.00/0.00/0.00/5 (mean/median/min/max/num), 68.46 steps/s
INFO:root:TEST LOG: steps 300000, episodes 300, returns 5073.97/5077.00/5054.26/5100.15/5 (mean/median/min/max/num), 68.46 steps/s
2024-05-04 04:44:23,425 | TEST LOG: steps 300000, episodes 300, returns 5073.97/5077.00/5054.26/5100.15/5 (mean/median/min/max/num), 68.46 steps/s
INFO:root:Normalized LOG: steps 300000, episodes 300, returns 1.10/1.11/1.10/1.11/5 (mean/median/min/max/num), 68.46 steps/s
2024-05-04 04:44:23,425 | Normalized LOG: steps 300000, episodes 300, returns 1.10/1.11/1.10/1.11/5 (mean/median/min/max/num), 68.46 steps/s
INFO:root:TRAIN LOG: steps 310000, episodes 310, returns 0.00/0.00/0.00/0.00/5 (mean/median/min/max/num), 68.31 steps/s
2024-05-04 04:46:49,807 | TRAIN LOG: steps 310000, episodes 310, returns 0.00/0.00/0.00/0.00/5 (mean/median/min/max/num), 68.31 steps/s
INFO:root:TEST LOG: steps 310000, episodes 310, returns 5063.99/5066.76/5043.78/5082.95/5 (mean/median/min/max/num), 68.31 steps/s
2024-05-04 04:46:51,923 | TEST LOG: steps 310000, episodes 310, returns 5063.99/5066.76/5043.78/5082.95/5 (mean/median/min/max/num), 68.31 steps/s
INFO:root:Normalized LOG: steps 310000, episodes 310, returns 1.10/1.10/1.10/1.11/5 (mean/median/min/max/num), 68.31 steps/s
2024-05-04 04:46:51,923 | Normalized LOG: steps 310000, episodes 310, returns 1.10/1.10/1.10/1.11/5 (mean/median/min/max/num), 68.31 steps/s
INFO:root:TRAIN LOG: steps 320000, episodes 320, returns 0.00/0.00/0.00/0.00/5 (mean/median/min/max/num), 68.38 steps/s
2024-05-04 04:49:18,164 | TRAIN LOG: steps 320000, episodes 320, returns 0.00/0.00/0.00/0.00/5 (mean/median/min/max/num), 68.38 steps/s
INFO:root:TEST LOG: steps 320000, episodes 320, returns 4798.48/4758.95/4733.32/4991.86/5 (mean/median/min/max/num), 68.38 steps/s
2024-05-04 04:49:20,272 | TEST LOG: steps 320000, episodes 320, returns 4798.48/4758.95/4733.32/4991.86/5 (mean/median/min/max/num), 68.38 steps/s
INFO:root:Normalized LOG: steps 320000, episodes 320, returns 1.04/1.04/1.03/1.09/5 (mean/median/min/max/num), 68.38 steps/s
2024-05-04 04:49:20,272 | Normalized LOG: steps 320000, episodes 320, returns 1.04/1.04/1.03/1.09/5 (mean/median/min/max/num), 68.38 steps/s
INFO:root:TRAIN LOG: steps 330000, episodes 330, returns 0.00/0.00/0.00/0.00/5 (mean/median/min/max/num), 68.43 steps/s
2024-05-04 04:51:46,410 | TRAIN LOG: steps 330000, episodes 330, returns 0.00/0.00/0.00/0.00/5 (mean/median/min/max/num), 68.43 steps/s
INFO:root:TEST LOG: steps 330000, episodes 330, returns 5082.36/5078.75/5065.86/5107.98/5 (mean/median/min/max/num), 68.43 steps/s
2024-05-04 04:51:48,519 | TEST LOG: steps 330000, episodes 330, returns 5082.36/5078.75/5065.86/5107.98/5 (mean/median/min/max/num), 68.43 steps/s
INFO:root:Normalized LOG: steps 330000, episodes 330, returns 1.11/1.11/1.10/1.11/5 (mean/median/min/max/num), 68.43 steps/s
2024-05-04 04:51:48,519 | Normalized LOG: steps 330000, episodes 330, returns 1.11/1.11/1.10/1.11/5 (mean/median/min/max/num), 68.43 steps/s
INFO:root:TRAIN LOG: steps 340000, episodes 340, returns 0.00/0.00/0.00/0.00/5 (mean/median/min/max/num), 68.21 steps/s
2024-05-04 04:54:15,132 | TRAIN LOG: steps 340000, episodes 340, returns 0.00/0.00/0.00/0.00/5 (mean/median/min/max/num), 68.21 steps/s
INFO:root:TEST LOG: steps 340000, episodes 340, returns 5030.44/5015.82/5002.69/5064.46/5 (mean/median/min/max/num), 68.21 steps/s
2024-05-04 04:54:17,241 | TEST LOG: steps 340000, episodes 340, returns 5030.44/5015.82/5002.69/5064.46/5 (mean/median/min/max/num), 68.21 steps/s
INFO:root:Normalized LOG: steps 340000, episodes 340, returns 1.10/1.09/1.09/1.10/5 (mean/median/min/max/num), 68.21 steps/s
2024-05-04 04:54:17,242 | Normalized LOG: steps 340000, episodes 340, returns 1.10/1.09/1.09/1.10/5 (mean/median/min/max/num), 68.21 steps/s
INFO:root:TRAIN LOG: steps 350000, episodes 350, returns 0.00/0.00/0.00/0.00/5 (mean/median/min/max/num), 68.51 steps/s
2024-05-04 04:56:43,203 | TRAIN LOG: steps 350000, episodes 350, returns 0.00/0.00/0.00/0.00/5 (mean/median/min/max/num), 68.51 steps/s
INFO:root:TEST LOG: steps 350000, episodes 350, returns 5013.86/5018.81/4986.28/5031.48/5 (mean/median/min/max/num), 68.51 steps/s
2024-05-04 04:56:45,311 | TEST LOG: steps 350000, episodes 350, returns 5013.86/5018.81/4986.28/5031.48/5 (mean/median/min/max/num), 68.51 steps/s
INFO:root:Normalized LOG: steps 350000, episodes 350, returns 1.09/1.09/1.09/1.10/5 (mean/median/min/max/num), 68.51 steps/s
2024-05-04 04:56:45,312 | Normalized LOG: steps 350000, episodes 350, returns 1.09/1.09/1.09/1.10/5 (mean/median/min/max/num), 68.51 steps/s
INFO:root:TRAIN LOG: steps 360000, episodes 360, returns 0.00/0.00/0.00/0.00/5 (mean/median/min/max/num), 68.31 steps/s
2024-05-04 04:59:11,694 | TRAIN LOG: steps 360000, episodes 360, returns 0.00/0.00/0.00/0.00/5 (mean/median/min/max/num), 68.31 steps/s
INFO:root:TEST LOG: steps 360000, episodes 360, returns 5032.51/5034.02/4996.04/5054.24/5 (mean/median/min/max/num), 68.31 steps/s
2024-05-04 04:59:13,804 | TEST LOG: steps 360000, episodes 360, returns 5032.51/5034.02/4996.04/5054.24/5 (mean/median/min/max/num), 68.31 steps/s
INFO:root:Normalized LOG: steps 360000, episodes 360, returns 1.10/1.10/1.09/1.10/5 (mean/median/min/max/num), 68.31 steps/s
2024-05-04 04:59:13,804 | Normalized LOG: steps 360000, episodes 360, returns 1.10/1.10/1.09/1.10/5 (mean/median/min/max/num), 68.31 steps/s
INFO:root:TRAIN LOG: steps 370000, episodes 370, returns 0.00/0.00/0.00/0.00/5 (mean/median/min/max/num), 68.20 steps/s
2024-05-04 05:01:40,423 | TRAIN LOG: steps 370000, episodes 370, returns 0.00/0.00/0.00/0.00/5 (mean/median/min/max/num), 68.20 steps/s
INFO:root:TEST LOG: steps 370000, episodes 370, returns 5045.61/5055.24/4999.03/5074.45/5 (mean/median/min/max/num), 68.20 steps/s
2024-05-04 05:01:42,533 | TEST LOG: steps 370000, episodes 370, returns 5045.61/5055.24/4999.03/5074.45/5 (mean/median/min/max/num), 68.20 steps/s
INFO:root:Normalized LOG: steps 370000, episodes 370, returns 1.10/1.10/1.09/1.11/5 (mean/median/min/max/num), 68.20 steps/s
2024-05-04 05:01:42,534 | Normalized LOG: steps 370000, episodes 370, returns 1.10/1.10/1.09/1.11/5 (mean/median/min/max/num), 68.20 steps/s
INFO:root:TRAIN LOG: steps 380000, episodes 380, returns 0.00/0.00/0.00/0.00/5 (mean/median/min/max/num), 68.17 steps/s
2024-05-04 05:04:09,234 | TRAIN LOG: steps 380000, episodes 380, returns 0.00/0.00/0.00/0.00/5 (mean/median/min/max/num), 68.17 steps/s
INFO:root:TEST LOG: steps 380000, episodes 380, returns 5034.72/5034.43/5014.46/5049.26/5 (mean/median/min/max/num), 68.17 steps/s
2024-05-04 05:04:11,344 | TEST LOG: steps 380000, episodes 380, returns 5034.72/5034.43/5014.46/5049.26/5 (mean/median/min/max/num), 68.17 steps/s
INFO:root:Normalized LOG: steps 380000, episodes 380, returns 1.10/1.10/1.09/1.10/5 (mean/median/min/max/num), 68.17 steps/s
2024-05-04 05:04:11,344 | Normalized LOG: steps 380000, episodes 380, returns 1.10/1.10/1.09/1.10/5 (mean/median/min/max/num), 68.17 steps/s
INFO:root:TRAIN LOG: steps 390000, episodes 390, returns 0.00/0.00/0.00/0.00/5 (mean/median/min/max/num), 68.48 steps/s
2024-05-04 05:06:37,372 | TRAIN LOG: steps 390000, episodes 390, returns 0.00/0.00/0.00/0.00/5 (mean/median/min/max/num), 68.48 steps/s
INFO:root:TEST LOG: steps 390000, episodes 390, returns 5069.67/5065.62/5057.81/5096.02/5 (mean/median/min/max/num), 68.48 steps/s
2024-05-04 05:06:39,482 | TEST LOG: steps 390000, episodes 390, returns 5069.67/5065.62/5057.81/5096.02/5 (mean/median/min/max/num), 68.48 steps/s
INFO:root:Normalized LOG: steps 390000, episodes 390, returns 1.10/1.10/1.10/1.11/5 (mean/median/min/max/num), 68.48 steps/s
2024-05-04 05:06:39,482 | Normalized LOG: steps 390000, episodes 390, returns 1.10/1.10/1.10/1.11/5 (mean/median/min/max/num), 68.48 steps/s
INFO:root:TRAIN LOG: steps 400000, episodes 400, returns 0.00/0.00/0.00/0.00/5 (mean/median/min/max/num), 68.17 steps/s
2024-05-04 05:09:06,181 | TRAIN LOG: steps 400000, episodes 400, returns 0.00/0.00/0.00/0.00/5 (mean/median/min/max/num), 68.17 steps/s
INFO:root:TEST LOG: steps 400000, episodes 400, returns 5110.39/5117.00/5096.24/5123.57/5 (mean/median/min/max/num), 68.17 steps/s
2024-05-04 05:09:08,291 | TEST LOG: steps 400000, episodes 400, returns 5110.39/5117.00/5096.24/5123.57/5 (mean/median/min/max/num), 68.17 steps/s
INFO:root:Normalized LOG: steps 400000, episodes 400, returns 1.11/1.11/1.11/1.12/5 (mean/median/min/max/num), 68.17 steps/s
2024-05-04 05:09:08,292 | Normalized LOG: steps 400000, episodes 400, returns 1.11/1.11/1.11/1.12/5 (mean/median/min/max/num), 68.17 steps/s
INFO:root:TRAIN LOG: steps 410000, episodes 410, returns 0.00/0.00/0.00/0.00/5 (mean/median/min/max/num), 68.20 steps/s
2024-05-04 05:11:34,917 | TRAIN LOG: steps 410000, episodes 410, returns 0.00/0.00/0.00/0.00/5 (mean/median/min/max/num), 68.20 steps/s
INFO:root:TEST LOG: steps 410000, episodes 410, returns 5078.10/5080.77/5061.13/5093.79/5 (mean/median/min/max/num), 68.20 steps/s
2024-05-04 05:11:37,026 | TEST LOG: steps 410000, episodes 410, returns 5078.10/5080.77/5061.13/5093.79/5 (mean/median/min/max/num), 68.20 steps/s
INFO:root:Normalized LOG: steps 410000, episodes 410, returns 1.11/1.11/1.10/1.11/5 (mean/median/min/max/num), 68.20 steps/s
2024-05-04 05:11:37,027 | Normalized LOG: steps 410000, episodes 410, returns 1.11/1.11/1.10/1.11/5 (mean/median/min/max/num), 68.20 steps/s
INFO:root:TRAIN LOG: steps 420000, episodes 420, returns 0.00/0.00/0.00/0.00/5 (mean/median/min/max/num), 68.53 steps/s
2024-05-04 05:14:02,957 | TRAIN LOG: steps 420000, episodes 420, returns 0.00/0.00/0.00/0.00/5 (mean/median/min/max/num), 68.53 steps/s
INFO:root:TEST LOG: steps 420000, episodes 420, returns 5087.08/5084.98/5062.16/5122.57/5 (mean/median/min/max/num), 68.53 steps/s
2024-05-04 05:14:05,066 | TEST LOG: steps 420000, episodes 420, returns 5087.08/5084.98/5062.16/5122.57/5 (mean/median/min/max/num), 68.53 steps/s
INFO:root:Normalized LOG: steps 420000, episodes 420, returns 1.11/1.11/1.10/1.12/5 (mean/median/min/max/num), 68.53 steps/s
2024-05-04 05:14:05,066 | Normalized LOG: steps 420000, episodes 420, returns 1.11/1.11/1.10/1.12/5 (mean/median/min/max/num), 68.53 steps/s
INFO:root:TRAIN LOG: steps 430000, episodes 430, returns 0.00/0.00/0.00/0.00/5 (mean/median/min/max/num), 68.28 steps/s
2024-05-04 05:16:31,526 | TRAIN LOG: steps 430000, episodes 430, returns 0.00/0.00/0.00/0.00/5 (mean/median/min/max/num), 68.28 steps/s
INFO:root:TEST LOG: steps 430000, episodes 430, returns 5127.64/5128.65/5122.11/5130.55/5 (mean/median/min/max/num), 68.28 steps/s
2024-05-04 05:16:33,641 | TEST LOG: steps 430000, episodes 430, returns 5127.64/5128.65/5122.11/5130.55/5 (mean/median/min/max/num), 68.28 steps/s
INFO:root:Normalized LOG: steps 430000, episodes 430, returns 1.12/1.12/1.12/1.12/5 (mean/median/min/max/num), 68.28 steps/s
2024-05-04 05:16:33,641 | Normalized LOG: steps 430000, episodes 430, returns 1.12/1.12/1.12/1.12/5 (mean/median/min/max/num), 68.28 steps/s
INFO:root:TRAIN LOG: steps 440000, episodes 440, returns 0.00/0.00/0.00/0.00/5 (mean/median/min/max/num), 68.40 steps/s
2024-05-04 05:18:59,849 | TRAIN LOG: steps 440000, episodes 440, returns 0.00/0.00/0.00/0.00/5 (mean/median/min/max/num), 68.40 steps/s
INFO:root:TEST LOG: steps 440000, episodes 440, returns 5089.79/5090.44/5049.24/5123.71/5 (mean/median/min/max/num), 68.40 steps/s
2024-05-04 05:19:01,961 | TEST LOG: steps 440000, episodes 440, returns 5089.79/5090.44/5049.24/5123.71/5 (mean/median/min/max/num), 68.40 steps/s
INFO:root:Normalized LOG: steps 440000, episodes 440, returns 1.11/1.11/1.10/1.12/5 (mean/median/min/max/num), 68.40 steps/s
2024-05-04 05:19:01,961 | Normalized LOG: steps 440000, episodes 440, returns 1.11/1.11/1.10/1.12/5 (mean/median/min/max/num), 68.40 steps/s
INFO:root:TRAIN LOG: steps 450000, episodes 450, returns 0.00/0.00/0.00/0.00/5 (mean/median/min/max/num), 68.54 steps/s
2024-05-04 05:21:27,857 | TRAIN LOG: steps 450000, episodes 450, returns 0.00/0.00/0.00/0.00/5 (mean/median/min/max/num), 68.54 steps/s
INFO:root:TEST LOG: steps 450000, episodes 450, returns 5080.21/5082.24/5054.44/5107.41/5 (mean/median/min/max/num), 68.54 steps/s
2024-05-04 05:21:29,967 | TEST LOG: steps 450000, episodes 450, returns 5080.21/5082.24/5054.44/5107.41/5 (mean/median/min/max/num), 68.54 steps/s
INFO:root:Normalized LOG: steps 450000, episodes 450, returns 1.11/1.11/1.10/1.11/5 (mean/median/min/max/num), 68.54 steps/s
2024-05-04 05:21:29,967 | Normalized LOG: steps 450000, episodes 450, returns 1.11/1.11/1.10/1.11/5 (mean/median/min/max/num), 68.54 steps/s
INFO:root:TRAIN LOG: steps 460000, episodes 460, returns 0.00/0.00/0.00/0.00/5 (mean/median/min/max/num), 68.60 steps/s
2024-05-04 05:23:55,748 | TRAIN LOG: steps 460000, episodes 460, returns 0.00/0.00/0.00/0.00/5 (mean/median/min/max/num), 68.60 steps/s
INFO:root:TEST LOG: steps 460000, episodes 460, returns 5082.73/5079.18/5059.68/5109.78/5 (mean/median/min/max/num), 68.60 steps/s
2024-05-04 05:23:57,859 | TEST LOG: steps 460000, episodes 460, returns 5082.73/5079.18/5059.68/5109.78/5 (mean/median/min/max/num), 68.60 steps/s
INFO:root:Normalized LOG: steps 460000, episodes 460, returns 1.11/1.11/1.10/1.11/5 (mean/median/min/max/num), 68.60 steps/s
2024-05-04 05:23:57,859 | Normalized LOG: steps 460000, episodes 460, returns 1.11/1.11/1.10/1.11/5 (mean/median/min/max/num), 68.60 steps/s
INFO:root:TRAIN LOG: steps 470000, episodes 470, returns 0.00/0.00/0.00/0.00/5 (mean/median/min/max/num), 68.19 steps/s
2024-05-04 05:26:24,506 | TRAIN LOG: steps 470000, episodes 470, returns 0.00/0.00/0.00/0.00/5 (mean/median/min/max/num), 68.19 steps/s
INFO:root:TEST LOG: steps 470000, episodes 470, returns 5120.59/5119.20/5103.36/5147.88/5 (mean/median/min/max/num), 68.19 steps/s
2024-05-04 05:26:26,616 | TEST LOG: steps 470000, episodes 470, returns 5120.59/5119.20/5103.36/5147.88/5 (mean/median/min/max/num), 68.19 steps/s
INFO:root:Normalized LOG: steps 470000, episodes 470, returns 1.12/1.11/1.11/1.12/5 (mean/median/min/max/num), 68.19 steps/s
2024-05-04 05:26:26,616 | Normalized LOG: steps 470000, episodes 470, returns 1.12/1.11/1.11/1.12/5 (mean/median/min/max/num), 68.19 steps/s
INFO:root:TRAIN LOG: steps 480000, episodes 480, returns 0.00/0.00/0.00/0.00/5 (mean/median/min/max/num), 68.20 steps/s
2024-05-04 05:28:53,246 | TRAIN LOG: steps 480000, episodes 480, returns 0.00/0.00/0.00/0.00/5 (mean/median/min/max/num), 68.20 steps/s
INFO:root:TEST LOG: steps 480000, episodes 480, returns 5130.54/5131.41/5126.10/5134.37/5 (mean/median/min/max/num), 68.20 steps/s
2024-05-04 05:28:55,357 | TEST LOG: steps 480000, episodes 480, returns 5130.54/5131.41/5126.10/5134.37/5 (mean/median/min/max/num), 68.20 steps/s
INFO:root:Normalized LOG: steps 480000, episodes 480, returns 1.12/1.12/1.12/1.12/5 (mean/median/min/max/num), 68.20 steps/s
2024-05-04 05:28:55,357 | Normalized LOG: steps 480000, episodes 480, returns 1.12/1.12/1.12/1.12/5 (mean/median/min/max/num), 68.20 steps/s
INFO:root:TRAIN LOG: steps 490000, episodes 490, returns 0.00/0.00/0.00/0.00/5 (mean/median/min/max/num), 68.12 steps/s
2024-05-04 05:31:22,165 | TRAIN LOG: steps 490000, episodes 490, returns 0.00/0.00/0.00/0.00/5 (mean/median/min/max/num), 68.12 steps/s
INFO:root:TEST LOG: steps 490000, episodes 490, returns 5087.81/5089.49/5069.05/5100.55/5 (mean/median/min/max/num), 68.12 steps/s
2024-05-04 05:31:24,459 | TEST LOG: steps 490000, episodes 490, returns 5087.81/5089.49/5069.05/5100.55/5 (mean/median/min/max/num), 68.12 steps/s
INFO:root:Normalized LOG: steps 490000, episodes 490, returns 1.11/1.11/1.10/1.11/5 (mean/median/min/max/num), 68.12 steps/s
2024-05-04 05:31:24,459 | Normalized LOG: steps 490000, episodes 490, returns 1.11/1.11/1.10/1.11/5 (mean/median/min/max/num), 68.12 steps/s
INFO:root:TRAIN LOG: steps 500000, episodes 500, returns 0.00/0.00/0.00/0.00/5 (mean/median/min/max/num), 68.13 steps/s
2024-05-04 05:33:51,235 | TRAIN LOG: steps 500000, episodes 500, returns 0.00/0.00/0.00/0.00/5 (mean/median/min/max/num), 68.13 steps/s
INFO:root:TEST LOG: steps 500000, episodes 500, returns 5118.69/5126.82/5095.36/5137.83/5 (mean/median/min/max/num), 68.13 steps/s
2024-05-04 05:33:53,348 | TEST LOG: steps 500000, episodes 500, returns 5118.69/5126.82/5095.36/5137.83/5 (mean/median/min/max/num), 68.13 steps/s
INFO:root:Normalized LOG: steps 500000, episodes 500, returns 1.11/1.12/1.11/1.12/5 (mean/median/min/max/num), 68.13 steps/s
2024-05-04 05:33:53,348 | Normalized LOG: steps 500000, episodes 500, returns 1.11/1.12/1.11/1.12/5 (mean/median/min/max/num), 68.13 steps/s
INFO:root:TRAIN LOG: steps 510000, episodes 510, returns 0.00/0.00/0.00/0.00/5 (mean/median/min/max/num), 68.21 steps/s
2024-05-04 05:36:19,960 | TRAIN LOG: steps 510000, episodes 510, returns 0.00/0.00/0.00/0.00/5 (mean/median/min/max/num), 68.21 steps/s
INFO:root:TEST LOG: steps 510000, episodes 510, returns 5012.95/5016.39/4992.55/5027.76/5 (mean/median/min/max/num), 68.21 steps/s
2024-05-04 05:36:22,074 | TEST LOG: steps 510000, episodes 510, returns 5012.95/5016.39/4992.55/5027.76/5 (mean/median/min/max/num), 68.21 steps/s
INFO:root:Normalized LOG: steps 510000, episodes 510, returns 1.09/1.09/1.09/1.09/5 (mean/median/min/max/num), 68.21 steps/s
2024-05-04 05:36:22,075 | Normalized LOG: steps 510000, episodes 510, returns 1.09/1.09/1.09/1.09/5 (mean/median/min/max/num), 68.21 steps/s
INFO:root:TRAIN LOG: steps 520000, episodes 520, returns 0.00/0.00/0.00/0.00/5 (mean/median/min/max/num), 68.13 steps/s
2024-05-04 05:38:48,852 | TRAIN LOG: steps 520000, episodes 520, returns 0.00/0.00/0.00/0.00/5 (mean/median/min/max/num), 68.13 steps/s
INFO:root:TEST LOG: steps 520000, episodes 520, returns 5117.73/5118.94/5107.84/5128.82/5 (mean/median/min/max/num), 68.13 steps/s
2024-05-04 05:38:50,966 | TEST LOG: steps 520000, episodes 520, returns 5117.73/5118.94/5107.84/5128.82/5 (mean/median/min/max/num), 68.13 steps/s
INFO:root:Normalized LOG: steps 520000, episodes 520, returns 1.11/1.11/1.11/1.12/5 (mean/median/min/max/num), 68.13 steps/s
2024-05-04 05:38:50,966 | Normalized LOG: steps 520000, episodes 520, returns 1.11/1.11/1.11/1.12/5 (mean/median/min/max/num), 68.13 steps/s
INFO:root:TRAIN LOG: steps 530000, episodes 530, returns 0.00/0.00/0.00/0.00/5 (mean/median/min/max/num), 68.22 steps/s
2024-05-04 05:41:17,542 | TRAIN LOG: steps 530000, episodes 530, returns 0.00/0.00/0.00/0.00/5 (mean/median/min/max/num), 68.22 steps/s
INFO:root:TEST LOG: steps 530000, episodes 530, returns 5114.34/5112.74/5094.32/5134.10/5 (mean/median/min/max/num), 68.22 steps/s
2024-05-04 05:41:19,652 | TEST LOG: steps 530000, episodes 530, returns 5114.34/5112.74/5094.32/5134.10/5 (mean/median/min/max/num), 68.22 steps/s
INFO:root:Normalized LOG: steps 530000, episodes 530, returns 1.11/1.11/1.11/1.12/5 (mean/median/min/max/num), 68.22 steps/s
2024-05-04 05:41:19,652 | Normalized LOG: steps 530000, episodes 530, returns 1.11/1.11/1.11/1.12/5 (mean/median/min/max/num), 68.22 steps/s
INFO:root:TRAIN LOG: steps 540000, episodes 540, returns 0.00/0.00/0.00/0.00/5 (mean/median/min/max/num), 68.19 steps/s
2024-05-04 05:43:46,292 | TRAIN LOG: steps 540000, episodes 540, returns 0.00/0.00/0.00/0.00/5 (mean/median/min/max/num), 68.19 steps/s
INFO:root:TEST LOG: steps 540000, episodes 540, returns 5119.53/5121.00/5094.03/5144.27/5 (mean/median/min/max/num), 68.19 steps/s
2024-05-04 05:43:48,403 | TEST LOG: steps 540000, episodes 540, returns 5119.53/5121.00/5094.03/5144.27/5 (mean/median/min/max/num), 68.19 steps/s
INFO:root:Normalized LOG: steps 540000, episodes 540, returns 1.11/1.12/1.11/1.12/5 (mean/median/min/max/num), 68.19 steps/s
2024-05-04 05:43:48,403 | Normalized LOG: steps 540000, episodes 540, returns 1.11/1.12/1.11/1.12/5 (mean/median/min/max/num), 68.19 steps/s
INFO:root:TRAIN LOG: steps 550000, episodes 550, returns 0.00/0.00/0.00/0.00/5 (mean/median/min/max/num), 68.47 steps/s
2024-05-04 05:46:14,461 | TRAIN LOG: steps 550000, episodes 550, returns 0.00/0.00/0.00/0.00/5 (mean/median/min/max/num), 68.47 steps/s
INFO:root:TEST LOG: steps 550000, episodes 550, returns 5138.76/5147.17/5118.62/5149.57/5 (mean/median/min/max/num), 68.47 steps/s
2024-05-04 05:46:16,569 | TEST LOG: steps 550000, episodes 550, returns 5138.76/5147.17/5118.62/5149.57/5 (mean/median/min/max/num), 68.47 steps/s
INFO:root:Normalized LOG: steps 550000, episodes 550, returns 1.12/1.12/1.11/1.12/5 (mean/median/min/max/num), 68.47 steps/s
2024-05-04 05:46:16,569 | Normalized LOG: steps 550000, episodes 550, returns 1.12/1.12/1.11/1.12/5 (mean/median/min/max/num), 68.47 steps/s
INFO:root:TRAIN LOG: steps 560000, episodes 560, returns 0.00/0.00/0.00/0.00/5 (mean/median/min/max/num), 68.17 steps/s
2024-05-04 05:48:43,264 | TRAIN LOG: steps 560000, episodes 560, returns 0.00/0.00/0.00/0.00/5 (mean/median/min/max/num), 68.17 steps/s
INFO:root:TEST LOG: steps 560000, episodes 560, returns 5115.33/5125.31/5084.95/5138.74/5 (mean/median/min/max/num), 68.17 steps/s
2024-05-04 05:48:45,376 | TEST LOG: steps 560000, episodes 560, returns 5115.33/5125.31/5084.95/5138.74/5 (mean/median/min/max/num), 68.17 steps/s
INFO:root:Normalized LOG: steps 560000, episodes 560, returns 1.11/1.12/1.11/1.12/5 (mean/median/min/max/num), 68.17 steps/s
2024-05-04 05:48:45,376 | Normalized LOG: steps 560000, episodes 560, returns 1.11/1.12/1.11/1.12/5 (mean/median/min/max/num), 68.17 steps/s
INFO:root:TRAIN LOG: steps 570000, episodes 570, returns 0.00/0.00/0.00/0.00/5 (mean/median/min/max/num), 68.14 steps/s
2024-05-04 05:51:12,140 | TRAIN LOG: steps 570000, episodes 570, returns 0.00/0.00/0.00/0.00/5 (mean/median/min/max/num), 68.14 steps/s
INFO:root:TEST LOG: steps 570000, episodes 570, returns 5125.12/5135.55/5076.32/5143.87/5 (mean/median/min/max/num), 68.14 steps/s
2024-05-04 05:51:14,253 | TEST LOG: steps 570000, episodes 570, returns 5125.12/5135.55/5076.32/5143.87/5 (mean/median/min/max/num), 68.14 steps/s
INFO:root:Normalized LOG: steps 570000, episodes 570, returns 1.12/1.12/1.11/1.12/5 (mean/median/min/max/num), 68.14 steps/s
2024-05-04 05:51:14,253 | Normalized LOG: steps 570000, episodes 570, returns 1.12/1.12/1.11/1.12/5 (mean/median/min/max/num), 68.14 steps/s
INFO:root:TRAIN LOG: steps 580000, episodes 580, returns 0.00/0.00/0.00/0.00/5 (mean/median/min/max/num), 68.17 steps/s
2024-05-04 05:53:40,941 | TRAIN LOG: steps 580000, episodes 580, returns 0.00/0.00/0.00/0.00/5 (mean/median/min/max/num), 68.17 steps/s
INFO:root:TEST LOG: steps 580000, episodes 580, returns 5129.40/5127.86/5116.62/5148.78/5 (mean/median/min/max/num), 68.17 steps/s
2024-05-04 05:53:43,053 | TEST LOG: steps 580000, episodes 580, returns 5129.40/5127.86/5116.62/5148.78/5 (mean/median/min/max/num), 68.17 steps/s
INFO:root:Normalized LOG: steps 580000, episodes 580, returns 1.12/1.12/1.11/1.12/5 (mean/median/min/max/num), 68.17 steps/s
2024-05-04 05:53:43,053 | Normalized LOG: steps 580000, episodes 580, returns 1.12/1.12/1.11/1.12/5 (mean/median/min/max/num), 68.17 steps/s
INFO:root:TRAIN LOG: steps 590000, episodes 590, returns 0.00/0.00/0.00/0.00/5 (mean/median/min/max/num), 68.14 steps/s
2024-05-04 05:56:09,813 | TRAIN LOG: steps 590000, episodes 590, returns 0.00/0.00/0.00/0.00/5 (mean/median/min/max/num), 68.14 steps/s
INFO:root:TEST LOG: steps 590000, episodes 590, returns 5149.74/5154.14/5129.24/5170.63/5 (mean/median/min/max/num), 68.14 steps/s
2024-05-04 05:56:11,926 | TEST LOG: steps 590000, episodes 590, returns 5149.74/5154.14/5129.24/5170.63/5 (mean/median/min/max/num), 68.14 steps/s
INFO:root:Normalized LOG: steps 590000, episodes 590, returns 1.12/1.12/1.12/1.13/5 (mean/median/min/max/num), 68.14 steps/s
2024-05-04 05:56:11,926 | Normalized LOG: steps 590000, episodes 590, returns 1.12/1.12/1.12/1.13/5 (mean/median/min/max/num), 68.14 steps/s
INFO:root:TRAIN LOG: steps 600000, episodes 600, returns 0.00/0.00/0.00/0.00/5 (mean/median/min/max/num), 68.51 steps/s
2024-05-04 05:58:37,894 | TRAIN LOG: steps 600000, episodes 600, returns 0.00/0.00/0.00/0.00/5 (mean/median/min/max/num), 68.51 steps/s
INFO:root:TEST LOG: steps 600000, episodes 600, returns 5138.63/5130.85/5128.87/5158.98/5 (mean/median/min/max/num), 68.51 steps/s
2024-05-04 05:58:40,013 | TEST LOG: steps 600000, episodes 600, returns 5138.63/5130.85/5128.87/5158.98/5 (mean/median/min/max/num), 68.51 steps/s
INFO:root:Normalized LOG: steps 600000, episodes 600, returns 1.12/1.12/1.12/1.12/5 (mean/median/min/max/num), 68.51 steps/s
2024-05-04 05:58:40,013 | Normalized LOG: steps 600000, episodes 600, returns 1.12/1.12/1.12/1.12/5 (mean/median/min/max/num), 68.51 steps/s
INFO:root:TRAIN LOG: steps 610000, episodes 610, returns 0.00/0.00/0.00/0.00/5 (mean/median/min/max/num), 68.55 steps/s
2024-05-04 06:01:05,895 | TRAIN LOG: steps 610000, episodes 610, returns 0.00/0.00/0.00/0.00/5 (mean/median/min/max/num), 68.55 steps/s
INFO:root:TEST LOG: steps 610000, episodes 610, returns 5156.14/5159.24/5140.42/5169.24/5 (mean/median/min/max/num), 68.55 steps/s
2024-05-04 06:01:08,006 | TEST LOG: steps 610000, episodes 610, returns 5156.14/5159.24/5140.42/5169.24/5 (mean/median/min/max/num), 68.55 steps/s
INFO:root:Normalized LOG: steps 610000, episodes 610, returns 1.12/1.12/1.12/1.13/5 (mean/median/min/max/num), 68.55 steps/s
2024-05-04 06:01:08,007 | Normalized LOG: steps 610000, episodes 610, returns 1.12/1.12/1.12/1.13/5 (mean/median/min/max/num), 68.55 steps/s
INFO:root:TRAIN LOG: steps 620000, episodes 620, returns 0.00/0.00/0.00/0.00/5 (mean/median/min/max/num), 68.14 steps/s
2024-05-04 06:03:34,769 | TRAIN LOG: steps 620000, episodes 620, returns 0.00/0.00/0.00/0.00/5 (mean/median/min/max/num), 68.14 steps/s
INFO:root:TEST LOG: steps 620000, episodes 620, returns 5150.16/5151.87/5140.23/5161.73/5 (mean/median/min/max/num), 68.14 steps/s
2024-05-04 06:03:36,881 | TEST LOG: steps 620000, episodes 620, returns 5150.16/5151.87/5140.23/5161.73/5 (mean/median/min/max/num), 68.14 steps/s
INFO:root:Normalized LOG: steps 620000, episodes 620, returns 1.12/1.12/1.12/1.12/5 (mean/median/min/max/num), 68.14 steps/s
2024-05-04 06:03:36,881 | Normalized LOG: steps 620000, episodes 620, returns 1.12/1.12/1.12/1.12/5 (mean/median/min/max/num), 68.14 steps/s
INFO:root:TRAIN LOG: steps 630000, episodes 630, returns 0.00/0.00/0.00/0.00/5 (mean/median/min/max/num), 68.44 steps/s
2024-05-04 06:06:02,990 | TRAIN LOG: steps 630000, episodes 630, returns 0.00/0.00/0.00/0.00/5 (mean/median/min/max/num), 68.44 steps/s
INFO:root:TEST LOG: steps 630000, episodes 630, returns 5053.14/5100.77/4836.53/5123.42/5 (mean/median/min/max/num), 68.44 steps/s
2024-05-04 06:06:05,104 | TEST LOG: steps 630000, episodes 630, returns 5053.14/5100.77/4836.53/5123.42/5 (mean/median/min/max/num), 68.44 steps/s
INFO:root:Normalized LOG: steps 630000, episodes 630, returns 1.10/1.11/1.05/1.12/5 (mean/median/min/max/num), 68.44 steps/s
2024-05-04 06:06:05,104 | Normalized LOG: steps 630000, episodes 630, returns 1.10/1.11/1.05/1.12/5 (mean/median/min/max/num), 68.44 steps/s
INFO:root:TRAIN LOG: steps 640000, episodes 640, returns 0.00/0.00/0.00/0.00/5 (mean/median/min/max/num), 68.19 steps/s
2024-05-04 06:08:31,761 | TRAIN LOG: steps 640000, episodes 640, returns 0.00/0.00/0.00/0.00/5 (mean/median/min/max/num), 68.19 steps/s
INFO:root:TEST LOG: steps 640000, episodes 640, returns 5126.23/5128.33/5114.08/5132.82/5 (mean/median/min/max/num), 68.19 steps/s
2024-05-04 06:08:33,873 | TEST LOG: steps 640000, episodes 640, returns 5126.23/5128.33/5114.08/5132.82/5 (mean/median/min/max/num), 68.19 steps/s
INFO:root:Normalized LOG: steps 640000, episodes 640, returns 1.12/1.12/1.11/1.12/5 (mean/median/min/max/num), 68.19 steps/s
2024-05-04 06:08:33,874 | Normalized LOG: steps 640000, episodes 640, returns 1.12/1.12/1.11/1.12/5 (mean/median/min/max/num), 68.19 steps/s
INFO:root:TRAIN LOG: steps 650000, episodes 650, returns 0.00/0.00/0.00/0.00/5 (mean/median/min/max/num), 68.41 steps/s
2024-05-04 06:11:00,051 | TRAIN LOG: steps 650000, episodes 650, returns 0.00/0.00/0.00/0.00/5 (mean/median/min/max/num), 68.41 steps/s
INFO:root:TEST LOG: steps 650000, episodes 650, returns 5165.63/5158.24/5151.71/5188.79/5 (mean/median/min/max/num), 68.41 steps/s
2024-05-04 06:11:02,163 | TEST LOG: steps 650000, episodes 650, returns 5165.63/5158.24/5151.71/5188.79/5 (mean/median/min/max/num), 68.41 steps/s
INFO:root:Normalized LOG: steps 650000, episodes 650, returns 1.12/1.12/1.12/1.13/5 (mean/median/min/max/num), 68.41 steps/s
2024-05-04 06:11:02,163 | Normalized LOG: steps 650000, episodes 650, returns 1.12/1.12/1.12/1.13/5 (mean/median/min/max/num), 68.41 steps/s
INFO:root:TRAIN LOG: steps 660000, episodes 660, returns 0.00/0.00/0.00/0.00/5 (mean/median/min/max/num), 68.45 steps/s
2024-05-04 06:13:28,259 | TRAIN LOG: steps 660000, episodes 660, returns 0.00/0.00/0.00/0.00/5 (mean/median/min/max/num), 68.45 steps/s
INFO:root:TEST LOG: steps 660000, episodes 660, returns 5110.25/5108.47/5106.96/5116.85/5 (mean/median/min/max/num), 68.45 steps/s
2024-05-04 06:13:30,373 | TEST LOG: steps 660000, episodes 660, returns 5110.25/5108.47/5106.96/5116.85/5 (mean/median/min/max/num), 68.45 steps/s
INFO:root:Normalized LOG: steps 660000, episodes 660, returns 1.11/1.11/1.11/1.11/5 (mean/median/min/max/num), 68.45 steps/s
2024-05-04 06:13:30,374 | Normalized LOG: steps 660000, episodes 660, returns 1.11/1.11/1.11/1.11/5 (mean/median/min/max/num), 68.45 steps/s
INFO:root:TRAIN LOG: steps 670000, episodes 670, returns 0.00/0.00/0.00/0.00/5 (mean/median/min/max/num), 68.15 steps/s
2024-05-04 06:15:57,114 | TRAIN LOG: steps 670000, episodes 670, returns 0.00/0.00/0.00/0.00/5 (mean/median/min/max/num), 68.15 steps/s
INFO:root:TEST LOG: steps 670000, episodes 670, returns 5148.07/5147.91/5142.41/5156.87/5 (mean/median/min/max/num), 68.15 steps/s
2024-05-04 06:15:59,226 | TEST LOG: steps 670000, episodes 670, returns 5148.07/5147.91/5142.41/5156.87/5 (mean/median/min/max/num), 68.15 steps/s
INFO:root:Normalized LOG: steps 670000, episodes 670, returns 1.12/1.12/1.12/1.12/5 (mean/median/min/max/num), 68.15 steps/s
2024-05-04 06:15:59,226 | Normalized LOG: steps 670000, episodes 670, returns 1.12/1.12/1.12/1.12/5 (mean/median/min/max/num), 68.15 steps/s
INFO:root:TRAIN LOG: steps 680000, episodes 680, returns 0.00/0.00/0.00/0.00/5 (mean/median/min/max/num), 68.13 steps/s
2024-05-04 06:18:25,995 | TRAIN LOG: steps 680000, episodes 680, returns 0.00/0.00/0.00/0.00/5 (mean/median/min/max/num), 68.13 steps/s
INFO:root:TEST LOG: steps 680000, episodes 680, returns 5107.65/5121.76/5063.45/5130.44/5 (mean/median/min/max/num), 68.13 steps/s
2024-05-04 06:18:28,108 | TEST LOG: steps 680000, episodes 680, returns 5107.65/5121.76/5063.45/5130.44/5 (mean/median/min/max/num), 68.13 steps/s
INFO:root:Normalized LOG: steps 680000, episodes 680, returns 1.11/1.12/1.10/1.12/5 (mean/median/min/max/num), 68.13 steps/s
2024-05-04 06:18:28,109 | Normalized LOG: steps 680000, episodes 680, returns 1.11/1.12/1.10/1.12/5 (mean/median/min/max/num), 68.13 steps/s
INFO:root:TRAIN LOG: steps 690000, episodes 690, returns 0.00/0.00/0.00/0.00/5 (mean/median/min/max/num), 68.47 steps/s
2024-05-04 06:20:54,160 | TRAIN LOG: steps 690000, episodes 690, returns 0.00/0.00/0.00/0.00/5 (mean/median/min/max/num), 68.47 steps/s
INFO:root:TEST LOG: steps 690000, episodes 690, returns 5140.30/5139.09/5132.98/5154.77/5 (mean/median/min/max/num), 68.47 steps/s
2024-05-04 06:20:56,278 | TEST LOG: steps 690000, episodes 690, returns 5140.30/5139.09/5132.98/5154.77/5 (mean/median/min/max/num), 68.47 steps/s
INFO:root:Normalized LOG: steps 690000, episodes 690, returns 1.12/1.12/1.12/1.12/5 (mean/median/min/max/num), 68.47 steps/s
2024-05-04 06:20:56,278 | Normalized LOG: steps 690000, episodes 690, returns 1.12/1.12/1.12/1.12/5 (mean/median/min/max/num), 68.47 steps/s
INFO:root:TRAIN LOG: steps 700000, episodes 700, returns 0.00/0.00/0.00/0.00/5 (mean/median/min/max/num), 68.22 steps/s
2024-05-04 06:23:22,865 | TRAIN LOG: steps 700000, episodes 700, returns 0.00/0.00/0.00/0.00/5 (mean/median/min/max/num), 68.22 steps/s
INFO:root:TEST LOG: steps 700000, episodes 700, returns 5146.78/5147.83/5139.17/5154.39/5 (mean/median/min/max/num), 68.22 steps/s
2024-05-04 06:23:24,974 | TEST LOG: steps 700000, episodes 700, returns 5146.78/5147.83/5139.17/5154.39/5 (mean/median/min/max/num), 68.22 steps/s
INFO:root:Normalized LOG: steps 700000, episodes 700, returns 1.12/1.12/1.12/1.12/5 (mean/median/min/max/num), 68.22 steps/s
2024-05-04 06:23:24,974 | Normalized LOG: steps 700000, episodes 700, returns 1.12/1.12/1.12/1.12/5 (mean/median/min/max/num), 68.22 steps/s
INFO:root:TRAIN LOG: steps 710000, episodes 710, returns 0.00/0.00/0.00/0.00/5 (mean/median/min/max/num), 68.33 steps/s
2024-05-04 06:25:51,327 | TRAIN LOG: steps 710000, episodes 710, returns 0.00/0.00/0.00/0.00/5 (mean/median/min/max/num), 68.33 steps/s
INFO:root:TEST LOG: steps 710000, episodes 710, returns 5138.86/5135.41/5132.37/5151.01/5 (mean/median/min/max/num), 68.33 steps/s
2024-05-04 06:25:53,438 | TEST LOG: steps 710000, episodes 710, returns 5138.86/5135.41/5132.37/5151.01/5 (mean/median/min/max/num), 68.33 steps/s
INFO:root:Normalized LOG: steps 710000, episodes 710, returns 1.12/1.12/1.12/1.12/5 (mean/median/min/max/num), 68.33 steps/s
2024-05-04 06:25:53,438 | Normalized LOG: steps 710000, episodes 710, returns 1.12/1.12/1.12/1.12/5 (mean/median/min/max/num), 68.33 steps/s
INFO:root:TRAIN LOG: steps 720000, episodes 720, returns 0.00/0.00/0.00/0.00/5 (mean/median/min/max/num), 68.15 steps/s
2024-05-04 06:28:20,165 | TRAIN LOG: steps 720000, episodes 720, returns 0.00/0.00/0.00/0.00/5 (mean/median/min/max/num), 68.15 steps/s
INFO:root:TEST LOG: steps 720000, episodes 720, returns 5142.73/5145.14/5124.40/5150.39/5 (mean/median/min/max/num), 68.15 steps/s
2024-05-04 06:28:22,277 | TEST LOG: steps 720000, episodes 720, returns 5142.73/5145.14/5124.40/5150.39/5 (mean/median/min/max/num), 68.15 steps/s
INFO:root:Normalized LOG: steps 720000, episodes 720, returns 1.12/1.12/1.12/1.12/5 (mean/median/min/max/num), 68.15 steps/s
2024-05-04 06:28:22,277 | Normalized LOG: steps 720000, episodes 720, returns 1.12/1.12/1.12/1.12/5 (mean/median/min/max/num), 68.15 steps/s
INFO:root:TRAIN LOG: steps 730000, episodes 730, returns 0.00/0.00/0.00/0.00/5 (mean/median/min/max/num), 68.17 steps/s
2024-05-04 06:30:48,974 | TRAIN LOG: steps 730000, episodes 730, returns 0.00/0.00/0.00/0.00/5 (mean/median/min/max/num), 68.17 steps/s
INFO:root:TEST LOG: steps 730000, episodes 730, returns 5142.60/5144.71/5127.30/5148.74/5 (mean/median/min/max/num), 68.17 steps/s
2024-05-04 06:30:51,084 | TEST LOG: steps 730000, episodes 730, returns 5142.60/5144.71/5127.30/5148.74/5 (mean/median/min/max/num), 68.17 steps/s
INFO:root:Normalized LOG: steps 730000, episodes 730, returns 1.12/1.12/1.12/1.12/5 (mean/median/min/max/num), 68.17 steps/s
2024-05-04 06:30:51,085 | Normalized LOG: steps 730000, episodes 730, returns 1.12/1.12/1.12/1.12/5 (mean/median/min/max/num), 68.17 steps/s
INFO:root:TRAIN LOG: steps 740000, episodes 740, returns 0.00/0.00/0.00/0.00/5 (mean/median/min/max/num), 68.16 steps/s
2024-05-04 06:33:17,789 | TRAIN LOG: steps 740000, episodes 740, returns 0.00/0.00/0.00/0.00/5 (mean/median/min/max/num), 68.16 steps/s
INFO:root:TEST LOG: steps 740000, episodes 740, returns 5136.91/5135.58/5124.67/5151.21/5 (mean/median/min/max/num), 68.16 steps/s
2024-05-04 06:33:19,903 | TEST LOG: steps 740000, episodes 740, returns 5136.91/5135.58/5124.67/5151.21/5 (mean/median/min/max/num), 68.16 steps/s
INFO:root:Normalized LOG: steps 740000, episodes 740, returns 1.12/1.12/1.12/1.12/5 (mean/median/min/max/num), 68.16 steps/s
2024-05-04 06:33:19,903 | Normalized LOG: steps 740000, episodes 740, returns 1.12/1.12/1.12/1.12/5 (mean/median/min/max/num), 68.16 steps/s
INFO:root:TRAIN LOG: steps 750000, episodes 750, returns 0.00/0.00/0.00/0.00/5 (mean/median/min/max/num), 68.42 steps/s
2024-05-04 06:35:46,061 | TRAIN LOG: steps 750000, episodes 750, returns 0.00/0.00/0.00/0.00/5 (mean/median/min/max/num), 68.42 steps/s
INFO:root:TEST LOG: steps 750000, episodes 750, returns 5146.96/5148.38/5131.84/5158.36/5 (mean/median/min/max/num), 68.42 steps/s
2024-05-04 06:35:48,174 | TEST LOG: steps 750000, episodes 750, returns 5146.96/5148.38/5131.84/5158.36/5 (mean/median/min/max/num), 68.42 steps/s
INFO:root:Normalized LOG: steps 750000, episodes 750, returns 1.12/1.12/1.12/1.12/5 (mean/median/min/max/num), 68.42 steps/s
2024-05-04 06:35:48,174 | Normalized LOG: steps 750000, episodes 750, returns 1.12/1.12/1.12/1.12/5 (mean/median/min/max/num), 68.42 steps/s
INFO:root:TRAIN LOG: steps 760000, episodes 760, returns 0.00/0.00/0.00/0.00/5 (mean/median/min/max/num), 68.18 steps/s
2024-05-04 06:38:14,845 | TRAIN LOG: steps 760000, episodes 760, returns 0.00/0.00/0.00/0.00/5 (mean/median/min/max/num), 68.18 steps/s
INFO:root:TEST LOG: steps 760000, episodes 760, returns 5154.14/5158.05/5141.76/5161.28/5 (mean/median/min/max/num), 68.18 steps/s
2024-05-04 06:38:16,954 | TEST LOG: steps 760000, episodes 760, returns 5154.14/5158.05/5141.76/5161.28/5 (mean/median/min/max/num), 68.18 steps/s
INFO:root:Normalized LOG: steps 760000, episodes 760, returns 1.12/1.12/1.12/1.12/5 (mean/median/min/max/num), 68.18 steps/s
2024-05-04 06:38:16,954 | Normalized LOG: steps 760000, episodes 760, returns 1.12/1.12/1.12/1.12/5 (mean/median/min/max/num), 68.18 steps/s
INFO:root:TRAIN LOG: steps 770000, episodes 770, returns 0.00/0.00/0.00/0.00/5 (mean/median/min/max/num), 68.24 steps/s
2024-05-04 06:40:43,488 | TRAIN LOG: steps 770000, episodes 770, returns 0.00/0.00/0.00/0.00/5 (mean/median/min/max/num), 68.24 steps/s
INFO:root:TEST LOG: steps 770000, episodes 770, returns 5177.03/5177.89/5171.42/5180.96/5 (mean/median/min/max/num), 68.24 steps/s
2024-05-04 06:40:45,600 | TEST LOG: steps 770000, episodes 770, returns 5177.03/5177.89/5171.42/5180.96/5 (mean/median/min/max/num), 68.24 steps/s
INFO:root:Normalized LOG: steps 770000, episodes 770, returns 1.13/1.13/1.13/1.13/5 (mean/median/min/max/num), 68.24 steps/s
2024-05-04 06:40:45,600 | Normalized LOG: steps 770000, episodes 770, returns 1.13/1.13/1.13/1.13/5 (mean/median/min/max/num), 68.24 steps/s
INFO:root:TRAIN LOG: steps 780000, episodes 780, returns 0.00/0.00/0.00/0.00/5 (mean/median/min/max/num), 68.46 steps/s
2024-05-04 06:43:11,665 | TRAIN LOG: steps 780000, episodes 780, returns 0.00/0.00/0.00/0.00/5 (mean/median/min/max/num), 68.46 steps/s
INFO:root:TEST LOG: steps 780000, episodes 780, returns 5117.38/5118.03/5093.48/5146.36/5 (mean/median/min/max/num), 68.46 steps/s
2024-05-04 06:43:13,778 | TEST LOG: steps 780000, episodes 780, returns 5117.38/5118.03/5093.48/5146.36/5 (mean/median/min/max/num), 68.46 steps/s
INFO:root:Normalized LOG: steps 780000, episodes 780, returns 1.11/1.11/1.11/1.12/5 (mean/median/min/max/num), 68.46 steps/s
2024-05-04 06:43:13,778 | Normalized LOG: steps 780000, episodes 780, returns 1.11/1.11/1.11/1.12/5 (mean/median/min/max/num), 68.46 steps/s
INFO:root:TRAIN LOG: steps 790000, episodes 790, returns 0.00/0.00/0.00/0.00/5 (mean/median/min/max/num), 68.43 steps/s
2024-05-04 06:45:39,911 | TRAIN LOG: steps 790000, episodes 790, returns 0.00/0.00/0.00/0.00/5 (mean/median/min/max/num), 68.43 steps/s
INFO:root:TEST LOG: steps 790000, episodes 790, returns 5143.57/5144.07/5138.86/5147.27/5 (mean/median/min/max/num), 68.43 steps/s
2024-05-04 06:45:42,026 | TEST LOG: steps 790000, episodes 790, returns 5143.57/5144.07/5138.86/5147.27/5 (mean/median/min/max/num), 68.43 steps/s
INFO:root:Normalized LOG: steps 790000, episodes 790, returns 1.12/1.12/1.12/1.12/5 (mean/median/min/max/num), 68.43 steps/s
2024-05-04 06:45:42,026 | Normalized LOG: steps 790000, episodes 790, returns 1.12/1.12/1.12/1.12/5 (mean/median/min/max/num), 68.43 steps/s
INFO:root:TRAIN LOG: steps 800000, episodes 800, returns 0.00/0.00/0.00/0.00/5 (mean/median/min/max/num), 68.20 steps/s
2024-05-04 06:48:08,653 | TRAIN LOG: steps 800000, episodes 800, returns 0.00/0.00/0.00/0.00/5 (mean/median/min/max/num), 68.20 steps/s
INFO:root:TEST LOG: steps 800000, episodes 800, returns 5116.98/5119.35/5100.81/5124.68/5 (mean/median/min/max/num), 68.20 steps/s
2024-05-04 06:48:10,768 | TEST LOG: steps 800000, episodes 800, returns 5116.98/5119.35/5100.81/5124.68/5 (mean/median/min/max/num), 68.20 steps/s
INFO:root:Normalized LOG: steps 800000, episodes 800, returns 1.11/1.11/1.11/1.12/5 (mean/median/min/max/num), 68.20 steps/s
2024-05-04 06:48:10,769 | Normalized LOG: steps 800000, episodes 800, returns 1.11/1.11/1.11/1.12/5 (mean/median/min/max/num), 68.20 steps/s
INFO:root:TRAIN LOG: steps 810000, episodes 810, returns 0.00/0.00/0.00/0.00/5 (mean/median/min/max/num), 68.15 steps/s
2024-05-04 06:50:37,494 | TRAIN LOG: steps 810000, episodes 810, returns 0.00/0.00/0.00/0.00/5 (mean/median/min/max/num), 68.15 steps/s
INFO:root:TEST LOG: steps 810000, episodes 810, returns 5128.40/5129.22/5115.68/5135.50/5 (mean/median/min/max/num), 68.15 steps/s
2024-05-04 06:50:39,609 | TEST LOG: steps 810000, episodes 810, returns 5128.40/5129.22/5115.68/5135.50/5 (mean/median/min/max/num), 68.15 steps/s
INFO:root:Normalized LOG: steps 810000, episodes 810, returns 1.12/1.12/1.11/1.12/5 (mean/median/min/max/num), 68.15 steps/s
2024-05-04 06:50:39,610 | Normalized LOG: steps 810000, episodes 810, returns 1.12/1.12/1.11/1.12/5 (mean/median/min/max/num), 68.15 steps/s
INFO:root:TRAIN LOG: steps 820000, episodes 820, returns 0.00/0.00/0.00/0.00/5 (mean/median/min/max/num), 68.26 steps/s
2024-05-04 06:53:06,100 | TRAIN LOG: steps 820000, episodes 820, returns 0.00/0.00/0.00/0.00/5 (mean/median/min/max/num), 68.26 steps/s
INFO:root:TEST LOG: steps 820000, episodes 820, returns 5174.16/5174.92/5159.02/5182.19/5 (mean/median/min/max/num), 68.26 steps/s
2024-05-04 06:53:08,213 | TEST LOG: steps 820000, episodes 820, returns 5174.16/5174.92/5159.02/5182.19/5 (mean/median/min/max/num), 68.26 steps/s
INFO:root:Normalized LOG: steps 820000, episodes 820, returns 1.13/1.13/1.12/1.13/5 (mean/median/min/max/num), 68.26 steps/s
2024-05-04 06:53:08,213 | Normalized LOG: steps 820000, episodes 820, returns 1.13/1.13/1.12/1.13/5 (mean/median/min/max/num), 68.26 steps/s
INFO:root:TRAIN LOG: steps 830000, episodes 830, returns 0.00/0.00/0.00/0.00/5 (mean/median/min/max/num), 68.14 steps/s
2024-05-04 06:55:34,964 | TRAIN LOG: steps 830000, episodes 830, returns 0.00/0.00/0.00/0.00/5 (mean/median/min/max/num), 68.14 steps/s
INFO:root:TEST LOG: steps 830000, episodes 830, returns 5146.53/5163.32/5066.61/5180.29/5 (mean/median/min/max/num), 68.14 steps/s
2024-05-04 06:55:37,074 | TEST LOG: steps 830000, episodes 830, returns 5146.53/5163.32/5066.61/5180.29/5 (mean/median/min/max/num), 68.14 steps/s
INFO:root:Normalized LOG: steps 830000, episodes 830, returns 1.12/1.12/1.10/1.13/5 (mean/median/min/max/num), 68.14 steps/s
2024-05-04 06:55:37,075 | Normalized LOG: steps 830000, episodes 830, returns 1.12/1.12/1.10/1.13/5 (mean/median/min/max/num), 68.14 steps/s
INFO:root:TRAIN LOG: steps 840000, episodes 840, returns 0.00/0.00/0.00/0.00/5 (mean/median/min/max/num), 68.13 steps/s
2024-05-04 06:58:03,850 | TRAIN LOG: steps 840000, episodes 840, returns 0.00/0.00/0.00/0.00/5 (mean/median/min/max/num), 68.13 steps/s
INFO:root:TEST LOG: steps 840000, episodes 840, returns 5137.83/5140.41/5129.61/5145.33/5 (mean/median/min/max/num), 68.13 steps/s
2024-05-04 06:58:05,960 | TEST LOG: steps 840000, episodes 840, returns 5137.83/5140.41/5129.61/5145.33/5 (mean/median/min/max/num), 68.13 steps/s
INFO:root:Normalized LOG: steps 840000, episodes 840, returns 1.12/1.12/1.12/1.12/5 (mean/median/min/max/num), 68.13 steps/s
2024-05-04 06:58:05,960 | Normalized LOG: steps 840000, episodes 840, returns 1.12/1.12/1.12/1.12/5 (mean/median/min/max/num), 68.13 steps/s
INFO:root:TRAIN LOG: steps 850000, episodes 850, returns 0.00/0.00/0.00/0.00/5 (mean/median/min/max/num), 68.18 steps/s
2024-05-04 07:00:32,641 | TRAIN LOG: steps 850000, episodes 850, returns 0.00/0.00/0.00/0.00/5 (mean/median/min/max/num), 68.18 steps/s
INFO:root:TEST LOG: steps 850000, episodes 850, returns 5155.52/5155.04/5140.64/5165.52/5 (mean/median/min/max/num), 68.18 steps/s
2024-05-04 07:00:34,756 | TEST LOG: steps 850000, episodes 850, returns 5155.52/5155.04/5140.64/5165.52/5 (mean/median/min/max/num), 68.18 steps/s
INFO:root:Normalized LOG: steps 850000, episodes 850, returns 1.12/1.12/1.12/1.12/5 (mean/median/min/max/num), 68.18 steps/s
2024-05-04 07:00:34,757 | Normalized LOG: steps 850000, episodes 850, returns 1.12/1.12/1.12/1.12/5 (mean/median/min/max/num), 68.18 steps/s
INFO:root:TRAIN LOG: steps 860000, episodes 860, returns 0.00/0.00/0.00/0.00/5 (mean/median/min/max/num), 68.23 steps/s
2024-05-04 07:03:01,316 | TRAIN LOG: steps 860000, episodes 860, returns 0.00/0.00/0.00/0.00/5 (mean/median/min/max/num), 68.23 steps/s
INFO:root:TEST LOG: steps 860000, episodes 860, returns 5164.38/5169.47/5153.90/5173.00/5 (mean/median/min/max/num), 68.23 steps/s
2024-05-04 07:03:03,428 | TEST LOG: steps 860000, episodes 860, returns 5164.38/5169.47/5153.90/5173.00/5 (mean/median/min/max/num), 68.23 steps/s
INFO:root:Normalized LOG: steps 860000, episodes 860, returns 1.12/1.13/1.12/1.13/5 (mean/median/min/max/num), 68.23 steps/s
2024-05-04 07:03:03,428 | Normalized LOG: steps 860000, episodes 860, returns 1.12/1.13/1.12/1.13/5 (mean/median/min/max/num), 68.23 steps/s
INFO:root:TRAIN LOG: steps 870000, episodes 870, returns 0.00/0.00/0.00/0.00/5 (mean/median/min/max/num), 68.17 steps/s
2024-05-04 07:05:30,116 | TRAIN LOG: steps 870000, episodes 870, returns 0.00/0.00/0.00/0.00/5 (mean/median/min/max/num), 68.17 steps/s
INFO:root:TEST LOG: steps 870000, episodes 870, returns 5159.78/5162.96/5137.38/5172.67/5 (mean/median/min/max/num), 68.17 steps/s
2024-05-04 07:05:32,231 | TEST LOG: steps 870000, episodes 870, returns 5159.78/5162.96/5137.38/5172.67/5 (mean/median/min/max/num), 68.17 steps/s
INFO:root:Normalized LOG: steps 870000, episodes 870, returns 1.12/1.12/1.12/1.13/5 (mean/median/min/max/num), 68.17 steps/s
2024-05-04 07:05:32,231 | Normalized LOG: steps 870000, episodes 870, returns 1.12/1.12/1.12/1.13/5 (mean/median/min/max/num), 68.17 steps/s
INFO:root:TRAIN LOG: steps 880000, episodes 880, returns 0.00/0.00/0.00/0.00/5 (mean/median/min/max/num), 68.45 steps/s
2024-05-04 07:07:58,314 | TRAIN LOG: steps 880000, episodes 880, returns 0.00/0.00/0.00/0.00/5 (mean/median/min/max/num), 68.45 steps/s
INFO:root:TEST LOG: steps 880000, episodes 880, returns 5172.51/5172.31/5170.01/5174.97/5 (mean/median/min/max/num), 68.45 steps/s
2024-05-04 07:08:00,428 | TEST LOG: steps 880000, episodes 880, returns 5172.51/5172.31/5170.01/5174.97/5 (mean/median/min/max/num), 68.45 steps/s
INFO:root:Normalized LOG: steps 880000, episodes 880, returns 1.13/1.13/1.13/1.13/5 (mean/median/min/max/num), 68.45 steps/s
2024-05-04 07:08:00,428 | Normalized LOG: steps 880000, episodes 880, returns 1.13/1.13/1.13/1.13/5 (mean/median/min/max/num), 68.45 steps/s
INFO:root:TRAIN LOG: steps 890000, episodes 890, returns 0.00/0.00/0.00/0.00/5 (mean/median/min/max/num), 68.36 steps/s
2024-05-04 07:10:26,723 | TRAIN LOG: steps 890000, episodes 890, returns 0.00/0.00/0.00/0.00/5 (mean/median/min/max/num), 68.36 steps/s
INFO:root:TEST LOG: steps 890000, episodes 890, returns 5156.51/5157.11/5143.60/5170.32/5 (mean/median/min/max/num), 68.36 steps/s
2024-05-04 07:10:28,840 | TEST LOG: steps 890000, episodes 890, returns 5156.51/5157.11/5143.60/5170.32/5 (mean/median/min/max/num), 68.36 steps/s
INFO:root:Normalized LOG: steps 890000, episodes 890, returns 1.12/1.12/1.12/1.13/5 (mean/median/min/max/num), 68.36 steps/s
2024-05-04 07:10:28,840 | Normalized LOG: steps 890000, episodes 890, returns 1.12/1.12/1.12/1.13/5 (mean/median/min/max/num), 68.36 steps/s
INFO:root:TRAIN LOG: steps 900000, episodes 900, returns 0.00/0.00/0.00/0.00/5 (mean/median/min/max/num), 68.31 steps/s
2024-05-04 07:12:55,230 | TRAIN LOG: steps 900000, episodes 900, returns 0.00/0.00/0.00/0.00/5 (mean/median/min/max/num), 68.31 steps/s
INFO:root:TEST LOG: steps 900000, episodes 900, returns 5162.37/5167.64/5127.73/5179.26/5 (mean/median/min/max/num), 68.31 steps/s
2024-05-04 07:12:57,343 | TEST LOG: steps 900000, episodes 900, returns 5162.37/5167.64/5127.73/5179.26/5 (mean/median/min/max/num), 68.31 steps/s
INFO:root:Normalized LOG: steps 900000, episodes 900, returns 1.12/1.13/1.12/1.13/5 (mean/median/min/max/num), 68.31 steps/s
2024-05-04 07:12:57,344 | Normalized LOG: steps 900000, episodes 900, returns 1.12/1.13/1.12/1.13/5 (mean/median/min/max/num), 68.31 steps/s
INFO:root:TRAIN LOG: steps 910000, episodes 910, returns 0.00/0.00/0.00/0.00/5 (mean/median/min/max/num), 68.15 steps/s
2024-05-04 07:15:24,087 | TRAIN LOG: steps 910000, episodes 910, returns 0.00/0.00/0.00/0.00/5 (mean/median/min/max/num), 68.15 steps/s
INFO:root:TEST LOG: steps 910000, episodes 910, returns 5185.65/5186.32/5162.42/5202.20/5 (mean/median/min/max/num), 68.15 steps/s
2024-05-04 07:15:26,200 | TEST LOG: steps 910000, episodes 910, returns 5185.65/5186.32/5162.42/5202.20/5 (mean/median/min/max/num), 68.15 steps/s
INFO:root:Normalized LOG: steps 910000, episodes 910, returns 1.13/1.13/1.12/1.13/5 (mean/median/min/max/num), 68.15 steps/s
2024-05-04 07:15:26,200 | Normalized LOG: steps 910000, episodes 910, returns 1.13/1.13/1.12/1.13/5 (mean/median/min/max/num), 68.15 steps/s
INFO:root:TRAIN LOG: steps 920000, episodes 920, returns 0.00/0.00/0.00/0.00/5 (mean/median/min/max/num), 68.14 steps/s
2024-05-04 07:17:52,963 | TRAIN LOG: steps 920000, episodes 920, returns 0.00/0.00/0.00/0.00/5 (mean/median/min/max/num), 68.14 steps/s
INFO:root:TEST LOG: steps 920000, episodes 920, returns 5166.26/5163.64/5157.15/5179.38/5 (mean/median/min/max/num), 68.14 steps/s
2024-05-04 07:17:55,077 | TEST LOG: steps 920000, episodes 920, returns 5166.26/5163.64/5157.15/5179.38/5 (mean/median/min/max/num), 68.14 steps/s
INFO:root:Normalized LOG: steps 920000, episodes 920, returns 1.13/1.12/1.12/1.13/5 (mean/median/min/max/num), 68.14 steps/s
2024-05-04 07:17:55,077 | Normalized LOG: steps 920000, episodes 920, returns 1.13/1.12/1.12/1.13/5 (mean/median/min/max/num), 68.14 steps/s
INFO:root:TRAIN LOG: steps 930000, episodes 930, returns 0.00/0.00/0.00/0.00/5 (mean/median/min/max/num), 68.18 steps/s
2024-05-04 07:20:21,755 | TRAIN LOG: steps 930000, episodes 930, returns 0.00/0.00/0.00/0.00/5 (mean/median/min/max/num), 68.18 steps/s
INFO:root:TEST LOG: steps 930000, episodes 930, returns 5165.22/5167.33/5156.01/5173.43/5 (mean/median/min/max/num), 68.18 steps/s
2024-05-04 07:20:23,867 | TEST LOG: steps 930000, episodes 930, returns 5165.22/5167.33/5156.01/5173.43/5 (mean/median/min/max/num), 68.18 steps/s
INFO:root:Normalized LOG: steps 930000, episodes 930, returns 1.12/1.13/1.12/1.13/5 (mean/median/min/max/num), 68.18 steps/s
2024-05-04 07:20:23,868 | Normalized LOG: steps 930000, episodes 930, returns 1.12/1.13/1.12/1.13/5 (mean/median/min/max/num), 68.18 steps/s
INFO:root:TRAIN LOG: steps 940000, episodes 940, returns 0.00/0.00/0.00/0.00/5 (mean/median/min/max/num), 68.34 steps/s
2024-05-04 07:22:50,197 | TRAIN LOG: steps 940000, episodes 940, returns 0.00/0.00/0.00/0.00/5 (mean/median/min/max/num), 68.34 steps/s
INFO:root:TEST LOG: steps 940000, episodes 940, returns 5174.70/5174.35/5158.81/5184.10/5 (mean/median/min/max/num), 68.34 steps/s
2024-05-04 07:22:52,305 | TEST LOG: steps 940000, episodes 940, returns 5174.70/5174.35/5158.81/5184.10/5 (mean/median/min/max/num), 68.34 steps/s
INFO:root:Normalized LOG: steps 940000, episodes 940, returns 1.13/1.13/1.12/1.13/5 (mean/median/min/max/num), 68.34 steps/s
2024-05-04 07:22:52,305 | Normalized LOG: steps 940000, episodes 940, returns 1.13/1.13/1.12/1.13/5 (mean/median/min/max/num), 68.34 steps/s
INFO:root:TRAIN LOG: steps 950000, episodes 950, returns 0.00/0.00/0.00/0.00/5 (mean/median/min/max/num), 68.18 steps/s
2024-05-04 07:25:18,984 | TRAIN LOG: steps 950000, episodes 950, returns 0.00/0.00/0.00/0.00/5 (mean/median/min/max/num), 68.18 steps/s
INFO:root:TEST LOG: steps 950000, episodes 950, returns 5170.44/5176.07/5130.37/5189.99/5 (mean/median/min/max/num), 68.18 steps/s
2024-05-04 07:25:21,093 | TEST LOG: steps 950000, episodes 950, returns 5170.44/5176.07/5130.37/5189.99/5 (mean/median/min/max/num), 68.18 steps/s
INFO:root:Normalized LOG: steps 950000, episodes 950, returns 1.13/1.13/1.12/1.13/5 (mean/median/min/max/num), 68.18 steps/s
2024-05-04 07:25:21,094 | Normalized LOG: steps 950000, episodes 950, returns 1.13/1.13/1.12/1.13/5 (mean/median/min/max/num), 68.18 steps/s
INFO:root:TRAIN LOG: steps 960000, episodes 960, returns 0.00/0.00/0.00/0.00/5 (mean/median/min/max/num), 68.31 steps/s
2024-05-04 07:27:47,485 | TRAIN LOG: steps 960000, episodes 960, returns 0.00/0.00/0.00/0.00/5 (mean/median/min/max/num), 68.31 steps/s
INFO:root:TEST LOG: steps 960000, episodes 960, returns 5150.66/5154.21/5138.25/5159.95/5 (mean/median/min/max/num), 68.31 steps/s
2024-05-04 07:27:49,597 | TEST LOG: steps 960000, episodes 960, returns 5150.66/5154.21/5138.25/5159.95/5 (mean/median/min/max/num), 68.31 steps/s
INFO:root:Normalized LOG: steps 960000, episodes 960, returns 1.12/1.12/1.12/1.12/5 (mean/median/min/max/num), 68.31 steps/s
2024-05-04 07:27:49,598 | Normalized LOG: steps 960000, episodes 960, returns 1.12/1.12/1.12/1.12/5 (mean/median/min/max/num), 68.31 steps/s
INFO:root:TRAIN LOG: steps 970000, episodes 970, returns 0.00/0.00/0.00/0.00/5 (mean/median/min/max/num), 68.16 steps/s
2024-05-04 07:30:16,307 | TRAIN LOG: steps 970000, episodes 970, returns 0.00/0.00/0.00/0.00/5 (mean/median/min/max/num), 68.16 steps/s
INFO:root:TEST LOG: steps 970000, episodes 970, returns 5173.48/5173.69/5157.17/5190.80/5 (mean/median/min/max/num), 68.16 steps/s
2024-05-04 07:30:18,418 | TEST LOG: steps 970000, episodes 970, returns 5173.48/5173.69/5157.17/5190.80/5 (mean/median/min/max/num), 68.16 steps/s
INFO:root:Normalized LOG: steps 970000, episodes 970, returns 1.13/1.13/1.12/1.13/5 (mean/median/min/max/num), 68.16 steps/s
2024-05-04 07:30:18,418 | Normalized LOG: steps 970000, episodes 970, returns 1.13/1.13/1.12/1.13/5 (mean/median/min/max/num), 68.16 steps/s
INFO:root:TRAIN LOG: steps 980000, episodes 980, returns 0.00/0.00/0.00/0.00/5 (mean/median/min/max/num), 68.42 steps/s
2024-05-04 07:32:44,565 | TRAIN LOG: steps 980000, episodes 980, returns 0.00/0.00/0.00/0.00/5 (mean/median/min/max/num), 68.42 steps/s
INFO:root:TEST LOG: steps 980000, episodes 980, returns 5134.20/5134.03/5121.88/5144.89/5 (mean/median/min/max/num), 68.42 steps/s
2024-05-04 07:32:46,674 | TEST LOG: steps 980000, episodes 980, returns 5134.20/5134.03/5121.88/5144.89/5 (mean/median/min/max/num), 68.42 steps/s
INFO:root:Normalized LOG: steps 980000, episodes 980, returns 1.12/1.12/1.12/1.12/5 (mean/median/min/max/num), 68.42 steps/s
2024-05-04 07:32:46,674 | Normalized LOG: steps 980000, episodes 980, returns 1.12/1.12/1.12/1.12/5 (mean/median/min/max/num), 68.42 steps/s
INFO:root:TRAIN LOG: steps 990000, episodes 990, returns 0.00/0.00/0.00/0.00/5 (mean/median/min/max/num), 68.13 steps/s
2024-05-04 07:35:13,451 | TRAIN LOG: steps 990000, episodes 990, returns 0.00/0.00/0.00/0.00/5 (mean/median/min/max/num), 68.13 steps/s
INFO:root:TEST LOG: steps 990000, episodes 990, returns 5150.81/5146.71/5138.95/5163.85/5 (mean/median/min/max/num), 68.13 steps/s
2024-05-04 07:35:15,564 | TEST LOG: steps 990000, episodes 990, returns 5150.81/5146.71/5138.95/5163.85/5 (mean/median/min/max/num), 68.13 steps/s
INFO:root:Normalized LOG: steps 990000, episodes 990, returns 1.12/1.12/1.12/1.12/5 (mean/median/min/max/num), 68.13 steps/s
2024-05-04 07:35:15,565 | Normalized LOG: steps 990000, episodes 990, returns 1.12/1.12/1.12/1.12/5 (mean/median/min/max/num), 68.13 steps/s
INFO:root:TRAIN LOG: steps 1000000, episodes 1000, returns 0.00/0.00/0.00/0.00/5 (mean/median/min/max/num), 68.37 steps/s
2024-05-04 07:37:41,834 | TRAIN LOG: steps 1000000, episodes 1000, returns 0.00/0.00/0.00/0.00/5 (mean/median/min/max/num), 68.37 steps/s
INFO:root:TEST LOG: steps 1000000, episodes 1000, returns 5169.18/5169.66/5162.44/5179.41/5 (mean/median/min/max/num), 68.37 steps/s
2024-05-04 07:37:43,944 | TEST LOG: steps 1000000, episodes 1000, returns 5169.18/5169.66/5162.44/5179.41/5 (mean/median/min/max/num), 68.37 steps/s
INFO:root:Normalized LOG: steps 1000000, episodes 1000, returns 1.13/1.13/1.12/1.13/5 (mean/median/min/max/num), 68.37 steps/s
2024-05-04 07:37:43,944 | Normalized LOG: steps 1000000, episodes 1000, returns 1.13/1.13/1.12/1.13/5 (mean/median/min/max/num), 68.37 steps/s
==============================================================================
Running epilogue script on rose05.

Submit time  : 2024-05-03T19:48:42
Start time   : 2024-05-04T03:28:34
End time     : 2024-05-04T07:37:44
Elapsed time : 04:09:10 (Timelimit=06:00:00)

Job ID: 5943957
Cluster: i5
User/Group: jhj1g23/fp
State: COMPLETED (exit code 0)
Nodes: 1
Cores per node: 48
CPU Utilized: 04:07:50
CPU Efficiency: 2.07% of 8-07:20:00 core-walltime
Job Wall-clock time: 04:09:10
Memory Utilized: 1.10 GB
Memory Efficiency: 0.00% of 16.00 B

