Running SLURM prolog script on rose04.cluster.local
===============================================================================
Job started on Wed Apr 10 22:08:38 BST 2024
Job ID          : 5818987
Job name        : launch.sh
WorkDir         : /mainfs/lyceum/jhj1g23/deeplearningpaper/inac_pytorch
Command         : /mainfs/lyceum/jhj1g23/deeplearningpaper/inac_pytorch/launch.sh
Partition       : a100
Num hosts       : 1
Num cores       : 48
Num of tasks    : 1
Hosts allocated : rose04
Job Output Follows ...
===============================================================================
/lyceum/jhj1g23/.conda/envs/challenge/lib/python3.9/site-packages/glfw/__init__.py:914: GLFWError: (65550) b'Failed to detect any supported platform'
  warnings.warn(message, GLFWError)
pybullet build time: Nov 28 2023 23:52:03
/lyceum/jhj1g23/.conda/envs/challenge/lib/python3.9/site-packages/gym/spaces/box.py:84: UserWarning: [33mWARN: Box bound precision lowered by casting to float32[0m
  logger.warn(f"Box bound precision lowered by casting to {self.dtype}")
load datafile:   0%|          | 0/11 [00:00<?, ?it/s]load datafile:  27%|â–ˆâ–ˆâ–‹       | 3/11 [00:00<00:00, 16.59it/s]load datafile:  45%|â–ˆâ–ˆâ–ˆâ–ˆâ–Œ     | 5/11 [00:00<00:00, 15.80it/s]load datafile:  64%|â–ˆâ–ˆâ–ˆâ–ˆâ–ˆâ–ˆâ–Ž   | 7/11 [00:00<00:00, 16.29it/s]load datafile:  82%|â–ˆâ–ˆâ–ˆâ–ˆâ–ˆâ–ˆâ–ˆâ–ˆâ– | 9/11 [00:00<00:00, 16.34it/s]load datafile: 100%|â–ˆâ–ˆâ–ˆâ–ˆâ–ˆâ–ˆâ–ˆâ–ˆâ–ˆâ–ˆ| 11/11 [00:00<00:00, 19.81it/s]
INFO:root:seed: 0
2024-04-10 22:09:24,492 | seed: 0
INFO:root:env_name: HalfCheetah
2024-04-10 22:09:24,495 | env_name: HalfCheetah
INFO:root:dataset: medrep
2024-04-10 22:09:24,495 | dataset: medrep
INFO:root:discrete_control: 0
2024-04-10 22:09:24,495 | discrete_control: 0
INFO:root:state_dim: 17
2024-04-10 22:09:24,495 | state_dim: 17
INFO:root:action_dim: 6
2024-04-10 22:09:24,495 | action_dim: 6
INFO:root:tau: 0.5
2024-04-10 22:09:24,496 | tau: 0.5
INFO:root:max_steps: 1000000
2024-04-10 22:09:24,496 | max_steps: 1000000
INFO:root:log_interval: 10000
2024-04-10 22:09:24,496 | log_interval: 10000
INFO:root:learning_rate: 0.0003
2024-04-10 22:09:24,496 | learning_rate: 0.0003
INFO:root:hidden_units: 256
2024-04-10 22:09:24,496 | hidden_units: 256
INFO:root:batch_size: 256
2024-04-10 22:09:24,496 | batch_size: 256
INFO:root:timeout: 1000
2024-04-10 22:09:24,496 | timeout: 1000
INFO:root:gamma: 0.99
2024-04-10 22:09:24,496 | gamma: 0.99
INFO:root:use_target_network: 1
2024-04-10 22:09:24,496 | use_target_network: 1
INFO:root:target_network_update_freq: 1
2024-04-10 22:09:24,496 | target_network_update_freq: 1
INFO:root:polyak: 0.995
2024-04-10 22:09:24,496 | polyak: 0.995
INFO:root:evaluation_criteria: return
2024-04-10 22:09:24,496 | evaluation_criteria: return
INFO:root:device: cpu
2024-04-10 22:09:24,496 | device: cpu
INFO:root:info: 0
2024-04-10 22:09:24,496 | info: 0
INFO:root:exp_path: /mainfs/lyceum/jhj1g23/deeplearningpaper/inac_pytorch/data/output/HalfCheetah/medrep/0/0_run
2024-04-10 22:09:24,496 | exp_path: /mainfs/lyceum/jhj1g23/deeplearningpaper/inac_pytorch/data/output/HalfCheetah/medrep/0/0_run
INFO:root:TRAIN LOG: steps 0, episodes   0, returns -2.18/-2.35/-3.74/-0.18/5 (mean/median/min/max/num), 3447.97 steps/s
2024-04-10 22:09:42,147 | TRAIN LOG: steps 0, episodes   0, returns -2.18/-2.35/-3.74/-0.18/5 (mean/median/min/max/num), 3447.97 steps/s
INFO:root:TEST LOG: steps 0, episodes   0, returns -2.17/-1.89/-4.62/-0.34/5 (mean/median/min/max/num), 3447.97 steps/s
2024-04-10 22:09:44,423 | TEST LOG: steps 0, episodes   0, returns -2.17/-1.89/-4.62/-0.34/5 (mean/median/min/max/num), 3447.97 steps/s
INFO:root:Normalized LOG: steps 0, episodes   0, returns 0.02/0.02/0.02/0.02/5 (mean/median/min/max/num), 3447.97 steps/s
2024-04-10 22:09:44,424 | Normalized LOG: steps 0, episodes   0, returns 0.02/0.02/0.02/0.02/5 (mean/median/min/max/num), 3447.97 steps/s
INFO:root:TRAIN LOG: steps 10000, episodes  10, returns 0.00/0.00/0.00/0.00/5 (mean/median/min/max/num), 69.53 steps/s
2024-04-10 22:12:08,242 | TRAIN LOG: steps 10000, episodes  10, returns 0.00/0.00/0.00/0.00/5 (mean/median/min/max/num), 69.53 steps/s
INFO:root:TEST LOG: steps 10000, episodes  10, returns 274.26/141.92/99.36/548.26/5 (mean/median/min/max/num), 69.53 steps/s
2024-04-10 22:12:10,016 | TEST LOG: steps 10000, episodes  10, returns 274.26/141.92/99.36/548.26/5 (mean/median/min/max/num), 69.53 steps/s
INFO:root:Normalized LOG: steps 10000, episodes  10, returns 0.04/0.03/0.03/0.07/5 (mean/median/min/max/num), 69.53 steps/s
2024-04-10 22:12:10,016 | Normalized LOG: steps 10000, episodes  10, returns 0.04/0.03/0.03/0.07/5 (mean/median/min/max/num), 69.53 steps/s
INFO:root:TRAIN LOG: steps 20000, episodes  20, returns 0.00/0.00/0.00/0.00/5 (mean/median/min/max/num), 70.00 steps/s
2024-04-10 22:14:32,873 | TRAIN LOG: steps 20000, episodes  20, returns 0.00/0.00/0.00/0.00/5 (mean/median/min/max/num), 70.00 steps/s
INFO:root:TEST LOG: steps 20000, episodes  20, returns 2503.23/3126.72/31.01/3186.23/5 (mean/median/min/max/num), 70.00 steps/s
2024-04-10 22:14:34,629 | TEST LOG: steps 20000, episodes  20, returns 2503.23/3126.72/31.01/3186.23/5 (mean/median/min/max/num), 70.00 steps/s
INFO:root:Normalized LOG: steps 20000, episodes  20, returns 0.22/0.27/0.03/0.28/5 (mean/median/min/max/num), 70.00 steps/s
2024-04-10 22:14:34,629 | Normalized LOG: steps 20000, episodes  20, returns 0.22/0.27/0.03/0.28/5 (mean/median/min/max/num), 70.00 steps/s
INFO:root:TRAIN LOG: steps 30000, episodes  30, returns 0.00/0.00/0.00/0.00/5 (mean/median/min/max/num), 70.26 steps/s
2024-04-10 22:16:56,961 | TRAIN LOG: steps 30000, episodes  30, returns 0.00/0.00/0.00/0.00/5 (mean/median/min/max/num), 70.26 steps/s
INFO:root:TEST LOG: steps 30000, episodes  30, returns 3889.01/4454.98/1389.65/4686.27/5 (mean/median/min/max/num), 70.26 steps/s
2024-04-10 22:16:58,712 | TEST LOG: steps 30000, episodes  30, returns 3889.01/4454.98/1389.65/4686.27/5 (mean/median/min/max/num), 70.26 steps/s
INFO:root:Normalized LOG: steps 30000, episodes  30, returns 0.34/0.38/0.13/0.40/5 (mean/median/min/max/num), 70.26 steps/s
2024-04-10 22:16:58,713 | Normalized LOG: steps 30000, episodes  30, returns 0.34/0.38/0.13/0.40/5 (mean/median/min/max/num), 70.26 steps/s
INFO:root:TRAIN LOG: steps 40000, episodes  40, returns 0.00/0.00/0.00/0.00/5 (mean/median/min/max/num), 70.17 steps/s
2024-04-10 22:19:21,227 | TRAIN LOG: steps 40000, episodes  40, returns 0.00/0.00/0.00/0.00/5 (mean/median/min/max/num), 70.17 steps/s
INFO:root:TEST LOG: steps 40000, episodes  40, returns 2606.86/2275.54/536.45/4651.96/5 (mean/median/min/max/num), 70.17 steps/s
2024-04-10 22:19:22,987 | TEST LOG: steps 40000, episodes  40, returns 2606.86/2275.54/536.45/4651.96/5 (mean/median/min/max/num), 70.17 steps/s
INFO:root:Normalized LOG: steps 40000, episodes  40, returns 0.23/0.21/0.07/0.40/5 (mean/median/min/max/num), 70.17 steps/s
2024-04-10 22:19:22,987 | Normalized LOG: steps 40000, episodes  40, returns 0.23/0.21/0.07/0.40/5 (mean/median/min/max/num), 70.17 steps/s
INFO:root:TRAIN LOG: steps 50000, episodes  50, returns 0.00/0.00/0.00/0.00/5 (mean/median/min/max/num), 70.02 steps/s
2024-04-10 22:21:45,804 | TRAIN LOG: steps 50000, episodes  50, returns 0.00/0.00/0.00/0.00/5 (mean/median/min/max/num), 70.02 steps/s
INFO:root:TEST LOG: steps 50000, episodes  50, returns 2847.52/2464.98/1149.13/4220.90/5 (mean/median/min/max/num), 70.02 steps/s
2024-04-10 22:21:47,557 | TEST LOG: steps 50000, episodes  50, returns 2847.52/2464.98/1149.13/4220.90/5 (mean/median/min/max/num), 70.02 steps/s
INFO:root:Normalized LOG: steps 50000, episodes  50, returns 0.25/0.22/0.12/0.36/5 (mean/median/min/max/num), 70.02 steps/s
2024-04-10 22:21:47,558 | Normalized LOG: steps 50000, episodes  50, returns 0.25/0.22/0.12/0.36/5 (mean/median/min/max/num), 70.02 steps/s
INFO:root:TRAIN LOG: steps 60000, episodes  60, returns 0.00/0.00/0.00/0.00/5 (mean/median/min/max/num), 70.15 steps/s
2024-04-10 22:24:10,113 | TRAIN LOG: steps 60000, episodes  60, returns 0.00/0.00/0.00/0.00/5 (mean/median/min/max/num), 70.15 steps/s
INFO:root:TEST LOG: steps 60000, episodes  60, returns 4701.51/4667.76/4600.77/4827.96/5 (mean/median/min/max/num), 70.15 steps/s
2024-04-10 22:24:11,847 | TEST LOG: steps 60000, episodes  60, returns 4701.51/4667.76/4600.77/4827.96/5 (mean/median/min/max/num), 70.15 steps/s
INFO:root:Normalized LOG: steps 60000, episodes  60, returns 0.40/0.40/0.39/0.41/5 (mean/median/min/max/num), 70.15 steps/s
2024-04-10 22:24:11,847 | Normalized LOG: steps 60000, episodes  60, returns 0.40/0.40/0.39/0.41/5 (mean/median/min/max/num), 70.15 steps/s
INFO:root:TRAIN LOG: steps 70000, episodes  70, returns 0.00/0.00/0.00/0.00/5 (mean/median/min/max/num), 70.03 steps/s
2024-04-10 22:26:34,650 | TRAIN LOG: steps 70000, episodes  70, returns 0.00/0.00/0.00/0.00/5 (mean/median/min/max/num), 70.03 steps/s
INFO:root:TEST LOG: steps 70000, episodes  70, returns 4847.51/4896.95/4521.48/5060.83/5 (mean/median/min/max/num), 70.03 steps/s
2024-04-10 22:26:36,490 | TEST LOG: steps 70000, episodes  70, returns 4847.51/4896.95/4521.48/5060.83/5 (mean/median/min/max/num), 70.03 steps/s
INFO:root:Normalized LOG: steps 70000, episodes  70, returns 0.41/0.42/0.39/0.43/5 (mean/median/min/max/num), 70.03 steps/s
2024-04-10 22:26:36,490 | Normalized LOG: steps 70000, episodes  70, returns 0.41/0.42/0.39/0.43/5 (mean/median/min/max/num), 70.03 steps/s
INFO:root:TRAIN LOG: steps 80000, episodes  80, returns 0.00/0.00/0.00/0.00/5 (mean/median/min/max/num), 69.68 steps/s
2024-04-10 22:29:00,004 | TRAIN LOG: steps 80000, episodes  80, returns 0.00/0.00/0.00/0.00/5 (mean/median/min/max/num), 69.68 steps/s
INFO:root:TEST LOG: steps 80000, episodes  80, returns 4702.11/4632.13/4351.64/5133.69/5 (mean/median/min/max/num), 69.68 steps/s
2024-04-10 22:29:01,748 | TEST LOG: steps 80000, episodes  80, returns 4702.11/4632.13/4351.64/5133.69/5 (mean/median/min/max/num), 69.68 steps/s
INFO:root:Normalized LOG: steps 80000, episodes  80, returns 0.40/0.40/0.37/0.44/5 (mean/median/min/max/num), 69.68 steps/s
2024-04-10 22:29:01,748 | Normalized LOG: steps 80000, episodes  80, returns 0.40/0.40/0.37/0.44/5 (mean/median/min/max/num), 69.68 steps/s
INFO:root:TRAIN LOG: steps 90000, episodes  90, returns 0.00/0.00/0.00/0.00/5 (mean/median/min/max/num), 69.82 steps/s
2024-04-10 22:31:24,975 | TRAIN LOG: steps 90000, episodes  90, returns 0.00/0.00/0.00/0.00/5 (mean/median/min/max/num), 69.82 steps/s
INFO:root:TEST LOG: steps 90000, episodes  90, returns 4802.40/4798.16/4737.84/4866.09/5 (mean/median/min/max/num), 69.82 steps/s
2024-04-10 22:31:26,719 | TEST LOG: steps 90000, episodes  90, returns 4802.40/4798.16/4737.84/4866.09/5 (mean/median/min/max/num), 69.82 steps/s
INFO:root:Normalized LOG: steps 90000, episodes  90, returns 0.41/0.41/0.40/0.41/5 (mean/median/min/max/num), 69.82 steps/s
2024-04-10 22:31:26,719 | Normalized LOG: steps 90000, episodes  90, returns 0.41/0.41/0.40/0.41/5 (mean/median/min/max/num), 69.82 steps/s
INFO:root:TRAIN LOG: steps 100000, episodes 100, returns 0.00/0.00/0.00/0.00/5 (mean/median/min/max/num), 69.63 steps/s
2024-04-10 22:33:50,334 | TRAIN LOG: steps 100000, episodes 100, returns 0.00/0.00/0.00/0.00/5 (mean/median/min/max/num), 69.63 steps/s
INFO:root:TEST LOG: steps 100000, episodes 100, returns 4996.46/5031.32/4767.03/5106.60/5 (mean/median/min/max/num), 69.63 steps/s
2024-04-10 22:33:52,072 | TEST LOG: steps 100000, episodes 100, returns 4996.46/5031.32/4767.03/5106.60/5 (mean/median/min/max/num), 69.63 steps/s
INFO:root:Normalized LOG: steps 100000, episodes 100, returns 0.43/0.43/0.41/0.43/5 (mean/median/min/max/num), 69.63 steps/s
2024-04-10 22:33:52,072 | Normalized LOG: steps 100000, episodes 100, returns 0.43/0.43/0.41/0.43/5 (mean/median/min/max/num), 69.63 steps/s
INFO:root:TRAIN LOG: steps 110000, episodes 110, returns 0.00/0.00/0.00/0.00/5 (mean/median/min/max/num), 69.63 steps/s
2024-04-10 22:36:15,682 | TRAIN LOG: steps 110000, episodes 110, returns 0.00/0.00/0.00/0.00/5 (mean/median/min/max/num), 69.63 steps/s
INFO:root:TEST LOG: steps 110000, episodes 110, returns 5120.69/5187.48/4875.99/5228.14/5 (mean/median/min/max/num), 69.63 steps/s
2024-04-10 22:36:17,418 | TEST LOG: steps 110000, episodes 110, returns 5120.69/5187.48/4875.99/5228.14/5 (mean/median/min/max/num), 69.63 steps/s
INFO:root:Normalized LOG: steps 110000, episodes 110, returns 0.44/0.44/0.42/0.44/5 (mean/median/min/max/num), 69.63 steps/s
2024-04-10 22:36:17,419 | Normalized LOG: steps 110000, episodes 110, returns 0.44/0.44/0.42/0.44/5 (mean/median/min/max/num), 69.63 steps/s
INFO:root:TRAIN LOG: steps 120000, episodes 120, returns 0.00/0.00/0.00/0.00/5 (mean/median/min/max/num), 69.76 steps/s
2024-04-10 22:38:40,762 | TRAIN LOG: steps 120000, episodes 120, returns 0.00/0.00/0.00/0.00/5 (mean/median/min/max/num), 69.76 steps/s
INFO:root:TEST LOG: steps 120000, episodes 120, returns 5222.88/5242.43/5148.22/5267.73/5 (mean/median/min/max/num), 69.76 steps/s
2024-04-10 22:38:42,503 | TEST LOG: steps 120000, episodes 120, returns 5222.88/5242.43/5148.22/5267.73/5 (mean/median/min/max/num), 69.76 steps/s
INFO:root:Normalized LOG: steps 120000, episodes 120, returns 0.44/0.44/0.44/0.45/5 (mean/median/min/max/num), 69.76 steps/s
2024-04-10 22:38:42,504 | Normalized LOG: steps 120000, episodes 120, returns 0.44/0.44/0.44/0.45/5 (mean/median/min/max/num), 69.76 steps/s
INFO:root:TRAIN LOG: steps 130000, episodes 130, returns 0.00/0.00/0.00/0.00/5 (mean/median/min/max/num), 69.93 steps/s
2024-04-10 22:41:05,495 | TRAIN LOG: steps 130000, episodes 130, returns 0.00/0.00/0.00/0.00/5 (mean/median/min/max/num), 69.93 steps/s
INFO:root:TEST LOG: steps 130000, episodes 130, returns 5196.13/5228.69/5076.79/5234.77/5 (mean/median/min/max/num), 69.93 steps/s
2024-04-10 22:41:07,234 | TEST LOG: steps 130000, episodes 130, returns 5196.13/5228.69/5076.79/5234.77/5 (mean/median/min/max/num), 69.93 steps/s
INFO:root:Normalized LOG: steps 130000, episodes 130, returns 0.44/0.44/0.43/0.44/5 (mean/median/min/max/num), 69.93 steps/s
2024-04-10 22:41:07,234 | Normalized LOG: steps 130000, episodes 130, returns 0.44/0.44/0.43/0.44/5 (mean/median/min/max/num), 69.93 steps/s
INFO:root:TRAIN LOG: steps 140000, episodes 140, returns 0.00/0.00/0.00/0.00/5 (mean/median/min/max/num), 69.95 steps/s
2024-04-10 22:43:30,185 | TRAIN LOG: steps 140000, episodes 140, returns 0.00/0.00/0.00/0.00/5 (mean/median/min/max/num), 69.95 steps/s
INFO:root:TEST LOG: steps 140000, episodes 140, returns 4918.31/4925.19/4790.68/5049.32/5 (mean/median/min/max/num), 69.95 steps/s
2024-04-10 22:43:31,922 | TEST LOG: steps 140000, episodes 140, returns 4918.31/4925.19/4790.68/5049.32/5 (mean/median/min/max/num), 69.95 steps/s
INFO:root:Normalized LOG: steps 140000, episodes 140, returns 0.42/0.42/0.41/0.43/5 (mean/median/min/max/num), 69.95 steps/s
2024-04-10 22:43:31,922 | Normalized LOG: steps 140000, episodes 140, returns 0.42/0.42/0.41/0.43/5 (mean/median/min/max/num), 69.95 steps/s
INFO:root:TRAIN LOG: steps 150000, episodes 150, returns 0.00/0.00/0.00/0.00/5 (mean/median/min/max/num), 69.57 steps/s
2024-04-10 22:45:55,667 | TRAIN LOG: steps 150000, episodes 150, returns 0.00/0.00/0.00/0.00/5 (mean/median/min/max/num), 69.57 steps/s
INFO:root:TEST LOG: steps 150000, episodes 150, returns 4915.35/4930.15/4679.75/5084.83/5 (mean/median/min/max/num), 69.57 steps/s
2024-04-10 22:45:57,409 | TEST LOG: steps 150000, episodes 150, returns 4915.35/4930.15/4679.75/5084.83/5 (mean/median/min/max/num), 69.57 steps/s
INFO:root:Normalized LOG: steps 150000, episodes 150, returns 0.42/0.42/0.40/0.43/5 (mean/median/min/max/num), 69.57 steps/s
2024-04-10 22:45:57,409 | Normalized LOG: steps 150000, episodes 150, returns 0.42/0.42/0.40/0.43/5 (mean/median/min/max/num), 69.57 steps/s
INFO:root:TRAIN LOG: steps 160000, episodes 160, returns 0.00/0.00/0.00/0.00/5 (mean/median/min/max/num), 69.80 steps/s
2024-04-10 22:48:20,672 | TRAIN LOG: steps 160000, episodes 160, returns 0.00/0.00/0.00/0.00/5 (mean/median/min/max/num), 69.80 steps/s
INFO:root:TEST LOG: steps 160000, episodes 160, returns 5014.14/5021.75/4949.78/5102.71/5 (mean/median/min/max/num), 69.80 steps/s
2024-04-10 22:48:22,408 | TEST LOG: steps 160000, episodes 160, returns 5014.14/5021.75/4949.78/5102.71/5 (mean/median/min/max/num), 69.80 steps/s
INFO:root:Normalized LOG: steps 160000, episodes 160, returns 0.43/0.43/0.42/0.43/5 (mean/median/min/max/num), 69.80 steps/s
2024-04-10 22:48:22,408 | Normalized LOG: steps 160000, episodes 160, returns 0.43/0.43/0.42/0.43/5 (mean/median/min/max/num), 69.80 steps/s
INFO:root:TRAIN LOG: steps 170000, episodes 170, returns 0.00/0.00/0.00/0.00/5 (mean/median/min/max/num), 70.03 steps/s
2024-04-10 22:50:45,211 | TRAIN LOG: steps 170000, episodes 170, returns 0.00/0.00/0.00/0.00/5 (mean/median/min/max/num), 70.03 steps/s
INFO:root:TEST LOG: steps 170000, episodes 170, returns 5209.20/5228.77/4971.95/5387.69/5 (mean/median/min/max/num), 70.03 steps/s
2024-04-10 22:50:46,942 | TEST LOG: steps 170000, episodes 170, returns 5209.20/5228.77/4971.95/5387.69/5 (mean/median/min/max/num), 70.03 steps/s
INFO:root:Normalized LOG: steps 170000, episodes 170, returns 0.44/0.44/0.42/0.46/5 (mean/median/min/max/num), 70.03 steps/s
2024-04-10 22:50:46,942 | Normalized LOG: steps 170000, episodes 170, returns 0.44/0.44/0.42/0.46/5 (mean/median/min/max/num), 70.03 steps/s
INFO:root:TRAIN LOG: steps 180000, episodes 180, returns 0.00/0.00/0.00/0.00/5 (mean/median/min/max/num), 69.64 steps/s
2024-04-10 22:53:10,539 | TRAIN LOG: steps 180000, episodes 180, returns 0.00/0.00/0.00/0.00/5 (mean/median/min/max/num), 69.64 steps/s
INFO:root:TEST LOG: steps 180000, episodes 180, returns 5357.16/5376.84/5252.31/5432.58/5 (mean/median/min/max/num), 69.64 steps/s
2024-04-10 22:53:12,282 | TEST LOG: steps 180000, episodes 180, returns 5357.16/5376.84/5252.31/5432.58/5 (mean/median/min/max/num), 69.64 steps/s
INFO:root:Normalized LOG: steps 180000, episodes 180, returns 0.45/0.46/0.45/0.46/5 (mean/median/min/max/num), 69.64 steps/s
2024-04-10 22:53:12,283 | Normalized LOG: steps 180000, episodes 180, returns 0.45/0.46/0.45/0.46/5 (mean/median/min/max/num), 69.64 steps/s
INFO:root:TRAIN LOG: steps 190000, episodes 190, returns 0.00/0.00/0.00/0.00/5 (mean/median/min/max/num), 69.56 steps/s
2024-04-10 22:55:36,038 | TRAIN LOG: steps 190000, episodes 190, returns 0.00/0.00/0.00/0.00/5 (mean/median/min/max/num), 69.56 steps/s
INFO:root:TEST LOG: steps 190000, episodes 190, returns 5214.10/5190.62/4793.19/5491.34/5 (mean/median/min/max/num), 69.56 steps/s
2024-04-10 22:55:37,771 | TEST LOG: steps 190000, episodes 190, returns 5214.10/5190.62/4793.19/5491.34/5 (mean/median/min/max/num), 69.56 steps/s
INFO:root:Normalized LOG: steps 190000, episodes 190, returns 0.44/0.44/0.41/0.46/5 (mean/median/min/max/num), 69.56 steps/s
2024-04-10 22:55:37,771 | Normalized LOG: steps 190000, episodes 190, returns 0.44/0.44/0.41/0.46/5 (mean/median/min/max/num), 69.56 steps/s
INFO:root:TRAIN LOG: steps 200000, episodes 200, returns 0.00/0.00/0.00/0.00/5 (mean/median/min/max/num), 69.98 steps/s
2024-04-10 22:58:00,670 | TRAIN LOG: steps 200000, episodes 200, returns 0.00/0.00/0.00/0.00/5 (mean/median/min/max/num), 69.98 steps/s
INFO:root:TEST LOG: steps 200000, episodes 200, returns 4980.48/4998.71/4905.05/5024.70/5 (mean/median/min/max/num), 69.98 steps/s
2024-04-10 22:58:02,408 | TEST LOG: steps 200000, episodes 200, returns 4980.48/4998.71/4905.05/5024.70/5 (mean/median/min/max/num), 69.98 steps/s
INFO:root:Normalized LOG: steps 200000, episodes 200, returns 0.42/0.43/0.42/0.43/5 (mean/median/min/max/num), 69.98 steps/s
2024-04-10 22:58:02,408 | Normalized LOG: steps 200000, episodes 200, returns 0.42/0.43/0.42/0.43/5 (mean/median/min/max/num), 69.98 steps/s
INFO:root:TRAIN LOG: steps 210000, episodes 210, returns 0.00/0.00/0.00/0.00/5 (mean/median/min/max/num), 69.74 steps/s
2024-04-10 23:00:25,807 | TRAIN LOG: steps 210000, episodes 210, returns 0.00/0.00/0.00/0.00/5 (mean/median/min/max/num), 69.74 steps/s
INFO:root:TEST LOG: steps 210000, episodes 210, returns 5214.95/5129.02/5082.36/5458.49/5 (mean/median/min/max/num), 69.74 steps/s
2024-04-10 23:00:27,550 | TEST LOG: steps 210000, episodes 210, returns 5214.95/5129.02/5082.36/5458.49/5 (mean/median/min/max/num), 69.74 steps/s
INFO:root:Normalized LOG: steps 210000, episodes 210, returns 0.44/0.44/0.43/0.46/5 (mean/median/min/max/num), 69.74 steps/s
2024-04-10 23:00:27,550 | Normalized LOG: steps 210000, episodes 210, returns 0.44/0.44/0.43/0.46/5 (mean/median/min/max/num), 69.74 steps/s
INFO:root:TRAIN LOG: steps 220000, episodes 220, returns 0.00/0.00/0.00/0.00/5 (mean/median/min/max/num), 69.81 steps/s
2024-04-10 23:02:50,792 | TRAIN LOG: steps 220000, episodes 220, returns 0.00/0.00/0.00/0.00/5 (mean/median/min/max/num), 69.81 steps/s
INFO:root:TEST LOG: steps 220000, episodes 220, returns 5152.00/5194.22/5008.40/5272.91/5 (mean/median/min/max/num), 69.81 steps/s
2024-04-10 23:02:52,525 | TEST LOG: steps 220000, episodes 220, returns 5152.00/5194.22/5008.40/5272.91/5 (mean/median/min/max/num), 69.81 steps/s
INFO:root:Normalized LOG: steps 220000, episodes 220, returns 0.44/0.44/0.43/0.45/5 (mean/median/min/max/num), 69.81 steps/s
2024-04-10 23:02:52,526 | Normalized LOG: steps 220000, episodes 220, returns 0.44/0.44/0.43/0.45/5 (mean/median/min/max/num), 69.81 steps/s
INFO:root:TRAIN LOG: steps 230000, episodes 230, returns 0.00/0.00/0.00/0.00/5 (mean/median/min/max/num), 69.95 steps/s
2024-04-10 23:05:15,485 | TRAIN LOG: steps 230000, episodes 230, returns 0.00/0.00/0.00/0.00/5 (mean/median/min/max/num), 69.95 steps/s
INFO:root:TEST LOG: steps 230000, episodes 230, returns 5249.43/5263.41/5198.72/5306.37/5 (mean/median/min/max/num), 69.95 steps/s
2024-04-10 23:05:17,219 | TEST LOG: steps 230000, episodes 230, returns 5249.43/5263.41/5198.72/5306.37/5 (mean/median/min/max/num), 69.95 steps/s
INFO:root:Normalized LOG: steps 230000, episodes 230, returns 0.45/0.45/0.44/0.45/5 (mean/median/min/max/num), 69.95 steps/s
2024-04-10 23:05:17,219 | Normalized LOG: steps 230000, episodes 230, returns 0.45/0.45/0.44/0.45/5 (mean/median/min/max/num), 69.95 steps/s
INFO:root:TRAIN LOG: steps 240000, episodes 240, returns 0.00/0.00/0.00/0.00/5 (mean/median/min/max/num), 69.56 steps/s
2024-04-10 23:07:40,985 | TRAIN LOG: steps 240000, episodes 240, returns 0.00/0.00/0.00/0.00/5 (mean/median/min/max/num), 69.56 steps/s
INFO:root:TEST LOG: steps 240000, episodes 240, returns 4998.11/5008.03/4810.79/5175.57/5 (mean/median/min/max/num), 69.56 steps/s
2024-04-10 23:07:42,720 | TEST LOG: steps 240000, episodes 240, returns 4998.11/5008.03/4810.79/5175.57/5 (mean/median/min/max/num), 69.56 steps/s
INFO:root:Normalized LOG: steps 240000, episodes 240, returns 0.43/0.43/0.41/0.44/5 (mean/median/min/max/num), 69.56 steps/s
2024-04-10 23:07:42,720 | Normalized LOG: steps 240000, episodes 240, returns 0.43/0.43/0.41/0.44/5 (mean/median/min/max/num), 69.56 steps/s
INFO:root:TRAIN LOG: steps 250000, episodes 250, returns 0.00/0.00/0.00/0.00/5 (mean/median/min/max/num), 69.97 steps/s
2024-04-10 23:10:05,631 | TRAIN LOG: steps 250000, episodes 250, returns 0.00/0.00/0.00/0.00/5 (mean/median/min/max/num), 69.97 steps/s
INFO:root:TEST LOG: steps 250000, episodes 250, returns 5085.29/5147.13/4913.95/5175.32/5 (mean/median/min/max/num), 69.97 steps/s
2024-04-10 23:10:07,360 | TEST LOG: steps 250000, episodes 250, returns 5085.29/5147.13/4913.95/5175.32/5 (mean/median/min/max/num), 69.97 steps/s
INFO:root:Normalized LOG: steps 250000, episodes 250, returns 0.43/0.44/0.42/0.44/5 (mean/median/min/max/num), 69.97 steps/s
2024-04-10 23:10:07,360 | Normalized LOG: steps 250000, episodes 250, returns 0.43/0.44/0.42/0.44/5 (mean/median/min/max/num), 69.97 steps/s
INFO:root:TRAIN LOG: steps 260000, episodes 260, returns 0.00/0.00/0.00/0.00/5 (mean/median/min/max/num), 70.72 steps/s
2024-04-10 23:12:28,772 | TRAIN LOG: steps 260000, episodes 260, returns 0.00/0.00/0.00/0.00/5 (mean/median/min/max/num), 70.72 steps/s
INFO:root:TEST LOG: steps 260000, episodes 260, returns 5087.44/5056.86/4956.00/5209.33/5 (mean/median/min/max/num), 70.72 steps/s
2024-04-10 23:12:30,489 | TEST LOG: steps 260000, episodes 260, returns 5087.44/5056.86/4956.00/5209.33/5 (mean/median/min/max/num), 70.72 steps/s
INFO:root:Normalized LOG: steps 260000, episodes 260, returns 0.43/0.43/0.42/0.44/5 (mean/median/min/max/num), 70.72 steps/s
2024-04-10 23:12:30,489 | Normalized LOG: steps 260000, episodes 260, returns 0.43/0.43/0.42/0.44/5 (mean/median/min/max/num), 70.72 steps/s
INFO:root:TRAIN LOG: steps 270000, episodes 270, returns 0.00/0.00/0.00/0.00/5 (mean/median/min/max/num), 70.71 steps/s
2024-04-10 23:14:51,920 | TRAIN LOG: steps 270000, episodes 270, returns 0.00/0.00/0.00/0.00/5 (mean/median/min/max/num), 70.71 steps/s
INFO:root:TEST LOG: steps 270000, episodes 270, returns 5144.77/5155.62/5018.80/5229.76/5 (mean/median/min/max/num), 70.71 steps/s
2024-04-10 23:14:53,627 | TEST LOG: steps 270000, episodes 270, returns 5144.77/5155.62/5018.80/5229.76/5 (mean/median/min/max/num), 70.71 steps/s
INFO:root:Normalized LOG: steps 270000, episodes 270, returns 0.44/0.44/0.43/0.44/5 (mean/median/min/max/num), 70.71 steps/s
2024-04-10 23:14:53,627 | Normalized LOG: steps 270000, episodes 270, returns 0.44/0.44/0.43/0.44/5 (mean/median/min/max/num), 70.71 steps/s
INFO:root:TRAIN LOG: steps 280000, episodes 280, returns 0.00/0.00/0.00/0.00/5 (mean/median/min/max/num), 70.76 steps/s
2024-04-10 23:17:14,940 | TRAIN LOG: steps 280000, episodes 280, returns 0.00/0.00/0.00/0.00/5 (mean/median/min/max/num), 70.76 steps/s
INFO:root:TEST LOG: steps 280000, episodes 280, returns 5177.48/5171.93/5061.06/5259.26/5 (mean/median/min/max/num), 70.76 steps/s
2024-04-10 23:17:16,659 | TEST LOG: steps 280000, episodes 280, returns 5177.48/5171.93/5061.06/5259.26/5 (mean/median/min/max/num), 70.76 steps/s
INFO:root:Normalized LOG: steps 280000, episodes 280, returns 0.44/0.44/0.43/0.45/5 (mean/median/min/max/num), 70.76 steps/s
2024-04-10 23:17:16,659 | Normalized LOG: steps 280000, episodes 280, returns 0.44/0.44/0.43/0.45/5 (mean/median/min/max/num), 70.76 steps/s
INFO:root:TRAIN LOG: steps 290000, episodes 290, returns 0.00/0.00/0.00/0.00/5 (mean/median/min/max/num), 70.71 steps/s
2024-04-10 23:19:38,087 | TRAIN LOG: steps 290000, episodes 290, returns 0.00/0.00/0.00/0.00/5 (mean/median/min/max/num), 70.71 steps/s
INFO:root:TEST LOG: steps 290000, episodes 290, returns 5020.59/5065.78/4872.01/5077.21/5 (mean/median/min/max/num), 70.71 steps/s
2024-04-10 23:19:39,884 | TEST LOG: steps 290000, episodes 290, returns 5020.59/5065.78/4872.01/5077.21/5 (mean/median/min/max/num), 70.71 steps/s
INFO:root:Normalized LOG: steps 290000, episodes 290, returns 0.43/0.43/0.41/0.43/5 (mean/median/min/max/num), 70.71 steps/s
2024-04-10 23:19:39,884 | Normalized LOG: steps 290000, episodes 290, returns 0.43/0.43/0.41/0.43/5 (mean/median/min/max/num), 70.71 steps/s
INFO:root:TRAIN LOG: steps 300000, episodes 300, returns 0.00/0.00/0.00/0.00/5 (mean/median/min/max/num), 70.92 steps/s
2024-04-10 23:22:00,883 | TRAIN LOG: steps 300000, episodes 300, returns 0.00/0.00/0.00/0.00/5 (mean/median/min/max/num), 70.92 steps/s
INFO:root:TEST LOG: steps 300000, episodes 300, returns 5330.30/5359.63/5239.80/5416.59/5 (mean/median/min/max/num), 70.92 steps/s
2024-04-10 23:22:02,601 | TEST LOG: steps 300000, episodes 300, returns 5330.30/5359.63/5239.80/5416.59/5 (mean/median/min/max/num), 70.92 steps/s
INFO:root:Normalized LOG: steps 300000, episodes 300, returns 0.45/0.45/0.44/0.46/5 (mean/median/min/max/num), 70.92 steps/s
2024-04-10 23:22:02,601 | Normalized LOG: steps 300000, episodes 300, returns 0.45/0.45/0.44/0.46/5 (mean/median/min/max/num), 70.92 steps/s
INFO:root:TRAIN LOG: steps 310000, episodes 310, returns 0.00/0.00/0.00/0.00/5 (mean/median/min/max/num), 70.70 steps/s
2024-04-10 23:24:24,039 | TRAIN LOG: steps 310000, episodes 310, returns 0.00/0.00/0.00/0.00/5 (mean/median/min/max/num), 70.70 steps/s
INFO:root:TEST LOG: steps 310000, episodes 310, returns 5237.98/5236.58/5193.26/5272.37/5 (mean/median/min/max/num), 70.70 steps/s
2024-04-10 23:24:25,742 | TEST LOG: steps 310000, episodes 310, returns 5237.98/5236.58/5193.26/5272.37/5 (mean/median/min/max/num), 70.70 steps/s
INFO:root:Normalized LOG: steps 310000, episodes 310, returns 0.44/0.44/0.44/0.45/5 (mean/median/min/max/num), 70.70 steps/s
2024-04-10 23:24:25,742 | Normalized LOG: steps 310000, episodes 310, returns 0.44/0.44/0.44/0.45/5 (mean/median/min/max/num), 70.70 steps/s
INFO:root:TRAIN LOG: steps 320000, episodes 320, returns 0.00/0.00/0.00/0.00/5 (mean/median/min/max/num), 70.93 steps/s
2024-04-10 23:26:46,734 | TRAIN LOG: steps 320000, episodes 320, returns 0.00/0.00/0.00/0.00/5 (mean/median/min/max/num), 70.93 steps/s
INFO:root:TEST LOG: steps 320000, episodes 320, returns 5083.95/5082.97/5005.89/5170.35/5 (mean/median/min/max/num), 70.93 steps/s
2024-04-10 23:26:48,453 | TEST LOG: steps 320000, episodes 320, returns 5083.95/5082.97/5005.89/5170.35/5 (mean/median/min/max/num), 70.93 steps/s
INFO:root:Normalized LOG: steps 320000, episodes 320, returns 0.43/0.43/0.43/0.44/5 (mean/median/min/max/num), 70.93 steps/s
2024-04-10 23:26:48,453 | Normalized LOG: steps 320000, episodes 320, returns 0.43/0.43/0.43/0.44/5 (mean/median/min/max/num), 70.93 steps/s
INFO:root:TRAIN LOG: steps 330000, episodes 330, returns 0.00/0.00/0.00/0.00/5 (mean/median/min/max/num), 71.05 steps/s
2024-04-10 23:29:09,202 | TRAIN LOG: steps 330000, episodes 330, returns 0.00/0.00/0.00/0.00/5 (mean/median/min/max/num), 71.05 steps/s
INFO:root:TEST LOG: steps 330000, episodes 330, returns 5155.21/5199.37/4993.28/5240.91/5 (mean/median/min/max/num), 71.05 steps/s
2024-04-10 23:29:10,914 | TEST LOG: steps 330000, episodes 330, returns 5155.21/5199.37/4993.28/5240.91/5 (mean/median/min/max/num), 71.05 steps/s
INFO:root:Normalized LOG: steps 330000, episodes 330, returns 0.44/0.44/0.42/0.44/5 (mean/median/min/max/num), 71.05 steps/s
2024-04-10 23:29:10,914 | Normalized LOG: steps 330000, episodes 330, returns 0.44/0.44/0.42/0.44/5 (mean/median/min/max/num), 71.05 steps/s
INFO:root:TRAIN LOG: steps 340000, episodes 340, returns 0.00/0.00/0.00/0.00/5 (mean/median/min/max/num), 71.03 steps/s
2024-04-10 23:31:31,691 | TRAIN LOG: steps 340000, episodes 340, returns 0.00/0.00/0.00/0.00/5 (mean/median/min/max/num), 71.03 steps/s
INFO:root:TEST LOG: steps 340000, episodes 340, returns 5380.46/5316.96/5272.70/5547.37/5 (mean/median/min/max/num), 71.03 steps/s
2024-04-10 23:31:33,397 | TEST LOG: steps 340000, episodes 340, returns 5380.46/5316.96/5272.70/5547.37/5 (mean/median/min/max/num), 71.03 steps/s
INFO:root:Normalized LOG: steps 340000, episodes 340, returns 0.46/0.45/0.45/0.47/5 (mean/median/min/max/num), 71.03 steps/s
2024-04-10 23:31:33,397 | Normalized LOG: steps 340000, episodes 340, returns 0.46/0.45/0.45/0.47/5 (mean/median/min/max/num), 71.03 steps/s
INFO:root:TRAIN LOG: steps 350000, episodes 350, returns 0.00/0.00/0.00/0.00/5 (mean/median/min/max/num), 70.75 steps/s
2024-04-10 23:33:54,740 | TRAIN LOG: steps 350000, episodes 350, returns 0.00/0.00/0.00/0.00/5 (mean/median/min/max/num), 70.75 steps/s
INFO:root:TEST LOG: steps 350000, episodes 350, returns 5332.55/5354.32/5197.00/5442.89/5 (mean/median/min/max/num), 70.75 steps/s
2024-04-10 23:33:56,447 | TEST LOG: steps 350000, episodes 350, returns 5332.55/5354.32/5197.00/5442.89/5 (mean/median/min/max/num), 70.75 steps/s
INFO:root:Normalized LOG: steps 350000, episodes 350, returns 0.45/0.45/0.44/0.46/5 (mean/median/min/max/num), 70.75 steps/s
2024-04-10 23:33:56,447 | Normalized LOG: steps 350000, episodes 350, returns 0.45/0.45/0.44/0.46/5 (mean/median/min/max/num), 70.75 steps/s
INFO:root:TRAIN LOG: steps 360000, episodes 360, returns 0.00/0.00/0.00/0.00/5 (mean/median/min/max/num), 70.95 steps/s
2024-04-10 23:36:17,395 | TRAIN LOG: steps 360000, episodes 360, returns 0.00/0.00/0.00/0.00/5 (mean/median/min/max/num), 70.95 steps/s
INFO:root:TEST LOG: steps 360000, episodes 360, returns 5239.85/5241.30/5013.16/5489.35/5 (mean/median/min/max/num), 70.95 steps/s
2024-04-10 23:36:19,100 | TEST LOG: steps 360000, episodes 360, returns 5239.85/5241.30/5013.16/5489.35/5 (mean/median/min/max/num), 70.95 steps/s
INFO:root:Normalized LOG: steps 360000, episodes 360, returns 0.44/0.44/0.43/0.46/5 (mean/median/min/max/num), 70.95 steps/s
2024-04-10 23:36:19,100 | Normalized LOG: steps 360000, episodes 360, returns 0.44/0.44/0.43/0.46/5 (mean/median/min/max/num), 70.95 steps/s
INFO:root:TRAIN LOG: steps 370000, episodes 370, returns 0.00/0.00/0.00/0.00/5 (mean/median/min/max/num), 70.86 steps/s
2024-04-10 23:38:40,222 | TRAIN LOG: steps 370000, episodes 370, returns 0.00/0.00/0.00/0.00/5 (mean/median/min/max/num), 70.86 steps/s
INFO:root:TEST LOG: steps 370000, episodes 370, returns 5152.89/5116.35/5042.33/5302.01/5 (mean/median/min/max/num), 70.86 steps/s
2024-04-10 23:38:41,933 | TEST LOG: steps 370000, episodes 370, returns 5152.89/5116.35/5042.33/5302.01/5 (mean/median/min/max/num), 70.86 steps/s
INFO:root:Normalized LOG: steps 370000, episodes 370, returns 0.44/0.43/0.43/0.45/5 (mean/median/min/max/num), 70.86 steps/s
2024-04-10 23:38:41,933 | Normalized LOG: steps 370000, episodes 370, returns 0.44/0.43/0.43/0.45/5 (mean/median/min/max/num), 70.86 steps/s
INFO:root:TRAIN LOG: steps 380000, episodes 380, returns 0.00/0.00/0.00/0.00/5 (mean/median/min/max/num), 71.02 steps/s
2024-04-10 23:41:02,743 | TRAIN LOG: steps 380000, episodes 380, returns 0.00/0.00/0.00/0.00/5 (mean/median/min/max/num), 71.02 steps/s
INFO:root:TEST LOG: steps 380000, episodes 380, returns 5229.02/5232.62/5095.75/5336.29/5 (mean/median/min/max/num), 71.02 steps/s
2024-04-10 23:41:04,448 | TEST LOG: steps 380000, episodes 380, returns 5229.02/5232.62/5095.75/5336.29/5 (mean/median/min/max/num), 71.02 steps/s
INFO:root:Normalized LOG: steps 380000, episodes 380, returns 0.44/0.44/0.43/0.45/5 (mean/median/min/max/num), 71.02 steps/s
2024-04-10 23:41:04,448 | Normalized LOG: steps 380000, episodes 380, returns 0.44/0.44/0.43/0.45/5 (mean/median/min/max/num), 71.02 steps/s
INFO:root:TRAIN LOG: steps 390000, episodes 390, returns 0.00/0.00/0.00/0.00/5 (mean/median/min/max/num), 70.79 steps/s
2024-04-10 23:43:25,716 | TRAIN LOG: steps 390000, episodes 390, returns 0.00/0.00/0.00/0.00/5 (mean/median/min/max/num), 70.79 steps/s
INFO:root:TEST LOG: steps 390000, episodes 390, returns 5345.66/5339.72/5252.48/5437.31/5 (mean/median/min/max/num), 70.79 steps/s
2024-04-10 23:43:27,425 | TEST LOG: steps 390000, episodes 390, returns 5345.66/5339.72/5252.48/5437.31/5 (mean/median/min/max/num), 70.79 steps/s
INFO:root:Normalized LOG: steps 390000, episodes 390, returns 0.45/0.45/0.45/0.46/5 (mean/median/min/max/num), 70.79 steps/s
2024-04-10 23:43:27,425 | Normalized LOG: steps 390000, episodes 390, returns 0.45/0.45/0.45/0.46/5 (mean/median/min/max/num), 70.79 steps/s
INFO:root:TRAIN LOG: steps 400000, episodes 400, returns 0.00/0.00/0.00/0.00/5 (mean/median/min/max/num), 70.73 steps/s
2024-04-10 23:45:48,812 | TRAIN LOG: steps 400000, episodes 400, returns 0.00/0.00/0.00/0.00/5 (mean/median/min/max/num), 70.73 steps/s
INFO:root:TEST LOG: steps 400000, episodes 400, returns 5164.23/5162.18/5118.64/5221.32/5 (mean/median/min/max/num), 70.73 steps/s
2024-04-10 23:45:50,518 | TEST LOG: steps 400000, episodes 400, returns 5164.23/5162.18/5118.64/5221.32/5 (mean/median/min/max/num), 70.73 steps/s
INFO:root:Normalized LOG: steps 400000, episodes 400, returns 0.44/0.44/0.43/0.44/5 (mean/median/min/max/num), 70.73 steps/s
2024-04-10 23:45:50,518 | Normalized LOG: steps 400000, episodes 400, returns 0.44/0.44/0.43/0.44/5 (mean/median/min/max/num), 70.73 steps/s
INFO:root:TRAIN LOG: steps 410000, episodes 410, returns 0.00/0.00/0.00/0.00/5 (mean/median/min/max/num), 70.77 steps/s
2024-04-10 23:48:11,829 | TRAIN LOG: steps 410000, episodes 410, returns 0.00/0.00/0.00/0.00/5 (mean/median/min/max/num), 70.77 steps/s
INFO:root:TEST LOG: steps 410000, episodes 410, returns 4562.31/5291.01/1673.53/5508.99/5 (mean/median/min/max/num), 70.77 steps/s
2024-04-10 23:48:13,545 | TEST LOG: steps 410000, episodes 410, returns 4562.31/5291.01/1673.53/5508.99/5 (mean/median/min/max/num), 70.77 steps/s
INFO:root:Normalized LOG: steps 410000, episodes 410, returns 0.39/0.45/0.16/0.47/5 (mean/median/min/max/num), 70.77 steps/s
2024-04-10 23:48:13,545 | Normalized LOG: steps 410000, episodes 410, returns 0.39/0.45/0.16/0.47/5 (mean/median/min/max/num), 70.77 steps/s
INFO:root:TRAIN LOG: steps 420000, episodes 420, returns 0.00/0.00/0.00/0.00/5 (mean/median/min/max/num), 70.95 steps/s
2024-04-10 23:50:34,497 | TRAIN LOG: steps 420000, episodes 420, returns 0.00/0.00/0.00/0.00/5 (mean/median/min/max/num), 70.95 steps/s
INFO:root:TEST LOG: steps 420000, episodes 420, returns 5136.57/5069.94/5048.22/5291.34/5 (mean/median/min/max/num), 70.95 steps/s
2024-04-10 23:50:36,206 | TEST LOG: steps 420000, episodes 420, returns 5136.57/5069.94/5048.22/5291.34/5 (mean/median/min/max/num), 70.95 steps/s
INFO:root:Normalized LOG: steps 420000, episodes 420, returns 0.44/0.43/0.43/0.45/5 (mean/median/min/max/num), 70.95 steps/s
2024-04-10 23:50:36,207 | Normalized LOG: steps 420000, episodes 420, returns 0.44/0.43/0.43/0.45/5 (mean/median/min/max/num), 70.95 steps/s
INFO:root:TRAIN LOG: steps 430000, episodes 430, returns 0.00/0.00/0.00/0.00/5 (mean/median/min/max/num), 70.74 steps/s
2024-04-10 23:52:57,571 | TRAIN LOG: steps 430000, episodes 430, returns 0.00/0.00/0.00/0.00/5 (mean/median/min/max/num), 70.74 steps/s
INFO:root:TEST LOG: steps 430000, episodes 430, returns 5181.93/5190.44/5066.96/5298.48/5 (mean/median/min/max/num), 70.74 steps/s
2024-04-10 23:52:59,279 | TEST LOG: steps 430000, episodes 430, returns 5181.93/5190.44/5066.96/5298.48/5 (mean/median/min/max/num), 70.74 steps/s
INFO:root:Normalized LOG: steps 430000, episodes 430, returns 0.44/0.44/0.43/0.45/5 (mean/median/min/max/num), 70.74 steps/s
2024-04-10 23:52:59,279 | Normalized LOG: steps 430000, episodes 430, returns 0.44/0.44/0.43/0.45/5 (mean/median/min/max/num), 70.74 steps/s
INFO:root:TRAIN LOG: steps 440000, episodes 440, returns 0.00/0.00/0.00/0.00/5 (mean/median/min/max/num), 70.82 steps/s
2024-04-10 23:55:20,477 | TRAIN LOG: steps 440000, episodes 440, returns 0.00/0.00/0.00/0.00/5 (mean/median/min/max/num), 70.82 steps/s
INFO:root:TEST LOG: steps 440000, episodes 440, returns 5412.66/5380.14/5246.89/5579.39/5 (mean/median/min/max/num), 70.82 steps/s
2024-04-10 23:55:22,184 | TEST LOG: steps 440000, episodes 440, returns 5412.66/5380.14/5246.89/5579.39/5 (mean/median/min/max/num), 70.82 steps/s
INFO:root:Normalized LOG: steps 440000, episodes 440, returns 0.46/0.46/0.45/0.47/5 (mean/median/min/max/num), 70.82 steps/s
2024-04-10 23:55:22,184 | Normalized LOG: steps 440000, episodes 440, returns 0.46/0.46/0.45/0.47/5 (mean/median/min/max/num), 70.82 steps/s
INFO:root:TRAIN LOG: steps 450000, episodes 450, returns 0.00/0.00/0.00/0.00/5 (mean/median/min/max/num), 71.08 steps/s
2024-04-10 23:57:42,865 | TRAIN LOG: steps 450000, episodes 450, returns 0.00/0.00/0.00/0.00/5 (mean/median/min/max/num), 71.08 steps/s
INFO:root:TEST LOG: steps 450000, episodes 450, returns 5299.06/5343.69/5148.03/5445.59/5 (mean/median/min/max/num), 71.08 steps/s
2024-04-10 23:57:44,572 | TEST LOG: steps 450000, episodes 450, returns 5299.06/5343.69/5148.03/5445.59/5 (mean/median/min/max/num), 71.08 steps/s
INFO:root:Normalized LOG: steps 450000, episodes 450, returns 0.45/0.45/0.44/0.46/5 (mean/median/min/max/num), 71.08 steps/s
2024-04-10 23:57:44,572 | Normalized LOG: steps 450000, episodes 450, returns 0.45/0.45/0.44/0.46/5 (mean/median/min/max/num), 71.08 steps/s
INFO:root:TRAIN LOG: steps 460000, episodes 460, returns 0.00/0.00/0.00/0.00/5 (mean/median/min/max/num), 70.82 steps/s
2024-04-11 00:00:05,778 | TRAIN LOG: steps 460000, episodes 460, returns 0.00/0.00/0.00/0.00/5 (mean/median/min/max/num), 70.82 steps/s
INFO:root:TEST LOG: steps 460000, episodes 460, returns 5176.43/5168.11/5115.71/5271.10/5 (mean/median/min/max/num), 70.82 steps/s
2024-04-11 00:00:07,486 | TEST LOG: steps 460000, episodes 460, returns 5176.43/5168.11/5115.71/5271.10/5 (mean/median/min/max/num), 70.82 steps/s
INFO:root:Normalized LOG: steps 460000, episodes 460, returns 0.44/0.44/0.43/0.45/5 (mean/median/min/max/num), 70.82 steps/s
2024-04-11 00:00:07,486 | Normalized LOG: steps 460000, episodes 460, returns 0.44/0.44/0.43/0.45/5 (mean/median/min/max/num), 70.82 steps/s
INFO:root:TRAIN LOG: steps 470000, episodes 470, returns 0.00/0.00/0.00/0.00/5 (mean/median/min/max/num), 70.70 steps/s
2024-04-11 00:02:28,935 | TRAIN LOG: steps 470000, episodes 470, returns 0.00/0.00/0.00/0.00/5 (mean/median/min/max/num), 70.70 steps/s
INFO:root:TEST LOG: steps 470000, episodes 470, returns 5153.31/5158.66/5093.46/5203.44/5 (mean/median/min/max/num), 70.70 steps/s
2024-04-11 00:02:30,641 | TEST LOG: steps 470000, episodes 470, returns 5153.31/5158.66/5093.46/5203.44/5 (mean/median/min/max/num), 70.70 steps/s
INFO:root:Normalized LOG: steps 470000, episodes 470, returns 0.44/0.44/0.43/0.44/5 (mean/median/min/max/num), 70.70 steps/s
2024-04-11 00:02:30,641 | Normalized LOG: steps 470000, episodes 470, returns 0.44/0.44/0.43/0.44/5 (mean/median/min/max/num), 70.70 steps/s
INFO:root:TRAIN LOG: steps 480000, episodes 480, returns 0.00/0.00/0.00/0.00/5 (mean/median/min/max/num), 70.98 steps/s
2024-04-11 00:04:51,529 | TRAIN LOG: steps 480000, episodes 480, returns 0.00/0.00/0.00/0.00/5 (mean/median/min/max/num), 70.98 steps/s
INFO:root:TEST LOG: steps 480000, episodes 480, returns 5299.22/5353.28/5174.38/5380.79/5 (mean/median/min/max/num), 70.98 steps/s
2024-04-11 00:04:53,240 | TEST LOG: steps 480000, episodes 480, returns 5299.22/5353.28/5174.38/5380.79/5 (mean/median/min/max/num), 70.98 steps/s
INFO:root:Normalized LOG: steps 480000, episodes 480, returns 0.45/0.45/0.44/0.46/5 (mean/median/min/max/num), 70.98 steps/s
2024-04-11 00:04:53,240 | Normalized LOG: steps 480000, episodes 480, returns 0.45/0.45/0.44/0.46/5 (mean/median/min/max/num), 70.98 steps/s
INFO:root:TRAIN LOG: steps 490000, episodes 490, returns 0.00/0.00/0.00/0.00/5 (mean/median/min/max/num), 70.99 steps/s
2024-04-11 00:07:14,098 | TRAIN LOG: steps 490000, episodes 490, returns 0.00/0.00/0.00/0.00/5 (mean/median/min/max/num), 70.99 steps/s
INFO:root:TEST LOG: steps 490000, episodes 490, returns 4274.68/5086.34/850.50/5304.99/5 (mean/median/min/max/num), 70.99 steps/s
2024-04-11 00:07:15,902 | TEST LOG: steps 490000, episodes 490, returns 4274.68/5086.34/850.50/5304.99/5 (mean/median/min/max/num), 70.99 steps/s
INFO:root:Normalized LOG: steps 490000, episodes 490, returns 0.37/0.43/0.09/0.45/5 (mean/median/min/max/num), 70.99 steps/s
2024-04-11 00:07:15,902 | Normalized LOG: steps 490000, episodes 490, returns 0.37/0.43/0.09/0.45/5 (mean/median/min/max/num), 70.99 steps/s
INFO:root:TRAIN LOG: steps 500000, episodes 500, returns 0.00/0.00/0.00/0.00/5 (mean/median/min/max/num), 70.79 steps/s
2024-04-11 00:09:37,164 | TRAIN LOG: steps 500000, episodes 500, returns 0.00/0.00/0.00/0.00/5 (mean/median/min/max/num), 70.79 steps/s
INFO:root:TEST LOG: steps 500000, episodes 500, returns 5296.13/5305.24/5182.14/5370.42/5 (mean/median/min/max/num), 70.79 steps/s
2024-04-11 00:09:38,870 | TEST LOG: steps 500000, episodes 500, returns 5296.13/5305.24/5182.14/5370.42/5 (mean/median/min/max/num), 70.79 steps/s
INFO:root:Normalized LOG: steps 500000, episodes 500, returns 0.45/0.45/0.44/0.46/5 (mean/median/min/max/num), 70.79 steps/s
2024-04-11 00:09:38,870 | Normalized LOG: steps 500000, episodes 500, returns 0.45/0.45/0.44/0.46/5 (mean/median/min/max/num), 70.79 steps/s
INFO:root:TRAIN LOG: steps 510000, episodes 510, returns 0.00/0.00/0.00/0.00/5 (mean/median/min/max/num), 70.89 steps/s
2024-04-11 00:11:59,941 | TRAIN LOG: steps 510000, episodes 510, returns 0.00/0.00/0.00/0.00/5 (mean/median/min/max/num), 70.89 steps/s
INFO:root:TEST LOG: steps 510000, episodes 510, returns 5086.10/5119.90/4861.32/5208.95/5 (mean/median/min/max/num), 70.89 steps/s
2024-04-11 00:12:01,650 | TEST LOG: steps 510000, episodes 510, returns 5086.10/5119.90/4861.32/5208.95/5 (mean/median/min/max/num), 70.89 steps/s
INFO:root:Normalized LOG: steps 510000, episodes 510, returns 0.43/0.43/0.41/0.44/5 (mean/median/min/max/num), 70.89 steps/s
2024-04-11 00:12:01,650 | Normalized LOG: steps 510000, episodes 510, returns 0.43/0.43/0.41/0.44/5 (mean/median/min/max/num), 70.89 steps/s
INFO:root:TRAIN LOG: steps 520000, episodes 520, returns 0.00/0.00/0.00/0.00/5 (mean/median/min/max/num), 70.90 steps/s
2024-04-11 00:14:22,688 | TRAIN LOG: steps 520000, episodes 520, returns 0.00/0.00/0.00/0.00/5 (mean/median/min/max/num), 70.90 steps/s
INFO:root:TEST LOG: steps 520000, episodes 520, returns 5279.77/5285.52/5179.56/5360.02/5 (mean/median/min/max/num), 70.90 steps/s
2024-04-11 00:14:24,394 | TEST LOG: steps 520000, episodes 520, returns 5279.77/5285.52/5179.56/5360.02/5 (mean/median/min/max/num), 70.90 steps/s
INFO:root:Normalized LOG: steps 520000, episodes 520, returns 0.45/0.45/0.44/0.45/5 (mean/median/min/max/num), 70.90 steps/s
2024-04-11 00:14:24,394 | Normalized LOG: steps 520000, episodes 520, returns 0.45/0.45/0.44/0.45/5 (mean/median/min/max/num), 70.90 steps/s
INFO:root:TRAIN LOG: steps 530000, episodes 530, returns 0.00/0.00/0.00/0.00/5 (mean/median/min/max/num), 70.96 steps/s
2024-04-11 00:16:45,317 | TRAIN LOG: steps 530000, episodes 530, returns 0.00/0.00/0.00/0.00/5 (mean/median/min/max/num), 70.96 steps/s
INFO:root:TEST LOG: steps 530000, episodes 530, returns 5175.07/5181.60/5135.10/5218.38/5 (mean/median/min/max/num), 70.96 steps/s
2024-04-11 00:16:47,024 | TEST LOG: steps 530000, episodes 530, returns 5175.07/5181.60/5135.10/5218.38/5 (mean/median/min/max/num), 70.96 steps/s
INFO:root:Normalized LOG: steps 530000, episodes 530, returns 0.44/0.44/0.44/0.44/5 (mean/median/min/max/num), 70.96 steps/s
2024-04-11 00:16:47,024 | Normalized LOG: steps 530000, episodes 530, returns 0.44/0.44/0.44/0.44/5 (mean/median/min/max/num), 70.96 steps/s
INFO:root:TRAIN LOG: steps 540000, episodes 540, returns 0.00/0.00/0.00/0.00/5 (mean/median/min/max/num), 70.75 steps/s
2024-04-11 00:19:08,375 | TRAIN LOG: steps 540000, episodes 540, returns 0.00/0.00/0.00/0.00/5 (mean/median/min/max/num), 70.75 steps/s
INFO:root:TEST LOG: steps 540000, episodes 540, returns 5211.76/5204.49/5033.51/5329.29/5 (mean/median/min/max/num), 70.75 steps/s
2024-04-11 00:19:10,082 | TEST LOG: steps 540000, episodes 540, returns 5211.76/5204.49/5033.51/5329.29/5 (mean/median/min/max/num), 70.75 steps/s
INFO:root:Normalized LOG: steps 540000, episodes 540, returns 0.44/0.44/0.43/0.45/5 (mean/median/min/max/num), 70.75 steps/s
2024-04-11 00:19:10,082 | Normalized LOG: steps 540000, episodes 540, returns 0.44/0.44/0.43/0.45/5 (mean/median/min/max/num), 70.75 steps/s
INFO:root:TRAIN LOG: steps 550000, episodes 550, returns 0.00/0.00/0.00/0.00/5 (mean/median/min/max/num), 70.81 steps/s
2024-04-11 00:21:31,296 | TRAIN LOG: steps 550000, episodes 550, returns 0.00/0.00/0.00/0.00/5 (mean/median/min/max/num), 70.81 steps/s
INFO:root:TEST LOG: steps 550000, episodes 550, returns 5122.03/5117.58/5044.31/5274.66/5 (mean/median/min/max/num), 70.81 steps/s
2024-04-11 00:21:33,007 | TEST LOG: steps 550000, episodes 550, returns 5122.03/5117.58/5044.31/5274.66/5 (mean/median/min/max/num), 70.81 steps/s
INFO:root:Normalized LOG: steps 550000, episodes 550, returns 0.44/0.43/0.43/0.45/5 (mean/median/min/max/num), 70.81 steps/s
2024-04-11 00:21:33,007 | Normalized LOG: steps 550000, episodes 550, returns 0.44/0.43/0.43/0.45/5 (mean/median/min/max/num), 70.81 steps/s
INFO:root:TRAIN LOG: steps 560000, episodes 560, returns 0.00/0.00/0.00/0.00/5 (mean/median/min/max/num), 70.82 steps/s
2024-04-11 00:23:54,202 | TRAIN LOG: steps 560000, episodes 560, returns 0.00/0.00/0.00/0.00/5 (mean/median/min/max/num), 70.82 steps/s
INFO:root:TEST LOG: steps 560000, episodes 560, returns 5262.08/5267.36/5139.68/5376.52/5 (mean/median/min/max/num), 70.82 steps/s
2024-04-11 00:23:55,908 | TEST LOG: steps 560000, episodes 560, returns 5262.08/5267.36/5139.68/5376.52/5 (mean/median/min/max/num), 70.82 steps/s
INFO:root:Normalized LOG: steps 560000, episodes 560, returns 0.45/0.45/0.44/0.46/5 (mean/median/min/max/num), 70.82 steps/s
2024-04-11 00:23:55,908 | Normalized LOG: steps 560000, episodes 560, returns 0.45/0.45/0.44/0.46/5 (mean/median/min/max/num), 70.82 steps/s
INFO:root:TRAIN LOG: steps 570000, episodes 570, returns 0.00/0.00/0.00/0.00/5 (mean/median/min/max/num), 70.74 steps/s
2024-04-11 00:26:17,274 | TRAIN LOG: steps 570000, episodes 570, returns 0.00/0.00/0.00/0.00/5 (mean/median/min/max/num), 70.74 steps/s
INFO:root:TEST LOG: steps 570000, episodes 570, returns 5026.56/5062.14/4891.88/5164.38/5 (mean/median/min/max/num), 70.74 steps/s
2024-04-11 00:26:18,984 | TEST LOG: steps 570000, episodes 570, returns 5026.56/5062.14/4891.88/5164.38/5 (mean/median/min/max/num), 70.74 steps/s
INFO:root:Normalized LOG: steps 570000, episodes 570, returns 0.43/0.43/0.42/0.44/5 (mean/median/min/max/num), 70.74 steps/s
2024-04-11 00:26:18,984 | Normalized LOG: steps 570000, episodes 570, returns 0.43/0.43/0.42/0.44/5 (mean/median/min/max/num), 70.74 steps/s
INFO:root:TRAIN LOG: steps 580000, episodes 580, returns 0.00/0.00/0.00/0.00/5 (mean/median/min/max/num), 70.76 steps/s
2024-04-11 00:28:40,301 | TRAIN LOG: steps 580000, episodes 580, returns 0.00/0.00/0.00/0.00/5 (mean/median/min/max/num), 70.76 steps/s
INFO:root:TEST LOG: steps 580000, episodes 580, returns 5168.19/5204.83/5024.28/5218.15/5 (mean/median/min/max/num), 70.76 steps/s
2024-04-11 00:28:42,008 | TEST LOG: steps 580000, episodes 580, returns 5168.19/5204.83/5024.28/5218.15/5 (mean/median/min/max/num), 70.76 steps/s
INFO:root:Normalized LOG: steps 580000, episodes 580, returns 0.44/0.44/0.43/0.44/5 (mean/median/min/max/num), 70.76 steps/s
2024-04-11 00:28:42,008 | Normalized LOG: steps 580000, episodes 580, returns 0.44/0.44/0.43/0.44/5 (mean/median/min/max/num), 70.76 steps/s
INFO:root:TRAIN LOG: steps 590000, episodes 590, returns 0.00/0.00/0.00/0.00/5 (mean/median/min/max/num), 70.75 steps/s
2024-04-11 00:31:03,357 | TRAIN LOG: steps 590000, episodes 590, returns 0.00/0.00/0.00/0.00/5 (mean/median/min/max/num), 70.75 steps/s
INFO:root:TEST LOG: steps 590000, episodes 590, returns 5269.05/5255.77/5162.10/5425.19/5 (mean/median/min/max/num), 70.75 steps/s
2024-04-11 00:31:05,063 | TEST LOG: steps 590000, episodes 590, returns 5269.05/5255.77/5162.10/5425.19/5 (mean/median/min/max/num), 70.75 steps/s
INFO:root:Normalized LOG: steps 590000, episodes 590, returns 0.45/0.45/0.44/0.46/5 (mean/median/min/max/num), 70.75 steps/s
2024-04-11 00:31:05,063 | Normalized LOG: steps 590000, episodes 590, returns 0.45/0.45/0.44/0.46/5 (mean/median/min/max/num), 70.75 steps/s
INFO:root:TRAIN LOG: steps 600000, episodes 600, returns 0.00/0.00/0.00/0.00/5 (mean/median/min/max/num), 71.04 steps/s
2024-04-11 00:33:25,820 | TRAIN LOG: steps 600000, episodes 600, returns 0.00/0.00/0.00/0.00/5 (mean/median/min/max/num), 71.04 steps/s
INFO:root:TEST LOG: steps 600000, episodes 600, returns 5176.03/5206.04/5030.15/5305.57/5 (mean/median/min/max/num), 71.04 steps/s
2024-04-11 00:33:27,526 | TEST LOG: steps 600000, episodes 600, returns 5176.03/5206.04/5030.15/5305.57/5 (mean/median/min/max/num), 71.04 steps/s
INFO:root:Normalized LOG: steps 600000, episodes 600, returns 0.44/0.44/0.43/0.45/5 (mean/median/min/max/num), 71.04 steps/s
2024-04-11 00:33:27,526 | Normalized LOG: steps 600000, episodes 600, returns 0.44/0.44/0.43/0.45/5 (mean/median/min/max/num), 71.04 steps/s
INFO:root:TRAIN LOG: steps 610000, episodes 610, returns 0.00/0.00/0.00/0.00/5 (mean/median/min/max/num), 70.77 steps/s
2024-04-11 00:35:48,836 | TRAIN LOG: steps 610000, episodes 610, returns 0.00/0.00/0.00/0.00/5 (mean/median/min/max/num), 70.77 steps/s
INFO:root:TEST LOG: steps 610000, episodes 610, returns 5178.32/5175.58/5122.75/5264.32/5 (mean/median/min/max/num), 70.77 steps/s
2024-04-11 00:35:50,541 | TEST LOG: steps 610000, episodes 610, returns 5178.32/5175.58/5122.75/5264.32/5 (mean/median/min/max/num), 70.77 steps/s
INFO:root:Normalized LOG: steps 610000, episodes 610, returns 0.44/0.44/0.44/0.45/5 (mean/median/min/max/num), 70.77 steps/s
2024-04-11 00:35:50,541 | Normalized LOG: steps 610000, episodes 610, returns 0.44/0.44/0.44/0.45/5 (mean/median/min/max/num), 70.77 steps/s
INFO:root:TRAIN LOG: steps 620000, episodes 620, returns 0.00/0.00/0.00/0.00/5 (mean/median/min/max/num), 71.07 steps/s
2024-04-11 00:38:11,255 | TRAIN LOG: steps 620000, episodes 620, returns 0.00/0.00/0.00/0.00/5 (mean/median/min/max/num), 71.07 steps/s
INFO:root:TEST LOG: steps 620000, episodes 620, returns 5215.84/5190.84/5117.07/5305.00/5 (mean/median/min/max/num), 71.07 steps/s
2024-04-11 00:38:12,961 | TEST LOG: steps 620000, episodes 620, returns 5215.84/5190.84/5117.07/5305.00/5 (mean/median/min/max/num), 71.07 steps/s
INFO:root:Normalized LOG: steps 620000, episodes 620, returns 0.44/0.44/0.43/0.45/5 (mean/median/min/max/num), 71.07 steps/s
2024-04-11 00:38:12,961 | Normalized LOG: steps 620000, episodes 620, returns 0.44/0.44/0.43/0.45/5 (mean/median/min/max/num), 71.07 steps/s
INFO:root:TRAIN LOG: steps 630000, episodes 630, returns 0.00/0.00/0.00/0.00/5 (mean/median/min/max/num), 71.02 steps/s
2024-04-11 00:40:33,758 | TRAIN LOG: steps 630000, episodes 630, returns 0.00/0.00/0.00/0.00/5 (mean/median/min/max/num), 71.02 steps/s
INFO:root:TEST LOG: steps 630000, episodes 630, returns 5180.06/5226.45/4962.05/5297.36/5 (mean/median/min/max/num), 71.02 steps/s
2024-04-11 00:40:35,465 | TEST LOG: steps 630000, episodes 630, returns 5180.06/5226.45/4962.05/5297.36/5 (mean/median/min/max/num), 71.02 steps/s
INFO:root:Normalized LOG: steps 630000, episodes 630, returns 0.44/0.44/0.42/0.45/5 (mean/median/min/max/num), 71.02 steps/s
2024-04-11 00:40:35,465 | Normalized LOG: steps 630000, episodes 630, returns 0.44/0.44/0.42/0.45/5 (mean/median/min/max/num), 71.02 steps/s
INFO:root:TRAIN LOG: steps 640000, episodes 640, returns 0.00/0.00/0.00/0.00/5 (mean/median/min/max/num), 70.72 steps/s
2024-04-11 00:42:56,860 | TRAIN LOG: steps 640000, episodes 640, returns 0.00/0.00/0.00/0.00/5 (mean/median/min/max/num), 70.72 steps/s
INFO:root:TEST LOG: steps 640000, episodes 640, returns 5061.24/5112.78/4879.23/5153.05/5 (mean/median/min/max/num), 70.72 steps/s
2024-04-11 00:42:58,570 | TEST LOG: steps 640000, episodes 640, returns 5061.24/5112.78/4879.23/5153.05/5 (mean/median/min/max/num), 70.72 steps/s
INFO:root:Normalized LOG: steps 640000, episodes 640, returns 0.43/0.43/0.42/0.44/5 (mean/median/min/max/num), 70.72 steps/s
2024-04-11 00:42:58,570 | Normalized LOG: steps 640000, episodes 640, returns 0.43/0.43/0.42/0.44/5 (mean/median/min/max/num), 70.72 steps/s
INFO:root:TRAIN LOG: steps 650000, episodes 650, returns 0.00/0.00/0.00/0.00/5 (mean/median/min/max/num), 70.79 steps/s
2024-04-11 00:45:19,836 | TRAIN LOG: steps 650000, episodes 650, returns 0.00/0.00/0.00/0.00/5 (mean/median/min/max/num), 70.79 steps/s
INFO:root:TEST LOG: steps 650000, episodes 650, returns 5233.09/5295.91/5107.27/5321.11/5 (mean/median/min/max/num), 70.79 steps/s
2024-04-11 00:45:21,540 | TEST LOG: steps 650000, episodes 650, returns 5233.09/5295.91/5107.27/5321.11/5 (mean/median/min/max/num), 70.79 steps/s
INFO:root:Normalized LOG: steps 650000, episodes 650, returns 0.44/0.45/0.43/0.45/5 (mean/median/min/max/num), 70.79 steps/s
2024-04-11 00:45:21,541 | Normalized LOG: steps 650000, episodes 650, returns 0.44/0.45/0.43/0.45/5 (mean/median/min/max/num), 70.79 steps/s
INFO:root:TRAIN LOG: steps 660000, episodes 660, returns 0.00/0.00/0.00/0.00/5 (mean/median/min/max/num), 70.94 steps/s
2024-04-11 00:47:42,509 | TRAIN LOG: steps 660000, episodes 660, returns 0.00/0.00/0.00/0.00/5 (mean/median/min/max/num), 70.94 steps/s
INFO:root:TEST LOG: steps 660000, episodes 660, returns 5207.28/5208.02/5130.01/5288.05/5 (mean/median/min/max/num), 70.94 steps/s
2024-04-11 00:47:44,218 | TEST LOG: steps 660000, episodes 660, returns 5207.28/5208.02/5130.01/5288.05/5 (mean/median/min/max/num), 70.94 steps/s
INFO:root:Normalized LOG: steps 660000, episodes 660, returns 0.44/0.44/0.44/0.45/5 (mean/median/min/max/num), 70.94 steps/s
2024-04-11 00:47:44,218 | Normalized LOG: steps 660000, episodes 660, returns 0.44/0.44/0.44/0.45/5 (mean/median/min/max/num), 70.94 steps/s
INFO:root:TRAIN LOG: steps 670000, episodes 670, returns 0.00/0.00/0.00/0.00/5 (mean/median/min/max/num), 70.85 steps/s
2024-04-11 00:50:05,353 | TRAIN LOG: steps 670000, episodes 670, returns 0.00/0.00/0.00/0.00/5 (mean/median/min/max/num), 70.85 steps/s
INFO:root:TEST LOG: steps 670000, episodes 670, returns 5265.55/5225.50/5099.45/5521.15/5 (mean/median/min/max/num), 70.85 steps/s
2024-04-11 00:50:07,060 | TEST LOG: steps 670000, episodes 670, returns 5265.55/5225.50/5099.45/5521.15/5 (mean/median/min/max/num), 70.85 steps/s
INFO:root:Normalized LOG: steps 670000, episodes 670, returns 0.45/0.44/0.43/0.47/5 (mean/median/min/max/num), 70.85 steps/s
2024-04-11 00:50:07,060 | Normalized LOG: steps 670000, episodes 670, returns 0.45/0.44/0.43/0.47/5 (mean/median/min/max/num), 70.85 steps/s
INFO:root:TRAIN LOG: steps 680000, episodes 680, returns 0.00/0.00/0.00/0.00/5 (mean/median/min/max/num), 70.92 steps/s
2024-04-11 00:52:28,074 | TRAIN LOG: steps 680000, episodes 680, returns 0.00/0.00/0.00/0.00/5 (mean/median/min/max/num), 70.92 steps/s
INFO:root:TEST LOG: steps 680000, episodes 680, returns 5145.38/5175.37/4991.95/5292.61/5 (mean/median/min/max/num), 70.92 steps/s
2024-04-11 00:52:29,788 | TEST LOG: steps 680000, episodes 680, returns 5145.38/5175.37/4991.95/5292.61/5 (mean/median/min/max/num), 70.92 steps/s
INFO:root:Normalized LOG: steps 680000, episodes 680, returns 0.44/0.44/0.42/0.45/5 (mean/median/min/max/num), 70.92 steps/s
2024-04-11 00:52:29,788 | Normalized LOG: steps 680000, episodes 680, returns 0.44/0.44/0.42/0.45/5 (mean/median/min/max/num), 70.92 steps/s
INFO:root:TRAIN LOG: steps 690000, episodes 690, returns 0.00/0.00/0.00/0.00/5 (mean/median/min/max/num), 71.00 steps/s
2024-04-11 00:54:50,642 | TRAIN LOG: steps 690000, episodes 690, returns 0.00/0.00/0.00/0.00/5 (mean/median/min/max/num), 71.00 steps/s
INFO:root:TEST LOG: steps 690000, episodes 690, returns 5425.39/5446.80/5350.32/5497.52/5 (mean/median/min/max/num), 71.00 steps/s
2024-04-11 00:54:52,350 | TEST LOG: steps 690000, episodes 690, returns 5425.39/5446.80/5350.32/5497.52/5 (mean/median/min/max/num), 71.00 steps/s
INFO:root:Normalized LOG: steps 690000, episodes 690, returns 0.46/0.46/0.45/0.47/5 (mean/median/min/max/num), 71.00 steps/s
2024-04-11 00:54:52,350 | Normalized LOG: steps 690000, episodes 690, returns 0.46/0.46/0.45/0.47/5 (mean/median/min/max/num), 71.00 steps/s
INFO:root:TRAIN LOG: steps 700000, episodes 700, returns 0.00/0.00/0.00/0.00/5 (mean/median/min/max/num), 71.09 steps/s
2024-04-11 00:57:13,013 | TRAIN LOG: steps 700000, episodes 700, returns 0.00/0.00/0.00/0.00/5 (mean/median/min/max/num), 71.09 steps/s
INFO:root:TEST LOG: steps 700000, episodes 700, returns 5094.11/5113.75/4851.55/5268.50/5 (mean/median/min/max/num), 71.09 steps/s
2024-04-11 00:57:14,717 | TEST LOG: steps 700000, episodes 700, returns 5094.11/5113.75/4851.55/5268.50/5 (mean/median/min/max/num), 71.09 steps/s
INFO:root:Normalized LOG: steps 700000, episodes 700, returns 0.43/0.43/0.41/0.45/5 (mean/median/min/max/num), 71.09 steps/s
2024-04-11 00:57:14,717 | Normalized LOG: steps 700000, episodes 700, returns 0.43/0.43/0.41/0.45/5 (mean/median/min/max/num), 71.09 steps/s
INFO:root:TRAIN LOG: steps 710000, episodes 710, returns 0.00/0.00/0.00/0.00/5 (mean/median/min/max/num), 70.69 steps/s
2024-04-11 00:59:36,178 | TRAIN LOG: steps 710000, episodes 710, returns 0.00/0.00/0.00/0.00/5 (mean/median/min/max/num), 70.69 steps/s
INFO:root:TEST LOG: steps 710000, episodes 710, returns 5446.39/5485.99/5263.78/5624.42/5 (mean/median/min/max/num), 70.69 steps/s
2024-04-11 00:59:37,974 | TEST LOG: steps 710000, episodes 710, returns 5446.39/5485.99/5263.78/5624.42/5 (mean/median/min/max/num), 70.69 steps/s
INFO:root:Normalized LOG: steps 710000, episodes 710, returns 0.46/0.46/0.45/0.48/5 (mean/median/min/max/num), 70.69 steps/s
2024-04-11 00:59:37,974 | Normalized LOG: steps 710000, episodes 710, returns 0.46/0.46/0.45/0.48/5 (mean/median/min/max/num), 70.69 steps/s
INFO:root:TRAIN LOG: steps 720000, episodes 720, returns 0.00/0.00/0.00/0.00/5 (mean/median/min/max/num), 70.85 steps/s
2024-04-11 01:01:59,125 | TRAIN LOG: steps 720000, episodes 720, returns 0.00/0.00/0.00/0.00/5 (mean/median/min/max/num), 70.85 steps/s
INFO:root:TEST LOG: steps 720000, episodes 720, returns 5190.52/5243.06/5024.89/5311.17/5 (mean/median/min/max/num), 70.85 steps/s
2024-04-11 01:02:00,831 | TEST LOG: steps 720000, episodes 720, returns 5190.52/5243.06/5024.89/5311.17/5 (mean/median/min/max/num), 70.85 steps/s
INFO:root:Normalized LOG: steps 720000, episodes 720, returns 0.44/0.44/0.43/0.45/5 (mean/median/min/max/num), 70.85 steps/s
2024-04-11 01:02:00,832 | Normalized LOG: steps 720000, episodes 720, returns 0.44/0.44/0.43/0.45/5 (mean/median/min/max/num), 70.85 steps/s
INFO:root:TRAIN LOG: steps 730000, episodes 730, returns 0.00/0.00/0.00/0.00/5 (mean/median/min/max/num), 70.90 steps/s
2024-04-11 01:04:21,869 | TRAIN LOG: steps 730000, episodes 730, returns 0.00/0.00/0.00/0.00/5 (mean/median/min/max/num), 70.90 steps/s
INFO:root:TEST LOG: steps 730000, episodes 730, returns 5173.46/5205.79/4930.94/5347.78/5 (mean/median/min/max/num), 70.90 steps/s
2024-04-11 01:04:23,574 | TEST LOG: steps 730000, episodes 730, returns 5173.46/5205.79/4930.94/5347.78/5 (mean/median/min/max/num), 70.90 steps/s
INFO:root:Normalized LOG: steps 730000, episodes 730, returns 0.44/0.44/0.42/0.45/5 (mean/median/min/max/num), 70.90 steps/s
2024-04-11 01:04:23,575 | Normalized LOG: steps 730000, episodes 730, returns 0.44/0.44/0.42/0.45/5 (mean/median/min/max/num), 70.90 steps/s
INFO:root:TRAIN LOG: steps 740000, episodes 740, returns 0.00/0.00/0.00/0.00/5 (mean/median/min/max/num), 70.83 steps/s
2024-04-11 01:06:44,750 | TRAIN LOG: steps 740000, episodes 740, returns 0.00/0.00/0.00/0.00/5 (mean/median/min/max/num), 70.83 steps/s
INFO:root:TEST LOG: steps 740000, episodes 740, returns 5216.43/5201.01/5108.59/5383.59/5 (mean/median/min/max/num), 70.83 steps/s
2024-04-11 01:06:46,458 | TEST LOG: steps 740000, episodes 740, returns 5216.43/5201.01/5108.59/5383.59/5 (mean/median/min/max/num), 70.83 steps/s
INFO:root:Normalized LOG: steps 740000, episodes 740, returns 0.44/0.44/0.43/0.46/5 (mean/median/min/max/num), 70.83 steps/s
2024-04-11 01:06:46,458 | Normalized LOG: steps 740000, episodes 740, returns 0.44/0.44/0.43/0.46/5 (mean/median/min/max/num), 70.83 steps/s
INFO:root:TRAIN LOG: steps 750000, episodes 750, returns 0.00/0.00/0.00/0.00/5 (mean/median/min/max/num), 70.74 steps/s
2024-04-11 01:09:07,830 | TRAIN LOG: steps 750000, episodes 750, returns 0.00/0.00/0.00/0.00/5 (mean/median/min/max/num), 70.74 steps/s
INFO:root:TEST LOG: steps 750000, episodes 750, returns 4352.10/5309.56/452.27/5385.97/5 (mean/median/min/max/num), 70.74 steps/s
2024-04-11 01:09:09,542 | TEST LOG: steps 750000, episodes 750, returns 4352.10/5309.56/452.27/5385.97/5 (mean/median/min/max/num), 70.74 steps/s
INFO:root:Normalized LOG: steps 750000, episodes 750, returns 0.37/0.45/0.06/0.46/5 (mean/median/min/max/num), 70.74 steps/s
2024-04-11 01:09:09,542 | Normalized LOG: steps 750000, episodes 750, returns 0.37/0.45/0.06/0.46/5 (mean/median/min/max/num), 70.74 steps/s
INFO:root:TRAIN LOG: steps 760000, episodes 760, returns 0.00/0.00/0.00/0.00/5 (mean/median/min/max/num), 70.73 steps/s
2024-04-11 01:11:30,923 | TRAIN LOG: steps 760000, episodes 760, returns 0.00/0.00/0.00/0.00/5 (mean/median/min/max/num), 70.73 steps/s
INFO:root:TEST LOG: steps 760000, episodes 760, returns 5160.54/5191.19/4913.54/5330.80/5 (mean/median/min/max/num), 70.73 steps/s
2024-04-11 01:11:32,637 | TEST LOG: steps 760000, episodes 760, returns 5160.54/5191.19/4913.54/5330.80/5 (mean/median/min/max/num), 70.73 steps/s
INFO:root:Normalized LOG: steps 760000, episodes 760, returns 0.44/0.44/0.42/0.45/5 (mean/median/min/max/num), 70.73 steps/s
2024-04-11 01:11:32,637 | Normalized LOG: steps 760000, episodes 760, returns 0.44/0.44/0.42/0.45/5 (mean/median/min/max/num), 70.73 steps/s
INFO:root:TRAIN LOG: steps 770000, episodes 770, returns 0.00/0.00/0.00/0.00/5 (mean/median/min/max/num), 70.87 steps/s
2024-04-11 01:13:53,747 | TRAIN LOG: steps 770000, episodes 770, returns 0.00/0.00/0.00/0.00/5 (mean/median/min/max/num), 70.87 steps/s
INFO:root:TEST LOG: steps 770000, episodes 770, returns 5285.37/5333.82/5057.93/5520.63/5 (mean/median/min/max/num), 70.87 steps/s
2024-04-11 01:13:55,452 | TEST LOG: steps 770000, episodes 770, returns 5285.37/5333.82/5057.93/5520.63/5 (mean/median/min/max/num), 70.87 steps/s
INFO:root:Normalized LOG: steps 770000, episodes 770, returns 0.45/0.45/0.43/0.47/5 (mean/median/min/max/num), 70.87 steps/s
2024-04-11 01:13:55,453 | Normalized LOG: steps 770000, episodes 770, returns 0.45/0.45/0.43/0.47/5 (mean/median/min/max/num), 70.87 steps/s
INFO:root:TRAIN LOG: steps 780000, episodes 780, returns 0.00/0.00/0.00/0.00/5 (mean/median/min/max/num), 71.03 steps/s
2024-04-11 01:16:16,248 | TRAIN LOG: steps 780000, episodes 780, returns 0.00/0.00/0.00/0.00/5 (mean/median/min/max/num), 71.03 steps/s
INFO:root:TEST LOG: steps 780000, episodes 780, returns 5168.81/5180.08/5074.59/5270.05/5 (mean/median/min/max/num), 71.03 steps/s
2024-04-11 01:16:17,956 | TEST LOG: steps 780000, episodes 780, returns 5168.81/5180.08/5074.59/5270.05/5 (mean/median/min/max/num), 71.03 steps/s
INFO:root:Normalized LOG: steps 780000, episodes 780, returns 0.44/0.44/0.43/0.45/5 (mean/median/min/max/num), 71.03 steps/s
2024-04-11 01:16:17,956 | Normalized LOG: steps 780000, episodes 780, returns 0.44/0.44/0.43/0.45/5 (mean/median/min/max/num), 71.03 steps/s
INFO:root:TRAIN LOG: steps 790000, episodes 790, returns 0.00/0.00/0.00/0.00/5 (mean/median/min/max/num), 70.75 steps/s
2024-04-11 01:18:39,292 | TRAIN LOG: steps 790000, episodes 790, returns 0.00/0.00/0.00/0.00/5 (mean/median/min/max/num), 70.75 steps/s
INFO:root:TEST LOG: steps 790000, episodes 790, returns 5264.13/5280.40/5176.81/5381.95/5 (mean/median/min/max/num), 70.75 steps/s
2024-04-11 01:18:40,997 | TEST LOG: steps 790000, episodes 790, returns 5264.13/5280.40/5176.81/5381.95/5 (mean/median/min/max/num), 70.75 steps/s
INFO:root:Normalized LOG: steps 790000, episodes 790, returns 0.45/0.45/0.44/0.46/5 (mean/median/min/max/num), 70.75 steps/s
2024-04-11 01:18:40,998 | Normalized LOG: steps 790000, episodes 790, returns 0.45/0.45/0.44/0.46/5 (mean/median/min/max/num), 70.75 steps/s
INFO:root:TRAIN LOG: steps 800000, episodes 800, returns 0.00/0.00/0.00/0.00/5 (mean/median/min/max/num), 70.72 steps/s
2024-04-11 01:21:02,394 | TRAIN LOG: steps 800000, episodes 800, returns 0.00/0.00/0.00/0.00/5 (mean/median/min/max/num), 70.72 steps/s
INFO:root:TEST LOG: steps 800000, episodes 800, returns 5399.59/5381.49/5311.50/5516.88/5 (mean/median/min/max/num), 70.72 steps/s
2024-04-11 01:21:04,101 | TEST LOG: steps 800000, episodes 800, returns 5399.59/5381.49/5311.50/5516.88/5 (mean/median/min/max/num), 70.72 steps/s
INFO:root:Normalized LOG: steps 800000, episodes 800, returns 0.46/0.46/0.45/0.47/5 (mean/median/min/max/num), 70.72 steps/s
2024-04-11 01:21:04,101 | Normalized LOG: steps 800000, episodes 800, returns 0.46/0.46/0.45/0.47/5 (mean/median/min/max/num), 70.72 steps/s
INFO:root:TRAIN LOG: steps 810000, episodes 810, returns 0.00/0.00/0.00/0.00/5 (mean/median/min/max/num), 71.01 steps/s
2024-04-11 01:23:24,917 | TRAIN LOG: steps 810000, episodes 810, returns 0.00/0.00/0.00/0.00/5 (mean/median/min/max/num), 71.01 steps/s
INFO:root:TEST LOG: steps 810000, episodes 810, returns 5250.01/5242.16/5138.57/5363.07/5 (mean/median/min/max/num), 71.01 steps/s
2024-04-11 01:23:26,620 | TEST LOG: steps 810000, episodes 810, returns 5250.01/5242.16/5138.57/5363.07/5 (mean/median/min/max/num), 71.01 steps/s
INFO:root:Normalized LOG: steps 810000, episodes 810, returns 0.45/0.44/0.44/0.45/5 (mean/median/min/max/num), 71.01 steps/s
2024-04-11 01:23:26,621 | Normalized LOG: steps 810000, episodes 810, returns 0.45/0.44/0.44/0.45/5 (mean/median/min/max/num), 71.01 steps/s
INFO:root:TRAIN LOG: steps 820000, episodes 820, returns 0.00/0.00/0.00/0.00/5 (mean/median/min/max/num), 70.88 steps/s
2024-04-11 01:25:47,698 | TRAIN LOG: steps 820000, episodes 820, returns 0.00/0.00/0.00/0.00/5 (mean/median/min/max/num), 70.88 steps/s
INFO:root:TEST LOG: steps 820000, episodes 820, returns 5256.91/5255.67/5146.72/5371.21/5 (mean/median/min/max/num), 70.88 steps/s
2024-04-11 01:25:49,404 | TEST LOG: steps 820000, episodes 820, returns 5256.91/5255.67/5146.72/5371.21/5 (mean/median/min/max/num), 70.88 steps/s
INFO:root:Normalized LOG: steps 820000, episodes 820, returns 0.45/0.45/0.44/0.46/5 (mean/median/min/max/num), 70.88 steps/s
2024-04-11 01:25:49,404 | Normalized LOG: steps 820000, episodes 820, returns 0.45/0.45/0.44/0.46/5 (mean/median/min/max/num), 70.88 steps/s
INFO:root:TRAIN LOG: steps 830000, episodes 830, returns 0.00/0.00/0.00/0.00/5 (mean/median/min/max/num), 70.82 steps/s
2024-04-11 01:28:10,601 | TRAIN LOG: steps 830000, episodes 830, returns 0.00/0.00/0.00/0.00/5 (mean/median/min/max/num), 70.82 steps/s
INFO:root:TEST LOG: steps 830000, episodes 830, returns 5234.60/5218.99/5116.65/5381.77/5 (mean/median/min/max/num), 70.82 steps/s
2024-04-11 01:28:12,311 | TEST LOG: steps 830000, episodes 830, returns 5234.60/5218.99/5116.65/5381.77/5 (mean/median/min/max/num), 70.82 steps/s
INFO:root:Normalized LOG: steps 830000, episodes 830, returns 0.44/0.44/0.43/0.46/5 (mean/median/min/max/num), 70.82 steps/s
2024-04-11 01:28:12,312 | Normalized LOG: steps 830000, episodes 830, returns 0.44/0.44/0.43/0.46/5 (mean/median/min/max/num), 70.82 steps/s
INFO:root:TRAIN LOG: steps 840000, episodes 840, returns 0.00/0.00/0.00/0.00/5 (mean/median/min/max/num), 70.73 steps/s
2024-04-11 01:30:33,695 | TRAIN LOG: steps 840000, episodes 840, returns 0.00/0.00/0.00/0.00/5 (mean/median/min/max/num), 70.73 steps/s
INFO:root:TEST LOG: steps 840000, episodes 840, returns 5122.45/5144.17/4803.00/5292.46/5 (mean/median/min/max/num), 70.73 steps/s
2024-04-11 01:30:35,401 | TEST LOG: steps 840000, episodes 840, returns 5122.45/5144.17/4803.00/5292.46/5 (mean/median/min/max/num), 70.73 steps/s
INFO:root:Normalized LOG: steps 840000, episodes 840, returns 0.44/0.44/0.41/0.45/5 (mean/median/min/max/num), 70.73 steps/s
2024-04-11 01:30:35,401 | Normalized LOG: steps 840000, episodes 840, returns 0.44/0.44/0.41/0.45/5 (mean/median/min/max/num), 70.73 steps/s
INFO:root:TRAIN LOG: steps 850000, episodes 850, returns 0.00/0.00/0.00/0.00/5 (mean/median/min/max/num), 70.93 steps/s
2024-04-11 01:32:56,383 | TRAIN LOG: steps 850000, episodes 850, returns 0.00/0.00/0.00/0.00/5 (mean/median/min/max/num), 70.93 steps/s
INFO:root:TEST LOG: steps 850000, episodes 850, returns 5278.17/5214.54/5112.38/5562.71/5 (mean/median/min/max/num), 70.93 steps/s
2024-04-11 01:32:58,098 | TEST LOG: steps 850000, episodes 850, returns 5278.17/5214.54/5112.38/5562.71/5 (mean/median/min/max/num), 70.93 steps/s
INFO:root:Normalized LOG: steps 850000, episodes 850, returns 0.45/0.44/0.43/0.47/5 (mean/median/min/max/num), 70.93 steps/s
2024-04-11 01:32:58,098 | Normalized LOG: steps 850000, episodes 850, returns 0.45/0.44/0.43/0.47/5 (mean/median/min/max/num), 70.93 steps/s
INFO:root:TRAIN LOG: steps 860000, episodes 860, returns 0.00/0.00/0.00/0.00/5 (mean/median/min/max/num), 70.89 steps/s
2024-04-11 01:35:19,167 | TRAIN LOG: steps 860000, episodes 860, returns 0.00/0.00/0.00/0.00/5 (mean/median/min/max/num), 70.89 steps/s
INFO:root:TEST LOG: steps 860000, episodes 860, returns 5152.04/5171.74/5001.91/5217.60/5 (mean/median/min/max/num), 70.89 steps/s
2024-04-11 01:35:20,882 | TEST LOG: steps 860000, episodes 860, returns 5152.04/5171.74/5001.91/5217.60/5 (mean/median/min/max/num), 70.89 steps/s
INFO:root:Normalized LOG: steps 860000, episodes 860, returns 0.44/0.44/0.43/0.44/5 (mean/median/min/max/num), 70.89 steps/s
2024-04-11 01:35:20,883 | Normalized LOG: steps 860000, episodes 860, returns 0.44/0.44/0.43/0.44/5 (mean/median/min/max/num), 70.89 steps/s
INFO:root:TRAIN LOG: steps 870000, episodes 870, returns 0.00/0.00/0.00/0.00/5 (mean/median/min/max/num), 70.83 steps/s
2024-04-11 01:37:42,064 | TRAIN LOG: steps 870000, episodes 870, returns 0.00/0.00/0.00/0.00/5 (mean/median/min/max/num), 70.83 steps/s
INFO:root:TEST LOG: steps 870000, episodes 870, returns 5106.09/5192.32/4882.09/5254.38/5 (mean/median/min/max/num), 70.83 steps/s
2024-04-11 01:37:43,776 | TEST LOG: steps 870000, episodes 870, returns 5106.09/5192.32/4882.09/5254.38/5 (mean/median/min/max/num), 70.83 steps/s
INFO:root:Normalized LOG: steps 870000, episodes 870, returns 0.43/0.44/0.42/0.45/5 (mean/median/min/max/num), 70.83 steps/s
2024-04-11 01:37:43,777 | Normalized LOG: steps 870000, episodes 870, returns 0.43/0.44/0.42/0.45/5 (mean/median/min/max/num), 70.83 steps/s
INFO:root:TRAIN LOG: steps 880000, episodes 880, returns 0.00/0.00/0.00/0.00/5 (mean/median/min/max/num), 71.00 steps/s
2024-04-11 01:40:04,620 | TRAIN LOG: steps 880000, episodes 880, returns 0.00/0.00/0.00/0.00/5 (mean/median/min/max/num), 71.00 steps/s
INFO:root:TEST LOG: steps 880000, episodes 880, returns 5240.60/5229.98/5093.36/5372.25/5 (mean/median/min/max/num), 71.00 steps/s
2024-04-11 01:40:06,326 | TEST LOG: steps 880000, episodes 880, returns 5240.60/5229.98/5093.36/5372.25/5 (mean/median/min/max/num), 71.00 steps/s
INFO:root:Normalized LOG: steps 880000, episodes 880, returns 0.44/0.44/0.43/0.46/5 (mean/median/min/max/num), 71.00 steps/s
2024-04-11 01:40:06,326 | Normalized LOG: steps 880000, episodes 880, returns 0.44/0.44/0.43/0.46/5 (mean/median/min/max/num), 71.00 steps/s
INFO:root:TRAIN LOG: steps 890000, episodes 890, returns 0.00/0.00/0.00/0.00/5 (mean/median/min/max/num), 70.82 steps/s
2024-04-11 01:42:27,528 | TRAIN LOG: steps 890000, episodes 890, returns 0.00/0.00/0.00/0.00/5 (mean/median/min/max/num), 70.82 steps/s
INFO:root:TEST LOG: steps 890000, episodes 890, returns 5258.03/5236.83/5194.04/5390.56/5 (mean/median/min/max/num), 70.82 steps/s
2024-04-11 01:42:29,238 | TEST LOG: steps 890000, episodes 890, returns 5258.03/5236.83/5194.04/5390.56/5 (mean/median/min/max/num), 70.82 steps/s
INFO:root:Normalized LOG: steps 890000, episodes 890, returns 0.45/0.44/0.44/0.46/5 (mean/median/min/max/num), 70.82 steps/s
2024-04-11 01:42:29,238 | Normalized LOG: steps 890000, episodes 890, returns 0.45/0.44/0.44/0.46/5 (mean/median/min/max/num), 70.82 steps/s
INFO:root:TRAIN LOG: steps 900000, episodes 900, returns 0.00/0.00/0.00/0.00/5 (mean/median/min/max/num), 70.91 steps/s
2024-04-11 01:44:50,264 | TRAIN LOG: steps 900000, episodes 900, returns 0.00/0.00/0.00/0.00/5 (mean/median/min/max/num), 70.91 steps/s
INFO:root:TEST LOG: steps 900000, episodes 900, returns 4812.18/5335.58/2663.65/5424.10/5 (mean/median/min/max/num), 70.91 steps/s
2024-04-11 01:44:51,973 | TEST LOG: steps 900000, episodes 900, returns 4812.18/5335.58/2663.65/5424.10/5 (mean/median/min/max/num), 70.91 steps/s
INFO:root:Normalized LOG: steps 900000, episodes 900, returns 0.41/0.45/0.24/0.46/5 (mean/median/min/max/num), 70.91 steps/s
2024-04-11 01:44:51,973 | Normalized LOG: steps 900000, episodes 900, returns 0.41/0.45/0.24/0.46/5 (mean/median/min/max/num), 70.91 steps/s
INFO:root:TRAIN LOG: steps 910000, episodes 910, returns 0.00/0.00/0.00/0.00/5 (mean/median/min/max/num), 70.75 steps/s
2024-04-11 01:47:13,318 | TRAIN LOG: steps 910000, episodes 910, returns 0.00/0.00/0.00/0.00/5 (mean/median/min/max/num), 70.75 steps/s
INFO:root:TEST LOG: steps 910000, episodes 910, returns 4502.18/5233.44/1347.67/5470.49/5 (mean/median/min/max/num), 70.75 steps/s
2024-04-11 01:47:15,124 | TEST LOG: steps 910000, episodes 910, returns 4502.18/5233.44/1347.67/5470.49/5 (mean/median/min/max/num), 70.75 steps/s
INFO:root:Normalized LOG: steps 910000, episodes 910, returns 0.39/0.44/0.13/0.46/5 (mean/median/min/max/num), 70.75 steps/s
2024-04-11 01:47:15,124 | Normalized LOG: steps 910000, episodes 910, returns 0.39/0.44/0.13/0.46/5 (mean/median/min/max/num), 70.75 steps/s
INFO:root:TRAIN LOG: steps 920000, episodes 920, returns 0.00/0.00/0.00/0.00/5 (mean/median/min/max/num), 70.71 steps/s
2024-04-11 01:49:36,552 | TRAIN LOG: steps 920000, episodes 920, returns 0.00/0.00/0.00/0.00/5 (mean/median/min/max/num), 70.71 steps/s
INFO:root:TEST LOG: steps 920000, episodes 920, returns 5257.41/5201.96/5129.05/5448.10/5 (mean/median/min/max/num), 70.71 steps/s
2024-04-11 01:49:38,260 | TEST LOG: steps 920000, episodes 920, returns 5257.41/5201.96/5129.05/5448.10/5 (mean/median/min/max/num), 70.71 steps/s
INFO:root:Normalized LOG: steps 920000, episodes 920, returns 0.45/0.44/0.44/0.46/5 (mean/median/min/max/num), 70.71 steps/s
2024-04-11 01:49:38,260 | Normalized LOG: steps 920000, episodes 920, returns 0.45/0.44/0.44/0.46/5 (mean/median/min/max/num), 70.71 steps/s
INFO:root:TRAIN LOG: steps 930000, episodes 930, returns 0.00/0.00/0.00/0.00/5 (mean/median/min/max/num), 70.89 steps/s
2024-04-11 01:51:59,320 | TRAIN LOG: steps 930000, episodes 930, returns 0.00/0.00/0.00/0.00/5 (mean/median/min/max/num), 70.89 steps/s
INFO:root:TEST LOG: steps 930000, episodes 930, returns 5025.07/5027.09/4839.17/5174.91/5 (mean/median/min/max/num), 70.89 steps/s
2024-04-11 01:52:01,026 | TEST LOG: steps 930000, episodes 930, returns 5025.07/5027.09/4839.17/5174.91/5 (mean/median/min/max/num), 70.89 steps/s
INFO:root:Normalized LOG: steps 930000, episodes 930, returns 0.43/0.43/0.41/0.44/5 (mean/median/min/max/num), 70.89 steps/s
2024-04-11 01:52:01,027 | Normalized LOG: steps 930000, episodes 930, returns 0.43/0.43/0.41/0.44/5 (mean/median/min/max/num), 70.89 steps/s
INFO:root:TRAIN LOG: steps 940000, episodes 940, returns 0.00/0.00/0.00/0.00/5 (mean/median/min/max/num), 70.74 steps/s
2024-04-11 01:54:22,393 | TRAIN LOG: steps 940000, episodes 940, returns 0.00/0.00/0.00/0.00/5 (mean/median/min/max/num), 70.74 steps/s
INFO:root:TEST LOG: steps 940000, episodes 940, returns 5234.60/5225.76/5183.59/5314.06/5 (mean/median/min/max/num), 70.74 steps/s
2024-04-11 01:54:24,104 | TEST LOG: steps 940000, episodes 940, returns 5234.60/5225.76/5183.59/5314.06/5 (mean/median/min/max/num), 70.74 steps/s
INFO:root:Normalized LOG: steps 940000, episodes 940, returns 0.44/0.44/0.44/0.45/5 (mean/median/min/max/num), 70.74 steps/s
2024-04-11 01:54:24,104 | Normalized LOG: steps 940000, episodes 940, returns 0.44/0.44/0.44/0.45/5 (mean/median/min/max/num), 70.74 steps/s
INFO:root:TRAIN LOG: steps 950000, episodes 950, returns 0.00/0.00/0.00/0.00/5 (mean/median/min/max/num), 71.01 steps/s
2024-04-11 01:56:44,929 | TRAIN LOG: steps 950000, episodes 950, returns 0.00/0.00/0.00/0.00/5 (mean/median/min/max/num), 71.01 steps/s
INFO:root:TEST LOG: steps 950000, episodes 950, returns 5154.49/5190.86/4989.90/5214.41/5 (mean/median/min/max/num), 71.01 steps/s
2024-04-11 01:56:46,636 | TEST LOG: steps 950000, episodes 950, returns 5154.49/5190.86/4989.90/5214.41/5 (mean/median/min/max/num), 71.01 steps/s
INFO:root:Normalized LOG: steps 950000, episodes 950, returns 0.44/0.44/0.42/0.44/5 (mean/median/min/max/num), 71.01 steps/s
2024-04-11 01:56:46,636 | Normalized LOG: steps 950000, episodes 950, returns 0.44/0.44/0.42/0.44/5 (mean/median/min/max/num), 71.01 steps/s
INFO:root:TRAIN LOG: steps 960000, episodes 960, returns 0.00/0.00/0.00/0.00/5 (mean/median/min/max/num), 70.83 steps/s
2024-04-11 01:59:07,823 | TRAIN LOG: steps 960000, episodes 960, returns 0.00/0.00/0.00/0.00/5 (mean/median/min/max/num), 70.83 steps/s
INFO:root:TEST LOG: steps 960000, episodes 960, returns 5160.64/5172.78/4967.46/5298.44/5 (mean/median/min/max/num), 70.83 steps/s
2024-04-11 01:59:09,531 | TEST LOG: steps 960000, episodes 960, returns 5160.64/5172.78/4967.46/5298.44/5 (mean/median/min/max/num), 70.83 steps/s
INFO:root:Normalized LOG: steps 960000, episodes 960, returns 0.44/0.44/0.42/0.45/5 (mean/median/min/max/num), 70.83 steps/s
2024-04-11 01:59:09,531 | Normalized LOG: steps 960000, episodes 960, returns 0.44/0.44/0.42/0.45/5 (mean/median/min/max/num), 70.83 steps/s
INFO:root:TRAIN LOG: steps 970000, episodes 970, returns 0.00/0.00/0.00/0.00/5 (mean/median/min/max/num), 70.90 steps/s
2024-04-11 02:01:30,565 | TRAIN LOG: steps 970000, episodes 970, returns 0.00/0.00/0.00/0.00/5 (mean/median/min/max/num), 70.90 steps/s
INFO:root:TEST LOG: steps 970000, episodes 970, returns 5267.16/5265.57/5164.28/5338.39/5 (mean/median/min/max/num), 70.90 steps/s
2024-04-11 02:01:32,272 | TEST LOG: steps 970000, episodes 970, returns 5267.16/5265.57/5164.28/5338.39/5 (mean/median/min/max/num), 70.90 steps/s
INFO:root:Normalized LOG: steps 970000, episodes 970, returns 0.45/0.45/0.44/0.45/5 (mean/median/min/max/num), 70.90 steps/s
2024-04-11 02:01:32,272 | Normalized LOG: steps 970000, episodes 970, returns 0.45/0.45/0.44/0.45/5 (mean/median/min/max/num), 70.90 steps/s
INFO:root:TRAIN LOG: steps 980000, episodes 980, returns 0.00/0.00/0.00/0.00/5 (mean/median/min/max/num), 70.63 steps/s
2024-04-11 02:03:53,850 | TRAIN LOG: steps 980000, episodes 980, returns 0.00/0.00/0.00/0.00/5 (mean/median/min/max/num), 70.63 steps/s
INFO:root:TEST LOG: steps 980000, episodes 980, returns 5224.69/5238.40/4994.47/5350.71/5 (mean/median/min/max/num), 70.63 steps/s
2024-04-11 02:03:55,557 | TEST LOG: steps 980000, episodes 980, returns 5224.69/5238.40/4994.47/5350.71/5 (mean/median/min/max/num), 70.63 steps/s
INFO:root:Normalized LOG: steps 980000, episodes 980, returns 0.44/0.44/0.42/0.45/5 (mean/median/min/max/num), 70.63 steps/s
2024-04-11 02:03:55,558 | Normalized LOG: steps 980000, episodes 980, returns 0.44/0.44/0.42/0.45/5 (mean/median/min/max/num), 70.63 steps/s
INFO:root:TRAIN LOG: steps 990000, episodes 990, returns 0.00/0.00/0.00/0.00/5 (mean/median/min/max/num), 70.97 steps/s
2024-04-11 02:06:16,460 | TRAIN LOG: steps 990000, episodes 990, returns 0.00/0.00/0.00/0.00/5 (mean/median/min/max/num), 70.97 steps/s
INFO:root:TEST LOG: steps 990000, episodes 990, returns 4306.65/5132.44/529.45/5473.08/5 (mean/median/min/max/num), 70.97 steps/s
2024-04-11 02:06:18,174 | TEST LOG: steps 990000, episodes 990, returns 4306.65/5132.44/529.45/5473.08/5 (mean/median/min/max/num), 70.97 steps/s
INFO:root:Normalized LOG: steps 990000, episodes 990, returns 0.37/0.44/0.07/0.46/5 (mean/median/min/max/num), 70.97 steps/s
2024-04-11 02:06:18,174 | Normalized LOG: steps 990000, episodes 990, returns 0.37/0.44/0.07/0.46/5 (mean/median/min/max/num), 70.97 steps/s
INFO:root:TRAIN LOG: steps 1000000, episodes 1000, returns 0.00/0.00/0.00/0.00/5 (mean/median/min/max/num), 70.64 steps/s
2024-04-11 02:08:39,732 | TRAIN LOG: steps 1000000, episodes 1000, returns 0.00/0.00/0.00/0.00/5 (mean/median/min/max/num), 70.64 steps/s
INFO:root:TEST LOG: steps 1000000, episodes 1000, returns 5279.48/5327.50/4961.56/5475.10/5 (mean/median/min/max/num), 70.64 steps/s
2024-04-11 02:08:41,437 | TEST LOG: steps 1000000, episodes 1000, returns 5279.48/5327.50/4961.56/5475.10/5 (mean/median/min/max/num), 70.64 steps/s
INFO:root:Normalized LOG: steps 1000000, episodes 1000, returns 0.45/0.45/0.42/0.46/5 (mean/median/min/max/num), 70.64 steps/s
2024-04-11 02:08:41,437 | Normalized LOG: steps 1000000, episodes 1000, returns 0.45/0.45/0.42/0.46/5 (mean/median/min/max/num), 70.64 steps/s
==============================================================================
Running epilogue script on rose04.

Submit time  : 2024-04-10T22:08:38
Start time   : 2024-04-10T22:08:38
End time     : 2024-04-11T02:08:42
Elapsed time : 04:00:04 (Timelimit=06:00:00)

Job ID: 5818987
Cluster: i5
User/Group: jhj1g23/fp
State: COMPLETED (exit code 0)
Nodes: 1
Cores per node: 48
CPU Utilized: 03:58:46
CPU Efficiency: 2.07% of 8-00:03:12 core-walltime
Job Wall-clock time: 04:00:04
Memory Utilized: 575.45 MB
Memory Efficiency: 0.00% of 16.00 B

