Running SLURM prolog script on rose04.cluster.local
===============================================================================
Job started on Fri May  3 10:46:11 BST 2024
Job ID          : 5937492
Job name        : launch.sh
WorkDir         : /mainfs/lyceum/jhj1g23/deeplearningpaper/inac_pytorch
Command         : /mainfs/lyceum/jhj1g23/deeplearningpaper/inac_pytorch/launch.sh
Partition       : a100
Num hosts       : 1
Num cores       : 48
Num of tasks    : 1
Hosts allocated : rose04
Job Output Follows ...
===============================================================================
/scratch/jhj1g23/.conda/envs/challenge/lib/python3.9/site-packages/glfw/__init__.py:914: GLFWError: (65550) b'Failed to detect any supported platform'
  warnings.warn(message, GLFWError)
pybullet build time: Nov 28 2023 23:52:03
/scratch/jhj1g23/.conda/envs/challenge/lib/python3.9/site-packages/gym/spaces/box.py:84: UserWarning: [33mWARN: Box bound precision lowered by casting to float32[0m
  logger.warn(f"Box bound precision lowered by casting to {self.dtype}")
load datafile:   0%|          | 0/11 [00:00<?, ?it/s]load datafile:  27%|â–ˆâ–ˆâ–‹       | 3/11 [00:00<00:00, 11.15it/s]load datafile:  45%|â–ˆâ–ˆâ–ˆâ–ˆâ–Œ     | 5/11 [00:00<00:00, 10.05it/s]load datafile:  64%|â–ˆâ–ˆâ–ˆâ–ˆâ–ˆâ–ˆâ–Ž   | 7/11 [00:00<00:00, 10.10it/s]load datafile:  82%|â–ˆâ–ˆâ–ˆâ–ˆâ–ˆâ–ˆâ–ˆâ–ˆâ– | 9/11 [00:00<00:00, 10.18it/s]load datafile: 100%|â–ˆâ–ˆâ–ˆâ–ˆâ–ˆâ–ˆâ–ˆâ–ˆâ–ˆâ–ˆ| 11/11 [00:00<00:00, 12.46it/s]
INFO:root:seed: 0
2024-05-03 10:47:08,121 | seed: 0
INFO:root:env_name: Walker2d
2024-05-03 10:47:08,122 | env_name: Walker2d
INFO:root:dataset: medrep
2024-05-03 10:47:08,122 | dataset: medrep
INFO:root:discrete_control: 0
2024-05-03 10:47:08,122 | discrete_control: 0
INFO:root:state_dim: 17
2024-05-03 10:47:08,122 | state_dim: 17
INFO:root:action_dim: 6
2024-05-03 10:47:08,123 | action_dim: 6
INFO:root:tau: 0.5
2024-05-03 10:47:08,123 | tau: 0.5
INFO:root:max_steps: 1000000
2024-05-03 10:47:08,123 | max_steps: 1000000
INFO:root:log_interval: 10000
2024-05-03 10:47:08,123 | log_interval: 10000
INFO:root:learning_rate: 0.0003
2024-05-03 10:47:08,123 | learning_rate: 0.0003
INFO:root:hidden_units: 256
2024-05-03 10:47:08,123 | hidden_units: 256
INFO:root:batch_size: 256
2024-05-03 10:47:08,123 | batch_size: 256
INFO:root:timeout: 1000
2024-05-03 10:47:08,123 | timeout: 1000
INFO:root:gamma: 0.99
2024-05-03 10:47:08,124 | gamma: 0.99
INFO:root:use_target_network: 1
2024-05-03 10:47:08,124 | use_target_network: 1
INFO:root:target_network_update_freq: 1
2024-05-03 10:47:08,124 | target_network_update_freq: 1
INFO:root:polyak: 0.995
2024-05-03 10:47:08,124 | polyak: 0.995
INFO:root:evaluation_criteria: return
2024-05-03 10:47:08,124 | evaluation_criteria: return
INFO:root:device: cpu
2024-05-03 10:47:08,124 | device: cpu
INFO:root:info: 0
2024-05-03 10:47:08,124 | info: 0
INFO:root:exp_path: /mainfs/lyceum/jhj1g23/deeplearningpaper/inac_pytorch/data/output/Walker2d/medrep/0/0_run
2024-05-03 10:47:08,124 | exp_path: /mainfs/lyceum/jhj1g23/deeplearningpaper/inac_pytorch/data/output/Walker2d/medrep/0/0_run
INFO:root:TRAIN LOG: steps 0, episodes   0, returns -13.51/-13.55/-14.01/-12.82/5 (mean/median/min/max/num), 114417.78 steps/s
2024-05-03 10:47:28,296 | TRAIN LOG: steps 0, episodes   0, returns -13.51/-13.55/-14.01/-12.82/5 (mean/median/min/max/num), 114417.78 steps/s
INFO:root:TEST LOG: steps 0, episodes   0, returns -13.86/-13.88/-14.53/-13.14/5 (mean/median/min/max/num), 114417.78 steps/s
2024-05-03 10:47:28,379 | TEST LOG: steps 0, episodes   0, returns -13.86/-13.88/-14.53/-13.14/5 (mean/median/min/max/num), 114417.78 steps/s
INFO:root:Normalized LOG: steps 0, episodes   0, returns -0.00/-0.00/-0.00/-0.00/5 (mean/median/min/max/num), 114417.78 steps/s
2024-05-03 10:47:28,379 | Normalized LOG: steps 0, episodes   0, returns -0.00/-0.00/-0.00/-0.00/5 (mean/median/min/max/num), 114417.78 steps/s
INFO:root:TRAIN LOG: steps 10000, episodes  10, returns 0.00/0.00/0.00/0.00/5 (mean/median/min/max/num), 68.29 steps/s
2024-05-03 10:49:54,824 | TRAIN LOG: steps 10000, episodes  10, returns 0.00/0.00/0.00/0.00/5 (mean/median/min/max/num), 68.29 steps/s
INFO:root:TEST LOG: steps 10000, episodes  10, returns 276.39/264.40/255.03/336.31/5 (mean/median/min/max/num), 68.29 steps/s
2024-05-03 10:49:55,173 | TEST LOG: steps 10000, episodes  10, returns 276.39/264.40/255.03/336.31/5 (mean/median/min/max/num), 68.29 steps/s
INFO:root:Normalized LOG: steps 10000, episodes  10, returns 0.06/0.06/0.06/0.07/5 (mean/median/min/max/num), 68.29 steps/s
2024-05-03 10:49:55,173 | Normalized LOG: steps 10000, episodes  10, returns 0.06/0.06/0.06/0.07/5 (mean/median/min/max/num), 68.29 steps/s
INFO:root:TRAIN LOG: steps 20000, episodes  20, returns 0.00/0.00/0.00/0.00/5 (mean/median/min/max/num), 70.12 steps/s
2024-05-03 10:52:17,794 | TRAIN LOG: steps 20000, episodes  20, returns 0.00/0.00/0.00/0.00/5 (mean/median/min/max/num), 70.12 steps/s
INFO:root:TEST LOG: steps 20000, episodes  20, returns 209.89/210.56/202.22/214.84/5 (mean/median/min/max/num), 70.12 steps/s
2024-05-03 10:52:18,135 | TEST LOG: steps 20000, episodes  20, returns 209.89/210.56/202.22/214.84/5 (mean/median/min/max/num), 70.12 steps/s
INFO:root:Normalized LOG: steps 20000, episodes  20, returns 0.05/0.05/0.04/0.05/5 (mean/median/min/max/num), 70.12 steps/s
2024-05-03 10:52:18,135 | Normalized LOG: steps 20000, episodes  20, returns 0.05/0.05/0.04/0.05/5 (mean/median/min/max/num), 70.12 steps/s
INFO:root:TRAIN LOG: steps 30000, episodes  30, returns 0.00/0.00/0.00/0.00/5 (mean/median/min/max/num), 70.16 steps/s
2024-05-03 10:54:40,669 | TRAIN LOG: steps 30000, episodes  30, returns 0.00/0.00/0.00/0.00/5 (mean/median/min/max/num), 70.16 steps/s
INFO:root:TEST LOG: steps 30000, episodes  30, returns 607.78/599.03/569.79/649.26/5 (mean/median/min/max/num), 70.16 steps/s
2024-05-03 10:54:41,447 | TEST LOG: steps 30000, episodes  30, returns 607.78/599.03/569.79/649.26/5 (mean/median/min/max/num), 70.16 steps/s
INFO:root:Normalized LOG: steps 30000, episodes  30, returns 0.13/0.13/0.12/0.14/5 (mean/median/min/max/num), 70.16 steps/s
2024-05-03 10:54:41,447 | Normalized LOG: steps 30000, episodes  30, returns 0.13/0.13/0.12/0.14/5 (mean/median/min/max/num), 70.16 steps/s
INFO:root:TRAIN LOG: steps 40000, episodes  40, returns 0.00/0.00/0.00/0.00/5 (mean/median/min/max/num), 70.02 steps/s
2024-05-03 10:57:04,269 | TRAIN LOG: steps 40000, episodes  40, returns 0.00/0.00/0.00/0.00/5 (mean/median/min/max/num), 70.02 steps/s
INFO:root:TEST LOG: steps 40000, episodes  40, returns 743.78/732.94/345.18/1033.87/5 (mean/median/min/max/num), 70.02 steps/s
2024-05-03 10:57:05,553 | TEST LOG: steps 40000, episodes  40, returns 743.78/732.94/345.18/1033.87/5 (mean/median/min/max/num), 70.02 steps/s
INFO:root:Normalized LOG: steps 40000, episodes  40, returns 0.16/0.16/0.07/0.22/5 (mean/median/min/max/num), 70.02 steps/s
2024-05-03 10:57:05,553 | Normalized LOG: steps 40000, episodes  40, returns 0.16/0.16/0.07/0.22/5 (mean/median/min/max/num), 70.02 steps/s
INFO:root:TRAIN LOG: steps 50000, episodes  50, returns 0.00/0.00/0.00/0.00/5 (mean/median/min/max/num), 70.07 steps/s
2024-05-03 10:59:28,270 | TRAIN LOG: steps 50000, episodes  50, returns 0.00/0.00/0.00/0.00/5 (mean/median/min/max/num), 70.07 steps/s
INFO:root:TEST LOG: steps 50000, episodes  50, returns 487.90/502.75/382.31/538.54/5 (mean/median/min/max/num), 70.07 steps/s
2024-05-03 10:59:28,648 | TEST LOG: steps 50000, episodes  50, returns 487.90/502.75/382.31/538.54/5 (mean/median/min/max/num), 70.07 steps/s
INFO:root:Normalized LOG: steps 50000, episodes  50, returns 0.11/0.11/0.08/0.12/5 (mean/median/min/max/num), 70.07 steps/s
2024-05-03 10:59:28,649 | Normalized LOG: steps 50000, episodes  50, returns 0.11/0.11/0.08/0.12/5 (mean/median/min/max/num), 70.07 steps/s
INFO:root:TRAIN LOG: steps 60000, episodes  60, returns 0.00/0.00/0.00/0.00/5 (mean/median/min/max/num), 69.75 steps/s
2024-05-03 11:01:52,023 | TRAIN LOG: steps 60000, episodes  60, returns 0.00/0.00/0.00/0.00/5 (mean/median/min/max/num), 69.75 steps/s
INFO:root:TEST LOG: steps 60000, episodes  60, returns 1959.49/1327.53/446.79/3848.68/5 (mean/median/min/max/num), 69.75 steps/s
2024-05-03 11:01:53,205 | TEST LOG: steps 60000, episodes  60, returns 1959.49/1327.53/446.79/3848.68/5 (mean/median/min/max/num), 69.75 steps/s
INFO:root:Normalized LOG: steps 60000, episodes  60, returns 0.43/0.29/0.10/0.84/5 (mean/median/min/max/num), 69.75 steps/s
2024-05-03 11:01:53,205 | Normalized LOG: steps 60000, episodes  60, returns 0.43/0.29/0.10/0.84/5 (mean/median/min/max/num), 69.75 steps/s
INFO:root:TRAIN LOG: steps 70000, episodes  70, returns 0.00/0.00/0.00/0.00/5 (mean/median/min/max/num), 69.73 steps/s
2024-05-03 11:04:16,608 | TRAIN LOG: steps 70000, episodes  70, returns 0.00/0.00/0.00/0.00/5 (mean/median/min/max/num), 69.73 steps/s
INFO:root:TEST LOG: steps 70000, episodes  70, returns 2164.47/1516.17/1465.52/3875.48/5 (mean/median/min/max/num), 69.73 steps/s
2024-05-03 11:04:17,860 | TEST LOG: steps 70000, episodes  70, returns 2164.47/1516.17/1465.52/3875.48/5 (mean/median/min/max/num), 69.73 steps/s
INFO:root:Normalized LOG: steps 70000, episodes  70, returns 0.47/0.33/0.32/0.84/5 (mean/median/min/max/num), 69.73 steps/s
2024-05-03 11:04:17,861 | Normalized LOG: steps 70000, episodes  70, returns 0.47/0.33/0.32/0.84/5 (mean/median/min/max/num), 69.73 steps/s
INFO:root:TRAIN LOG: steps 80000, episodes  80, returns 0.00/0.00/0.00/0.00/5 (mean/median/min/max/num), 69.59 steps/s
2024-05-03 11:06:41,564 | TRAIN LOG: steps 80000, episodes  80, returns 0.00/0.00/0.00/0.00/5 (mean/median/min/max/num), 69.59 steps/s
INFO:root:TEST LOG: steps 80000, episodes  80, returns 2758.54/3496.19/643.92/3998.67/5 (mean/median/min/max/num), 69.59 steps/s
2024-05-03 11:06:43,012 | TEST LOG: steps 80000, episodes  80, returns 2758.54/3496.19/643.92/3998.67/5 (mean/median/min/max/num), 69.59 steps/s
INFO:root:Normalized LOG: steps 80000, episodes  80, returns 0.60/0.76/0.14/0.87/5 (mean/median/min/max/num), 69.59 steps/s
2024-05-03 11:06:43,012 | Normalized LOG: steps 80000, episodes  80, returns 0.60/0.76/0.14/0.87/5 (mean/median/min/max/num), 69.59 steps/s
INFO:root:TRAIN LOG: steps 90000, episodes  90, returns 0.00/0.00/0.00/0.00/5 (mean/median/min/max/num), 69.85 steps/s
2024-05-03 11:09:06,180 | TRAIN LOG: steps 90000, episodes  90, returns 0.00/0.00/0.00/0.00/5 (mean/median/min/max/num), 69.85 steps/s
INFO:root:TEST LOG: steps 90000, episodes  90, returns 3473.98/3786.28/2336.61/3894.92/5 (mean/median/min/max/num), 69.85 steps/s
2024-05-03 11:09:08,091 | TEST LOG: steps 90000, episodes  90, returns 3473.98/3786.28/2336.61/3894.92/5 (mean/median/min/max/num), 69.85 steps/s
INFO:root:Normalized LOG: steps 90000, episodes  90, returns 0.76/0.82/0.51/0.85/5 (mean/median/min/max/num), 69.85 steps/s
2024-05-03 11:09:08,092 | Normalized LOG: steps 90000, episodes  90, returns 0.76/0.82/0.51/0.85/5 (mean/median/min/max/num), 69.85 steps/s
INFO:root:TRAIN LOG: steps 100000, episodes 100, returns 0.00/0.00/0.00/0.00/5 (mean/median/min/max/num), 69.67 steps/s
2024-05-03 11:11:31,616 | TRAIN LOG: steps 100000, episodes 100, returns 0.00/0.00/0.00/0.00/5 (mean/median/min/max/num), 69.67 steps/s
INFO:root:TEST LOG: steps 100000, episodes 100, returns 2410.37/2530.34/804.43/3933.67/5 (mean/median/min/max/num), 69.67 steps/s
2024-05-03 11:11:32,963 | TEST LOG: steps 100000, episodes 100, returns 2410.37/2530.34/804.43/3933.67/5 (mean/median/min/max/num), 69.67 steps/s
INFO:root:Normalized LOG: steps 100000, episodes 100, returns 0.52/0.55/0.17/0.86/5 (mean/median/min/max/num), 69.67 steps/s
2024-05-03 11:11:32,964 | Normalized LOG: steps 100000, episodes 100, returns 0.52/0.55/0.17/0.86/5 (mean/median/min/max/num), 69.67 steps/s
INFO:root:TRAIN LOG: steps 110000, episodes 110, returns 0.00/0.00/0.00/0.00/5 (mean/median/min/max/num), 69.71 steps/s
2024-05-03 11:13:56,425 | TRAIN LOG: steps 110000, episodes 110, returns 0.00/0.00/0.00/0.00/5 (mean/median/min/max/num), 69.71 steps/s
INFO:root:TEST LOG: steps 110000, episodes 110, returns 3784.74/3766.97/3750.12/3872.61/5 (mean/median/min/max/num), 69.71 steps/s
2024-05-03 11:13:58,553 | TEST LOG: steps 110000, episodes 110, returns 3784.74/3766.97/3750.12/3872.61/5 (mean/median/min/max/num), 69.71 steps/s
INFO:root:Normalized LOG: steps 110000, episodes 110, returns 0.82/0.82/0.82/0.84/5 (mean/median/min/max/num), 69.71 steps/s
2024-05-03 11:13:58,554 | Normalized LOG: steps 110000, episodes 110, returns 0.82/0.82/0.82/0.84/5 (mean/median/min/max/num), 69.71 steps/s
INFO:root:TRAIN LOG: steps 120000, episodes 120, returns 0.00/0.00/0.00/0.00/5 (mean/median/min/max/num), 69.66 steps/s
2024-05-03 11:16:22,116 | TRAIN LOG: steps 120000, episodes 120, returns 0.00/0.00/0.00/0.00/5 (mean/median/min/max/num), 69.66 steps/s
INFO:root:TEST LOG: steps 120000, episodes 120, returns 2931.55/2614.29/1703.21/3989.41/5 (mean/median/min/max/num), 69.66 steps/s
2024-05-03 11:16:23,711 | TEST LOG: steps 120000, episodes 120, returns 2931.55/2614.29/1703.21/3989.41/5 (mean/median/min/max/num), 69.66 steps/s
INFO:root:Normalized LOG: steps 120000, episodes 120, returns 0.64/0.57/0.37/0.87/5 (mean/median/min/max/num), 69.66 steps/s
2024-05-03 11:16:23,711 | Normalized LOG: steps 120000, episodes 120, returns 0.64/0.57/0.37/0.87/5 (mean/median/min/max/num), 69.66 steps/s
INFO:root:TRAIN LOG: steps 130000, episodes 130, returns 0.00/0.00/0.00/0.00/5 (mean/median/min/max/num), 69.76 steps/s
2024-05-03 11:18:47,065 | TRAIN LOG: steps 130000, episodes 130, returns 0.00/0.00/0.00/0.00/5 (mean/median/min/max/num), 69.76 steps/s
INFO:root:TEST LOG: steps 130000, episodes 130, returns 3970.58/4012.98/3814.29/4039.72/5 (mean/median/min/max/num), 69.76 steps/s
2024-05-03 11:18:49,197 | TEST LOG: steps 130000, episodes 130, returns 3970.58/4012.98/3814.29/4039.72/5 (mean/median/min/max/num), 69.76 steps/s
INFO:root:Normalized LOG: steps 130000, episodes 130, returns 0.86/0.87/0.83/0.88/5 (mean/median/min/max/num), 69.76 steps/s
2024-05-03 11:18:49,198 | Normalized LOG: steps 130000, episodes 130, returns 0.86/0.87/0.83/0.88/5 (mean/median/min/max/num), 69.76 steps/s
INFO:root:TRAIN LOG: steps 140000, episodes 140, returns 0.00/0.00/0.00/0.00/5 (mean/median/min/max/num), 69.64 steps/s
2024-05-03 11:21:12,787 | TRAIN LOG: steps 140000, episodes 140, returns 0.00/0.00/0.00/0.00/5 (mean/median/min/max/num), 69.64 steps/s
INFO:root:TEST LOG: steps 140000, episodes 140, returns 3594.74/3854.60/2372.65/4015.81/5 (mean/median/min/max/num), 69.64 steps/s
2024-05-03 11:21:14,739 | TEST LOG: steps 140000, episodes 140, returns 3594.74/3854.60/2372.65/4015.81/5 (mean/median/min/max/num), 69.64 steps/s
INFO:root:Normalized LOG: steps 140000, episodes 140, returns 0.78/0.84/0.52/0.87/5 (mean/median/min/max/num), 69.64 steps/s
2024-05-03 11:21:14,739 | Normalized LOG: steps 140000, episodes 140, returns 0.78/0.84/0.52/0.87/5 (mean/median/min/max/num), 69.64 steps/s
INFO:root:TRAIN LOG: steps 150000, episodes 150, returns 0.00/0.00/0.00/0.00/5 (mean/median/min/max/num), 70.04 steps/s
2024-05-03 11:23:37,506 | TRAIN LOG: steps 150000, episodes 150, returns 0.00/0.00/0.00/0.00/5 (mean/median/min/max/num), 70.04 steps/s
INFO:root:TEST LOG: steps 150000, episodes 150, returns 3574.29/3666.44/2830.62/4015.58/5 (mean/median/min/max/num), 70.04 steps/s
2024-05-03 11:23:39,491 | TEST LOG: steps 150000, episodes 150, returns 3574.29/3666.44/2830.62/4015.58/5 (mean/median/min/max/num), 70.04 steps/s
INFO:root:Normalized LOG: steps 150000, episodes 150, returns 0.78/0.80/0.62/0.87/5 (mean/median/min/max/num), 70.04 steps/s
2024-05-03 11:23:39,491 | Normalized LOG: steps 150000, episodes 150, returns 0.78/0.80/0.62/0.87/5 (mean/median/min/max/num), 70.04 steps/s
INFO:root:TRAIN LOG: steps 160000, episodes 160, returns 0.00/0.00/0.00/0.00/5 (mean/median/min/max/num), 71.25 steps/s
2024-05-03 11:25:59,841 | TRAIN LOG: steps 160000, episodes 160, returns 0.00/0.00/0.00/0.00/5 (mean/median/min/max/num), 71.25 steps/s
INFO:root:TEST LOG: steps 160000, episodes 160, returns 3891.80/3922.76/3810.87/3962.41/5 (mean/median/min/max/num), 71.25 steps/s
2024-05-03 11:26:01,946 | TEST LOG: steps 160000, episodes 160, returns 3891.80/3922.76/3810.87/3962.41/5 (mean/median/min/max/num), 71.25 steps/s
INFO:root:Normalized LOG: steps 160000, episodes 160, returns 0.85/0.85/0.83/0.86/5 (mean/median/min/max/num), 71.25 steps/s
2024-05-03 11:26:01,946 | Normalized LOG: steps 160000, episodes 160, returns 0.85/0.85/0.83/0.86/5 (mean/median/min/max/num), 71.25 steps/s
INFO:root:TRAIN LOG: steps 170000, episodes 170, returns 0.00/0.00/0.00/0.00/5 (mean/median/min/max/num), 70.76 steps/s
2024-05-03 11:28:23,266 | TRAIN LOG: steps 170000, episodes 170, returns 0.00/0.00/0.00/0.00/5 (mean/median/min/max/num), 70.76 steps/s
INFO:root:TEST LOG: steps 170000, episodes 170, returns 3686.33/3680.93/3600.42/3802.29/5 (mean/median/min/max/num), 70.76 steps/s
2024-05-03 11:28:25,374 | TEST LOG: steps 170000, episodes 170, returns 3686.33/3680.93/3600.42/3802.29/5 (mean/median/min/max/num), 70.76 steps/s
INFO:root:Normalized LOG: steps 170000, episodes 170, returns 0.80/0.80/0.78/0.83/5 (mean/median/min/max/num), 70.76 steps/s
2024-05-03 11:28:25,374 | Normalized LOG: steps 170000, episodes 170, returns 0.80/0.80/0.78/0.83/5 (mean/median/min/max/num), 70.76 steps/s
INFO:root:TRAIN LOG: steps 180000, episodes 180, returns 0.00/0.00/0.00/0.00/5 (mean/median/min/max/num), 70.98 steps/s
2024-05-03 11:30:46,250 | TRAIN LOG: steps 180000, episodes 180, returns 0.00/0.00/0.00/0.00/5 (mean/median/min/max/num), 70.98 steps/s
INFO:root:TEST LOG: steps 180000, episodes 180, returns 3204.02/3852.09/1933.75/4074.98/5 (mean/median/min/max/num), 70.98 steps/s
2024-05-03 11:30:47,964 | TEST LOG: steps 180000, episodes 180, returns 3204.02/3852.09/1933.75/4074.98/5 (mean/median/min/max/num), 70.98 steps/s
INFO:root:Normalized LOG: steps 180000, episodes 180, returns 0.70/0.84/0.42/0.89/5 (mean/median/min/max/num), 70.98 steps/s
2024-05-03 11:30:47,965 | Normalized LOG: steps 180000, episodes 180, returns 0.70/0.84/0.42/0.89/5 (mean/median/min/max/num), 70.98 steps/s
INFO:root:TRAIN LOG: steps 190000, episodes 190, returns 0.00/0.00/0.00/0.00/5 (mean/median/min/max/num), 70.98 steps/s
2024-05-03 11:33:08,851 | TRAIN LOG: steps 190000, episodes 190, returns 0.00/0.00/0.00/0.00/5 (mean/median/min/max/num), 70.98 steps/s
INFO:root:TEST LOG: steps 190000, episodes 190, returns 3933.55/3930.05/3915.10/3948.14/5 (mean/median/min/max/num), 70.98 steps/s
2024-05-03 11:33:11,054 | TEST LOG: steps 190000, episodes 190, returns 3933.55/3930.05/3915.10/3948.14/5 (mean/median/min/max/num), 70.98 steps/s
INFO:root:Normalized LOG: steps 190000, episodes 190, returns 0.86/0.86/0.85/0.86/5 (mean/median/min/max/num), 70.98 steps/s
2024-05-03 11:33:11,054 | Normalized LOG: steps 190000, episodes 190, returns 0.86/0.86/0.85/0.86/5 (mean/median/min/max/num), 70.98 steps/s
INFO:root:TRAIN LOG: steps 200000, episodes 200, returns 0.00/0.00/0.00/0.00/5 (mean/median/min/max/num), 70.76 steps/s
2024-05-03 11:35:32,383 | TRAIN LOG: steps 200000, episodes 200, returns 0.00/0.00/0.00/0.00/5 (mean/median/min/max/num), 70.76 steps/s
INFO:root:TEST LOG: steps 200000, episodes 200, returns 3170.58/3788.07/739.65/3885.84/5 (mean/median/min/max/num), 70.76 steps/s
2024-05-03 11:35:34,125 | TEST LOG: steps 200000, episodes 200, returns 3170.58/3788.07/739.65/3885.84/5 (mean/median/min/max/num), 70.76 steps/s
INFO:root:Normalized LOG: steps 200000, episodes 200, returns 0.69/0.82/0.16/0.85/5 (mean/median/min/max/num), 70.76 steps/s
2024-05-03 11:35:34,125 | Normalized LOG: steps 200000, episodes 200, returns 0.69/0.82/0.16/0.85/5 (mean/median/min/max/num), 70.76 steps/s
INFO:root:TRAIN LOG: steps 210000, episodes 210, returns 0.00/0.00/0.00/0.00/5 (mean/median/min/max/num), 70.97 steps/s
2024-05-03 11:37:55,026 | TRAIN LOG: steps 210000, episodes 210, returns 0.00/0.00/0.00/0.00/5 (mean/median/min/max/num), 70.97 steps/s
INFO:root:TEST LOG: steps 210000, episodes 210, returns 3848.51/3879.59/3677.46/3928.97/5 (mean/median/min/max/num), 70.97 steps/s
2024-05-03 11:37:57,130 | TEST LOG: steps 210000, episodes 210, returns 3848.51/3879.59/3677.46/3928.97/5 (mean/median/min/max/num), 70.97 steps/s
INFO:root:Normalized LOG: steps 210000, episodes 210, returns 0.84/0.84/0.80/0.86/5 (mean/median/min/max/num), 70.97 steps/s
2024-05-03 11:37:57,131 | Normalized LOG: steps 210000, episodes 210, returns 0.84/0.84/0.80/0.86/5 (mean/median/min/max/num), 70.97 steps/s
INFO:root:TRAIN LOG: steps 220000, episodes 220, returns 0.00/0.00/0.00/0.00/5 (mean/median/min/max/num), 70.98 steps/s
2024-05-03 11:40:18,021 | TRAIN LOG: steps 220000, episodes 220, returns 0.00/0.00/0.00/0.00/5 (mean/median/min/max/num), 70.98 steps/s
INFO:root:TEST LOG: steps 220000, episodes 220, returns 3771.61/3811.95/3597.13/3924.02/5 (mean/median/min/max/num), 70.98 steps/s
2024-05-03 11:40:20,133 | TEST LOG: steps 220000, episodes 220, returns 3771.61/3811.95/3597.13/3924.02/5 (mean/median/min/max/num), 70.98 steps/s
INFO:root:Normalized LOG: steps 220000, episodes 220, returns 0.82/0.83/0.78/0.85/5 (mean/median/min/max/num), 70.98 steps/s
2024-05-03 11:40:20,133 | Normalized LOG: steps 220000, episodes 220, returns 0.82/0.83/0.78/0.85/5 (mean/median/min/max/num), 70.98 steps/s
INFO:root:TRAIN LOG: steps 230000, episodes 230, returns 0.00/0.00/0.00/0.00/5 (mean/median/min/max/num), 70.77 steps/s
2024-05-03 11:42:41,431 | TRAIN LOG: steps 230000, episodes 230, returns 0.00/0.00/0.00/0.00/5 (mean/median/min/max/num), 70.77 steps/s
INFO:root:TEST LOG: steps 230000, episodes 230, returns 3903.84/3922.40/3809.21/3956.81/5 (mean/median/min/max/num), 70.77 steps/s
2024-05-03 11:42:43,543 | TEST LOG: steps 230000, episodes 230, returns 3903.84/3922.40/3809.21/3956.81/5 (mean/median/min/max/num), 70.77 steps/s
INFO:root:Normalized LOG: steps 230000, episodes 230, returns 0.85/0.85/0.83/0.86/5 (mean/median/min/max/num), 70.77 steps/s
2024-05-03 11:42:43,544 | Normalized LOG: steps 230000, episodes 230, returns 0.85/0.85/0.83/0.86/5 (mean/median/min/max/num), 70.77 steps/s
INFO:root:TRAIN LOG: steps 240000, episodes 240, returns 0.00/0.00/0.00/0.00/5 (mean/median/min/max/num), 71.05 steps/s
2024-05-03 11:45:04,291 | TRAIN LOG: steps 240000, episodes 240, returns 0.00/0.00/0.00/0.00/5 (mean/median/min/max/num), 71.05 steps/s
INFO:root:TEST LOG: steps 240000, episodes 240, returns 3871.30/3885.98/3689.92/4013.32/5 (mean/median/min/max/num), 71.05 steps/s
2024-05-03 11:45:06,400 | TEST LOG: steps 240000, episodes 240, returns 3871.30/3885.98/3689.92/4013.32/5 (mean/median/min/max/num), 71.05 steps/s
INFO:root:Normalized LOG: steps 240000, episodes 240, returns 0.84/0.85/0.80/0.87/5 (mean/median/min/max/num), 71.05 steps/s
2024-05-03 11:45:06,401 | Normalized LOG: steps 240000, episodes 240, returns 0.84/0.85/0.80/0.87/5 (mean/median/min/max/num), 71.05 steps/s
INFO:root:TRAIN LOG: steps 250000, episodes 250, returns 0.00/0.00/0.00/0.00/5 (mean/median/min/max/num), 71.09 steps/s
2024-05-03 11:47:27,072 | TRAIN LOG: steps 250000, episodes 250, returns 0.00/0.00/0.00/0.00/5 (mean/median/min/max/num), 71.09 steps/s
INFO:root:TEST LOG: steps 250000, episodes 250, returns 3746.29/3761.87/3581.21/3864.65/5 (mean/median/min/max/num), 71.09 steps/s
2024-05-03 11:47:29,179 | TEST LOG: steps 250000, episodes 250, returns 3746.29/3761.87/3581.21/3864.65/5 (mean/median/min/max/num), 71.09 steps/s
INFO:root:Normalized LOG: steps 250000, episodes 250, returns 0.82/0.82/0.78/0.84/5 (mean/median/min/max/num), 71.09 steps/s
2024-05-03 11:47:29,180 | Normalized LOG: steps 250000, episodes 250, returns 0.82/0.82/0.78/0.84/5 (mean/median/min/max/num), 71.09 steps/s
INFO:root:TRAIN LOG: steps 260000, episodes 260, returns 0.00/0.00/0.00/0.00/5 (mean/median/min/max/num), 70.91 steps/s
2024-05-03 11:49:50,198 | TRAIN LOG: steps 260000, episodes 260, returns 0.00/0.00/0.00/0.00/5 (mean/median/min/max/num), 70.91 steps/s
INFO:root:TEST LOG: steps 260000, episodes 260, returns 3547.13/3578.21/3436.75/3632.30/5 (mean/median/min/max/num), 70.91 steps/s
2024-05-03 11:49:52,307 | TEST LOG: steps 260000, episodes 260, returns 3547.13/3578.21/3436.75/3632.30/5 (mean/median/min/max/num), 70.91 steps/s
INFO:root:Normalized LOG: steps 260000, episodes 260, returns 0.77/0.78/0.75/0.79/5 (mean/median/min/max/num), 70.91 steps/s
2024-05-03 11:49:52,307 | Normalized LOG: steps 260000, episodes 260, returns 0.77/0.78/0.75/0.79/5 (mean/median/min/max/num), 70.91 steps/s
INFO:root:TRAIN LOG: steps 270000, episodes 270, returns 0.00/0.00/0.00/0.00/5 (mean/median/min/max/num), 70.83 steps/s
2024-05-03 11:52:13,486 | TRAIN LOG: steps 270000, episodes 270, returns 0.00/0.00/0.00/0.00/5 (mean/median/min/max/num), 70.83 steps/s
INFO:root:TEST LOG: steps 270000, episodes 270, returns 3852.70/3865.44/3742.99/3962.37/5 (mean/median/min/max/num), 70.83 steps/s
2024-05-03 11:52:15,594 | TEST LOG: steps 270000, episodes 270, returns 3852.70/3865.44/3742.99/3962.37/5 (mean/median/min/max/num), 70.83 steps/s
INFO:root:Normalized LOG: steps 270000, episodes 270, returns 0.84/0.84/0.81/0.86/5 (mean/median/min/max/num), 70.83 steps/s
2024-05-03 11:52:15,594 | Normalized LOG: steps 270000, episodes 270, returns 0.84/0.84/0.81/0.86/5 (mean/median/min/max/num), 70.83 steps/s
INFO:root:TRAIN LOG: steps 280000, episodes 280, returns 0.00/0.00/0.00/0.00/5 (mean/median/min/max/num), 71.04 steps/s
2024-05-03 11:54:36,357 | TRAIN LOG: steps 280000, episodes 280, returns 0.00/0.00/0.00/0.00/5 (mean/median/min/max/num), 71.04 steps/s
INFO:root:TEST LOG: steps 280000, episodes 280, returns 3858.20/3882.31/3761.71/3913.35/5 (mean/median/min/max/num), 71.04 steps/s
2024-05-03 11:54:38,465 | TEST LOG: steps 280000, episodes 280, returns 3858.20/3882.31/3761.71/3913.35/5 (mean/median/min/max/num), 71.04 steps/s
INFO:root:Normalized LOG: steps 280000, episodes 280, returns 0.84/0.85/0.82/0.85/5 (mean/median/min/max/num), 71.04 steps/s
2024-05-03 11:54:38,466 | Normalized LOG: steps 280000, episodes 280, returns 0.84/0.85/0.82/0.85/5 (mean/median/min/max/num), 71.04 steps/s
INFO:root:TRAIN LOG: steps 290000, episodes 290, returns 0.00/0.00/0.00/0.00/5 (mean/median/min/max/num), 70.78 steps/s
2024-05-03 11:56:59,743 | TRAIN LOG: steps 290000, episodes 290, returns 0.00/0.00/0.00/0.00/5 (mean/median/min/max/num), 70.78 steps/s
INFO:root:TEST LOG: steps 290000, episodes 290, returns 3503.59/3440.39/3343.60/3703.36/5 (mean/median/min/max/num), 70.78 steps/s
2024-05-03 11:57:01,848 | TEST LOG: steps 290000, episodes 290, returns 3503.59/3440.39/3343.60/3703.36/5 (mean/median/min/max/num), 70.78 steps/s
INFO:root:Normalized LOG: steps 290000, episodes 290, returns 0.76/0.75/0.73/0.81/5 (mean/median/min/max/num), 70.78 steps/s
2024-05-03 11:57:01,848 | Normalized LOG: steps 290000, episodes 290, returns 0.76/0.75/0.73/0.81/5 (mean/median/min/max/num), 70.78 steps/s
INFO:root:TRAIN LOG: steps 300000, episodes 300, returns 0.00/0.00/0.00/0.00/5 (mean/median/min/max/num), 70.82 steps/s
2024-05-03 11:59:23,060 | TRAIN LOG: steps 300000, episodes 300, returns 0.00/0.00/0.00/0.00/5 (mean/median/min/max/num), 70.82 steps/s
INFO:root:TEST LOG: steps 300000, episodes 300, returns 3372.81/3388.75/3298.96/3406.02/5 (mean/median/min/max/num), 70.82 steps/s
2024-05-03 11:59:25,175 | TEST LOG: steps 300000, episodes 300, returns 3372.81/3388.75/3298.96/3406.02/5 (mean/median/min/max/num), 70.82 steps/s
INFO:root:Normalized LOG: steps 300000, episodes 300, returns 0.73/0.74/0.72/0.74/5 (mean/median/min/max/num), 70.82 steps/s
2024-05-03 11:59:25,175 | Normalized LOG: steps 300000, episodes 300, returns 0.73/0.74/0.72/0.74/5 (mean/median/min/max/num), 70.82 steps/s
INFO:root:TRAIN LOG: steps 310000, episodes 310, returns 0.00/0.00/0.00/0.00/5 (mean/median/min/max/num), 70.91 steps/s
2024-05-03 12:01:46,194 | TRAIN LOG: steps 310000, episodes 310, returns 0.00/0.00/0.00/0.00/5 (mean/median/min/max/num), 70.91 steps/s
INFO:root:TEST LOG: steps 310000, episodes 310, returns 3752.69/3762.50/3651.17/3798.92/5 (mean/median/min/max/num), 70.91 steps/s
2024-05-03 12:01:48,301 | TEST LOG: steps 310000, episodes 310, returns 3752.69/3762.50/3651.17/3798.92/5 (mean/median/min/max/num), 70.91 steps/s
INFO:root:Normalized LOG: steps 310000, episodes 310, returns 0.82/0.82/0.79/0.83/5 (mean/median/min/max/num), 70.91 steps/s
2024-05-03 12:01:48,302 | Normalized LOG: steps 310000, episodes 310, returns 0.82/0.82/0.79/0.83/5 (mean/median/min/max/num), 70.91 steps/s
INFO:root:TRAIN LOG: steps 320000, episodes 320, returns 0.00/0.00/0.00/0.00/5 (mean/median/min/max/num), 70.80 steps/s
2024-05-03 12:04:09,539 | TRAIN LOG: steps 320000, episodes 320, returns 0.00/0.00/0.00/0.00/5 (mean/median/min/max/num), 70.80 steps/s
INFO:root:TEST LOG: steps 320000, episodes 320, returns 3479.11/3450.38/3426.08/3575.47/5 (mean/median/min/max/num), 70.80 steps/s
2024-05-03 12:04:11,646 | TEST LOG: steps 320000, episodes 320, returns 3479.11/3450.38/3426.08/3575.47/5 (mean/median/min/max/num), 70.80 steps/s
INFO:root:Normalized LOG: steps 320000, episodes 320, returns 0.76/0.75/0.75/0.78/5 (mean/median/min/max/num), 70.80 steps/s
2024-05-03 12:04:11,647 | Normalized LOG: steps 320000, episodes 320, returns 0.76/0.75/0.75/0.78/5 (mean/median/min/max/num), 70.80 steps/s
INFO:root:TRAIN LOG: steps 330000, episodes 330, returns 0.00/0.00/0.00/0.00/5 (mean/median/min/max/num), 70.92 steps/s
2024-05-03 12:06:32,642 | TRAIN LOG: steps 330000, episodes 330, returns 0.00/0.00/0.00/0.00/5 (mean/median/min/max/num), 70.92 steps/s
INFO:root:TEST LOG: steps 330000, episodes 330, returns 3712.10/3727.34/3645.23/3768.46/5 (mean/median/min/max/num), 70.92 steps/s
2024-05-03 12:06:34,750 | TEST LOG: steps 330000, episodes 330, returns 3712.10/3727.34/3645.23/3768.46/5 (mean/median/min/max/num), 70.92 steps/s
INFO:root:Normalized LOG: steps 330000, episodes 330, returns 0.81/0.81/0.79/0.82/5 (mean/median/min/max/num), 70.92 steps/s
2024-05-03 12:06:34,750 | Normalized LOG: steps 330000, episodes 330, returns 0.81/0.81/0.79/0.82/5 (mean/median/min/max/num), 70.92 steps/s
INFO:root:TRAIN LOG: steps 340000, episodes 340, returns 0.00/0.00/0.00/0.00/5 (mean/median/min/max/num), 70.88 steps/s
2024-05-03 12:08:55,834 | TRAIN LOG: steps 340000, episodes 340, returns 0.00/0.00/0.00/0.00/5 (mean/median/min/max/num), 70.88 steps/s
INFO:root:TEST LOG: steps 340000, episodes 340, returns 3796.14/3903.84/3580.56/3980.25/5 (mean/median/min/max/num), 70.88 steps/s
2024-05-03 12:08:57,939 | TEST LOG: steps 340000, episodes 340, returns 3796.14/3903.84/3580.56/3980.25/5 (mean/median/min/max/num), 70.88 steps/s
INFO:root:Normalized LOG: steps 340000, episodes 340, returns 0.83/0.85/0.78/0.87/5 (mean/median/min/max/num), 70.88 steps/s
2024-05-03 12:08:57,939 | Normalized LOG: steps 340000, episodes 340, returns 0.83/0.85/0.78/0.87/5 (mean/median/min/max/num), 70.88 steps/s
INFO:root:TRAIN LOG: steps 350000, episodes 350, returns 0.00/0.00/0.00/0.00/5 (mean/median/min/max/num), 70.94 steps/s
2024-05-03 12:11:18,909 | TRAIN LOG: steps 350000, episodes 350, returns 0.00/0.00/0.00/0.00/5 (mean/median/min/max/num), 70.94 steps/s
INFO:root:TEST LOG: steps 350000, episodes 350, returns 3842.08/3920.85/3357.46/4062.00/5 (mean/median/min/max/num), 70.94 steps/s
2024-05-03 12:11:20,992 | TEST LOG: steps 350000, episodes 350, returns 3842.08/3920.85/3357.46/4062.00/5 (mean/median/min/max/num), 70.94 steps/s
INFO:root:Normalized LOG: steps 350000, episodes 350, returns 0.84/0.85/0.73/0.88/5 (mean/median/min/max/num), 70.94 steps/s
2024-05-03 12:11:20,992 | Normalized LOG: steps 350000, episodes 350, returns 0.84/0.85/0.73/0.88/5 (mean/median/min/max/num), 70.94 steps/s
INFO:root:TRAIN LOG: steps 360000, episodes 360, returns 0.00/0.00/0.00/0.00/5 (mean/median/min/max/num), 70.83 steps/s
2024-05-03 12:13:42,167 | TRAIN LOG: steps 360000, episodes 360, returns 0.00/0.00/0.00/0.00/5 (mean/median/min/max/num), 70.83 steps/s
INFO:root:TEST LOG: steps 360000, episodes 360, returns 3809.05/3800.18/3702.54/3945.40/5 (mean/median/min/max/num), 70.83 steps/s
2024-05-03 12:13:44,274 | TEST LOG: steps 360000, episodes 360, returns 3809.05/3800.18/3702.54/3945.40/5 (mean/median/min/max/num), 70.83 steps/s
INFO:root:Normalized LOG: steps 360000, episodes 360, returns 0.83/0.83/0.81/0.86/5 (mean/median/min/max/num), 70.83 steps/s
2024-05-03 12:13:44,274 | Normalized LOG: steps 360000, episodes 360, returns 0.83/0.83/0.81/0.86/5 (mean/median/min/max/num), 70.83 steps/s
INFO:root:TRAIN LOG: steps 370000, episodes 370, returns 0.00/0.00/0.00/0.00/5 (mean/median/min/max/num), 70.83 steps/s
2024-05-03 12:16:05,451 | TRAIN LOG: steps 370000, episodes 370, returns 0.00/0.00/0.00/0.00/5 (mean/median/min/max/num), 70.83 steps/s
INFO:root:TEST LOG: steps 370000, episodes 370, returns 3585.20/3579.28/3575.31/3602.79/5 (mean/median/min/max/num), 70.83 steps/s
2024-05-03 12:16:07,563 | TEST LOG: steps 370000, episodes 370, returns 3585.20/3579.28/3575.31/3602.79/5 (mean/median/min/max/num), 70.83 steps/s
INFO:root:Normalized LOG: steps 370000, episodes 370, returns 0.78/0.78/0.78/0.78/5 (mean/median/min/max/num), 70.83 steps/s
2024-05-03 12:16:07,563 | Normalized LOG: steps 370000, episodes 370, returns 0.78/0.78/0.78/0.78/5 (mean/median/min/max/num), 70.83 steps/s
INFO:root:TRAIN LOG: steps 380000, episodes 380, returns 0.00/0.00/0.00/0.00/5 (mean/median/min/max/num), 70.89 steps/s
2024-05-03 12:18:28,637 | TRAIN LOG: steps 380000, episodes 380, returns 0.00/0.00/0.00/0.00/5 (mean/median/min/max/num), 70.89 steps/s
INFO:root:TEST LOG: steps 380000, episodes 380, returns 3623.50/3545.47/3532.07/3916.69/5 (mean/median/min/max/num), 70.89 steps/s
2024-05-03 12:18:30,747 | TEST LOG: steps 380000, episodes 380, returns 3623.50/3545.47/3532.07/3916.69/5 (mean/median/min/max/num), 70.89 steps/s
INFO:root:Normalized LOG: steps 380000, episodes 380, returns 0.79/0.77/0.77/0.85/5 (mean/median/min/max/num), 70.89 steps/s
2024-05-03 12:18:30,747 | Normalized LOG: steps 380000, episodes 380, returns 0.79/0.77/0.77/0.85/5 (mean/median/min/max/num), 70.89 steps/s
INFO:root:TRAIN LOG: steps 390000, episodes 390, returns 0.00/0.00/0.00/0.00/5 (mean/median/min/max/num), 70.78 steps/s
2024-05-03 12:20:52,036 | TRAIN LOG: steps 390000, episodes 390, returns 0.00/0.00/0.00/0.00/5 (mean/median/min/max/num), 70.78 steps/s
INFO:root:TEST LOG: steps 390000, episodes 390, returns 3714.80/3726.08/3577.51/3846.27/5 (mean/median/min/max/num), 70.78 steps/s
2024-05-03 12:20:54,142 | TEST LOG: steps 390000, episodes 390, returns 3714.80/3726.08/3577.51/3846.27/5 (mean/median/min/max/num), 70.78 steps/s
INFO:root:Normalized LOG: steps 390000, episodes 390, returns 0.81/0.81/0.78/0.84/5 (mean/median/min/max/num), 70.78 steps/s
2024-05-03 12:20:54,143 | Normalized LOG: steps 390000, episodes 390, returns 0.81/0.81/0.78/0.84/5 (mean/median/min/max/num), 70.78 steps/s
INFO:root:TRAIN LOG: steps 400000, episodes 400, returns 0.00/0.00/0.00/0.00/5 (mean/median/min/max/num), 70.88 steps/s
2024-05-03 12:23:15,233 | TRAIN LOG: steps 400000, episodes 400, returns 0.00/0.00/0.00/0.00/5 (mean/median/min/max/num), 70.88 steps/s
INFO:root:TEST LOG: steps 400000, episodes 400, returns 3422.34/3432.17/3306.06/3574.30/5 (mean/median/min/max/num), 70.88 steps/s
2024-05-03 12:23:17,340 | TEST LOG: steps 400000, episodes 400, returns 3422.34/3432.17/3306.06/3574.30/5 (mean/median/min/max/num), 70.88 steps/s
INFO:root:Normalized LOG: steps 400000, episodes 400, returns 0.75/0.75/0.72/0.78/5 (mean/median/min/max/num), 70.88 steps/s
2024-05-03 12:23:17,341 | Normalized LOG: steps 400000, episodes 400, returns 0.75/0.75/0.72/0.78/5 (mean/median/min/max/num), 70.88 steps/s
INFO:root:TRAIN LOG: steps 410000, episodes 410, returns 0.00/0.00/0.00/0.00/5 (mean/median/min/max/num), 70.85 steps/s
2024-05-03 12:25:38,484 | TRAIN LOG: steps 410000, episodes 410, returns 0.00/0.00/0.00/0.00/5 (mean/median/min/max/num), 70.85 steps/s
INFO:root:TEST LOG: steps 410000, episodes 410, returns 3440.17/3871.38/1669.68/3943.60/5 (mean/median/min/max/num), 70.85 steps/s
2024-05-03 12:25:40,371 | TEST LOG: steps 410000, episodes 410, returns 3440.17/3871.38/1669.68/3943.60/5 (mean/median/min/max/num), 70.85 steps/s
INFO:root:Normalized LOG: steps 410000, episodes 410, returns 0.75/0.84/0.36/0.86/5 (mean/median/min/max/num), 70.85 steps/s
2024-05-03 12:25:40,371 | Normalized LOG: steps 410000, episodes 410, returns 0.75/0.84/0.36/0.86/5 (mean/median/min/max/num), 70.85 steps/s
INFO:root:TRAIN LOG: steps 420000, episodes 420, returns 0.00/0.00/0.00/0.00/5 (mean/median/min/max/num), 70.94 steps/s
2024-05-03 12:28:01,334 | TRAIN LOG: steps 420000, episodes 420, returns 0.00/0.00/0.00/0.00/5 (mean/median/min/max/num), 70.94 steps/s
INFO:root:TEST LOG: steps 420000, episodes 420, returns 3555.71/3518.47/3490.24/3668.25/5 (mean/median/min/max/num), 70.94 steps/s
2024-05-03 12:28:03,443 | TEST LOG: steps 420000, episodes 420, returns 3555.71/3518.47/3490.24/3668.25/5 (mean/median/min/max/num), 70.94 steps/s
INFO:root:Normalized LOG: steps 420000, episodes 420, returns 0.77/0.77/0.76/0.80/5 (mean/median/min/max/num), 70.94 steps/s
2024-05-03 12:28:03,443 | Normalized LOG: steps 420000, episodes 420, returns 0.77/0.77/0.76/0.80/5 (mean/median/min/max/num), 70.94 steps/s
INFO:root:TRAIN LOG: steps 430000, episodes 430, returns 0.00/0.00/0.00/0.00/5 (mean/median/min/max/num), 70.86 steps/s
2024-05-03 12:30:24,569 | TRAIN LOG: steps 430000, episodes 430, returns 0.00/0.00/0.00/0.00/5 (mean/median/min/max/num), 70.86 steps/s
INFO:root:TEST LOG: steps 430000, episodes 430, returns 3991.84/4019.69/3827.11/4065.65/5 (mean/median/min/max/num), 70.86 steps/s
2024-05-03 12:30:26,672 | TEST LOG: steps 430000, episodes 430, returns 3991.84/4019.69/3827.11/4065.65/5 (mean/median/min/max/num), 70.86 steps/s
INFO:root:Normalized LOG: steps 430000, episodes 430, returns 0.87/0.88/0.83/0.89/5 (mean/median/min/max/num), 70.86 steps/s
2024-05-03 12:30:26,672 | Normalized LOG: steps 430000, episodes 430, returns 0.87/0.88/0.83/0.89/5 (mean/median/min/max/num), 70.86 steps/s
INFO:root:TRAIN LOG: steps 440000, episodes 440, returns 0.00/0.00/0.00/0.00/5 (mean/median/min/max/num), 70.96 steps/s
2024-05-03 12:32:47,590 | TRAIN LOG: steps 440000, episodes 440, returns 0.00/0.00/0.00/0.00/5 (mean/median/min/max/num), 70.96 steps/s
INFO:root:TEST LOG: steps 440000, episodes 440, returns 3619.11/3592.95/3531.57/3821.67/5 (mean/median/min/max/num), 70.96 steps/s
2024-05-03 12:32:49,696 | TEST LOG: steps 440000, episodes 440, returns 3619.11/3592.95/3531.57/3821.67/5 (mean/median/min/max/num), 70.96 steps/s
INFO:root:Normalized LOG: steps 440000, episodes 440, returns 0.79/0.78/0.77/0.83/5 (mean/median/min/max/num), 70.96 steps/s
2024-05-03 12:32:49,696 | Normalized LOG: steps 440000, episodes 440, returns 0.79/0.78/0.77/0.83/5 (mean/median/min/max/num), 70.96 steps/s
INFO:root:TRAIN LOG: steps 450000, episodes 450, returns 0.00/0.00/0.00/0.00/5 (mean/median/min/max/num), 70.86 steps/s
2024-05-03 12:35:10,816 | TRAIN LOG: steps 450000, episodes 450, returns 0.00/0.00/0.00/0.00/5 (mean/median/min/max/num), 70.86 steps/s
INFO:root:TEST LOG: steps 450000, episodes 450, returns 3460.75/3445.80/3312.64/3621.25/5 (mean/median/min/max/num), 70.86 steps/s
2024-05-03 12:35:13,016 | TEST LOG: steps 450000, episodes 450, returns 3460.75/3445.80/3312.64/3621.25/5 (mean/median/min/max/num), 70.86 steps/s
INFO:root:Normalized LOG: steps 450000, episodes 450, returns 0.75/0.75/0.72/0.79/5 (mean/median/min/max/num), 70.86 steps/s
2024-05-03 12:35:13,017 | Normalized LOG: steps 450000, episodes 450, returns 0.75/0.75/0.72/0.79/5 (mean/median/min/max/num), 70.86 steps/s
INFO:root:TRAIN LOG: steps 460000, episodes 460, returns 0.00/0.00/0.00/0.00/5 (mean/median/min/max/num), 71.01 steps/s
2024-05-03 12:37:33,833 | TRAIN LOG: steps 460000, episodes 460, returns 0.00/0.00/0.00/0.00/5 (mean/median/min/max/num), 71.01 steps/s
INFO:root:TEST LOG: steps 460000, episodes 460, returns 3437.22/3403.78/3357.95/3559.49/5 (mean/median/min/max/num), 71.01 steps/s
2024-05-03 12:37:35,938 | TEST LOG: steps 460000, episodes 460, returns 3437.22/3403.78/3357.95/3559.49/5 (mean/median/min/max/num), 71.01 steps/s
INFO:root:Normalized LOG: steps 460000, episodes 460, returns 0.75/0.74/0.73/0.78/5 (mean/median/min/max/num), 71.01 steps/s
2024-05-03 12:37:35,939 | Normalized LOG: steps 460000, episodes 460, returns 0.75/0.74/0.73/0.78/5 (mean/median/min/max/num), 71.01 steps/s
INFO:root:TRAIN LOG: steps 470000, episodes 470, returns 0.00/0.00/0.00/0.00/5 (mean/median/min/max/num), 71.09 steps/s
2024-05-03 12:39:56,607 | TRAIN LOG: steps 470000, episodes 470, returns 0.00/0.00/0.00/0.00/5 (mean/median/min/max/num), 71.09 steps/s
INFO:root:TEST LOG: steps 470000, episodes 470, returns 3309.44/3326.89/3251.52/3357.91/5 (mean/median/min/max/num), 71.09 steps/s
2024-05-03 12:39:58,714 | TEST LOG: steps 470000, episodes 470, returns 3309.44/3326.89/3251.52/3357.91/5 (mean/median/min/max/num), 71.09 steps/s
INFO:root:Normalized LOG: steps 470000, episodes 470, returns 0.72/0.72/0.71/0.73/5 (mean/median/min/max/num), 71.09 steps/s
2024-05-03 12:39:58,714 | Normalized LOG: steps 470000, episodes 470, returns 0.72/0.72/0.71/0.73/5 (mean/median/min/max/num), 71.09 steps/s
INFO:root:TRAIN LOG: steps 480000, episodes 480, returns 0.00/0.00/0.00/0.00/5 (mean/median/min/max/num), 70.83 steps/s
2024-05-03 12:42:19,896 | TRAIN LOG: steps 480000, episodes 480, returns 0.00/0.00/0.00/0.00/5 (mean/median/min/max/num), 70.83 steps/s
INFO:root:TEST LOG: steps 480000, episodes 480, returns 3868.80/3895.80/3627.91/4039.88/5 (mean/median/min/max/num), 70.83 steps/s
2024-05-03 12:42:21,999 | TEST LOG: steps 480000, episodes 480, returns 3868.80/3895.80/3627.91/4039.88/5 (mean/median/min/max/num), 70.83 steps/s
INFO:root:Normalized LOG: steps 480000, episodes 480, returns 0.84/0.85/0.79/0.88/5 (mean/median/min/max/num), 70.83 steps/s
2024-05-03 12:42:21,999 | Normalized LOG: steps 480000, episodes 480, returns 0.84/0.85/0.79/0.88/5 (mean/median/min/max/num), 70.83 steps/s
INFO:root:TRAIN LOG: steps 490000, episodes 490, returns 0.00/0.00/0.00/0.00/5 (mean/median/min/max/num), 71.16 steps/s
2024-05-03 12:44:42,535 | TRAIN LOG: steps 490000, episodes 490, returns 0.00/0.00/0.00/0.00/5 (mean/median/min/max/num), 71.16 steps/s
INFO:root:TEST LOG: steps 490000, episodes 490, returns 3342.18/3710.18/1798.81/3797.10/5 (mean/median/min/max/num), 71.16 steps/s
2024-05-03 12:44:44,437 | TEST LOG: steps 490000, episodes 490, returns 3342.18/3710.18/1798.81/3797.10/5 (mean/median/min/max/num), 71.16 steps/s
INFO:root:Normalized LOG: steps 490000, episodes 490, returns 0.73/0.81/0.39/0.83/5 (mean/median/min/max/num), 71.16 steps/s
2024-05-03 12:44:44,437 | Normalized LOG: steps 490000, episodes 490, returns 0.73/0.81/0.39/0.83/5 (mean/median/min/max/num), 71.16 steps/s
INFO:root:TRAIN LOG: steps 500000, episodes 500, returns 0.00/0.00/0.00/0.00/5 (mean/median/min/max/num), 70.98 steps/s
2024-05-03 12:47:05,324 | TRAIN LOG: steps 500000, episodes 500, returns 0.00/0.00/0.00/0.00/5 (mean/median/min/max/num), 70.98 steps/s
INFO:root:TEST LOG: steps 500000, episodes 500, returns 3649.57/3609.30/3544.76/3802.06/5 (mean/median/min/max/num), 70.98 steps/s
2024-05-03 12:47:07,428 | TEST LOG: steps 500000, episodes 500, returns 3649.57/3609.30/3544.76/3802.06/5 (mean/median/min/max/num), 70.98 steps/s
INFO:root:Normalized LOG: steps 500000, episodes 500, returns 0.79/0.79/0.77/0.83/5 (mean/median/min/max/num), 70.98 steps/s
2024-05-03 12:47:07,428 | Normalized LOG: steps 500000, episodes 500, returns 0.79/0.79/0.77/0.83/5 (mean/median/min/max/num), 70.98 steps/s
INFO:root:TRAIN LOG: steps 510000, episodes 510, returns 0.00/0.00/0.00/0.00/5 (mean/median/min/max/num), 70.91 steps/s
2024-05-03 12:49:28,461 | TRAIN LOG: steps 510000, episodes 510, returns 0.00/0.00/0.00/0.00/5 (mean/median/min/max/num), 70.91 steps/s
INFO:root:TEST LOG: steps 510000, episodes 510, returns 3875.72/3909.75/3663.86/4024.91/5 (mean/median/min/max/num), 70.91 steps/s
2024-05-03 12:49:30,568 | TEST LOG: steps 510000, episodes 510, returns 3875.72/3909.75/3663.86/4024.91/5 (mean/median/min/max/num), 70.91 steps/s
INFO:root:Normalized LOG: steps 510000, episodes 510, returns 0.84/0.85/0.80/0.88/5 (mean/median/min/max/num), 70.91 steps/s
2024-05-03 12:49:30,568 | Normalized LOG: steps 510000, episodes 510, returns 0.84/0.85/0.80/0.88/5 (mean/median/min/max/num), 70.91 steps/s
INFO:root:TRAIN LOG: steps 520000, episodes 520, returns 0.00/0.00/0.00/0.00/5 (mean/median/min/max/num), 70.85 steps/s
2024-05-03 12:51:51,704 | TRAIN LOG: steps 520000, episodes 520, returns 0.00/0.00/0.00/0.00/5 (mean/median/min/max/num), 70.85 steps/s
INFO:root:TEST LOG: steps 520000, episodes 520, returns 3792.52/3786.32/3752.47/3836.51/5 (mean/median/min/max/num), 70.85 steps/s
2024-05-03 12:51:53,806 | TEST LOG: steps 520000, episodes 520, returns 3792.52/3786.32/3752.47/3836.51/5 (mean/median/min/max/num), 70.85 steps/s
INFO:root:Normalized LOG: steps 520000, episodes 520, returns 0.83/0.82/0.82/0.84/5 (mean/median/min/max/num), 70.85 steps/s
2024-05-03 12:51:53,806 | Normalized LOG: steps 520000, episodes 520, returns 0.83/0.82/0.82/0.84/5 (mean/median/min/max/num), 70.85 steps/s
INFO:root:TRAIN LOG: steps 530000, episodes 530, returns 0.00/0.00/0.00/0.00/5 (mean/median/min/max/num), 70.92 steps/s
2024-05-03 12:54:14,804 | TRAIN LOG: steps 530000, episodes 530, returns 0.00/0.00/0.00/0.00/5 (mean/median/min/max/num), 70.92 steps/s
INFO:root:TEST LOG: steps 530000, episodes 530, returns 3534.24/3532.95/3337.65/3693.88/5 (mean/median/min/max/num), 70.92 steps/s
2024-05-03 12:54:16,863 | TEST LOG: steps 530000, episodes 530, returns 3534.24/3532.95/3337.65/3693.88/5 (mean/median/min/max/num), 70.92 steps/s
INFO:root:Normalized LOG: steps 530000, episodes 530, returns 0.77/0.77/0.73/0.80/5 (mean/median/min/max/num), 70.92 steps/s
2024-05-03 12:54:16,863 | Normalized LOG: steps 530000, episodes 530, returns 0.77/0.77/0.73/0.80/5 (mean/median/min/max/num), 70.92 steps/s
INFO:root:TRAIN LOG: steps 540000, episodes 540, returns 0.00/0.00/0.00/0.00/5 (mean/median/min/max/num), 71.10 steps/s
2024-05-03 12:56:37,502 | TRAIN LOG: steps 540000, episodes 540, returns 0.00/0.00/0.00/0.00/5 (mean/median/min/max/num), 71.10 steps/s
INFO:root:TEST LOG: steps 540000, episodes 540, returns 3298.06/3297.65/3220.85/3343.88/5 (mean/median/min/max/num), 71.10 steps/s
2024-05-03 12:56:39,611 | TEST LOG: steps 540000, episodes 540, returns 3298.06/3297.65/3220.85/3343.88/5 (mean/median/min/max/num), 71.10 steps/s
INFO:root:Normalized LOG: steps 540000, episodes 540, returns 0.72/0.72/0.70/0.73/5 (mean/median/min/max/num), 71.10 steps/s
2024-05-03 12:56:39,611 | Normalized LOG: steps 540000, episodes 540, returns 0.72/0.72/0.70/0.73/5 (mean/median/min/max/num), 71.10 steps/s
INFO:root:TRAIN LOG: steps 550000, episodes 550, returns 0.00/0.00/0.00/0.00/5 (mean/median/min/max/num), 70.83 steps/s
2024-05-03 12:59:00,788 | TRAIN LOG: steps 550000, episodes 550, returns 0.00/0.00/0.00/0.00/5 (mean/median/min/max/num), 70.83 steps/s
INFO:root:TEST LOG: steps 550000, episodes 550, returns 3666.99/3669.17/3578.30/3744.19/5 (mean/median/min/max/num), 70.83 steps/s
2024-05-03 12:59:02,895 | TEST LOG: steps 550000, episodes 550, returns 3666.99/3669.17/3578.30/3744.19/5 (mean/median/min/max/num), 70.83 steps/s
INFO:root:Normalized LOG: steps 550000, episodes 550, returns 0.80/0.80/0.78/0.82/5 (mean/median/min/max/num), 70.83 steps/s
2024-05-03 12:59:02,895 | Normalized LOG: steps 550000, episodes 550, returns 0.80/0.80/0.78/0.82/5 (mean/median/min/max/num), 70.83 steps/s
INFO:root:TRAIN LOG: steps 560000, episodes 560, returns 0.00/0.00/0.00/0.00/5 (mean/median/min/max/num), 70.94 steps/s
2024-05-03 13:01:23,857 | TRAIN LOG: steps 560000, episodes 560, returns 0.00/0.00/0.00/0.00/5 (mean/median/min/max/num), 70.94 steps/s
INFO:root:TEST LOG: steps 560000, episodes 560, returns 3820.63/3838.29/3716.56/3869.72/5 (mean/median/min/max/num), 70.94 steps/s
2024-05-03 13:01:25,965 | TEST LOG: steps 560000, episodes 560, returns 3820.63/3838.29/3716.56/3869.72/5 (mean/median/min/max/num), 70.94 steps/s
INFO:root:Normalized LOG: steps 560000, episodes 560, returns 0.83/0.84/0.81/0.84/5 (mean/median/min/max/num), 70.94 steps/s
2024-05-03 13:01:25,965 | Normalized LOG: steps 560000, episodes 560, returns 0.83/0.84/0.81/0.84/5 (mean/median/min/max/num), 70.94 steps/s
INFO:root:TRAIN LOG: steps 570000, episodes 570, returns 0.00/0.00/0.00/0.00/5 (mean/median/min/max/num), 70.88 steps/s
2024-05-03 13:03:47,051 | TRAIN LOG: steps 570000, episodes 570, returns 0.00/0.00/0.00/0.00/5 (mean/median/min/max/num), 70.88 steps/s
INFO:root:TEST LOG: steps 570000, episodes 570, returns 3540.21/3605.31/3414.11/3636.73/5 (mean/median/min/max/num), 70.88 steps/s
2024-05-03 13:03:49,157 | TEST LOG: steps 570000, episodes 570, returns 3540.21/3605.31/3414.11/3636.73/5 (mean/median/min/max/num), 70.88 steps/s
INFO:root:Normalized LOG: steps 570000, episodes 570, returns 0.77/0.79/0.74/0.79/5 (mean/median/min/max/num), 70.88 steps/s
2024-05-03 13:03:49,157 | Normalized LOG: steps 570000, episodes 570, returns 0.77/0.79/0.74/0.79/5 (mean/median/min/max/num), 70.88 steps/s
INFO:root:TRAIN LOG: steps 580000, episodes 580, returns 0.00/0.00/0.00/0.00/5 (mean/median/min/max/num), 70.89 steps/s
2024-05-03 13:06:10,219 | TRAIN LOG: steps 580000, episodes 580, returns 0.00/0.00/0.00/0.00/5 (mean/median/min/max/num), 70.89 steps/s
INFO:root:TEST LOG: steps 580000, episodes 580, returns 3564.57/3550.18/3506.83/3633.83/5 (mean/median/min/max/num), 70.89 steps/s
2024-05-03 13:06:12,328 | TEST LOG: steps 580000, episodes 580, returns 3564.57/3550.18/3506.83/3633.83/5 (mean/median/min/max/num), 70.89 steps/s
INFO:root:Normalized LOG: steps 580000, episodes 580, returns 0.78/0.77/0.76/0.79/5 (mean/median/min/max/num), 70.89 steps/s
2024-05-03 13:06:12,328 | Normalized LOG: steps 580000, episodes 580, returns 0.78/0.77/0.76/0.79/5 (mean/median/min/max/num), 70.89 steps/s
INFO:root:TRAIN LOG: steps 590000, episodes 590, returns 0.00/0.00/0.00/0.00/5 (mean/median/min/max/num), 70.89 steps/s
2024-05-03 13:08:33,401 | TRAIN LOG: steps 590000, episodes 590, returns 0.00/0.00/0.00/0.00/5 (mean/median/min/max/num), 70.89 steps/s
INFO:root:TEST LOG: steps 590000, episodes 590, returns 3712.16/3697.28/3561.94/3894.90/5 (mean/median/min/max/num), 70.89 steps/s
2024-05-03 13:08:35,504 | TEST LOG: steps 590000, episodes 590, returns 3712.16/3697.28/3561.94/3894.90/5 (mean/median/min/max/num), 70.89 steps/s
INFO:root:Normalized LOG: steps 590000, episodes 590, returns 0.81/0.81/0.78/0.85/5 (mean/median/min/max/num), 70.89 steps/s
2024-05-03 13:08:35,504 | Normalized LOG: steps 590000, episodes 590, returns 0.81/0.81/0.78/0.85/5 (mean/median/min/max/num), 70.89 steps/s
INFO:root:TRAIN LOG: steps 600000, episodes 600, returns 0.00/0.00/0.00/0.00/5 (mean/median/min/max/num), 71.22 steps/s
2024-05-03 13:10:55,913 | TRAIN LOG: steps 600000, episodes 600, returns 0.00/0.00/0.00/0.00/5 (mean/median/min/max/num), 71.22 steps/s
INFO:root:TEST LOG: steps 600000, episodes 600, returns 3513.21/3504.83/3300.97/3755.53/5 (mean/median/min/max/num), 71.22 steps/s
2024-05-03 13:10:58,017 | TEST LOG: steps 600000, episodes 600, returns 3513.21/3504.83/3300.97/3755.53/5 (mean/median/min/max/num), 71.22 steps/s
INFO:root:Normalized LOG: steps 600000, episodes 600, returns 0.76/0.76/0.72/0.82/5 (mean/median/min/max/num), 71.22 steps/s
2024-05-03 13:10:58,018 | Normalized LOG: steps 600000, episodes 600, returns 0.76/0.76/0.72/0.82/5 (mean/median/min/max/num), 71.22 steps/s
INFO:root:TRAIN LOG: steps 610000, episodes 610, returns 0.00/0.00/0.00/0.00/5 (mean/median/min/max/num), 71.11 steps/s
2024-05-03 13:13:18,642 | TRAIN LOG: steps 610000, episodes 610, returns 0.00/0.00/0.00/0.00/5 (mean/median/min/max/num), 71.11 steps/s
INFO:root:TEST LOG: steps 610000, episodes 610, returns 3412.33/3363.03/3333.11/3535.03/5 (mean/median/min/max/num), 71.11 steps/s
2024-05-03 13:13:20,748 | TEST LOG: steps 610000, episodes 610, returns 3412.33/3363.03/3333.11/3535.03/5 (mean/median/min/max/num), 71.11 steps/s
INFO:root:Normalized LOG: steps 610000, episodes 610, returns 0.74/0.73/0.73/0.77/5 (mean/median/min/max/num), 71.11 steps/s
2024-05-03 13:13:20,748 | Normalized LOG: steps 610000, episodes 610, returns 0.74/0.73/0.73/0.77/5 (mean/median/min/max/num), 71.11 steps/s
INFO:root:TRAIN LOG: steps 620000, episodes 620, returns 0.00/0.00/0.00/0.00/5 (mean/median/min/max/num), 70.91 steps/s
2024-05-03 13:15:41,767 | TRAIN LOG: steps 620000, episodes 620, returns 0.00/0.00/0.00/0.00/5 (mean/median/min/max/num), 70.91 steps/s
INFO:root:TEST LOG: steps 620000, episodes 620, returns 3665.20/3682.97/3596.30/3711.47/5 (mean/median/min/max/num), 70.91 steps/s
2024-05-03 13:15:43,875 | TEST LOG: steps 620000, episodes 620, returns 3665.20/3682.97/3596.30/3711.47/5 (mean/median/min/max/num), 70.91 steps/s
INFO:root:Normalized LOG: steps 620000, episodes 620, returns 0.80/0.80/0.78/0.81/5 (mean/median/min/max/num), 70.91 steps/s
2024-05-03 13:15:43,876 | Normalized LOG: steps 620000, episodes 620, returns 0.80/0.80/0.78/0.81/5 (mean/median/min/max/num), 70.91 steps/s
INFO:root:TRAIN LOG: steps 630000, episodes 630, returns 0.00/0.00/0.00/0.00/5 (mean/median/min/max/num), 70.97 steps/s
2024-05-03 13:18:04,772 | TRAIN LOG: steps 630000, episodes 630, returns 0.00/0.00/0.00/0.00/5 (mean/median/min/max/num), 70.97 steps/s
INFO:root:TEST LOG: steps 630000, episodes 630, returns 3676.15/3725.28/3531.90/3768.62/5 (mean/median/min/max/num), 70.97 steps/s
2024-05-03 13:18:06,879 | TEST LOG: steps 630000, episodes 630, returns 3676.15/3725.28/3531.90/3768.62/5 (mean/median/min/max/num), 70.97 steps/s
INFO:root:Normalized LOG: steps 630000, episodes 630, returns 0.80/0.81/0.77/0.82/5 (mean/median/min/max/num), 70.97 steps/s
2024-05-03 13:18:06,879 | Normalized LOG: steps 630000, episodes 630, returns 0.80/0.81/0.77/0.82/5 (mean/median/min/max/num), 70.97 steps/s
INFO:root:TRAIN LOG: steps 640000, episodes 640, returns 0.00/0.00/0.00/0.00/5 (mean/median/min/max/num), 71.01 steps/s
2024-05-03 13:20:27,708 | TRAIN LOG: steps 640000, episodes 640, returns 0.00/0.00/0.00/0.00/5 (mean/median/min/max/num), 71.01 steps/s
INFO:root:TEST LOG: steps 640000, episodes 640, returns 3913.15/3884.85/3765.33/4124.59/5 (mean/median/min/max/num), 71.01 steps/s
2024-05-03 13:20:29,810 | TEST LOG: steps 640000, episodes 640, returns 3913.15/3884.85/3765.33/4124.59/5 (mean/median/min/max/num), 71.01 steps/s
INFO:root:Normalized LOG: steps 640000, episodes 640, returns 0.85/0.85/0.82/0.90/5 (mean/median/min/max/num), 71.01 steps/s
2024-05-03 13:20:29,810 | Normalized LOG: steps 640000, episodes 640, returns 0.85/0.85/0.82/0.90/5 (mean/median/min/max/num), 71.01 steps/s
INFO:root:TRAIN LOG: steps 650000, episodes 650, returns 0.00/0.00/0.00/0.00/5 (mean/median/min/max/num), 70.90 steps/s
2024-05-03 13:22:50,847 | TRAIN LOG: steps 650000, episodes 650, returns 0.00/0.00/0.00/0.00/5 (mean/median/min/max/num), 70.90 steps/s
INFO:root:TEST LOG: steps 650000, episodes 650, returns 3558.37/3559.17/3328.68/3742.23/5 (mean/median/min/max/num), 70.90 steps/s
2024-05-03 13:22:52,952 | TEST LOG: steps 650000, episodes 650, returns 3558.37/3559.17/3328.68/3742.23/5 (mean/median/min/max/num), 70.90 steps/s
INFO:root:Normalized LOG: steps 650000, episodes 650, returns 0.77/0.77/0.72/0.81/5 (mean/median/min/max/num), 70.90 steps/s
2024-05-03 13:22:52,952 | Normalized LOG: steps 650000, episodes 650, returns 0.77/0.77/0.72/0.81/5 (mean/median/min/max/num), 70.90 steps/s
INFO:root:TRAIN LOG: steps 660000, episodes 660, returns 0.00/0.00/0.00/0.00/5 (mean/median/min/max/num), 70.95 steps/s
2024-05-03 13:25:13,903 | TRAIN LOG: steps 660000, episodes 660, returns 0.00/0.00/0.00/0.00/5 (mean/median/min/max/num), 70.95 steps/s
INFO:root:TEST LOG: steps 660000, episodes 660, returns 3724.45/3704.38/3568.36/3846.76/5 (mean/median/min/max/num), 70.95 steps/s
2024-05-03 13:25:16,005 | TEST LOG: steps 660000, episodes 660, returns 3724.45/3704.38/3568.36/3846.76/5 (mean/median/min/max/num), 70.95 steps/s
INFO:root:Normalized LOG: steps 660000, episodes 660, returns 0.81/0.81/0.78/0.84/5 (mean/median/min/max/num), 70.95 steps/s
2024-05-03 13:25:16,005 | Normalized LOG: steps 660000, episodes 660, returns 0.81/0.81/0.78/0.84/5 (mean/median/min/max/num), 70.95 steps/s
INFO:root:TRAIN LOG: steps 670000, episodes 670, returns 0.00/0.00/0.00/0.00/5 (mean/median/min/max/num), 71.27 steps/s
2024-05-03 13:27:36,315 | TRAIN LOG: steps 670000, episodes 670, returns 0.00/0.00/0.00/0.00/5 (mean/median/min/max/num), 71.27 steps/s
INFO:root:TEST LOG: steps 670000, episodes 670, returns 3751.77/3908.99/3208.61/4113.68/5 (mean/median/min/max/num), 71.27 steps/s
2024-05-03 13:27:38,330 | TEST LOG: steps 670000, episodes 670, returns 3751.77/3908.99/3208.61/4113.68/5 (mean/median/min/max/num), 71.27 steps/s
INFO:root:Normalized LOG: steps 670000, episodes 670, returns 0.82/0.85/0.70/0.90/5 (mean/median/min/max/num), 71.27 steps/s
2024-05-03 13:27:38,330 | Normalized LOG: steps 670000, episodes 670, returns 0.82/0.85/0.70/0.90/5 (mean/median/min/max/num), 71.27 steps/s
INFO:root:TRAIN LOG: steps 680000, episodes 680, returns 0.00/0.00/0.00/0.00/5 (mean/median/min/max/num), 70.84 steps/s
2024-05-03 13:29:59,486 | TRAIN LOG: steps 680000, episodes 680, returns 0.00/0.00/0.00/0.00/5 (mean/median/min/max/num), 70.84 steps/s
INFO:root:TEST LOG: steps 680000, episodes 680, returns 3532.69/3512.69/3341.94/3700.93/5 (mean/median/min/max/num), 70.84 steps/s
2024-05-03 13:30:01,592 | TEST LOG: steps 680000, episodes 680, returns 3532.69/3512.69/3341.94/3700.93/5 (mean/median/min/max/num), 70.84 steps/s
INFO:root:Normalized LOG: steps 680000, episodes 680, returns 0.77/0.76/0.73/0.81/5 (mean/median/min/max/num), 70.84 steps/s
2024-05-03 13:30:01,592 | Normalized LOG: steps 680000, episodes 680, returns 0.77/0.76/0.73/0.81/5 (mean/median/min/max/num), 70.84 steps/s
INFO:root:TRAIN LOG: steps 690000, episodes 690, returns 0.00/0.00/0.00/0.00/5 (mean/median/min/max/num), 71.13 steps/s
2024-05-03 13:32:22,174 | TRAIN LOG: steps 690000, episodes 690, returns 0.00/0.00/0.00/0.00/5 (mean/median/min/max/num), 71.13 steps/s
INFO:root:TEST LOG: steps 690000, episodes 690, returns 3726.19/3715.60/3588.79/3839.55/5 (mean/median/min/max/num), 71.13 steps/s
2024-05-03 13:32:24,275 | TEST LOG: steps 690000, episodes 690, returns 3726.19/3715.60/3588.79/3839.55/5 (mean/median/min/max/num), 71.13 steps/s
INFO:root:Normalized LOG: steps 690000, episodes 690, returns 0.81/0.81/0.78/0.84/5 (mean/median/min/max/num), 71.13 steps/s
2024-05-03 13:32:24,275 | Normalized LOG: steps 690000, episodes 690, returns 0.81/0.81/0.78/0.84/5 (mean/median/min/max/num), 71.13 steps/s
INFO:root:TRAIN LOG: steps 700000, episodes 700, returns 0.00/0.00/0.00/0.00/5 (mean/median/min/max/num), 70.96 steps/s
2024-05-03 13:34:45,196 | TRAIN LOG: steps 700000, episodes 700, returns 0.00/0.00/0.00/0.00/5 (mean/median/min/max/num), 70.96 steps/s
INFO:root:TEST LOG: steps 700000, episodes 700, returns 3949.48/3931.74/3803.80/4115.79/5 (mean/median/min/max/num), 70.96 steps/s
2024-05-03 13:34:47,300 | TEST LOG: steps 700000, episodes 700, returns 3949.48/3931.74/3803.80/4115.79/5 (mean/median/min/max/num), 70.96 steps/s
INFO:root:Normalized LOG: steps 700000, episodes 700, returns 0.86/0.86/0.83/0.90/5 (mean/median/min/max/num), 70.96 steps/s
2024-05-03 13:34:47,301 | Normalized LOG: steps 700000, episodes 700, returns 0.86/0.86/0.83/0.90/5 (mean/median/min/max/num), 70.96 steps/s
INFO:root:TRAIN LOG: steps 710000, episodes 710, returns 0.00/0.00/0.00/0.00/5 (mean/median/min/max/num), 70.95 steps/s
2024-05-03 13:37:08,240 | TRAIN LOG: steps 710000, episodes 710, returns 0.00/0.00/0.00/0.00/5 (mean/median/min/max/num), 70.95 steps/s
INFO:root:TEST LOG: steps 710000, episodes 710, returns 3760.50/3760.64/3681.44/3868.98/5 (mean/median/min/max/num), 70.95 steps/s
2024-05-03 13:37:10,438 | TEST LOG: steps 710000, episodes 710, returns 3760.50/3760.64/3681.44/3868.98/5 (mean/median/min/max/num), 70.95 steps/s
INFO:root:Normalized LOG: steps 710000, episodes 710, returns 0.82/0.82/0.80/0.84/5 (mean/median/min/max/num), 70.95 steps/s
2024-05-03 13:37:10,438 | Normalized LOG: steps 710000, episodes 710, returns 0.82/0.82/0.80/0.84/5 (mean/median/min/max/num), 70.95 steps/s
INFO:root:TRAIN LOG: steps 720000, episodes 720, returns 0.00/0.00/0.00/0.00/5 (mean/median/min/max/num), 70.88 steps/s
2024-05-03 13:39:31,513 | TRAIN LOG: steps 720000, episodes 720, returns 0.00/0.00/0.00/0.00/5 (mean/median/min/max/num), 70.88 steps/s
INFO:root:TEST LOG: steps 720000, episodes 720, returns 3373.53/3597.98/2828.38/3888.68/5 (mean/median/min/max/num), 70.88 steps/s
2024-05-03 13:39:33,443 | TEST LOG: steps 720000, episodes 720, returns 3373.53/3597.98/2828.38/3888.68/5 (mean/median/min/max/num), 70.88 steps/s
INFO:root:Normalized LOG: steps 720000, episodes 720, returns 0.73/0.78/0.62/0.85/5 (mean/median/min/max/num), 70.88 steps/s
2024-05-03 13:39:33,443 | Normalized LOG: steps 720000, episodes 720, returns 0.73/0.78/0.62/0.85/5 (mean/median/min/max/num), 70.88 steps/s
INFO:root:TRAIN LOG: steps 730000, episodes 730, returns 0.00/0.00/0.00/0.00/5 (mean/median/min/max/num), 70.79 steps/s
2024-05-03 13:41:54,697 | TRAIN LOG: steps 730000, episodes 730, returns 0.00/0.00/0.00/0.00/5 (mean/median/min/max/num), 70.79 steps/s
INFO:root:TEST LOG: steps 730000, episodes 730, returns 3756.76/3806.06/3611.17/3891.01/5 (mean/median/min/max/num), 70.79 steps/s
2024-05-03 13:41:56,776 | TEST LOG: steps 730000, episodes 730, returns 3756.76/3806.06/3611.17/3891.01/5 (mean/median/min/max/num), 70.79 steps/s
INFO:root:Normalized LOG: steps 730000, episodes 730, returns 0.82/0.83/0.79/0.85/5 (mean/median/min/max/num), 70.79 steps/s
2024-05-03 13:41:56,776 | Normalized LOG: steps 730000, episodes 730, returns 0.82/0.83/0.79/0.85/5 (mean/median/min/max/num), 70.79 steps/s
INFO:root:TRAIN LOG: steps 740000, episodes 740, returns 0.00/0.00/0.00/0.00/5 (mean/median/min/max/num), 70.83 steps/s
2024-05-03 13:44:17,966 | TRAIN LOG: steps 740000, episodes 740, returns 0.00/0.00/0.00/0.00/5 (mean/median/min/max/num), 70.83 steps/s
INFO:root:TEST LOG: steps 740000, episodes 740, returns 3523.56/3503.50/3362.95/3715.12/5 (mean/median/min/max/num), 70.83 steps/s
2024-05-03 13:44:20,070 | TEST LOG: steps 740000, episodes 740, returns 3523.56/3503.50/3362.95/3715.12/5 (mean/median/min/max/num), 70.83 steps/s
INFO:root:Normalized LOG: steps 740000, episodes 740, returns 0.77/0.76/0.73/0.81/5 (mean/median/min/max/num), 70.83 steps/s
2024-05-03 13:44:20,070 | Normalized LOG: steps 740000, episodes 740, returns 0.77/0.76/0.73/0.81/5 (mean/median/min/max/num), 70.83 steps/s
INFO:root:TRAIN LOG: steps 750000, episodes 750, returns 0.00/0.00/0.00/0.00/5 (mean/median/min/max/num), 70.93 steps/s
2024-05-03 13:46:41,050 | TRAIN LOG: steps 750000, episodes 750, returns 0.00/0.00/0.00/0.00/5 (mean/median/min/max/num), 70.93 steps/s
INFO:root:TEST LOG: steps 750000, episodes 750, returns 3633.75/3762.60/3107.32/3902.96/5 (mean/median/min/max/num), 70.93 steps/s
2024-05-03 13:46:43,072 | TEST LOG: steps 750000, episodes 750, returns 3633.75/3762.60/3107.32/3902.96/5 (mean/median/min/max/num), 70.93 steps/s
INFO:root:Normalized LOG: steps 750000, episodes 750, returns 0.79/0.82/0.68/0.85/5 (mean/median/min/max/num), 70.93 steps/s
2024-05-03 13:46:43,073 | Normalized LOG: steps 750000, episodes 750, returns 0.79/0.82/0.68/0.85/5 (mean/median/min/max/num), 70.93 steps/s
INFO:root:TRAIN LOG: steps 760000, episodes 760, returns 0.00/0.00/0.00/0.00/5 (mean/median/min/max/num), 70.89 steps/s
2024-05-03 13:49:04,142 | TRAIN LOG: steps 760000, episodes 760, returns 0.00/0.00/0.00/0.00/5 (mean/median/min/max/num), 70.89 steps/s
INFO:root:TEST LOG: steps 760000, episodes 760, returns 3753.04/3796.13/3572.69/3852.27/5 (mean/median/min/max/num), 70.89 steps/s
2024-05-03 13:49:06,244 | TEST LOG: steps 760000, episodes 760, returns 3753.04/3796.13/3572.69/3852.27/5 (mean/median/min/max/num), 70.89 steps/s
INFO:root:Normalized LOG: steps 760000, episodes 760, returns 0.82/0.83/0.78/0.84/5 (mean/median/min/max/num), 70.89 steps/s
2024-05-03 13:49:06,244 | Normalized LOG: steps 760000, episodes 760, returns 0.82/0.83/0.78/0.84/5 (mean/median/min/max/num), 70.89 steps/s
INFO:root:TRAIN LOG: steps 770000, episodes 770, returns 0.00/0.00/0.00/0.00/5 (mean/median/min/max/num), 70.87 steps/s
2024-05-03 13:51:27,353 | TRAIN LOG: steps 770000, episodes 770, returns 0.00/0.00/0.00/0.00/5 (mean/median/min/max/num), 70.87 steps/s
INFO:root:TEST LOG: steps 770000, episodes 770, returns 3280.62/3400.25/2176.42/3902.26/5 (mean/median/min/max/num), 70.87 steps/s
2024-05-03 13:51:29,279 | TEST LOG: steps 770000, episodes 770, returns 3280.62/3400.25/2176.42/3902.26/5 (mean/median/min/max/num), 70.87 steps/s
INFO:root:Normalized LOG: steps 770000, episodes 770, returns 0.71/0.74/0.47/0.85/5 (mean/median/min/max/num), 70.87 steps/s
2024-05-03 13:51:29,279 | Normalized LOG: steps 770000, episodes 770, returns 0.71/0.74/0.47/0.85/5 (mean/median/min/max/num), 70.87 steps/s
INFO:root:TRAIN LOG: steps 780000, episodes 780, returns 0.00/0.00/0.00/0.00/5 (mean/median/min/max/num), 71.14 steps/s
2024-05-03 13:53:49,847 | TRAIN LOG: steps 780000, episodes 780, returns 0.00/0.00/0.00/0.00/5 (mean/median/min/max/num), 71.14 steps/s
INFO:root:TEST LOG: steps 780000, episodes 780, returns 3696.72/3761.86/3405.43/3792.73/5 (mean/median/min/max/num), 71.14 steps/s
2024-05-03 13:53:51,900 | TEST LOG: steps 780000, episodes 780, returns 3696.72/3761.86/3405.43/3792.73/5 (mean/median/min/max/num), 71.14 steps/s
INFO:root:Normalized LOG: steps 780000, episodes 780, returns 0.80/0.82/0.74/0.83/5 (mean/median/min/max/num), 71.14 steps/s
2024-05-03 13:53:51,900 | Normalized LOG: steps 780000, episodes 780, returns 0.80/0.82/0.74/0.83/5 (mean/median/min/max/num), 71.14 steps/s
INFO:root:TRAIN LOG: steps 790000, episodes 790, returns 0.00/0.00/0.00/0.00/5 (mean/median/min/max/num), 70.84 steps/s
2024-05-03 13:56:13,059 | TRAIN LOG: steps 790000, episodes 790, returns 0.00/0.00/0.00/0.00/5 (mean/median/min/max/num), 70.84 steps/s
INFO:root:TEST LOG: steps 790000, episodes 790, returns 3810.27/3852.70/3550.67/3918.00/5 (mean/median/min/max/num), 70.84 steps/s
2024-05-03 13:56:15,165 | TEST LOG: steps 790000, episodes 790, returns 3810.27/3852.70/3550.67/3918.00/5 (mean/median/min/max/num), 70.84 steps/s
INFO:root:Normalized LOG: steps 790000, episodes 790, returns 0.83/0.84/0.77/0.85/5 (mean/median/min/max/num), 70.84 steps/s
2024-05-03 13:56:15,166 | Normalized LOG: steps 790000, episodes 790, returns 0.83/0.84/0.77/0.85/5 (mean/median/min/max/num), 70.84 steps/s
INFO:root:TRAIN LOG: steps 800000, episodes 800, returns 0.00/0.00/0.00/0.00/5 (mean/median/min/max/num), 70.99 steps/s
2024-05-03 13:58:36,025 | TRAIN LOG: steps 800000, episodes 800, returns 0.00/0.00/0.00/0.00/5 (mean/median/min/max/num), 70.99 steps/s
INFO:root:TEST LOG: steps 800000, episodes 800, returns 3680.81/3671.62/3596.45/3762.90/5 (mean/median/min/max/num), 70.99 steps/s
2024-05-03 13:58:38,136 | TEST LOG: steps 800000, episodes 800, returns 3680.81/3671.62/3596.45/3762.90/5 (mean/median/min/max/num), 70.99 steps/s
INFO:root:Normalized LOG: steps 800000, episodes 800, returns 0.80/0.80/0.78/0.82/5 (mean/median/min/max/num), 70.99 steps/s
2024-05-03 13:58:38,136 | Normalized LOG: steps 800000, episodes 800, returns 0.80/0.80/0.78/0.82/5 (mean/median/min/max/num), 70.99 steps/s
INFO:root:TRAIN LOG: steps 810000, episodes 810, returns 0.00/0.00/0.00/0.00/5 (mean/median/min/max/num), 70.96 steps/s
2024-05-03 14:00:59,067 | TRAIN LOG: steps 810000, episodes 810, returns 0.00/0.00/0.00/0.00/5 (mean/median/min/max/num), 70.96 steps/s
INFO:root:TEST LOG: steps 810000, episodes 810, returns 3698.71/3754.96/3518.19/3807.27/5 (mean/median/min/max/num), 70.96 steps/s
2024-05-03 14:01:01,176 | TEST LOG: steps 810000, episodes 810, returns 3698.71/3754.96/3518.19/3807.27/5 (mean/median/min/max/num), 70.96 steps/s
INFO:root:Normalized LOG: steps 810000, episodes 810, returns 0.81/0.82/0.77/0.83/5 (mean/median/min/max/num), 70.96 steps/s
2024-05-03 14:01:01,176 | Normalized LOG: steps 810000, episodes 810, returns 0.81/0.82/0.77/0.83/5 (mean/median/min/max/num), 70.96 steps/s
INFO:root:TRAIN LOG: steps 820000, episodes 820, returns 0.00/0.00/0.00/0.00/5 (mean/median/min/max/num), 70.90 steps/s
2024-05-03 14:03:22,226 | TRAIN LOG: steps 820000, episodes 820, returns 0.00/0.00/0.00/0.00/5 (mean/median/min/max/num), 70.90 steps/s
INFO:root:TEST LOG: steps 820000, episodes 820, returns 3648.05/3844.86/2644.68/3999.39/5 (mean/median/min/max/num), 70.90 steps/s
2024-05-03 14:03:24,177 | TEST LOG: steps 820000, episodes 820, returns 3648.05/3844.86/2644.68/3999.39/5 (mean/median/min/max/num), 70.90 steps/s
INFO:root:Normalized LOG: steps 820000, episodes 820, returns 0.79/0.84/0.58/0.87/5 (mean/median/min/max/num), 70.90 steps/s
2024-05-03 14:03:24,178 | Normalized LOG: steps 820000, episodes 820, returns 0.79/0.84/0.58/0.87/5 (mean/median/min/max/num), 70.90 steps/s
INFO:root:TRAIN LOG: steps 830000, episodes 830, returns 0.00/0.00/0.00/0.00/5 (mean/median/min/max/num), 71.21 steps/s
2024-05-03 14:05:44,606 | TRAIN LOG: steps 830000, episodes 830, returns 0.00/0.00/0.00/0.00/5 (mean/median/min/max/num), 71.21 steps/s
INFO:root:TEST LOG: steps 830000, episodes 830, returns 3535.33/3494.74/3466.04/3631.02/5 (mean/median/min/max/num), 71.21 steps/s
2024-05-03 14:05:46,712 | TEST LOG: steps 830000, episodes 830, returns 3535.33/3494.74/3466.04/3631.02/5 (mean/median/min/max/num), 71.21 steps/s
INFO:root:Normalized LOG: steps 830000, episodes 830, returns 0.77/0.76/0.75/0.79/5 (mean/median/min/max/num), 71.21 steps/s
2024-05-03 14:05:46,712 | Normalized LOG: steps 830000, episodes 830, returns 0.77/0.76/0.75/0.79/5 (mean/median/min/max/num), 71.21 steps/s
INFO:root:TRAIN LOG: steps 840000, episodes 840, returns 0.00/0.00/0.00/0.00/5 (mean/median/min/max/num), 71.01 steps/s
2024-05-03 14:08:07,540 | TRAIN LOG: steps 840000, episodes 840, returns 0.00/0.00/0.00/0.00/5 (mean/median/min/max/num), 71.01 steps/s
INFO:root:TEST LOG: steps 840000, episodes 840, returns 3647.02/3609.04/3455.28/3850.91/5 (mean/median/min/max/num), 71.01 steps/s
2024-05-03 14:08:09,645 | TEST LOG: steps 840000, episodes 840, returns 3647.02/3609.04/3455.28/3850.91/5 (mean/median/min/max/num), 71.01 steps/s
INFO:root:Normalized LOG: steps 840000, episodes 840, returns 0.79/0.79/0.75/0.84/5 (mean/median/min/max/num), 71.01 steps/s
2024-05-03 14:08:09,645 | Normalized LOG: steps 840000, episodes 840, returns 0.79/0.79/0.75/0.84/5 (mean/median/min/max/num), 71.01 steps/s
INFO:root:TRAIN LOG: steps 850000, episodes 850, returns 0.00/0.00/0.00/0.00/5 (mean/median/min/max/num), 70.36 steps/s
2024-05-03 14:10:31,767 | TRAIN LOG: steps 850000, episodes 850, returns 0.00/0.00/0.00/0.00/5 (mean/median/min/max/num), 70.36 steps/s
INFO:root:TEST LOG: steps 850000, episodes 850, returns 3779.94/3869.28/3553.93/3885.06/5 (mean/median/min/max/num), 70.36 steps/s
2024-05-03 14:10:33,874 | TEST LOG: steps 850000, episodes 850, returns 3779.94/3869.28/3553.93/3885.06/5 (mean/median/min/max/num), 70.36 steps/s
INFO:root:Normalized LOG: steps 850000, episodes 850, returns 0.82/0.84/0.77/0.85/5 (mean/median/min/max/num), 70.36 steps/s
2024-05-03 14:10:33,874 | Normalized LOG: steps 850000, episodes 850, returns 0.82/0.84/0.77/0.85/5 (mean/median/min/max/num), 70.36 steps/s
INFO:root:TRAIN LOG: steps 860000, episodes 860, returns 0.00/0.00/0.00/0.00/5 (mean/median/min/max/num), 70.89 steps/s
2024-05-03 14:12:54,929 | TRAIN LOG: steps 860000, episodes 860, returns 0.00/0.00/0.00/0.00/5 (mean/median/min/max/num), 70.89 steps/s
INFO:root:TEST LOG: steps 860000, episodes 860, returns 3674.24/3647.64/3637.99/3743.65/5 (mean/median/min/max/num), 70.89 steps/s
2024-05-03 14:12:57,033 | TEST LOG: steps 860000, episodes 860, returns 3674.24/3647.64/3637.99/3743.65/5 (mean/median/min/max/num), 70.89 steps/s
INFO:root:Normalized LOG: steps 860000, episodes 860, returns 0.80/0.79/0.79/0.82/5 (mean/median/min/max/num), 70.89 steps/s
2024-05-03 14:12:57,033 | Normalized LOG: steps 860000, episodes 860, returns 0.80/0.79/0.79/0.82/5 (mean/median/min/max/num), 70.89 steps/s
INFO:root:TRAIN LOG: steps 870000, episodes 870, returns 0.00/0.00/0.00/0.00/5 (mean/median/min/max/num), 70.88 steps/s
2024-05-03 14:15:18,125 | TRAIN LOG: steps 870000, episodes 870, returns 0.00/0.00/0.00/0.00/5 (mean/median/min/max/num), 70.88 steps/s
INFO:root:TEST LOG: steps 870000, episodes 870, returns 3810.38/3805.62/3716.44/3938.28/5 (mean/median/min/max/num), 70.88 steps/s
2024-05-03 14:15:20,232 | TEST LOG: steps 870000, episodes 870, returns 3810.38/3805.62/3716.44/3938.28/5 (mean/median/min/max/num), 70.88 steps/s
INFO:root:Normalized LOG: steps 870000, episodes 870, returns 0.83/0.83/0.81/0.86/5 (mean/median/min/max/num), 70.88 steps/s
2024-05-03 14:15:20,232 | Normalized LOG: steps 870000, episodes 870, returns 0.83/0.83/0.81/0.86/5 (mean/median/min/max/num), 70.88 steps/s
INFO:root:TRAIN LOG: steps 880000, episodes 880, returns 0.00/0.00/0.00/0.00/5 (mean/median/min/max/num), 70.87 steps/s
2024-05-03 14:17:41,336 | TRAIN LOG: steps 880000, episodes 880, returns 0.00/0.00/0.00/0.00/5 (mean/median/min/max/num), 70.87 steps/s
INFO:root:TEST LOG: steps 880000, episodes 880, returns 3641.68/3576.39/3450.67/3861.66/5 (mean/median/min/max/num), 70.87 steps/s
2024-05-03 14:17:43,439 | TEST LOG: steps 880000, episodes 880, returns 3641.68/3576.39/3450.67/3861.66/5 (mean/median/min/max/num), 70.87 steps/s
INFO:root:Normalized LOG: steps 880000, episodes 880, returns 0.79/0.78/0.75/0.84/5 (mean/median/min/max/num), 70.87 steps/s
2024-05-03 14:17:43,439 | Normalized LOG: steps 880000, episodes 880, returns 0.79/0.78/0.75/0.84/5 (mean/median/min/max/num), 70.87 steps/s
INFO:root:TRAIN LOG: steps 890000, episodes 890, returns 0.00/0.00/0.00/0.00/5 (mean/median/min/max/num), 71.07 steps/s
2024-05-03 14:20:04,145 | TRAIN LOG: steps 890000, episodes 890, returns 0.00/0.00/0.00/0.00/5 (mean/median/min/max/num), 71.07 steps/s
INFO:root:TEST LOG: steps 890000, episodes 890, returns 3446.88/3908.31/1849.97/4041.10/5 (mean/median/min/max/num), 71.07 steps/s
2024-05-03 14:20:06,043 | TEST LOG: steps 890000, episodes 890, returns 3446.88/3908.31/1849.97/4041.10/5 (mean/median/min/max/num), 71.07 steps/s
INFO:root:Normalized LOG: steps 890000, episodes 890, returns 0.75/0.85/0.40/0.88/5 (mean/median/min/max/num), 71.07 steps/s
2024-05-03 14:20:06,043 | Normalized LOG: steps 890000, episodes 890, returns 0.75/0.85/0.40/0.88/5 (mean/median/min/max/num), 71.07 steps/s
INFO:root:TRAIN LOG: steps 900000, episodes 900, returns 0.00/0.00/0.00/0.00/5 (mean/median/min/max/num), 70.99 steps/s
2024-05-03 14:22:26,911 | TRAIN LOG: steps 900000, episodes 900, returns 0.00/0.00/0.00/0.00/5 (mean/median/min/max/num), 70.99 steps/s
INFO:root:TEST LOG: steps 900000, episodes 900, returns 3652.49/3674.31/3565.71/3707.30/5 (mean/median/min/max/num), 70.99 steps/s
2024-05-03 14:22:29,016 | TEST LOG: steps 900000, episodes 900, returns 3652.49/3674.31/3565.71/3707.30/5 (mean/median/min/max/num), 70.99 steps/s
INFO:root:Normalized LOG: steps 900000, episodes 900, returns 0.80/0.80/0.78/0.81/5 (mean/median/min/max/num), 70.99 steps/s
2024-05-03 14:22:29,017 | Normalized LOG: steps 900000, episodes 900, returns 0.80/0.80/0.78/0.81/5 (mean/median/min/max/num), 70.99 steps/s
INFO:root:TRAIN LOG: steps 910000, episodes 910, returns 0.00/0.00/0.00/0.00/5 (mean/median/min/max/num), 70.90 steps/s
2024-05-03 14:24:50,054 | TRAIN LOG: steps 910000, episodes 910, returns 0.00/0.00/0.00/0.00/5 (mean/median/min/max/num), 70.90 steps/s
INFO:root:TEST LOG: steps 910000, episodes 910, returns 3720.45/3767.09/3518.45/3795.36/5 (mean/median/min/max/num), 70.90 steps/s
2024-05-03 14:24:52,166 | TEST LOG: steps 910000, episodes 910, returns 3720.45/3767.09/3518.45/3795.36/5 (mean/median/min/max/num), 70.90 steps/s
INFO:root:Normalized LOG: steps 910000, episodes 910, returns 0.81/0.82/0.77/0.83/5 (mean/median/min/max/num), 70.90 steps/s
2024-05-03 14:24:52,167 | Normalized LOG: steps 910000, episodes 910, returns 0.81/0.82/0.77/0.83/5 (mean/median/min/max/num), 70.90 steps/s
INFO:root:TRAIN LOG: steps 920000, episodes 920, returns 0.00/0.00/0.00/0.00/5 (mean/median/min/max/num), 70.89 steps/s
2024-05-03 14:27:13,224 | TRAIN LOG: steps 920000, episodes 920, returns 0.00/0.00/0.00/0.00/5 (mean/median/min/max/num), 70.89 steps/s
INFO:root:TEST LOG: steps 920000, episodes 920, returns 3700.20/3651.17/3611.49/3825.48/5 (mean/median/min/max/num), 70.89 steps/s
2024-05-03 14:27:15,329 | TEST LOG: steps 920000, episodes 920, returns 3700.20/3651.17/3611.49/3825.48/5 (mean/median/min/max/num), 70.89 steps/s
INFO:root:Normalized LOG: steps 920000, episodes 920, returns 0.81/0.79/0.79/0.83/5 (mean/median/min/max/num), 70.89 steps/s
2024-05-03 14:27:15,330 | Normalized LOG: steps 920000, episodes 920, returns 0.81/0.79/0.79/0.83/5 (mean/median/min/max/num), 70.89 steps/s
INFO:root:TRAIN LOG: steps 930000, episodes 930, returns 0.00/0.00/0.00/0.00/5 (mean/median/min/max/num), 70.87 steps/s
2024-05-03 14:29:36,426 | TRAIN LOG: steps 930000, episodes 930, returns 0.00/0.00/0.00/0.00/5 (mean/median/min/max/num), 70.87 steps/s
INFO:root:TEST LOG: steps 930000, episodes 930, returns 3494.92/3510.88/3311.64/3637.26/5 (mean/median/min/max/num), 70.87 steps/s
2024-05-03 14:29:38,532 | TEST LOG: steps 930000, episodes 930, returns 3494.92/3510.88/3311.64/3637.26/5 (mean/median/min/max/num), 70.87 steps/s
INFO:root:Normalized LOG: steps 930000, episodes 930, returns 0.76/0.76/0.72/0.79/5 (mean/median/min/max/num), 70.87 steps/s
2024-05-03 14:29:38,533 | Normalized LOG: steps 930000, episodes 930, returns 0.76/0.76/0.72/0.79/5 (mean/median/min/max/num), 70.87 steps/s
INFO:root:TRAIN LOG: steps 940000, episodes 940, returns 0.00/0.00/0.00/0.00/5 (mean/median/min/max/num), 70.86 steps/s
2024-05-03 14:31:59,658 | TRAIN LOG: steps 940000, episodes 940, returns 0.00/0.00/0.00/0.00/5 (mean/median/min/max/num), 70.86 steps/s
INFO:root:TEST LOG: steps 940000, episodes 940, returns 3568.18/3675.33/3327.56/3783.70/5 (mean/median/min/max/num), 70.86 steps/s
2024-05-03 14:32:01,763 | TEST LOG: steps 940000, episodes 940, returns 3568.18/3675.33/3327.56/3783.70/5 (mean/median/min/max/num), 70.86 steps/s
INFO:root:Normalized LOG: steps 940000, episodes 940, returns 0.78/0.80/0.72/0.82/5 (mean/median/min/max/num), 70.86 steps/s
2024-05-03 14:32:01,763 | Normalized LOG: steps 940000, episodes 940, returns 0.78/0.80/0.72/0.82/5 (mean/median/min/max/num), 70.86 steps/s
INFO:root:TRAIN LOG: steps 950000, episodes 950, returns 0.00/0.00/0.00/0.00/5 (mean/median/min/max/num), 70.88 steps/s
2024-05-03 14:34:22,848 | TRAIN LOG: steps 950000, episodes 950, returns 0.00/0.00/0.00/0.00/5 (mean/median/min/max/num), 70.88 steps/s
INFO:root:TEST LOG: steps 950000, episodes 950, returns 3335.64/3508.44/2536.38/3580.67/5 (mean/median/min/max/num), 70.88 steps/s
2024-05-03 14:34:24,831 | TEST LOG: steps 950000, episodes 950, returns 3335.64/3508.44/2536.38/3580.67/5 (mean/median/min/max/num), 70.88 steps/s
INFO:root:Normalized LOG: steps 950000, episodes 950, returns 0.73/0.76/0.55/0.78/5 (mean/median/min/max/num), 70.88 steps/s
2024-05-03 14:34:24,832 | Normalized LOG: steps 950000, episodes 950, returns 0.73/0.76/0.55/0.78/5 (mean/median/min/max/num), 70.88 steps/s
INFO:root:TRAIN LOG: steps 960000, episodes 960, returns 0.00/0.00/0.00/0.00/5 (mean/median/min/max/num), 71.13 steps/s
2024-05-03 14:36:45,421 | TRAIN LOG: steps 960000, episodes 960, returns 0.00/0.00/0.00/0.00/5 (mean/median/min/max/num), 71.13 steps/s
INFO:root:TEST LOG: steps 960000, episodes 960, returns 3839.83/3804.52/3715.24/3971.49/5 (mean/median/min/max/num), 71.13 steps/s
2024-05-03 14:36:47,524 | TEST LOG: steps 960000, episodes 960, returns 3839.83/3804.52/3715.24/3971.49/5 (mean/median/min/max/num), 71.13 steps/s
INFO:root:Normalized LOG: steps 960000, episodes 960, returns 0.84/0.83/0.81/0.86/5 (mean/median/min/max/num), 71.13 steps/s
2024-05-03 14:36:47,524 | Normalized LOG: steps 960000, episodes 960, returns 0.84/0.83/0.81/0.86/5 (mean/median/min/max/num), 71.13 steps/s
INFO:root:TRAIN LOG: steps 970000, episodes 970, returns 0.00/0.00/0.00/0.00/5 (mean/median/min/max/num), 71.05 steps/s
2024-05-03 14:39:08,265 | TRAIN LOG: steps 970000, episodes 970, returns 0.00/0.00/0.00/0.00/5 (mean/median/min/max/num), 71.05 steps/s
INFO:root:TEST LOG: steps 970000, episodes 970, returns 3474.68/3473.30/3289.36/3742.34/5 (mean/median/min/max/num), 71.05 steps/s
2024-05-03 14:39:10,472 | TEST LOG: steps 970000, episodes 970, returns 3474.68/3473.30/3289.36/3742.34/5 (mean/median/min/max/num), 71.05 steps/s
INFO:root:Normalized LOG: steps 970000, episodes 970, returns 0.76/0.76/0.72/0.81/5 (mean/median/min/max/num), 71.05 steps/s
2024-05-03 14:39:10,473 | Normalized LOG: steps 970000, episodes 970, returns 0.76/0.76/0.72/0.81/5 (mean/median/min/max/num), 71.05 steps/s
INFO:root:TRAIN LOG: steps 980000, episodes 980, returns 0.00/0.00/0.00/0.00/5 (mean/median/min/max/num), 71.05 steps/s
2024-05-03 14:41:31,214 | TRAIN LOG: steps 980000, episodes 980, returns 0.00/0.00/0.00/0.00/5 (mean/median/min/max/num), 71.05 steps/s
INFO:root:TEST LOG: steps 980000, episodes 980, returns 3736.57/3724.17/3695.39/3774.18/5 (mean/median/min/max/num), 71.05 steps/s
2024-05-03 14:41:33,321 | TEST LOG: steps 980000, episodes 980, returns 3736.57/3724.17/3695.39/3774.18/5 (mean/median/min/max/num), 71.05 steps/s
INFO:root:Normalized LOG: steps 980000, episodes 980, returns 0.81/0.81/0.80/0.82/5 (mean/median/min/max/num), 71.05 steps/s
2024-05-03 14:41:33,321 | Normalized LOG: steps 980000, episodes 980, returns 0.81/0.81/0.80/0.82/5 (mean/median/min/max/num), 71.05 steps/s
INFO:root:TRAIN LOG: steps 990000, episodes 990, returns 0.00/0.00/0.00/0.00/5 (mean/median/min/max/num), 70.94 steps/s
2024-05-03 14:43:54,287 | TRAIN LOG: steps 990000, episodes 990, returns 0.00/0.00/0.00/0.00/5 (mean/median/min/max/num), 70.94 steps/s
INFO:root:TEST LOG: steps 990000, episodes 990, returns 3667.75/3690.51/3490.27/3751.54/5 (mean/median/min/max/num), 70.94 steps/s
2024-05-03 14:43:56,394 | TEST LOG: steps 990000, episodes 990, returns 3667.75/3690.51/3490.27/3751.54/5 (mean/median/min/max/num), 70.94 steps/s
INFO:root:Normalized LOG: steps 990000, episodes 990, returns 0.80/0.80/0.76/0.82/5 (mean/median/min/max/num), 70.94 steps/s
2024-05-03 14:43:56,395 | Normalized LOG: steps 990000, episodes 990, returns 0.80/0.80/0.76/0.82/5 (mean/median/min/max/num), 70.94 steps/s
INFO:root:TRAIN LOG: steps 1000000, episodes 1000, returns 0.00/0.00/0.00/0.00/5 (mean/median/min/max/num), 71.23 steps/s
2024-05-03 14:46:16,789 | TRAIN LOG: steps 1000000, episodes 1000, returns 0.00/0.00/0.00/0.00/5 (mean/median/min/max/num), 71.23 steps/s
INFO:root:TEST LOG: steps 1000000, episodes 1000, returns 3531.49/3753.35/2544.23/3856.36/5 (mean/median/min/max/num), 71.23 steps/s
2024-05-03 14:46:18,764 | TEST LOG: steps 1000000, episodes 1000, returns 3531.49/3753.35/2544.23/3856.36/5 (mean/median/min/max/num), 71.23 steps/s
INFO:root:Normalized LOG: steps 1000000, episodes 1000, returns 0.77/0.82/0.55/0.84/5 (mean/median/min/max/num), 71.23 steps/s
2024-05-03 14:46:18,764 | Normalized LOG: steps 1000000, episodes 1000, returns 0.77/0.82/0.55/0.84/5 (mean/median/min/max/num), 71.23 steps/s
==============================================================================
Running epilogue script on rose04.

Submit time  : 2024-05-02T23:36:08
Start time   : 2024-05-03T10:46:10
End time     : 2024-05-03T14:46:21
Elapsed time : 04:00:11 (Timelimit=06:00:00)

Job ID: 5937492
Cluster: i5
User/Group: jhj1g23/fp
State: COMPLETED (exit code 0)
Nodes: 1
Cores per node: 48
CPU Utilized: 03:58:35
CPU Efficiency: 2.07% of 8-00:08:48 core-walltime
Job Wall-clock time: 04:00:11
Memory Utilized: 649.18 MB
Memory Efficiency: 0.00% of 16.00 B

