Running SLURM prolog script on rose07.cluster.local
===============================================================================
Job started on Tue Apr  2 20:41:50 BST 2024
Job ID          : 5764292
Job name        : lauch.sh
WorkDir         : /mainfs/lyceum/jhj1g23/Deep-Learning-Learning/uavsvm
Command         : /mainfs/lyceum/jhj1g23/Deep-Learning-Learning/uavsvm/lauch.sh
Partition       : a100
Num hosts       : 1
Num cores       : 48
Num of tasks    : 1
Hosts allocated : rose07
Job Output Follows ...
===============================================================================
Traceback (most recent call last):
  File "/mainfs/lyceum/jhj1g23/Deep-Learning-Learning/uavsvm/SVM.py", line 7, in <module>
    from matplotlib.colors import Normalize
ModuleNotFoundError: No module named 'matplotlib'
==============================================================================
Running epilogue script on rose07.

Submit time  : 2024-04-02T20:41:50
Start time   : 2024-04-02T20:41:50
End time     : 2024-04-02T20:42:04
Elapsed time : 00:00:14 (Timelimit=03:00:00)

Job ID: 5764292
Cluster: i5
User/Group: jhj1g23/fp
State: FAILED (exit code 1)
Nodes: 1
Cores per node: 48
CPU Utilized: 00:00:13
CPU Efficiency: 1.93% of 00:11:12 core-walltime
Job Wall-clock time: 00:00:14
Memory Utilized: 2.52 MB
Memory Efficiency: 0.00% of 16.00 B

