Running SLURM prolog script on rose02.cluster.local
===============================================================================
Job started on Wed Apr  3 17:38:52 BST 2024
Job ID          : 5768521
Job name        : lauch.sh
WorkDir         : /mainfs/lyceum/jhj1g23/Deep-Learning-Learning/uavsvm
Command         : /mainfs/lyceum/jhj1g23/Deep-Learning-Learning/uavsvm/lauch.sh
Partition       : a100
Num hosts       : 1
Num cores       : 48
Num of tasks    : 1
Hosts allocated : rose02
Job Output Follows ...
===============================================================================
[I 2024-04-03 17:39:44,847] A new study created in memory with name: no-name-3d2710cc-6064-466f-af42-d4a2de7c15be
[I 2024-04-03 17:40:34,227] Trial 0 finished with value: 0.7840466926070039 and parameters: {'num_layers': 3, 'num_neurons': 254, 'dropout_rate': 0.17993683356595574, 'lr': 0.00024508939919397034, 'optimizer': 'RMSprop', 'lr_decay': 0.990237433476786, 'activation': 'ReLU'}. Best is trial 0 with value: 0.7840466926070039.
[I 2024-04-03 17:40:58,567] Trial 1 finished with value: 0.7821011673151751 and parameters: {'num_layers': 2, 'num_neurons': 209, 'dropout_rate': 0.38739335920394813, 'lr': 0.031240005772419976, 'optimizer': 'RMSprop', 'lr_decay': 0.9583890298811898, 'activation': 'LeakyReLU'}. Best is trial 0 with value: 0.7840466926070039.
[I 2024-04-03 17:41:26,106] Trial 2 finished with value: 0.7821011673151751 and parameters: {'num_layers': 3, 'num_neurons': 103, 'dropout_rate': 0.5425310290830613, 'lr': 0.009261067884686355, 'optimizer': 'RMSprop', 'lr_decay': 0.9961620269485576, 'activation': 'Sigmoid'}. Best is trial 0 with value: 0.7840466926070039.
[I 2024-04-03 17:41:43,945] Trial 3 finished with value: 0.7723735408560312 and parameters: {'num_layers': 1, 'num_neurons': 76, 'dropout_rate': 0.17571945738565187, 'lr': 0.0699798294299549, 'optimizer': 'RMSprop', 'lr_decay': 0.9610691209910782, 'activation': 'ELU'}. Best is trial 0 with value: 0.7840466926070039.
[I 2024-04-03 17:42:09,973] Trial 4 finished with value: 0.6381322957198443 and parameters: {'num_layers': 3, 'num_neurons': 222, 'dropout_rate': 0.20378814972177006, 'lr': 0.00482267870832823, 'optimizer': 'SGD', 'lr_decay': 0.9638082855567774, 'activation': 'Tanh'}. Best is trial 0 with value: 0.7840466926070039.
[I 2024-04-03 17:42:10,050] Trial 5 pruned. 
[I 2024-04-03 17:42:28,038] Trial 6 finished with value: 0.7821011673151751 and parameters: {'num_layers': 1, 'num_neurons': 69, 'dropout_rate': 0.5783954012028315, 'lr': 0.0003591075602168562, 'optimizer': 'RMSprop', 'lr_decay': 0.9680782399534456, 'activation': 'Sigmoid'}. Best is trial 0 with value: 0.7840466926070039.
[I 2024-04-03 17:42:28,142] Trial 7 pruned. 
[I 2024-04-03 17:42:46,192] Trial 8 finished with value: 0.7801556420233463 and parameters: {'num_layers': 1, 'num_neurons': 91, 'dropout_rate': 0.25097124414175986, 'lr': 0.0010919533432966764, 'optimizer': 'RMSprop', 'lr_decay': 0.9920101907166149, 'activation': 'ReLU'}. Best is trial 0 with value: 0.7840466926070039.
[I 2024-04-03 17:42:46,251] Trial 9 pruned. 
[I 2024-04-03 17:42:46,384] Trial 10 pruned. 
[I 2024-04-03 17:42:46,521] Trial 11 pruned. 
[I 2024-04-03 17:43:12,616] Trial 12 finished with value: 0.7782101167315175 and parameters: {'num_layers': 2, 'num_neurons': 336, 'dropout_rate': 0.4497170656421399, 'lr': 0.009980718535680463, 'optimizer': 'RMSprop', 'lr_decay': 0.9800422873219036, 'activation': 'LeakyReLU'}. Best is trial 0 with value: 0.7840466926070039.
[I 2024-04-03 17:43:12,687] Trial 13 pruned. 
[I 2024-04-03 17:43:12,773] Trial 14 pruned. 
[I 2024-04-03 17:43:12,847] Trial 15 pruned. 
[I 2024-04-03 17:43:12,933] Trial 16 pruned. 
[I 2024-04-03 17:43:13,004] Trial 17 pruned. 
[I 2024-04-03 17:43:13,077] Trial 18 pruned. 
[I 2024-04-03 17:43:13,176] Trial 19 pruned. 
[I 2024-04-03 17:43:40,588] Trial 20 finished with value: 0.7762645914396887 and parameters: {'num_layers': 2, 'num_neurons': 382, 'dropout_rate': 0.13598383747940013, 'lr': 0.002573417045181149, 'optimizer': 'RMSprop', 'lr_decay': 0.9781772533208137, 'activation': 'Sigmoid'}. Best is trial 0 with value: 0.7840466926070039.
[I 2024-04-03 17:43:40,673] Trial 21 pruned. 
[I 2024-04-03 17:44:06,960] Trial 22 finished with value: 0.7821011673151751 and parameters: {'num_layers': 3, 'num_neurons': 34, 'dropout_rate': 0.6139265844377307, 'lr': 0.08749177936463039, 'optimizer': 'RMSprop', 'lr_decay': 0.9949482627674638, 'activation': 'Sigmoid'}. Best is trial 0 with value: 0.7840466926070039.
[I 2024-04-03 17:44:35,899] Trial 23 finished with value: 0.7821011673151751 and parameters: {'num_layers': 3, 'num_neurons': 121, 'dropout_rate': 0.6665583498750477, 'lr': 0.006734944431728289, 'optimizer': 'RMSprop', 'lr_decay': 0.9879861746985432, 'activation': 'Sigmoid'}. Best is trial 0 with value: 0.7840466926070039.
[I 2024-04-03 17:44:35,991] Trial 24 pruned. 
[I 2024-04-03 17:45:01,960] Trial 25 finished with value: 0.7782101167315175 and parameters: {'num_layers': 2, 'num_neurons': 299, 'dropout_rate': 0.40610987839787777, 'lr': 0.0005303873243813077, 'optimizer': 'RMSprop', 'lr_decay': 0.996837118251857, 'activation': 'Sigmoid'}. Best is trial 0 with value: 0.7840466926070039.
[I 2024-04-03 17:45:02,037] Trial 26 pruned. 
[I 2024-04-03 17:45:02,120] Trial 27 pruned. 
[I 2024-04-03 17:45:02,180] Trial 28 pruned. 
[I 2024-04-03 17:45:02,231] Trial 29 pruned. 
[I 2024-04-03 17:45:28,088] Trial 30 finished with value: 0.7723735408560312 and parameters: {'num_layers': 2, 'num_neurons': 289, 'dropout_rate': 0.2983974994717064, 'lr': 0.0001652746034615461, 'optimizer': 'RMSprop', 'lr_decay': 0.9676072753536357, 'activation': 'Sigmoid'}. Best is trial 0 with value: 0.7840466926070039.
[I 2024-04-03 17:45:46,126] Trial 31 finished with value: 0.7821011673151751 and parameters: {'num_layers': 1, 'num_neurons': 75, 'dropout_rate': 0.5895336855151581, 'lr': 0.0002421376223089563, 'optimizer': 'RMSprop', 'lr_decay': 0.9599368046734519, 'activation': 'Sigmoid'}. Best is trial 0 with value: 0.7840466926070039.
[I 2024-04-03 17:45:46,182] Trial 32 pruned. 
[I 2024-04-03 17:45:46,238] Trial 33 pruned. 
[I 2024-04-03 17:46:15,644] Trial 34 finished with value: 0.7821011673151751 and parameters: {'num_layers': 3, 'num_neurons': 149, 'dropout_rate': 0.5362187330432706, 'lr': 0.000369827461926812, 'optimizer': 'RMSprop', 'lr_decay': 0.9660482489509976, 'activation': 'Sigmoid'}. Best is trial 0 with value: 0.7840466926070039.
[I 2024-04-03 17:46:15,710] Trial 35 pruned. 
[I 2024-04-03 17:46:33,559] Trial 36 finished with value: 0.7821011673151751 and parameters: {'num_layers': 1, 'num_neurons': 51, 'dropout_rate': 0.1886646720957209, 'lr': 0.051451154627834596, 'optimizer': 'RMSprop', 'lr_decay': 0.9972452909060195, 'activation': 'Sigmoid'}. Best is trial 0 with value: 0.7840466926070039.
[I 2024-04-03 17:46:33,645] Trial 37 pruned. 
[I 2024-04-03 17:46:33,722] Trial 38 pruned. 
[I 2024-04-03 17:47:08,938] Trial 39 finished with value: 0.7840466926070039 and parameters: {'num_layers': 4, 'num_neurons': 181, 'dropout_rate': 0.14612445657515108, 'lr': 0.000742808623693304, 'optimizer': 'RMSprop', 'lr_decay': 0.953977131284526, 'activation': 'ReLU'}. Best is trial 0 with value: 0.7840466926070039.
[I 2024-04-03 17:47:43,910] Trial 40 finished with value: 0.7976653696498055 and parameters: {'num_layers': 4, 'num_neurons': 174, 'dropout_rate': 0.1572433403899416, 'lr': 0.0006655903959267996, 'optimizer': 'RMSprop', 'lr_decay': 0.9524502069225788, 'activation': 'ReLU'}. Best is trial 40 with value: 0.7976653696498055.
[I 2024-04-03 17:47:44,003] Trial 41 pruned. 
[I 2024-04-03 17:47:44,099] Trial 42 pruned. 
[I 2024-04-03 17:48:25,646] Trial 43 finished with value: 0.7762645914396887 and parameters: {'num_layers': 5, 'num_neurons': 193, 'dropout_rate': 0.10452896360840955, 'lr': 0.00028015618390045833, 'optimizer': 'RMSprop', 'lr_decay': 0.9544961547014774, 'activation': 'ReLU'}. Best is trial 40 with value: 0.7976653696498055.
[I 2024-04-03 17:48:25,736] Trial 44 pruned. 
[I 2024-04-03 17:48:56,475] Trial 45 finished with value: 0.7879377431906615 and parameters: {'num_layers': 3, 'num_neurons': 211, 'dropout_rate': 0.11825083715650525, 'lr': 0.004063652995892813, 'optimizer': 'RMSprop', 'lr_decay': 0.9595673132841328, 'activation': 'ReLU'}. Best is trial 40 with value: 0.7976653696498055.
[I 2024-04-03 17:48:56,570] Trial 46 pruned. 
[I 2024-04-03 17:49:40,943] Trial 47 finished with value: 0.7782101167315175 and parameters: {'num_layers': 5, 'num_neurons': 253, 'dropout_rate': 0.21676776075645823, 'lr': 0.0005745893454309639, 'optimizer': 'RMSprop', 'lr_decay': 0.9583778578438465, 'activation': 'ReLU'}. Best is trial 40 with value: 0.7976653696498055.
[I 2024-04-03 17:49:41,014] Trial 48 pruned. 
[I 2024-04-03 17:49:41,123] Trial 49 pruned. 
[I 2024-04-03 17:49:41,217] Trial 50 pruned. 
[I 2024-04-03 17:50:10,720] Trial 51 finished with value: 0.7821011673151751 and parameters: {'num_layers': 3, 'num_neurons': 170, 'dropout_rate': 0.1580679932401221, 'lr': 0.016955867385545526, 'optimizer': 'RMSprop', 'lr_decay': 0.9591446867330337, 'activation': 'ReLU'}. Best is trial 40 with value: 0.7976653696498055.
[I 2024-04-03 17:50:40,889] Trial 52 finished with value: 0.7821011673151751 and parameters: {'num_layers': 3, 'num_neurons': 195, 'dropout_rate': 0.19311280954699558, 'lr': 0.008491030795366958, 'optimizer': 'RMSprop', 'lr_decay': 0.9501109404003134, 'activation': 'LeakyReLU'}. Best is trial 40 with value: 0.7976653696498055.
[I 2024-04-03 17:51:11,797] Trial 53 finished with value: 0.7801556420233463 and parameters: {'num_layers': 3, 'num_neurons': 232, 'dropout_rate': 0.24943546183044685, 'lr': 0.0038019568257947915, 'optimizer': 'RMSprop', 'lr_decay': 0.9527159026431856, 'activation': 'ReLU'}. Best is trial 40 with value: 0.7976653696498055.
[I 2024-04-03 17:51:45,395] Trial 54 finished with value: 0.7840466926070039 and parameters: {'num_layers': 4, 'num_neurons': 118, 'dropout_rate': 0.10169644538213796, 'lr': 0.014932486558075848, 'optimizer': 'RMSprop', 'lr_decay': 0.9814223691696511, 'activation': 'ReLU'}. Best is trial 40 with value: 0.7976653696498055.
[I 2024-04-03 17:51:45,499] Trial 55 pruned. 
[I 2024-04-03 17:51:45,588] Trial 56 pruned. 
[I 2024-04-03 17:52:28,266] Trial 57 finished with value: 0.7762645914396887 and parameters: {'num_layers': 5, 'num_neurons': 176, 'dropout_rate': 0.12986214361854043, 'lr': 0.02676039177449507, 'optimizer': 'RMSprop', 'lr_decay': 0.9906499010247805, 'activation': 'ReLU'}. Best is trial 40 with value: 0.7976653696498055.
[I 2024-04-03 17:52:28,353] Trial 58 pruned. 
[I 2024-04-03 17:52:28,452] Trial 59 pruned. 
[I 2024-04-03 17:52:28,571] Trial 60 pruned. 
[I 2024-04-03 17:52:28,650] Trial 61 pruned. 
[I 2024-04-03 17:53:00,003] Trial 62 finished with value: 0.7801556420233463 and parameters: {'num_layers': 3, 'num_neurons': 265, 'dropout_rate': 0.22467740616829943, 'lr': 0.0002849850312786441, 'optimizer': 'RMSprop', 'lr_decay': 0.9926655656473516, 'activation': 'ReLU'}. Best is trial 40 with value: 0.7976653696498055.
[I 2024-04-03 17:53:00,083] Trial 63 pruned. 
[I 2024-04-03 17:53:32,853] Trial 64 finished with value: 0.7821011673151751 and parameters: {'num_layers': 3, 'num_neurons': 243, 'dropout_rate': 0.12644290922575718, 'lr': 0.008275449369919884, 'optimizer': 'RMSprop', 'lr_decay': 0.9878915337170439, 'activation': 'ReLU'}. Best is trial 40 with value: 0.7976653696498055.
[I 2024-04-03 17:53:32,936] Trial 65 pruned. 
[I 2024-04-03 17:53:33,005] Trial 66 pruned. 
[I 2024-04-03 17:53:33,096] Trial 67 pruned. 
[I 2024-04-03 17:53:33,178] Trial 68 pruned. 
[I 2024-04-03 17:53:33,287] Trial 69 pruned. 
[I 2024-04-03 17:53:33,350] Trial 70 pruned. 
[I 2024-04-03 17:53:56,716] Trial 71 finished with value: 0.7821011673151751 and parameters: {'num_layers': 2, 'num_neurons': 112, 'dropout_rate': 0.5798796330019315, 'lr': 9.928377199562299e-05, 'optimizer': 'RMSprop', 'lr_decay': 0.9679087277256055, 'activation': 'Sigmoid'}. Best is trial 40 with value: 0.7976653696498055.
[I 2024-04-03 17:54:14,935] Trial 72 finished with value: 0.7821011673151751 and parameters: {'num_layers': 1, 'num_neurons': 89, 'dropout_rate': 0.6978404206797537, 'lr': 0.000348010971500812, 'optimizer': 'RMSprop', 'lr_decay': 0.9561092865918475, 'activation': 'Sigmoid'}. Best is trial 40 with value: 0.7976653696498055.
[I 2024-04-03 17:54:37,667] Trial 73 finished with value: 0.7821011673151751 and parameters: {'num_layers': 2, 'num_neurons': 66, 'dropout_rate': 0.6366375265066962, 'lr': 0.00013436069271299797, 'optimizer': 'RMSprop', 'lr_decay': 0.9699185602558029, 'activation': 'Sigmoid'}. Best is trial 40 with value: 0.7976653696498055.
[I 2024-04-03 17:55:08,992] Trial 74 finished with value: 0.7762645914396887 and parameters: {'num_layers': 3, 'num_neurons': 223, 'dropout_rate': 0.5542246373127806, 'lr': 0.0006627030039425958, 'optimizer': 'RMSprop', 'lr_decay': 0.9655317571924109, 'activation': 'Sigmoid'}. Best is trial 40 with value: 0.7976653696498055.
[I 2024-04-03 17:55:29,188] Trial 75 finished with value: 0.7782101167315175 and parameters: {'num_layers': 1, 'num_neurons': 205, 'dropout_rate': 0.5188145027169052, 'lr': 0.0004218506978498278, 'optimizer': 'Adam', 'lr_decay': 0.9984412198098559, 'activation': 'ReLU'}. Best is trial 40 with value: 0.7976653696498055.
[I 2024-04-03 17:55:29,279] Trial 76 pruned. 
[I 2024-04-03 17:55:59,474] Trial 77 finished with value: 0.7782101167315175 and parameters: {'num_layers': 3, 'num_neurons': 181, 'dropout_rate': 0.6021531294589013, 'lr': 0.0012055569402824387, 'optimizer': 'RMSprop', 'lr_decay': 0.957274943502292, 'activation': 'Sigmoid'}. Best is trial 40 with value: 0.7976653696498055.
[I 2024-04-03 17:55:59,562] Trial 78 pruned. 
[I 2024-04-03 17:55:59,640] Trial 79 pruned. 
[I 2024-04-03 17:56:23,292] Trial 80 finished with value: 0.77431906614786 and parameters: {'num_layers': 2, 'num_neurons': 120, 'dropout_rate': 0.42940554941093567, 'lr': 0.0008904384056583266, 'optimizer': 'RMSprop', 'lr_decay': 0.9861618872891127, 'activation': 'Sigmoid'}. Best is trial 40 with value: 0.7976653696498055.
[I 2024-04-03 17:56:49,655] Trial 81 finished with value: 0.7821011673151751 and parameters: {'num_layers': 3, 'num_neurons': 43, 'dropout_rate': 0.6794589776471947, 'lr': 0.05267339060801098, 'optimizer': 'RMSprop', 'lr_decay': 0.994644116762242, 'activation': 'Sigmoid'}. Best is trial 40 with value: 0.7976653696498055.
[I 2024-04-03 17:57:15,816] Trial 82 finished with value: 0.7821011673151751 and parameters: {'num_layers': 3, 'num_neurons': 34, 'dropout_rate': 0.6200364524531412, 'lr': 0.0837908591438903, 'optimizer': 'RMSprop', 'lr_decay': 0.9931950477935924, 'activation': 'Sigmoid'}. Best is trial 40 with value: 0.7976653696498055.
[I 2024-04-03 17:57:42,562] Trial 83 finished with value: 0.7879377431906615 and parameters: {'num_layers': 3, 'num_neurons': 53, 'dropout_rate': 0.5720335957305827, 'lr': 0.06948958884204418, 'optimizer': 'RMSprop', 'lr_decay': 0.9999235304583328, 'activation': 'Sigmoid'}. Best is trial 40 with value: 0.7976653696498055.
[I 2024-04-03 17:58:13,714] Trial 84 finished with value: 0.7821011673151751 and parameters: {'num_layers': 4, 'num_neurons': 53, 'dropout_rate': 0.5263363322973746, 'lr': 0.00022041338354828198, 'optimizer': 'RMSprop', 'lr_decay': 0.9965525456509735, 'activation': 'Sigmoid'}. Best is trial 40 with value: 0.7976653696498055.
[I 2024-04-03 17:58:36,299] Trial 85 finished with value: 0.7859922178988327 and parameters: {'num_layers': 2, 'num_neurons': 64, 'dropout_rate': 0.5686767591223261, 'lr': 0.028708616687058732, 'optimizer': 'RMSprop', 'lr_decay': 0.9990735934295806, 'activation': 'ReLU'}. Best is trial 40 with value: 0.7976653696498055.
[I 2024-04-03 17:58:59,242] Trial 86 finished with value: 0.7762645914396887 and parameters: {'num_layers': 2, 'num_neurons': 81, 'dropout_rate': 0.5559043825911213, 'lr': 0.061259860808879844, 'optimizer': 'RMSprop', 'lr_decay': 0.9954313888472802, 'activation': 'ReLU'}. Best is trial 40 with value: 0.7976653696498055.
[I 2024-04-03 17:58:59,317] Trial 87 pruned. 
[I 2024-04-03 17:58:59,388] Trial 88 pruned. 
[I 2024-04-03 17:58:59,483] Trial 89 pruned. 
[I 2024-04-03 17:58:59,559] Trial 90 pruned. 
[I 2024-04-03 17:58:59,619] Trial 91 pruned. 
[I 2024-04-03 17:59:31,601] Trial 92 finished with value: 0.7840466926070039 and parameters: {'num_layers': 4, 'num_neurons': 87, 'dropout_rate': 0.5415540914000481, 'lr': 0.012929392273395481, 'optimizer': 'RMSprop', 'lr_decay': 0.9984628583353405, 'activation': 'LeakyReLU'}. Best is trial 40 with value: 0.7976653696498055.
[I 2024-04-03 18:00:03,699] Trial 93 finished with value: 0.7801556420233463 and parameters: {'num_layers': 4, 'num_neurons': 89, 'dropout_rate': 0.5412652725134365, 'lr': 0.013157854335298258, 'optimizer': 'RMSprop', 'lr_decay': 0.9977021685820806, 'activation': 'LeakyReLU'}. Best is trial 40 with value: 0.7976653696498055.
[I 2024-04-03 18:00:36,232] Trial 94 finished with value: 0.7879377431906615 and parameters: {'num_layers': 4, 'num_neurons': 105, 'dropout_rate': 0.5590229112530578, 'lr': 0.09890320821279092, 'optimizer': 'RMSprop', 'lr_decay': 0.9984895096920251, 'activation': 'LeakyReLU'}. Best is trial 40 with value: 0.7976653696498055.
[I 2024-04-03 18:01:08,538] Trial 95 finished with value: 0.7898832684824902 and parameters: {'num_layers': 4, 'num_neurons': 104, 'dropout_rate': 0.1323612465700859, 'lr': 0.044696903733939114, 'optimizer': 'RMSprop', 'lr_decay': 0.9981378355132898, 'activation': 'LeakyReLU'}. Best is trial 40 with value: 0.7976653696498055.
[I 2024-04-03 18:01:40,492] Trial 96 finished with value: 0.7879377431906615 and parameters: {'num_layers': 4, 'num_neurons': 84, 'dropout_rate': 0.5706992212977328, 'lr': 0.09547863935535104, 'optimizer': 'RMSprop', 'lr_decay': 0.9987069438206368, 'activation': 'LeakyReLU'}. Best is trial 40 with value: 0.7976653696498055.
[I 2024-04-03 18:01:40,582] Trial 97 pruned. 
[I 2024-04-03 18:02:11,213] Trial 98 finished with value: 0.7821011673151751 and parameters: {'num_layers': 4, 'num_neurons': 43, 'dropout_rate': 0.5665537133901656, 'lr': 0.09309793300030927, 'optimizer': 'RMSprop', 'lr_decay': 0.9911607430033046, 'activation': 'LeakyReLU'}. Best is trial 40 with value: 0.7976653696498055.
[I 2024-04-03 18:02:11,304] Trial 99 pruned. 
[I 2024-04-03 18:02:11,396] Trial 100 pruned. 
[I 2024-04-03 18:02:43,269] Trial 101 finished with value: 0.7801556420233463 and parameters: {'num_layers': 4, 'num_neurons': 81, 'dropout_rate': 0.566429394415107, 'lr': 0.04374553849095599, 'optimizer': 'RMSprop', 'lr_decay': 0.998524253090861, 'activation': 'LeakyReLU'}. Best is trial 40 with value: 0.7976653696498055.
[I 2024-04-03 18:03:14,885] Trial 102 finished with value: 0.7840466926070039 and parameters: {'num_layers': 4, 'num_neurons': 71, 'dropout_rate': 0.5797367018501459, 'lr': 0.029216020416813905, 'optimizer': 'RMSprop', 'lr_decay': 0.9985003009032454, 'activation': 'LeakyReLU'}. Best is trial 40 with value: 0.7976653696498055.
[I 2024-04-03 18:03:47,265] Trial 103 finished with value: 0.7821011673151751 and parameters: {'num_layers': 4, 'num_neurons': 101, 'dropout_rate': 0.6027619443487815, 'lr': 0.09970583427421334, 'optimizer': 'RMSprop', 'lr_decay': 0.9963097830538212, 'activation': 'LeakyReLU'}. Best is trial 40 with value: 0.7976653696498055.
[I 2024-04-03 18:03:47,355] Trial 104 pruned. 
[I 2024-04-03 18:03:47,448] Trial 105 pruned. 
[I 2024-04-03 18:03:47,539] Trial 106 pruned. 
[I 2024-04-03 18:04:22,102] Trial 107 finished with value: 0.7821011673151751 and parameters: {'num_layers': 5, 'num_neurons': 44, 'dropout_rate': 0.5378016896820825, 'lr': 0.001540070461691258, 'optimizer': 'RMSprop', 'lr_decay': 0.9992179641281379, 'activation': 'ReLU'}. Best is trial 40 with value: 0.7976653696498055.
[I 2024-04-03 18:04:55,572] Trial 108 finished with value: 0.7762645914396887 and parameters: {'num_layers': 4, 'num_neurons': 141, 'dropout_rate': 0.6241774512540951, 'lr': 0.0252075880789703, 'optimizer': 'RMSprop', 'lr_decay': 0.9971832625239859, 'activation': 'LeakyReLU'}. Best is trial 40 with value: 0.7976653696498055.
[I 2024-04-03 18:04:55,662] Trial 109 pruned. 
[I 2024-04-03 18:05:22,690] Trial 110 finished with value: 0.7821011673151751 and parameters: {'num_layers': 4, 'num_neurons': 64, 'dropout_rate': 0.5874303096996893, 'lr': 0.007512827544042027, 'optimizer': 'SGD', 'lr_decay': 0.9838636288059796, 'activation': 'LeakyReLU'}. Best is trial 40 with value: 0.7976653696498055.
[I 2024-04-03 18:05:54,294] Trial 111 finished with value: 0.7859922178988327 and parameters: {'num_layers': 4, 'num_neurons': 74, 'dropout_rate': 0.5718306276337204, 'lr': 0.025964425135863268, 'optimizer': 'RMSprop', 'lr_decay': 0.9985083535138444, 'activation': 'LeakyReLU'}. Best is trial 40 with value: 0.7976653696498055.
[I 2024-04-03 18:05:54,386] Trial 112 pruned. 
[I 2024-04-03 18:06:26,057] Trial 113 finished with value: 0.7801556420233463 and parameters: {'num_layers': 4, 'num_neurons': 74, 'dropout_rate': 0.5279622797786907, 'lr': 0.042740772599677054, 'optimizer': 'RMSprop', 'lr_decay': 0.9951049823492155, 'activation': 'LeakyReLU'}. Best is trial 40 with value: 0.7976653696498055.
[I 2024-04-03 18:06:26,145] Trial 114 pruned. 
[I 2024-04-03 18:06:58,391] Trial 115 finished with value: 0.7821011673151751 and parameters: {'num_layers': 4, 'num_neurons': 89, 'dropout_rate': 0.5968640188525556, 'lr': 0.014460759182291, 'optimizer': 'RMSprop', 'lr_decay': 0.951823141844634, 'activation': 'ReLU'}. Best is trial 40 with value: 0.7976653696498055.
[I 2024-04-03 18:07:30,464] Trial 116 finished with value: 0.7821011673151751 and parameters: {'num_layers': 4, 'num_neurons': 96, 'dropout_rate': 0.6533205345782458, 'lr': 0.00974966137591701, 'optimizer': 'RMSprop', 'lr_decay': 0.9543260984893839, 'activation': 'ReLU'}. Best is trial 40 with value: 0.7976653696498055.
[I 2024-04-03 18:08:10,586] Trial 117 finished with value: 0.7898832684824902 and parameters: {'num_layers': 5, 'num_neurons': 49, 'dropout_rate': 0.4757862222121365, 'lr': 0.05827648482347671, 'optimizer': 'Adam', 'lr_decay': 0.9983819879105544, 'activation': 'LeakyReLU'}. Best is trial 40 with value: 0.7976653696498055.
[I 2024-04-03 18:08:50,033] Trial 118 finished with value: 0.7821011673151751 and parameters: {'num_layers': 5, 'num_neurons': 34, 'dropout_rate': 0.48031824569769493, 'lr': 0.05844204466994384, 'optimizer': 'Adam', 'lr_decay': 0.9920882842074941, 'activation': 'ReLU'}. Best is trial 40 with value: 0.7976653696498055.
[I 2024-04-03 18:08:50,140] Trial 119 pruned. 
[I 2024-04-03 18:08:50,264] Trial 120 pruned. 
[I 2024-04-03 18:09:31,571] Trial 121 finished with value: 0.7840466926070039 and parameters: {'num_layers': 5, 'num_neurons': 73, 'dropout_rate': 0.5650314151129463, 'lr': 0.0995011658457167, 'optimizer': 'Adam', 'lr_decay': 0.9990708028058666, 'activation': 'LeakyReLU'}. Best is trial 40 with value: 0.7976653696498055.
[I 2024-04-03 18:09:31,676] Trial 122 pruned. 
[I 2024-04-03 18:09:31,755] Trial 123 pruned. 
[I 2024-04-03 18:09:31,853] Trial 124 pruned. 
[I 2024-04-03 18:09:31,960] Trial 125 pruned. 
[I 2024-04-03 18:10:00,097] Trial 126 finished with value: 0.7840466926070039 and parameters: {'num_layers': 3, 'num_neurons': 110, 'dropout_rate': 0.133210437102877, 'lr': 0.0542580853974356, 'optimizer': 'RMSprop', 'lr_decay': 0.9744112468724068, 'activation': 'LeakyReLU'}. Best is trial 40 with value: 0.7976653696498055.
[I 2024-04-03 18:10:00,193] Trial 127 pruned. 
[I 2024-04-03 18:10:00,292] Trial 128 pruned. 
[I 2024-04-03 18:10:37,541] Trial 129 finished with value: 0.7859922178988327 and parameters: {'num_layers': 4, 'num_neurons': 117, 'dropout_rate': 0.5079956818124688, 'lr': 0.023977565204634024, 'optimizer': 'Adam', 'lr_decay': 0.9966735414414367, 'activation': 'ReLU'}. Best is trial 40 with value: 0.7976653696498055.
[I 2024-04-03 18:10:37,632] Trial 130 pruned. 
[I 2024-04-03 18:10:37,806] Trial 131 pruned. 
[I 2024-04-03 18:10:37,907] Trial 132 pruned. 
[I 2024-04-03 18:11:13,500] Trial 133 finished with value: 0.7801556420233463 and parameters: {'num_layers': 4, 'num_neurons': 63, 'dropout_rate': 0.4818203638891684, 'lr': 0.021621168648822565, 'optimizer': 'Adam', 'lr_decay': 0.9970632426181504, 'activation': 'ReLU'}. Best is trial 40 with value: 0.7976653696498055.
[I 2024-04-03 18:11:51,819] Trial 134 finished with value: 0.7879377431906615 and parameters: {'num_layers': 4, 'num_neurons': 96, 'dropout_rate': 0.5383354172175592, 'lr': 0.043549213780990366, 'optimizer': 'Adam', 'lr_decay': 0.9998429748322872, 'activation': 'ReLU'}. Best is trial 40 with value: 0.7976653696498055.
[I 2024-04-03 18:12:29,640] Trial 135 finished with value: 0.7879377431906615 and parameters: {'num_layers': 4, 'num_neurons': 98, 'dropout_rate': 0.4960917069225326, 'lr': 0.04315174458381428, 'optimizer': 'Adam', 'lr_decay': 0.9994439800129543, 'activation': 'ReLU'}. Best is trial 40 with value: 0.7976653696498055.
[I 2024-04-03 18:13:06,780] Trial 136 finished with value: 0.7937743190661478 and parameters: {'num_layers': 4, 'num_neurons': 71, 'dropout_rate': 0.4917856275101957, 'lr': 0.04704217279453831, 'optimizer': 'Adam', 'lr_decay': 0.9999115446407049, 'activation': 'ReLU'}. Best is trial 40 with value: 0.7976653696498055.
[I 2024-04-03 18:13:37,797] Trial 137 finished with value: 0.7859922178988327 and parameters: {'num_layers': 3, 'num_neurons': 73, 'dropout_rate': 0.5003076107600223, 'lr': 0.04277536498390807, 'optimizer': 'Adam', 'lr_decay': 0.9992697819736113, 'activation': 'ReLU'}. Best is trial 40 with value: 0.7976653696498055.
[I 2024-04-03 18:13:37,896] Trial 138 pruned. 
[I 2024-04-03 18:14:16,124] Trial 139 finished with value: 0.791828793774319 and parameters: {'num_layers': 4, 'num_neurons': 96, 'dropout_rate': 0.492051971570146, 'lr': 0.07265728979769363, 'optimizer': 'Adam', 'lr_decay': 0.9991318986246636, 'activation': 'ReLU'}. Best is trial 40 with value: 0.7976653696498055.
[I 2024-04-03 18:14:16,224] Trial 140 pruned. 
[I 2024-04-03 18:14:16,321] Trial 141 pruned. 
[I 2024-04-03 18:14:53,576] Trial 142 finished with value: 0.7879377431906615 and parameters: {'num_layers': 4, 'num_neurons': 68, 'dropout_rate': 0.48186612531339323, 'lr': 0.08376796446669418, 'optimizer': 'Adam', 'lr_decay': 0.9989673325451643, 'activation': 'ReLU'}. Best is trial 40 with value: 0.7976653696498055.
[I 2024-04-03 18:15:30,454] Trial 143 finished with value: 0.7821011673151751 and parameters: {'num_layers': 4, 'num_neurons': 61, 'dropout_rate': 0.4625643300050711, 'lr': 0.08035472845781892, 'optimizer': 'Adam', 'lr_decay': 0.9998456527343353, 'activation': 'ReLU'}. Best is trial 40 with value: 0.7976653696498055.
[I 2024-04-03 18:16:07,258] Trial 144 finished with value: 0.7821011673151751 and parameters: {'num_layers': 4, 'num_neurons': 82, 'dropout_rate': 0.481850876984533, 'lr': 0.06462613605132651, 'optimizer': 'Adam', 'lr_decay': 0.9963577000465713, 'activation': 'ReLU'}. Best is trial 40 with value: 0.7976653696498055.
[I 2024-04-03 18:16:44,856] Trial 145 finished with value: 0.7840466926070039 and parameters: {'num_layers': 4, 'num_neurons': 95, 'dropout_rate': 0.5300764519516614, 'lr': 0.05608012707081875, 'optimizer': 'Adam', 'lr_decay': 0.9980454847088482, 'activation': 'ReLU'}. Best is trial 40 with value: 0.7976653696498055.
[I 2024-04-03 18:16:44,957] Trial 146 pruned. 
[I 2024-04-03 18:16:45,054] Trial 147 pruned. 
[I 2024-04-03 18:16:45,155] Trial 148 pruned. 
[I 2024-04-03 18:17:19,668] Trial 149 finished with value: 0.7859922178988327 and parameters: {'num_layers': 4, 'num_neurons': 32, 'dropout_rate': 0.48980897958985475, 'lr': 0.09803041858236343, 'optimizer': 'Adam', 'lr_decay': 0.9988357424400027, 'activation': 'ReLU'}. Best is trial 40 with value: 0.7976653696498055.
[I 2024-04-03 18:17:55,668] Trial 150 finished with value: 0.7782101167315175 and parameters: {'num_layers': 4, 'num_neurons': 65, 'dropout_rate': 0.5537039722900166, 'lr': 0.02607184350389205, 'optimizer': 'Adam', 'lr_decay': 0.9976813340154987, 'activation': 'ReLU'}. Best is trial 40 with value: 0.7976653696498055.
[I 2024-04-03 18:17:55,756] Trial 151 pruned. 
[I 2024-04-03 18:17:55,855] Trial 152 pruned. 
[I 2024-04-03 18:17:55,943] Trial 153 pruned. 
[I 2024-04-03 18:17:56,042] Trial 154 pruned. 
[I 2024-04-03 18:17:56,141] Trial 155 pruned. 
[I 2024-04-03 18:17:56,229] Trial 156 pruned. 
[I 2024-04-03 18:17:56,330] Trial 157 pruned. 
[I 2024-04-03 18:18:31,326] Trial 158 finished with value: 0.7782101167315175 and parameters: {'num_layers': 4, 'num_neurons': 50, 'dropout_rate': 0.5449334396625286, 'lr': 0.02922917976732953, 'optimizer': 'Adam', 'lr_decay': 0.9956969736374667, 'activation': 'ReLU'}. Best is trial 40 with value: 0.7976653696498055.
[I 2024-04-03 18:18:31,434] Trial 159 pruned. 
[I 2024-04-03 18:18:31,561] Trial 160 pruned. 
[I 2024-04-03 18:19:06,364] Trial 161 finished with value: 0.791828793774319 and parameters: {'num_layers': 4, 'num_neurons': 35, 'dropout_rate': 0.49292948634033384, 'lr': 0.06569508442341006, 'optimizer': 'Adam', 'lr_decay': 0.9990690329130668, 'activation': 'ReLU'}. Best is trial 40 with value: 0.7976653696498055.
[I 2024-04-03 18:19:41,474] Trial 162 finished with value: 0.7821011673151751 and parameters: {'num_layers': 4, 'num_neurons': 39, 'dropout_rate': 0.5028725993800246, 'lr': 0.09999588456351821, 'optimizer': 'Adam', 'lr_decay': 0.9972760587392117, 'activation': 'ReLU'}. Best is trial 40 with value: 0.7976653696498055.
[I 2024-04-03 18:20:18,198] Trial 163 finished with value: 0.7879377431906615 and parameters: {'num_layers': 4, 'num_neurons': 67, 'dropout_rate': 0.48720296679747277, 'lr': 0.04805852038118521, 'optimizer': 'Adam', 'lr_decay': 0.9998268588269629, 'activation': 'ReLU'}. Best is trial 40 with value: 0.7976653696498055.
[I 2024-04-03 18:20:54,070] Trial 164 finished with value: 0.7821011673151751 and parameters: {'num_layers': 4, 'num_neurons': 51, 'dropout_rate': 0.47857431495295233, 'lr': 0.05550671464106639, 'optimizer': 'Adam', 'lr_decay': 0.9999854306060905, 'activation': 'ReLU'}. Best is trial 40 with value: 0.7976653696498055.
[I 2024-04-03 18:21:28,567] Trial 165 finished with value: 0.7801556420233463 and parameters: {'num_layers': 4, 'num_neurons': 42, 'dropout_rate': 0.49165557796337006, 'lr': 0.062386689416036575, 'optimizer': 'Adam', 'lr_decay': 0.998075708013694, 'activation': 'LeakyReLU'}. Best is trial 40 with value: 0.7976653696498055.
[I 2024-04-03 18:21:55,554] Trial 166 finished with value: 0.7840466926070039 and parameters: {'num_layers': 4, 'num_neurons': 61, 'dropout_rate': 0.559993943004356, 'lr': 0.08121398426695307, 'optimizer': 'SGD', 'lr_decay': 0.9946829298618968, 'activation': 'ReLU'}. Best is trial 40 with value: 0.7976653696498055.
[I 2024-04-03 18:22:32,097] Trial 167 finished with value: 0.7879377431906615 and parameters: {'num_layers': 4, 'num_neurons': 95, 'dropout_rate': 0.44298700791383055, 'lr': 0.04681789053439928, 'optimizer': 'Adam', 'lr_decay': 0.9966134463149879, 'activation': 'ReLU'}. Best is trial 40 with value: 0.7976653696498055.
[I 2024-04-03 18:22:32,198] Trial 168 pruned. 
[I 2024-04-03 18:23:09,037] Trial 169 finished with value: 0.7840466926070039 and parameters: {'num_layers': 4, 'num_neurons': 67, 'dropout_rate': 0.4507305912793311, 'lr': 0.06607504789589769, 'optimizer': 'Adam', 'lr_decay': 0.9987581282999233, 'activation': 'ReLU'}. Best is trial 40 with value: 0.7976653696498055.
[I 2024-04-03 18:23:09,137] Trial 170 pruned. 
[I 2024-04-03 18:23:46,041] Trial 171 finished with value: 0.7859922178988327 and parameters: {'num_layers': 4, 'num_neurons': 110, 'dropout_rate': 0.4701747468762475, 'lr': 0.03089828230395193, 'optimizer': 'Adam', 'lr_decay': 0.9966331484631417, 'activation': 'ReLU'}. Best is trial 40 with value: 0.7976653696498055.
[I 2024-04-03 18:24:23,466] Trial 172 finished with value: 0.7859922178988327 and parameters: {'num_layers': 4, 'num_neurons': 123, 'dropout_rate': 0.5078751424431851, 'lr': 0.02394931431902943, 'optimizer': 'Adam', 'lr_decay': 0.9975155543072485, 'activation': 'ReLU'}. Best is trial 40 with value: 0.7976653696498055.
[I 2024-04-03 18:25:00,393] Trial 173 finished with value: 0.7801556420233463 and parameters: {'num_layers': 4, 'num_neurons': 98, 'dropout_rate': 0.5176382464752669, 'lr': 0.051458284244366485, 'optimizer': 'Adam', 'lr_decay': 0.9963432660224302, 'activation': 'ReLU'}. Best is trial 40 with value: 0.7976653696498055.
[I 2024-04-03 18:25:36,261] Trial 174 finished with value: 0.791828793774319 and parameters: {'num_layers': 4, 'num_neurons': 55, 'dropout_rate': 0.47867915322775056, 'lr': 0.0734512853650505, 'optimizer': 'Adam', 'lr_decay': 0.9989653491642304, 'activation': 'ReLU'}. Best is trial 40 with value: 0.7976653696498055.
[I 2024-04-03 18:26:11,606] Trial 175 finished with value: 0.791828793774319 and parameters: {'num_layers': 4, 'num_neurons': 57, 'dropout_rate': 0.4402577573399668, 'lr': 0.08382285002727997, 'optimizer': 'Adam', 'lr_decay': 0.9990528818091609, 'activation': 'LeakyReLU'}. Best is trial 40 with value: 0.7976653696498055.
[I 2024-04-03 18:26:47,786] Trial 176 finished with value: 0.7840466926070039 and parameters: {'num_layers': 4, 'num_neurons': 57, 'dropout_rate': 0.4225236712667222, 'lr': 0.08381123832749877, 'optimizer': 'Adam', 'lr_decay': 0.9988246437840418, 'activation': 'ReLU'}. Best is trial 40 with value: 0.7976653696498055.
[I 2024-04-03 18:27:22,244] Trial 177 finished with value: 0.7821011673151751 and parameters: {'num_layers': 4, 'num_neurons': 35, 'dropout_rate': 0.4413485001323685, 'lr': 0.06958876607714136, 'optimizer': 'Adam', 'lr_decay': 0.9977158623450254, 'activation': 'Sigmoid'}. Best is trial 40 with value: 0.7976653696498055.
[I 2024-04-03 18:27:57,602] Trial 178 finished with value: 0.7840466926070039 and parameters: {'num_layers': 4, 'num_neurons': 48, 'dropout_rate': 0.47510373764673963, 'lr': 0.07220717094744994, 'optimizer': 'Adam', 'lr_decay': 0.99934763105594, 'activation': 'ReLU'}. Best is trial 40 with value: 0.7976653696498055.
[I 2024-04-03 18:28:38,873] Trial 179 finished with value: 0.7879377431906615 and parameters: {'num_layers': 5, 'num_neurons': 67, 'dropout_rate': 0.46071387231451827, 'lr': 0.09104858014257786, 'optimizer': 'Adam', 'lr_decay': 0.99781662449253, 'activation': 'LeakyReLU'}. Best is trial 40 with value: 0.7976653696498055.
[I 2024-04-03 18:29:19,093] Trial 180 finished with value: 0.7821011673151751 and parameters: {'num_layers': 5, 'num_neurons': 52, 'dropout_rate': 0.461099682865841, 'lr': 0.08678007658090271, 'optimizer': 'Adam', 'lr_decay': 0.9955472647522128, 'activation': 'LeakyReLU'}. Best is trial 40 with value: 0.7976653696498055.
[I 2024-04-03 18:30:00,320] Trial 181 finished with value: 0.7821011673151751 and parameters: {'num_layers': 5, 'num_neurons': 66, 'dropout_rate': 0.48723150130602666, 'lr': 0.09842678269884368, 'optimizer': 'Adam', 'lr_decay': 0.9977420072310258, 'activation': 'LeakyReLU'}. Best is trial 40 with value: 0.7976653696498055.
[I 2024-04-03 18:30:42,049] Trial 182 finished with value: 0.7840466926070039 and parameters: {'num_layers': 5, 'num_neurons': 85, 'dropout_rate': 0.4113760720412527, 'lr': 0.06160138187942555, 'optimizer': 'Adam', 'lr_decay': 0.9999288424857882, 'activation': 'LeakyReLU'}. Best is trial 40 with value: 0.7976653696498055.
[I 2024-04-03 18:31:21,679] Trial 183 finished with value: 0.7898832684824902 and parameters: {'num_layers': 5, 'num_neurons': 42, 'dropout_rate': 0.46749442994911355, 'lr': 0.0813756597758716, 'optimizer': 'Adam', 'lr_decay': 0.9989510306803361, 'activation': 'LeakyReLU'}. Best is trial 40 with value: 0.7976653696498055.
[I 2024-04-03 18:32:02,012] Trial 184 finished with value: 0.7821011673151751 and parameters: {'num_layers': 5, 'num_neurons': 56, 'dropout_rate': 0.44247017448985915, 'lr': 0.08469372488130972, 'optimizer': 'Adam', 'lr_decay': 0.9983205862756636, 'activation': 'LeakyReLU'}. Best is trial 40 with value: 0.7976653696498055.
[I 2024-04-03 18:32:41,403] Trial 185 finished with value: 0.791828793774319 and parameters: {'num_layers': 5, 'num_neurons': 38, 'dropout_rate': 0.47396868762142963, 'lr': 0.054869762702385305, 'optimizer': 'Adam', 'lr_decay': 0.9999915934217157, 'activation': 'LeakyReLU'}. Best is trial 40 with value: 0.7976653696498055.
[I 2024-04-03 18:33:20,982] Trial 186 finished with value: 0.7840466926070039 and parameters: {'num_layers': 5, 'num_neurons': 41, 'dropout_rate': 0.45100834240661625, 'lr': 0.05562000138678314, 'optimizer': 'Adam', 'lr_decay': 0.999161311958814, 'activation': 'LeakyReLU'}. Best is trial 40 with value: 0.7976653696498055.
[I 2024-04-03 18:34:00,460] Trial 187 finished with value: 0.791828793774319 and parameters: {'num_layers': 5, 'num_neurons': 40, 'dropout_rate': 0.47571798971400053, 'lr': 0.06997173877338857, 'optimizer': 'Adam', 'lr_decay': 0.9999372156235637, 'activation': 'LeakyReLU'}. Best is trial 40 with value: 0.7976653696498055.
[I 2024-04-03 18:34:40,147] Trial 188 finished with value: 0.791828793774319 and parameters: {'num_layers': 5, 'num_neurons': 45, 'dropout_rate': 0.4731053743466368, 'lr': 0.07058151520124749, 'optimizer': 'Adam', 'lr_decay': 0.9992641473181707, 'activation': 'LeakyReLU'}. Best is trial 40 with value: 0.7976653696498055.
[I 2024-04-03 18:35:19,062] Trial 189 finished with value: 0.791828793774319 and parameters: {'num_layers': 5, 'num_neurons': 32, 'dropout_rate': 0.4719002064254094, 'lr': 0.06960726409059763, 'optimizer': 'Adam', 'lr_decay': 0.9989560574537828, 'activation': 'LeakyReLU'}. Best is trial 40 with value: 0.7976653696498055.
[I 2024-04-03 18:35:58,470] Trial 190 finished with value: 0.7821011673151751 and parameters: {'num_layers': 5, 'num_neurons': 38, 'dropout_rate': 0.4689906481085368, 'lr': 0.0714113031982625, 'optimizer': 'Adam', 'lr_decay': 0.9982329335452729, 'activation': 'LeakyReLU'}. Best is trial 40 with value: 0.7976653696498055.
[I 2024-04-03 18:36:38,000] Trial 191 finished with value: 0.7821011673151751 and parameters: {'num_layers': 5, 'num_neurons': 42, 'dropout_rate': 0.4744041168577216, 'lr': 0.07352195747789673, 'optimizer': 'Adam', 'lr_decay': 0.9999820535455356, 'activation': 'LeakyReLU'}. Best is trial 40 with value: 0.7976653696498055.
[I 2024-04-03 18:37:17,840] Trial 192 finished with value: 0.7898832684824902 and parameters: {'num_layers': 5, 'num_neurons': 47, 'dropout_rate': 0.4925438836156417, 'lr': 0.06352910033475634, 'optimizer': 'Adam', 'lr_decay': 0.9989201675479061, 'activation': 'LeakyReLU'}. Best is trial 40 with value: 0.7976653696498055.
[I 2024-04-03 18:37:57,012] Trial 193 finished with value: 0.7859922178988327 and parameters: {'num_layers': 5, 'num_neurons': 34, 'dropout_rate': 0.4926435196204705, 'lr': 0.06261752567158041, 'optimizer': 'Adam', 'lr_decay': 0.9988700841397464, 'activation': 'LeakyReLU'}. Best is trial 40 with value: 0.7976653696498055.
[I 2024-04-03 18:38:36,922] Trial 194 finished with value: 0.7840466926070039 and parameters: {'num_layers': 5, 'num_neurons': 46, 'dropout_rate': 0.47215466063077616, 'lr': 0.05486643984676672, 'optimizer': 'Adam', 'lr_decay': 0.9971915733212067, 'activation': 'LeakyReLU'}. Best is trial 40 with value: 0.7976653696498055.
[I 2024-04-03 18:39:16,123] Trial 195 finished with value: 0.7821011673151751 and parameters: {'num_layers': 5, 'num_neurons': 34, 'dropout_rate': 0.4955939674712438, 'lr': 0.09984901571899332, 'optimizer': 'Adam', 'lr_decay': 0.9984332437511446, 'activation': 'LeakyReLU'}. Best is trial 40 with value: 0.7976653696498055.
[I 2024-04-03 18:39:29,870] Trial 196 pruned. 
[I 2024-04-03 18:39:43,373] Trial 197 pruned. 
[I 2024-04-03 18:39:53,212] Trial 198 pruned. 
[I 2024-04-03 18:40:33,623] Trial 199 finished with value: 0.7859922178988327 and parameters: {'num_layers': 5, 'num_neurons': 54, 'dropout_rate': 0.47785822862112964, 'lr': 0.04344036729417149, 'optimizer': 'Adam', 'lr_decay': 0.9999589997943381, 'activation': 'LeakyReLU'}. Best is trial 40 with value: 0.7976653696498055.
[I 2024-04-03 18:40:47,170] Trial 200 pruned. 
[I 2024-04-03 18:41:27,447] Trial 201 finished with value: 0.7898832684824902 and parameters: {'num_layers': 5, 'num_neurons': 56, 'dropout_rate': 0.4803382660879763, 'lr': 0.08486486761015176, 'optimizer': 'Adam', 'lr_decay': 0.9990079671709213, 'activation': 'LeakyReLU'}. Best is trial 40 with value: 0.7976653696498055.
[I 2024-04-03 18:42:06,374] Trial 202 finished with value: 0.7859922178988327 and parameters: {'num_layers': 5, 'num_neurons': 32, 'dropout_rate': 0.45613537168698975, 'lr': 0.0826558643311567, 'optimizer': 'Adam', 'lr_decay': 0.9973759755342589, 'activation': 'LeakyReLU'}. Best is trial 40 with value: 0.7976653696498055.
[I 2024-04-03 18:42:20,210] Trial 203 pruned. 
[I 2024-04-03 18:43:00,629] Trial 204 finished with value: 0.791828793774319 and parameters: {'num_layers': 5, 'num_neurons': 57, 'dropout_rate': 0.4713658631486466, 'lr': 0.053197752386018364, 'optimizer': 'Adam', 'lr_decay': 0.9990390616454895, 'activation': 'LeakyReLU'}. Best is trial 40 with value: 0.7976653696498055.
[I 2024-04-03 18:43:41,158] Trial 205 finished with value: 0.7821011673151751 and parameters: {'num_layers': 5, 'num_neurons': 59, 'dropout_rate': 0.4683544846248877, 'lr': 0.05490861380821515, 'optimizer': 'Adam', 'lr_decay': 0.9981692870798337, 'activation': 'LeakyReLU'}. Best is trial 40 with value: 0.7976653696498055.
[I 2024-04-03 18:43:54,736] Trial 206 pruned. 
[I 2024-04-03 18:44:35,176] Trial 207 finished with value: 0.7859922178988327 and parameters: {'num_layers': 5, 'num_neurons': 57, 'dropout_rate': 0.46071322577940543, 'lr': 0.07078688127691973, 'optimizer': 'Adam', 'lr_decay': 0.9984516623037375, 'activation': 'LeakyReLU'}. Best is trial 40 with value: 0.7976653696498055.
[I 2024-04-03 18:45:15,065] Trial 208 finished with value: 0.7976653696498055 and parameters: {'num_layers': 5, 'num_neurons': 46, 'dropout_rate': 0.11986869388009233, 'lr': 0.08239650035365176, 'optimizer': 'Adam', 'lr_decay': 0.9970823867204569, 'activation': 'LeakyReLU'}. Best is trial 40 with value: 0.7976653696498055.
[I 2024-04-03 18:45:54,809] Trial 209 finished with value: 0.7898832684824902 and parameters: {'num_layers': 5, 'num_neurons': 46, 'dropout_rate': 0.12213031602934511, 'lr': 0.0815675651151487, 'optimizer': 'Adam', 'lr_decay': 0.9969673153254027, 'activation': 'LeakyReLU'}. Best is trial 40 with value: 0.7976653696498055.
[I 2024-04-03 18:46:34,323] Trial 210 finished with value: 0.791828793774319 and parameters: {'num_layers': 5, 'num_neurons': 44, 'dropout_rate': 0.12070821153906752, 'lr': 0.08114924788098263, 'optimizer': 'Adam', 'lr_decay': 0.9971085447663387, 'activation': 'LeakyReLU'}. Best is trial 40 with value: 0.7976653696498055.
[I 2024-04-03 18:47:14,043] Trial 211 finished with value: 0.791828793774319 and parameters: {'num_layers': 5, 'num_neurons': 43, 'dropout_rate': 0.1256170016526074, 'lr': 0.08134007274793856, 'optimizer': 'Adam', 'lr_decay': 0.9972204230203126, 'activation': 'LeakyReLU'}. Best is trial 40 with value: 0.7976653696498055.
[I 2024-04-03 18:47:14,152] Trial 212 pruned. 
[I 2024-04-03 18:47:14,259] Trial 213 pruned. 
[I 2024-04-03 18:47:14,368] Trial 214 pruned. 
[I 2024-04-03 18:47:54,642] Trial 215 finished with value: 0.7801556420233463 and parameters: {'num_layers': 5, 'num_neurons': 51, 'dropout_rate': 0.10488089864550121, 'lr': 0.08329937469071963, 'optimizer': 'Adam', 'lr_decay': 0.9963769433823234, 'activation': 'LeakyReLU'}. Best is trial 40 with value: 0.7976653696498055.
[I 2024-04-03 18:48:34,161] Trial 216 finished with value: 0.791828793774319 and parameters: {'num_layers': 5, 'num_neurons': 42, 'dropout_rate': 0.15125171977676316, 'lr': 0.066097416196299, 'optimizer': 'Adam', 'lr_decay': 0.9975417174419452, 'activation': 'LeakyReLU'}. Best is trial 40 with value: 0.7976653696498055.
[I 2024-04-03 18:49:13,735] Trial 217 finished with value: 0.7840466926070039 and parameters: {'num_layers': 5, 'num_neurons': 44, 'dropout_rate': 0.15080663931533053, 'lr': 0.06332078799408049, 'optimizer': 'Adam', 'lr_decay': 0.9957202805090369, 'activation': 'LeakyReLU'}. Best is trial 40 with value: 0.7976653696498055.
[I 2024-04-03 18:49:53,181] Trial 218 finished with value: 0.7840466926070039 and parameters: {'num_layers': 5, 'num_neurons': 41, 'dropout_rate': 0.13534722737629787, 'lr': 0.07726189971726251, 'optimizer': 'Adam', 'lr_decay': 0.9947462358099786, 'activation': 'LeakyReLU'}. Best is trial 40 with value: 0.7976653696498055.
[I 2024-04-03 18:50:33,746] Trial 219 finished with value: 0.791828793774319 and parameters: {'num_layers': 5, 'num_neurons': 60, 'dropout_rate': 0.12737152834922663, 'lr': 0.05193800124703679, 'optimizer': 'Adam', 'lr_decay': 0.997556354156118, 'activation': 'LeakyReLU'}. Best is trial 40 with value: 0.7976653696498055.
[I 2024-04-03 18:50:33,856] Trial 220 pruned. 
[I 2024-04-03 18:51:12,649] Trial 221 finished with value: 0.7898832684824902 and parameters: {'num_layers': 5, 'num_neurons': 32, 'dropout_rate': 0.11939969690679271, 'lr': 0.06567080313906344, 'optimizer': 'Adam', 'lr_decay': 0.9980439499403265, 'activation': 'LeakyReLU'}. Best is trial 40 with value: 0.7976653696498055.
[I 2024-04-03 18:51:52,167] Trial 222 finished with value: 0.7879377431906615 and parameters: {'num_layers': 5, 'num_neurons': 39, 'dropout_rate': 0.11077774338923571, 'lr': 0.062673472991092, 'optimizer': 'Adam', 'lr_decay': 0.9977710800813023, 'activation': 'LeakyReLU'}. Best is trial 40 with value: 0.7976653696498055.
[I 2024-04-03 18:52:30,986] Trial 223 finished with value: 0.7859922178988327 and parameters: {'num_layers': 5, 'num_neurons': 32, 'dropout_rate': 0.16267374146882738, 'lr': 0.08472455257896382, 'optimizer': 'Adam', 'lr_decay': 0.9979530858461033, 'activation': 'LeakyReLU'}. Best is trial 40 with value: 0.7976653696498055.
[I 2024-04-03 18:53:11,204] Trial 224 finished with value: 0.7859922178988327 and parameters: {'num_layers': 5, 'num_neurons': 52, 'dropout_rate': 0.13927704794844642, 'lr': 0.05145254820752604, 'optimizer': 'Adam', 'lr_decay': 0.996402351886941, 'activation': 'LeakyReLU'}. Best is trial 40 with value: 0.7976653696498055.
[I 2024-04-03 18:53:11,313] Trial 225 pruned. 
[I 2024-04-03 18:53:51,825] Trial 226 finished with value: 0.7937743190661478 and parameters: {'num_layers': 5, 'num_neurons': 59, 'dropout_rate': 0.14854320573187688, 'lr': 0.060558934134420817, 'optimizer': 'Adam', 'lr_decay': 0.9976849178162218, 'activation': 'LeakyReLU'}. Best is trial 40 with value: 0.7976653696498055.
[I 2024-04-03 18:53:51,936] Trial 227 pruned. 
[I 2024-04-03 18:54:32,381] Trial 228 finished with value: 0.791828793774319 and parameters: {'num_layers': 5, 'num_neurons': 60, 'dropout_rate': 0.15743318440160364, 'lr': 0.08544167887979998, 'optimizer': 'Adam', 'lr_decay': 0.9989197856914932, 'activation': 'LeakyReLU'}. Best is trial 40 with value: 0.7976653696498055.
[I 2024-04-03 18:55:13,126] Trial 229 finished with value: 0.8015564202334631 and parameters: {'num_layers': 5, 'num_neurons': 61, 'dropout_rate': 0.1570840904312672, 'lr': 0.05466471734612438, 'optimizer': 'Adam', 'lr_decay': 0.9989713020747343, 'activation': 'LeakyReLU'}. Best is trial 229 with value: 0.8015564202334631.
[I 2024-04-03 18:55:13,238] Trial 230 pruned. 
[I 2024-04-03 18:55:53,624] Trial 231 finished with value: 0.7879377431906615 and parameters: {'num_layers': 5, 'num_neurons': 57, 'dropout_rate': 0.18057017360865402, 'lr': 0.05841611083785103, 'optimizer': 'Adam', 'lr_decay': 0.9990948688675106, 'activation': 'LeakyReLU'}. Best is trial 229 with value: 0.8015564202334631.
[I 2024-04-03 18:56:34,201] Trial 232 finished with value: 0.7937743190661478 and parameters: {'num_layers': 5, 'num_neurons': 61, 'dropout_rate': 0.16104752490433832, 'lr': 0.06480479867104448, 'optimizer': 'Adam', 'lr_decay': 0.9980457393205463, 'activation': 'LeakyReLU'}. Best is trial 229 with value: 0.8015564202334631.
[I 2024-04-03 18:57:15,271] Trial 233 finished with value: 0.7957198443579766 and parameters: {'num_layers': 5, 'num_neurons': 69, 'dropout_rate': 0.15038013181203444, 'lr': 0.057880725015671236, 'optimizer': 'Adam', 'lr_decay': 0.9977215882641364, 'activation': 'LeakyReLU'}. Best is trial 229 with value: 0.8015564202334631.
[I 2024-04-03 18:57:15,383] Trial 234 pruned. 
[I 2024-04-03 18:57:15,494] Trial 235 pruned. 
[I 2024-04-03 18:57:15,605] Trial 236 pruned. 
[I 2024-04-03 18:57:55,838] Trial 237 finished with value: 0.7879377431906615 and parameters: {'num_layers': 5, 'num_neurons': 54, 'dropout_rate': 0.15966845809790817, 'lr': 0.06985074856516475, 'optimizer': 'Adam', 'lr_decay': 0.9980654690402816, 'activation': 'LeakyReLU'}. Best is trial 229 with value: 0.8015564202334631.
[I 2024-04-03 18:58:35,299] Trial 238 finished with value: 0.7879377431906615 and parameters: {'num_layers': 5, 'num_neurons': 41, 'dropout_rate': 0.17566348049249675, 'lr': 0.05871920608048425, 'optimizer': 'Adam', 'lr_decay': 0.9972084066022288, 'activation': 'LeakyReLU'}. Best is trial 229 with value: 0.8015564202334631.
[I 2024-04-03 18:59:16,343] Trial 239 finished with value: 0.7957198443579766 and parameters: {'num_layers': 5, 'num_neurons': 63, 'dropout_rate': 0.1588292299191601, 'lr': 0.07290397761341827, 'optimizer': 'Adam', 'lr_decay': 0.9990953157097949, 'activation': 'LeakyReLU'}. Best is trial 229 with value: 0.8015564202334631.
[I 2024-04-03 18:59:57,955] Trial 240 finished with value: 0.7937743190661478 and parameters: {'num_layers': 5, 'num_neurons': 65, 'dropout_rate': 0.15844635674636506, 'lr': 0.04211344729905845, 'optimizer': 'Adam', 'lr_decay': 0.9982066542931874, 'activation': 'LeakyReLU'}. Best is trial 229 with value: 0.8015564202334631.
[I 2024-04-03 18:59:58,069] Trial 241 pruned. 
[I 2024-04-03 19:00:39,113] Trial 242 finished with value: 0.791828793774319 and parameters: {'num_layers': 5, 'num_neurons': 62, 'dropout_rate': 0.15341561425198252, 'lr': 0.05433260127276931, 'optimizer': 'Adam', 'lr_decay': 0.9990890067723956, 'activation': 'LeakyReLU'}. Best is trial 229 with value: 0.8015564202334631.
[I 2024-04-03 19:01:20,917] Trial 243 finished with value: 0.7879377431906615 and parameters: {'num_layers': 5, 'num_neurons': 77, 'dropout_rate': 0.15485966138119567, 'lr': 0.05614036597304816, 'optimizer': 'Adam', 'lr_decay': 0.9992346079200335, 'activation': 'LeakyReLU'}. Best is trial 229 with value: 0.8015564202334631.
[I 2024-04-03 19:01:21,029] Trial 244 pruned. 
[I 2024-04-03 19:01:21,142] Trial 245 pruned. 
[I 2024-04-03 19:01:21,257] Trial 246 pruned. 
[I 2024-04-03 19:01:21,369] Trial 247 pruned. 
[I 2024-04-03 19:02:02,009] Trial 248 finished with value: 0.7821011673151751 and parameters: {'num_layers': 5, 'num_neurons': 53, 'dropout_rate': 0.18901401040522883, 'lr': 0.07307754739570115, 'optimizer': 'Adam', 'lr_decay': 0.9961711478199811, 'activation': 'LeakyReLU'}. Best is trial 229 with value: 0.8015564202334631.
[I 2024-04-03 19:02:44,178] Trial 249 finished with value: 0.7898832684824902 and parameters: {'num_layers': 5, 'num_neurons': 77, 'dropout_rate': 0.1510351971589011, 'lr': 0.05662348109761192, 'optimizer': 'Adam', 'lr_decay': 0.9987329718084514, 'activation': 'Tanh'}. Best is trial 229 with value: 0.8015564202334631.
[I 2024-04-03 19:02:44,292] Trial 250 pruned. 
[I 2024-04-03 19:02:44,404] Trial 251 pruned. 
[I 2024-04-03 19:03:26,040] Trial 252 finished with value: 0.7898832684824902 and parameters: {'num_layers': 5, 'num_neurons': 76, 'dropout_rate': 0.16422106033441858, 'lr': 0.07004685270902175, 'optimizer': 'Adam', 'lr_decay': 0.9982507260568199, 'activation': 'LeakyReLU'}. Best is trial 229 with value: 0.8015564202334631.
[I 2024-04-03 19:04:05,886] Trial 253 finished with value: 0.7996108949416343 and parameters: {'num_layers': 5, 'num_neurons': 40, 'dropout_rate': 0.14282173282234142, 'lr': 0.04532980827722138, 'optimizer': 'Adam', 'lr_decay': 0.9999891119654983, 'activation': 'LeakyReLU'}. Best is trial 229 with value: 0.8015564202334631.
[I 2024-04-03 19:04:45,644] Trial 254 finished with value: 0.7821011673151751 and parameters: {'num_layers': 5, 'num_neurons': 40, 'dropout_rate': 0.1468028387693065, 'lr': 0.0006020785095103665, 'optimizer': 'Adam', 'lr_decay': 0.9990565190345988, 'activation': 'LeakyReLU'}. Best is trial 229 with value: 0.8015564202334631.
[I 2024-04-03 19:04:45,756] Trial 255 pruned. 
[I 2024-04-03 19:05:25,018] Trial 256 finished with value: 0.7957198443579766 and parameters: {'num_layers': 5, 'num_neurons': 32, 'dropout_rate': 0.12880489364909564, 'lr': 0.07181272869169225, 'optimizer': 'Adam', 'lr_decay': 0.9992273519286106, 'activation': 'LeakyReLU'}. Best is trial 229 with value: 0.8015564202334631.
[I 2024-04-03 19:05:31,549] Trial 257 pruned. 
[I 2024-04-03 19:06:01,108] Trial 258 finished with value: 0.7859922178988327 and parameters: {'num_layers': 5, 'num_neurons': 40, 'dropout_rate': 0.11044481272832246, 'lr': 0.07593940010233782, 'optimizer': 'SGD', 'lr_decay': 0.997671570150121, 'activation': 'LeakyReLU'}. Best is trial 229 with value: 0.8015564202334631.
[I 2024-04-03 19:06:40,806] Trial 259 finished with value: 0.7957198443579766 and parameters: {'num_layers': 5, 'num_neurons': 40, 'dropout_rate': 0.14072136780359665, 'lr': 0.06805673992132415, 'optimizer': 'Adam', 'lr_decay': 0.9963894841945643, 'activation': 'LeakyReLU'}. Best is trial 229 with value: 0.8015564202334631.
[I 2024-04-03 19:07:20,615] Trial 260 finished with value: 0.7840466926070039 and parameters: {'num_layers': 5, 'num_neurons': 39, 'dropout_rate': 0.12433064654144733, 'lr': 0.06642375539743513, 'optimizer': 'Adam', 'lr_decay': 0.9961269814552888, 'activation': 'LeakyReLU'}. Best is trial 229 with value: 0.8015564202334631.
[I 2024-04-03 19:07:20,725] Trial 261 pruned. 
[I 2024-04-03 19:07:20,836] Trial 262 pruned. 
[I 2024-04-03 19:07:20,949] Trial 263 pruned. 
[I 2024-04-03 19:08:00,655] Trial 264 finished with value: 0.7879377431906615 and parameters: {'num_layers': 5, 'num_neurons': 40, 'dropout_rate': 0.1416307676094736, 'lr': 0.07601195940288273, 'optimizer': 'Adam', 'lr_decay': 0.9999499027026211, 'activation': 'LeakyReLU'}. Best is trial 229 with value: 0.8015564202334631.
[I 2024-04-03 19:08:41,197] Trial 265 finished with value: 0.7937743190661478 and parameters: {'num_layers': 5, 'num_neurons': 51, 'dropout_rate': 0.14386284095371302, 'lr': 0.059599150151670166, 'optimizer': 'Adam', 'lr_decay': 0.9964549532958569, 'activation': 'LeakyReLU'}. Best is trial 229 with value: 0.8015564202334631.
[I 2024-04-03 19:08:41,307] Trial 266 pruned. 
[I 2024-04-03 19:09:21,673] Trial 267 finished with value: 0.7840466926070039 and parameters: {'num_layers': 5, 'num_neurons': 49, 'dropout_rate': 0.16363249316675388, 'lr': 0.0835661745140107, 'optimizer': 'Adam', 'lr_decay': 0.9953342431519743, 'activation': 'LeakyReLU'}. Best is trial 229 with value: 0.8015564202334631.
[I 2024-04-03 19:09:21,784] Trial 268 pruned. 
[I 2024-04-03 19:09:21,897] Trial 269 pruned. 
[I 2024-04-03 19:09:22,008] Trial 270 pruned. 
[I 2024-04-03 19:10:02,522] Trial 271 finished with value: 0.7821011673151751 and parameters: {'num_layers': 5, 'num_neurons': 52, 'dropout_rate': 0.26367053486175573, 'lr': 0.03502587033984393, 'optimizer': 'Adam', 'lr_decay': 0.993207286307581, 'activation': 'LeakyReLU'}. Best is trial 229 with value: 0.8015564202334631.
[I 2024-04-03 19:10:41,699] Trial 272 finished with value: 0.7821011673151751 and parameters: {'num_layers': 5, 'num_neurons': 32, 'dropout_rate': 0.18364370349360218, 'lr': 0.05044415435084129, 'optimizer': 'Adam', 'lr_decay': 0.9942881063722302, 'activation': 'LeakyReLU'}. Best is trial 229 with value: 0.8015564202334631.
[I 2024-04-03 19:10:41,810] Trial 273 pruned. 
[I 2024-04-03 19:10:41,924] Trial 274 pruned. 
[I 2024-04-03 19:10:42,037] Trial 275 pruned. 
[I 2024-04-03 19:10:42,148] Trial 276 pruned. 
[I 2024-04-03 19:10:42,260] Trial 277 pruned. 
[I 2024-04-03 19:11:20,776] Trial 278 finished with value: 0.7957198443579766 and parameters: {'num_layers': 5, 'num_neurons': 349, 'dropout_rate': 0.1172406985047472, 'lr': 0.05261302798187259, 'optimizer': 'SGD', 'lr_decay': 0.9973415744507803, 'activation': 'LeakyReLU'}. Best is trial 229 with value: 0.8015564202334631.
[I 2024-04-03 19:11:52,038] Trial 279 finished with value: 0.7801556420233463 and parameters: {'num_layers': 5, 'num_neurons': 73, 'dropout_rate': 0.11958646891387933, 'lr': 0.04952513673481737, 'optimizer': 'SGD', 'lr_decay': 0.9981288321671137, 'activation': 'LeakyReLU'}. Best is trial 229 with value: 0.8015564202334631.
[I 2024-04-03 19:11:52,151] Trial 280 pruned. 
[I 2024-04-03 19:11:56,984] Trial 281 pruned. 
[I 2024-04-03 19:11:57,079] Trial 282 pruned. 
[I 2024-04-03 19:12:35,106] Trial 283 finished with value: 0.7879377431906615 and parameters: {'num_layers': 5, 'num_neurons': 337, 'dropout_rate': 0.23345517587070352, 'lr': 0.08729313554325595, 'optimizer': 'SGD', 'lr_decay': 0.9988157622475483, 'activation': 'LeakyReLU'}. Best is trial 229 with value: 0.8015564202334631.
[I 2024-04-03 19:12:35,251] Trial 284 pruned. 
[I 2024-04-03 19:13:28,117] Trial 285 finished with value: 0.7840466926070039 and parameters: {'num_layers': 5, 'num_neurons': 375, 'dropout_rate': 0.50683447469099, 'lr': 0.07701292457766458, 'optimizer': 'Adam', 'lr_decay': 0.9972292280293351, 'activation': 'LeakyReLU'}. Best is trial 229 with value: 0.8015564202334631.
[I 2024-04-03 19:14:08,724] Trial 286 finished with value: 0.7840466926070039 and parameters: {'num_layers': 5, 'num_neurons': 52, 'dropout_rate': 0.4768850229285629, 'lr': 0.05774600842633044, 'optimizer': 'Adam', 'lr_decay': 0.9981457515142187, 'activation': 'LeakyReLU'}. Best is trial 229 with value: 0.8015564202334631.
[I 2024-04-03 19:14:08,878] Trial 287 pruned. 
[I 2024-04-03 19:14:49,863] Trial 288 finished with value: 0.7937743190661478 and parameters: {'num_layers': 5, 'num_neurons': 61, 'dropout_rate': 0.3998331411960743, 'lr': 0.09759422406025499, 'optimizer': 'Adam', 'lr_decay': 0.999140423629531, 'activation': 'LeakyReLU'}. Best is trial 229 with value: 0.8015564202334631.
[I 2024-04-03 19:14:49,980] Trial 289 pruned. 
[I 2024-04-03 19:14:50,118] Trial 290 pruned. 
[I 2024-04-03 19:14:50,226] Trial 291 pruned. 
[I 2024-04-03 19:15:31,822] Trial 292 finished with value: 0.7898832684824902 and parameters: {'num_layers': 5, 'num_neurons': 66, 'dropout_rate': 0.36904819929652655, 'lr': 0.046124982313926394, 'optimizer': 'Adam', 'lr_decay': 0.9991700217172103, 'activation': 'LeakyReLU'}. Best is trial 229 with value: 0.8015564202334631.
[I 2024-04-03 19:16:12,617] Trial 293 finished with value: 0.7801556420233463 and parameters: {'num_layers': 5, 'num_neurons': 56, 'dropout_rate': 0.4474252355312122, 'lr': 0.07472889259299259, 'optimizer': 'Adam', 'lr_decay': 0.9978821872276666, 'activation': 'LeakyReLU'}. Best is trial 229 with value: 0.8015564202334631.
[I 2024-04-03 19:16:12,757] Trial 294 pruned. 
[I 2024-04-03 19:16:54,371] Trial 295 finished with value: 0.7859922178988327 and parameters: {'num_layers': 5, 'num_neurons': 76, 'dropout_rate': 0.48582134363546214, 'lr': 0.09771047609423548, 'optimizer': 'Adam', 'lr_decay': 0.9982709976502464, 'activation': 'LeakyReLU'}. Best is trial 229 with value: 0.8015564202334631.
[I 2024-04-03 19:17:35,388] Trial 296 finished with value: 0.7937743190661478 and parameters: {'num_layers': 5, 'num_neurons': 62, 'dropout_rate': 0.21145127013467882, 'lr': 0.036840023927879946, 'optimizer': 'Adam', 'lr_decay': 0.9992274472090279, 'activation': 'LeakyReLU'}. Best is trial 229 with value: 0.8015564202334631.
[I 2024-04-03 19:18:16,512] Trial 297 finished with value: 0.8073929961089494 and parameters: {'num_layers': 5, 'num_neurons': 64, 'dropout_rate': 0.16899321286675797, 'lr': 0.03107100893352588, 'optimizer': 'Adam', 'lr_decay': 0.99989896551815, 'activation': 'LeakyReLU'}. Best is trial 297 with value: 0.8073929961089494.
[I 2024-04-03 19:18:57,961] Trial 298 finished with value: 0.8015564202334631 and parameters: {'num_layers': 5, 'num_neurons': 68, 'dropout_rate': 0.216518768330158, 'lr': 0.032787840071978006, 'optimizer': 'Adam', 'lr_decay': 0.9996708186052915, 'activation': 'LeakyReLU'}. Best is trial 297 with value: 0.8073929961089494.
[I 2024-04-03 19:18:58,078] Trial 299 pruned. 
[I 2024-04-03 19:18:58,195] Trial 300 pruned. 
[I 2024-04-03 19:18:58,312] Trial 301 pruned. 
[I 2024-04-03 19:18:58,428] Trial 302 pruned. 
[I 2024-04-03 19:18:58,543] Trial 303 pruned. 
[I 2024-04-03 19:19:30,023] Trial 304 finished with value: 0.7840466926070039 and parameters: {'num_layers': 5, 'num_neurons': 87, 'dropout_rate': 0.18617995486349176, 'lr': 0.03466093319747508, 'optimizer': 'SGD', 'lr_decay': 0.9985090246412275, 'activation': 'LeakyReLU'}. Best is trial 297 with value: 0.8073929961089494.
[I 2024-04-03 19:19:30,140] Trial 305 pruned. 
[I 2024-04-03 19:20:10,872] Trial 306 finished with value: 0.7898832684824902 and parameters: {'num_layers': 5, 'num_neurons': 56, 'dropout_rate': 0.16559734972217838, 'lr': 0.030911360663304657, 'optimizer': 'Adam', 'lr_decay': 0.9992292413903374, 'activation': 'LeakyReLU'}. Best is trial 297 with value: 0.8073929961089494.
[I 2024-04-03 19:20:11,035] Trial 307 pruned. 
[I 2024-04-03 19:20:11,154] Trial 308 pruned. 
[I 2024-04-03 19:20:11,271] Trial 309 pruned. 
[I 2024-04-03 19:20:52,234] Trial 310 finished with value: 0.7821011673151751 and parameters: {'num_layers': 5, 'num_neurons': 62, 'dropout_rate': 0.2786676990906742, 'lr': 0.0011665568874963787, 'optimizer': 'Adam', 'lr_decay': 0.9982302590972078, 'activation': 'LeakyReLU'}. Best is trial 297 with value: 0.8073929961089494.
[I 2024-04-03 19:21:32,820] Trial 311 finished with value: 0.7976653696498055 and parameters: {'num_layers': 5, 'num_neurons': 51, 'dropout_rate': 0.1775108491927382, 'lr': 0.05062630854092136, 'optimizer': 'Adam', 'lr_decay': 0.9990348981206443, 'activation': 'LeakyReLU'}. Best is trial 297 with value: 0.8073929961089494.
[I 2024-04-03 19:21:32,940] Trial 312 pruned. 
[I 2024-04-03 19:22:13,722] Trial 313 finished with value: 0.791828793774319 and parameters: {'num_layers': 5, 'num_neurons': 57, 'dropout_rate': 0.1588987445457391, 'lr': 0.05184298717872031, 'optimizer': 'Adam', 'lr_decay': 0.9974796918434484, 'activation': 'LeakyReLU'}. Best is trial 297 with value: 0.8073929961089494.
[I 2024-04-03 19:22:13,860] Trial 314 pruned. 
[I 2024-04-03 19:22:13,976] Trial 315 pruned. 
[I 2024-04-03 19:22:14,091] Trial 316 pruned. 
[I 2024-04-03 19:22:18,410] Trial 317 pruned. 
[I 2024-04-03 19:23:11,001] Trial 318 finished with value: 0.7723735408560312 and parameters: {'num_layers': 5, 'num_neurons': 236, 'dropout_rate': 0.14517131208360357, 'lr': 0.06155288269766992, 'optimizer': 'Adam', 'lr_decay': 0.9891554626960838, 'activation': 'LeakyReLU'}. Best is trial 297 with value: 0.8073929961089494.
[I 2024-04-03 19:24:02,503] Trial 319 finished with value: 0.7957198443579766 and parameters: {'num_layers': 5, 'num_neurons': 319, 'dropout_rate': 0.20250240527739127, 'lr': 0.0409185561230843, 'optimizer': 'Adam', 'lr_decay': 0.9986208866466989, 'activation': 'LeakyReLU'}. Best is trial 297 with value: 0.8073929961089494.
[I 2024-04-03 19:24:02,645] Trial 320 pruned. 
[I 2024-04-03 19:24:02,785] Trial 321 pruned. 
[I 2024-04-03 19:24:02,904] Trial 322 pruned. 
[I 2024-04-03 19:24:03,047] Trial 323 pruned. 
[I 2024-04-03 19:24:03,188] Trial 324 pruned. 
[I 2024-04-03 19:24:03,330] Trial 325 pruned. 
[I 2024-04-03 19:24:03,474] Trial 326 pruned. 
[I 2024-04-03 19:24:03,622] Trial 327 pruned. 
[I 2024-04-03 19:24:03,744] Trial 328 pruned. 
[I 2024-04-03 19:24:56,402] Trial 329 finished with value: 0.7937743190661478 and parameters: {'num_layers': 5, 'num_neurons': 365, 'dropout_rate': 0.2416494607986801, 'lr': 0.02840011700551697, 'optimizer': 'Adam', 'lr_decay': 0.9982214019484243, 'activation': 'LeakyReLU'}. Best is trial 297 with value: 0.8073929961089494.
[I 2024-04-03 19:24:56,519] Trial 330 pruned. 
[I 2024-04-03 19:24:56,661] Trial 331 pruned. 
[I 2024-04-03 19:24:56,806] Trial 332 pruned. 
[I 2024-04-03 19:24:56,945] Trial 333 pruned. 
[I 2024-04-03 19:24:57,097] Trial 334 pruned. 
[I 2024-04-03 19:24:57,240] Trial 335 pruned. 
[I 2024-04-03 19:24:57,388] Trial 336 pruned. 
[I 2024-04-03 19:24:57,531] Trial 337 pruned. 
[I 2024-04-03 19:25:38,539] Trial 338 finished with value: 0.7898832684824902 and parameters: {'num_layers': 5, 'num_neurons': 64, 'dropout_rate': 0.1408205478982922, 'lr': 0.08793107353768409, 'optimizer': 'Adam', 'lr_decay': 0.9990048185150145, 'activation': 'LeakyReLU'}. Best is trial 297 with value: 0.8073929961089494.
[I 2024-04-03 19:26:20,479] Trial 339 finished with value: 0.7801556420233463 and parameters: {'num_layers': 5, 'num_neurons': 76, 'dropout_rate': 0.16505444850536852, 'lr': 0.03669487108953299, 'optimizer': 'Adam', 'lr_decay': 0.9951379827318517, 'activation': 'Tanh'}. Best is trial 297 with value: 0.8073929961089494.
[I 2024-04-03 19:26:20,597] Trial 340 pruned. 
[I 2024-04-03 19:26:20,712] Trial 341 pruned. 
[I 2024-04-03 19:26:57,136] Trial 342 finished with value: 0.7957198443579766 and parameters: {'num_layers': 4, 'num_neurons': 88, 'dropout_rate': 0.15356686510970577, 'lr': 0.07188027770872878, 'optimizer': 'Adam', 'lr_decay': 0.9966184783852745, 'activation': 'LeakyReLU'}. Best is trial 297 with value: 0.8073929961089494.
[I 2024-04-03 19:27:50,063] Trial 343 finished with value: 0.791828793774319 and parameters: {'num_layers': 5, 'num_neurons': 354, 'dropout_rate': 0.15384366212034667, 'lr': 0.04720726410501562, 'optimizer': 'Adam', 'lr_decay': 0.9937949442382977, 'activation': 'LeakyReLU'}. Best is trial 297 with value: 0.8073929961089494.
[I 2024-04-03 19:28:26,334] Trial 344 finished with value: 0.8015564202334631 and parameters: {'num_layers': 4, 'num_neurons': 76, 'dropout_rate': 0.16836246105924532, 'lr': 0.0661969871601871, 'optimizer': 'Adam', 'lr_decay': 0.9961331852887423, 'activation': 'LeakyReLU'}. Best is trial 297 with value: 0.8073929961089494.
[I 2024-04-03 19:28:26,455] Trial 345 pruned. 
[I 2024-04-03 19:28:26,575] Trial 346 pruned. 
[I 2024-04-03 19:29:03,164] Trial 347 finished with value: 0.7898832684824902 and parameters: {'num_layers': 4, 'num_neurons': 86, 'dropout_rate': 0.15034597997495053, 'lr': 0.06126722000542484, 'optimizer': 'Adam', 'lr_decay': 0.9958505190563494, 'activation': 'LeakyReLU'}. Best is trial 297 with value: 0.8073929961089494.
[I 2024-04-03 19:29:03,285] Trial 348 pruned. 
[I 2024-04-03 19:29:03,393] Trial 349 pruned. 
[I 2024-04-03 19:29:20,485] Trial 350 pruned. 
[I 2024-04-03 19:29:20,606] Trial 351 pruned. 
[I 2024-04-03 19:29:20,725] Trial 352 pruned. 
[I 2024-04-03 19:29:24,616] Trial 353 pruned. 
[I 2024-04-03 19:29:29,770] Trial 354 pruned. 
[I 2024-04-03 19:30:06,448] Trial 355 finished with value: 0.7821011673151751 and parameters: {'num_layers': 4, 'num_neurons': 92, 'dropout_rate': 0.1557567939031052, 'lr': 0.03770508472383904, 'optimizer': 'Adam', 'lr_decay': 0.9934785269406304, 'activation': 'LeakyReLU'}. Best is trial 297 with value: 0.8073929961089494.
[I 2024-04-03 19:30:06,567] Trial 356 pruned. 
[I 2024-04-03 19:30:48,372] Trial 357 finished with value: 0.7879377431906615 and parameters: {'num_layers': 5, 'num_neurons': 76, 'dropout_rate': 0.13043427076965142, 'lr': 0.08266168980028989, 'optimizer': 'Adam', 'lr_decay': 0.9977474872900647, 'activation': 'LeakyReLU'}. Best is trial 297 with value: 0.8073929961089494.
[I 2024-04-03 19:30:48,491] Trial 358 pruned. 
[I 2024-04-03 19:30:53,174] Trial 359 pruned. 
[I 2024-04-03 19:30:53,283] Trial 360 pruned. 
[I 2024-04-03 19:31:43,422] Trial 361 finished with value: 0.7859922178988327 and parameters: {'num_layers': 5, 'num_neurons': 250, 'dropout_rate': 0.1555097501896392, 'lr': 0.06545938213874085, 'optimizer': 'Adam', 'lr_decay': 0.9958814681261103, 'activation': 'LeakyReLU'}. Best is trial 297 with value: 0.8073929961089494.
[I 2024-04-03 19:32:18,725] Trial 362 finished with value: 0.7859922178988327 and parameters: {'num_layers': 4, 'num_neurons': 47, 'dropout_rate': 0.11698069201048107, 'lr': 0.05531685471043096, 'optimizer': 'Adam', 'lr_decay': 0.9969716273901555, 'activation': 'LeakyReLU'}. Best is trial 297 with value: 0.8073929961089494.
[I 2024-04-03 19:32:18,873] Trial 363 pruned. 
[I 2024-04-03 19:32:18,992] Trial 364 pruned. 
[I 2024-04-03 19:32:19,092] Trial 365 pruned. 
[I 2024-04-03 19:32:19,210] Trial 366 pruned. 
[I 2024-04-03 19:32:19,329] Trial 367 pruned. 
[I 2024-04-03 19:32:19,475] Trial 368 pruned. 
[I 2024-04-03 19:32:19,583] Trial 369 pruned. 
[I 2024-04-03 19:33:05,210] Trial 370 finished with value: 0.7879377431906615 and parameters: {'num_layers': 4, 'num_neurons': 377, 'dropout_rate': 0.138813060226193, 'lr': 0.07515185411707456, 'optimizer': 'Adam', 'lr_decay': 0.9965461743139549, 'activation': 'LeakyReLU'}. Best is trial 297 with value: 0.8073929961089494.
[I 2024-04-03 19:33:05,328] Trial 371 pruned. 
[I 2024-04-03 19:33:05,448] Trial 372 pruned. 
[I 2024-04-03 19:33:05,562] Trial 373 pruned. 
[I 2024-04-03 19:33:05,670] Trial 374 pruned. 
[I 2024-04-03 19:33:21,089] Trial 375 pruned. 
[I 2024-04-03 19:34:01,739] Trial 376 finished with value: 0.7840466926070039 and parameters: {'num_layers': 5, 'num_neurons': 54, 'dropout_rate': 0.21781611418378952, 'lr': 0.08617030093428084, 'optimizer': 'Adam', 'lr_decay': 0.9967520340913746, 'activation': 'LeakyReLU'}. Best is trial 297 with value: 0.8073929961089494.
[I 2024-04-03 19:34:11,388] Trial 377 pruned. 
[I 2024-04-03 19:34:55,884] Trial 378 finished with value: 0.7957198443579766 and parameters: {'num_layers': 5, 'num_neurons': 147, 'dropout_rate': 0.1740552863970843, 'lr': 0.06874659304413744, 'optimizer': 'Adam', 'lr_decay': 0.9991645111670041, 'activation': 'LeakyReLU'}. Best is trial 297 with value: 0.8073929961089494.
[I 2024-04-03 19:35:09,950] Trial 379 pruned. 
[I 2024-04-03 19:35:56,248] Trial 380 finished with value: 0.7879377431906615 and parameters: {'num_layers': 5, 'num_neurons': 177, 'dropout_rate': 0.16929571700891582, 'lr': 0.0009650266155871703, 'optimizer': 'Adam', 'lr_decay': 0.9979406373545271, 'activation': 'LeakyReLU'}. Best is trial 297 with value: 0.8073929961089494.
[I 2024-04-03 19:35:56,371] Trial 381 pruned. 
[I 2024-04-03 19:35:56,504] Trial 382 pruned. 
[I 2024-04-03 19:36:41,549] Trial 383 finished with value: 0.8073929961089494 and parameters: {'num_layers': 5, 'num_neurons': 157, 'dropout_rate': 0.18226293723882245, 'lr': 0.0021198071477549372, 'optimizer': 'Adam', 'lr_decay': 0.999961622005679, 'activation': 'LeakyReLU'}. Best is trial 297 with value: 0.8073929961089494.
[I 2024-04-03 19:37:25,710] Trial 384 finished with value: 0.791828793774319 and parameters: {'num_layers': 5, 'num_neurons': 140, 'dropout_rate': 0.18427711107107902, 'lr': 0.03146699822559664, 'optimizer': 'Adam', 'lr_decay': 0.9991798698733575, 'activation': 'LeakyReLU'}. Best is trial 297 with value: 0.8073929961089494.
[I 2024-04-03 19:38:10,029] Trial 385 finished with value: 0.7879377431906615 and parameters: {'num_layers': 5, 'num_neurons': 143, 'dropout_rate': 0.20566615075680994, 'lr': 0.002079015951310349, 'optimizer': 'Adam', 'lr_decay': 0.9958944498265675, 'activation': 'LeakyReLU'}. Best is trial 297 with value: 0.8073929961089494.
[I 2024-04-03 19:38:10,151] Trial 386 pruned. 
[I 2024-04-03 19:38:51,159] Trial 387 finished with value: 0.7879377431906615 and parameters: {'num_layers': 5, 'num_neurons': 62, 'dropout_rate': 0.18522681404476007, 'lr': 0.0039347199372407535, 'optimizer': 'Adam', 'lr_decay': 0.9982263658010094, 'activation': 'LeakyReLU'}. Best is trial 297 with value: 0.8073929961089494.
[I 2024-04-03 19:38:51,285] Trial 388 pruned. 
[I 2024-04-03 19:38:51,391] Trial 389 pruned. 
[I 2024-04-03 19:38:51,510] Trial 390 pruned. 
[I 2024-04-03 19:38:51,639] Trial 391 pruned. 
[I 2024-04-03 19:38:51,769] Trial 392 pruned. 
[I 2024-04-03 19:38:51,897] Trial 393 pruned. 
[I 2024-04-03 19:38:56,549] Trial 394 pruned. 
[I 2024-04-03 19:39:47,084] Trial 395 finished with value: 0.7937743190661478 and parameters: {'num_layers': 5, 'num_neurons': 286, 'dropout_rate': 0.18087287213664674, 'lr': 0.05218355617141725, 'optimizer': 'Adam', 'lr_decay': 0.9967279180252343, 'activation': 'LeakyReLU'}. Best is trial 297 with value: 0.8073929961089494.
[I 2024-04-03 19:39:47,211] Trial 396 pruned. 
[I 2024-04-03 19:40:29,042] Trial 397 finished with value: 0.791828793774319 and parameters: {'num_layers': 5, 'num_neurons': 77, 'dropout_rate': 0.2138746406094575, 'lr': 0.0816954099690079, 'optimizer': 'Adam', 'lr_decay': 0.9990372698231657, 'activation': 'LeakyReLU'}. Best is trial 297 with value: 0.8073929961089494.
[I 2024-04-03 19:40:29,180] Trial 398 pruned. 
[I 2024-04-03 19:40:29,307] Trial 399 pruned. 
[I 2024-04-03 19:40:29,459] Trial 400 pruned. 
[I 2024-04-03 19:40:59,763] Trial 401 finished with value: 0.7859922178988327 and parameters: {'num_layers': 5, 'num_neurons': 53, 'dropout_rate': 0.19136617582732773, 'lr': 0.048550096201356495, 'optimizer': 'SGD', 'lr_decay': 0.9984445334291655, 'activation': 'LeakyReLU'}. Best is trial 297 with value: 0.8073929961089494.
[I 2024-04-03 19:41:41,437] Trial 402 finished with value: 0.7976653696498055 and parameters: {'num_layers': 5, 'num_neurons': 71, 'dropout_rate': 0.228015781366923, 'lr': 0.06302270014585412, 'optimizer': 'Adam', 'lr_decay': 0.9991784576169237, 'activation': 'LeakyReLU'}. Best is trial 297 with value: 0.8073929961089494.
[I 2024-04-03 19:41:41,560] Trial 403 pruned. 
[I 2024-04-03 19:41:41,700] Trial 404 pruned. 
[I 2024-04-03 19:41:41,821] Trial 405 pruned. 
[I 2024-04-03 19:42:26,476] Trial 406 finished with value: 0.7937743190661478 and parameters: {'num_layers': 5, 'num_neurons': 151, 'dropout_rate': 0.22704007529185338, 'lr': 0.0596704675021714, 'optimizer': 'Adam', 'lr_decay': 0.9985278375993571, 'activation': 'LeakyReLU'}. Best is trial 297 with value: 0.8073929961089494.
[I 2024-04-03 19:43:08,058] Trial 407 finished with value: 0.7957198443579766 and parameters: {'num_layers': 5, 'num_neurons': 67, 'dropout_rate': 0.1425962063899842, 'lr': 0.08327931157359456, 'optimizer': 'Adam', 'lr_decay': 0.9992067007027017, 'activation': 'LeakyReLU'}. Best is trial 297 with value: 0.8073929961089494.
[I 2024-04-03 19:43:08,179] Trial 408 pruned. 
[I 2024-04-03 19:43:12,441] Trial 409 pruned. 
[I 2024-04-03 19:43:12,560] Trial 410 pruned. 
[I 2024-04-03 19:43:32,125] Trial 411 finished with value: 0.7879377431906615 and parameters: {'num_layers': 1, 'num_neurons': 62, 'dropout_rate': 0.12439794166744274, 'lr': 0.08955806219788098, 'optimizer': 'Adam', 'lr_decay': 0.9789278441315409, 'activation': 'LeakyReLU'}. Best is trial 297 with value: 0.8073929961089494.
[I 2024-04-03 19:44:14,025] Trial 412 finished with value: 0.791828793774319 and parameters: {'num_layers': 5, 'num_neurons': 82, 'dropout_rate': 0.14534439565475502, 'lr': 0.0698917406667188, 'optimizer': 'Adam', 'lr_decay': 0.9986063391764818, 'activation': 'LeakyReLU'}. Best is trial 297 with value: 0.8073929961089494.
[I 2024-04-03 19:44:14,143] Trial 413 pruned. 
[I 2024-04-03 19:44:45,081] Trial 414 finished with value: 0.7859922178988327 and parameters: {'num_layers': 5, 'num_neurons': 72, 'dropout_rate': 0.1363115697687586, 'lr': 0.09747699726475181, 'optimizer': 'SGD', 'lr_decay': 0.9974182230229649, 'activation': 'LeakyReLU'}. Best is trial 297 with value: 0.8073929961089494.
[I 2024-04-03 19:44:45,212] Trial 415 pruned. 
[I 2024-04-03 19:45:27,255] Trial 416 finished with value: 0.791828793774319 and parameters: {'num_layers': 5, 'num_neurons': 86, 'dropout_rate': 0.16378343316670158, 'lr': 0.07678585127967207, 'optimizer': 'Adam', 'lr_decay': 0.9993068484123572, 'activation': 'LeakyReLU'}. Best is trial 297 with value: 0.8073929961089494.
[I 2024-04-03 19:45:35,922] Trial 417 pruned. 
[I 2024-04-03 19:46:15,983] Trial 418 finished with value: 0.7859922178988327 and parameters: {'num_layers': 5, 'num_neurons': 46, 'dropout_rate': 0.17677444825846514, 'lr': 0.09994078194033194, 'optimizer': 'Adam', 'lr_decay': 0.9978142944729113, 'activation': 'LeakyReLU'}. Best is trial 297 with value: 0.8073929961089494.
[I 2024-04-03 19:46:57,506] Trial 419 finished with value: 0.7821011673151751 and parameters: {'num_layers': 5, 'num_neurons': 68, 'dropout_rate': 0.1395881890848881, 'lr': 0.057765515975070805, 'optimizer': 'Adam', 'lr_decay': 0.998239080940174, 'activation': 'Sigmoid'}. Best is trial 297 with value: 0.8073929961089494.
[I 2024-04-03 19:46:57,653] Trial 420 pruned. 
[I 2024-04-03 19:47:49,811] Trial 421 finished with value: 0.7859922178988327 and parameters: {'num_layers': 5, 'num_neurons': 323, 'dropout_rate': 0.16470458542973554, 'lr': 0.049664407322001884, 'optimizer': 'Adam', 'lr_decay': 0.9708271020063738, 'activation': 'LeakyReLU'}. Best is trial 297 with value: 0.8073929961089494.
[I 2024-04-03 19:47:49,932] Trial 422 pruned. 
[I 2024-04-03 19:48:31,656] Trial 423 finished with value: 0.791828793774319 and parameters: {'num_layers': 5, 'num_neurons': 78, 'dropout_rate': 0.13234711430744758, 'lr': 0.08343074630964607, 'optimizer': 'Adam', 'lr_decay': 0.9969091787971003, 'activation': 'LeakyReLU'}. Best is trial 297 with value: 0.8073929961089494.
[I 2024-04-03 19:49:13,120] Trial 424 finished with value: 0.7996108949416343 and parameters: {'num_layers': 5, 'num_neurons': 469, 'dropout_rate': 0.1809036113615532, 'lr': 0.056271480937102554, 'optimizer': 'SGD', 'lr_decay': 0.9999930472267236, 'activation': 'LeakyReLU'}. Best is trial 297 with value: 0.8073929961089494.
[I 2024-04-03 19:49:13,252] Trial 425 pruned. 
[I 2024-04-03 19:49:13,378] Trial 426 pruned. 
[I 2024-04-03 19:49:42,990] Trial 427 finished with value: 0.7840466926070039 and parameters: {'num_layers': 5, 'num_neurons': 40, 'dropout_rate': 0.16366220604404122, 'lr': 0.058491431022491464, 'optimizer': 'SGD', 'lr_decay': 0.9980772056965972, 'activation': 'LeakyReLU'}. Best is trial 297 with value: 0.8073929961089494.
[I 2024-04-03 19:49:43,114] Trial 428 pruned. 
[I 2024-04-03 19:49:43,237] Trial 429 pruned. 
[I 2024-04-03 19:50:12,986] Trial 430 finished with value: 0.7821011673151751 and parameters: {'num_layers': 5, 'num_neurons': 48, 'dropout_rate': 0.1742662299302675, 'lr': 0.04246387575248473, 'optimizer': 'SGD', 'lr_decay': 0.9984380863272927, 'activation': 'LeakyReLU'}. Best is trial 297 with value: 0.8073929961089494.
[I 2024-04-03 19:50:15,575] Trial 431 pruned. 
[I 2024-04-03 19:50:15,705] Trial 432 pruned. 
[I 2024-04-03 19:50:15,833] Trial 433 pruned. 
[I 2024-04-03 19:50:15,976] Trial 434 pruned. 
[I 2024-04-03 19:50:16,131] Trial 435 pruned. 
[I 2024-04-03 19:50:16,261] Trial 436 pruned. 
[I 2024-04-03 19:50:16,412] Trial 437 pruned. 
[I 2024-04-03 19:50:16,536] Trial 438 pruned. 
[I 2024-04-03 19:50:16,661] Trial 439 pruned. 
[I 2024-04-03 19:50:19,212] Trial 440 pruned. 
[I 2024-04-03 19:50:54,798] Trial 441 finished with value: 0.7840466926070039 and parameters: {'num_layers': 5, 'num_neurons': 53, 'dropout_rate': 0.16317398838576608, 'lr': 0.056132641055911446, 'optimizer': 'RMSprop', 'lr_decay': 0.9967661409212168, 'activation': 'Sigmoid'}. Best is trial 297 with value: 0.8073929961089494.
[I 2024-04-03 19:51:48,965] Trial 442 finished with value: 0.8093385214007782 and parameters: {'num_layers': 5, 'num_neurons': 413, 'dropout_rate': 0.10995077462546567, 'lr': 0.0008524901825723803, 'optimizer': 'Adam', 'lr_decay': 0.9989951977885069, 'activation': 'LeakyReLU'}. Best is trial 442 with value: 0.8093385214007782.
[I 2024-04-03 19:52:44,892] Trial 443 finished with value: 0.8151750972762646 and parameters: {'num_layers': 5, 'num_neurons': 479, 'dropout_rate': 0.11267112658551673, 'lr': 0.0008753247239029507, 'optimizer': 'Adam', 'lr_decay': 0.9999724454401938, 'activation': 'LeakyReLU'}. Best is trial 443 with value: 0.8151750972762646.
[I 2024-04-03 19:53:41,403] Trial 444 finished with value: 0.8054474708171206 and parameters: {'num_layers': 5, 'num_neurons': 478, 'dropout_rate': 0.10633905571158385, 'lr': 0.0008054969778139149, 'optimizer': 'Adam', 'lr_decay': 0.9999685556827808, 'activation': 'LeakyReLU'}. Best is trial 443 with value: 0.8151750972762646.
[I 2024-04-03 19:54:36,701] Trial 445 finished with value: 0.8151750972762646 and parameters: {'num_layers': 5, 'num_neurons': 488, 'dropout_rate': 0.10043330924113955, 'lr': 0.0008258315330604321, 'optimizer': 'Adam', 'lr_decay': 0.9999727670285387, 'activation': 'LeakyReLU'}. Best is trial 443 with value: 0.8151750972762646.
[I 2024-04-03 19:54:36,869] Trial 446 pruned. 
[I 2024-04-03 19:54:36,972] Trial 447 pruned. 
[I 2024-04-03 19:54:37,142] Trial 448 pruned. 
[I 2024-04-03 19:54:37,268] Trial 449 pruned. 
[I 2024-04-03 19:55:32,133] Trial 450 finished with value: 0.811284046692607 and parameters: {'num_layers': 5, 'num_neurons': 444, 'dropout_rate': 0.10603158351391359, 'lr': 0.0006980463090011993, 'optimizer': 'Adam', 'lr_decay': 0.999228494042989, 'activation': 'LeakyReLU'}. Best is trial 443 with value: 0.8151750972762646.
[I 2024-04-03 19:56:29,364] Trial 451 finished with value: 0.8015564202334631 and parameters: {'num_layers': 5, 'num_neurons': 511, 'dropout_rate': 0.11446203473019098, 'lr': 0.0006731781284568588, 'optimizer': 'Adam', 'lr_decay': 0.9991134270423779, 'activation': 'LeakyReLU'}. Best is trial 443 with value: 0.8151750972762646.
[I 2024-04-03 19:57:24,875] Trial 452 finished with value: 0.8054474708171206 and parameters: {'num_layers': 5, 'num_neurons': 459, 'dropout_rate': 0.1100469044961731, 'lr': 0.0006998294455499821, 'optimizer': 'Adam', 'lr_decay': 0.9990279574347899, 'activation': 'LeakyReLU'}. Best is trial 443 with value: 0.8151750972762646.
[I 2024-04-03 19:57:25,022] Trial 453 pruned. 
[I 2024-04-03 19:57:25,152] Trial 454 pruned. 
[I 2024-04-03 19:57:25,310] Trial 455 pruned. 
[I 2024-04-03 19:57:25,473] Trial 456 pruned. 
[I 2024-04-03 19:57:25,636] Trial 457 pruned. 
[I 2024-04-03 19:58:24,316] Trial 458 finished with value: 0.7879377431906615 and parameters: {'num_layers': 5, 'num_neurons': 460, 'dropout_rate': 0.11686388047606706, 'lr': 0.0005622657020675659, 'optimizer': 'Adam', 'lr_decay': 0.9905727509714055, 'activation': 'LeakyReLU'}. Best is trial 443 with value: 0.8151750972762646.
[I 2024-04-03 19:59:20,804] Trial 459 finished with value: 0.8073929961089494 and parameters: {'num_layers': 5, 'num_neurons': 478, 'dropout_rate': 0.10728340752718232, 'lr': 0.0010617176550344902, 'optimizer': 'Adam', 'lr_decay': 0.9986015277200502, 'activation': 'LeakyReLU'}. Best is trial 443 with value: 0.8151750972762646.
[I 2024-04-03 19:59:20,962] Trial 460 pruned. 
[I 2024-04-03 19:59:21,121] Trial 461 pruned. 
[I 2024-04-03 20:00:17,418] Trial 462 finished with value: 0.8015564202334631 and parameters: {'num_layers': 5, 'num_neurons': 495, 'dropout_rate': 0.11925896529351424, 'lr': 0.0004495533419090386, 'optimizer': 'Adam', 'lr_decay': 0.9989914102018604, 'activation': 'LeakyReLU'}. Best is trial 443 with value: 0.8151750972762646.
[I 2024-04-03 20:00:17,553] Trial 463 pruned. 
[I 2024-04-03 20:01:14,106] Trial 464 finished with value: 0.7996108949416343 and parameters: {'num_layers': 5, 'num_neurons': 498, 'dropout_rate': 0.11993168873821877, 'lr': 0.000653242957141736, 'optimizer': 'Adam', 'lr_decay': 0.9991625626953369, 'activation': 'LeakyReLU'}. Best is trial 443 with value: 0.8151750972762646.
[I 2024-04-03 20:01:14,268] Trial 465 pruned. 
[I 2024-04-03 20:02:10,352] Trial 466 finished with value: 0.8210116731517509 and parameters: {'num_layers': 5, 'num_neurons': 491, 'dropout_rate': 0.12028842920141192, 'lr': 0.000499675851090991, 'optimizer': 'Adam', 'lr_decay': 0.9999914993467703, 'activation': 'LeakyReLU'}. Best is trial 466 with value: 0.8210116731517509.
[I 2024-04-03 20:03:06,920] Trial 467 finished with value: 0.8093385214007782 and parameters: {'num_layers': 5, 'num_neurons': 498, 'dropout_rate': 0.10102856998392956, 'lr': 0.0004822478625065793, 'optimizer': 'Adam', 'lr_decay': 0.9999198085399494, 'activation': 'LeakyReLU'}. Best is trial 466 with value: 0.8210116731517509.
[I 2024-04-03 20:03:07,082] Trial 468 pruned. 
[I 2024-04-03 20:04:02,797] Trial 469 finished with value: 0.8210116731517509 and parameters: {'num_layers': 5, 'num_neurons': 488, 'dropout_rate': 0.11954139371924577, 'lr': 0.00043202147085033874, 'optimizer': 'Adam', 'lr_decay': 0.9999364572644879, 'activation': 'LeakyReLU'}. Best is trial 466 with value: 0.8210116731517509.
[I 2024-04-03 20:04:02,958] Trial 470 pruned. 
[I 2024-04-03 20:04:03,118] Trial 471 pruned. 
[I 2024-04-03 20:04:03,275] Trial 472 pruned. 
[I 2024-04-03 20:04:03,436] Trial 473 pruned. 
[I 2024-04-03 20:04:59,101] Trial 474 finished with value: 0.7976653696498055 and parameters: {'num_layers': 5, 'num_neurons': 471, 'dropout_rate': 0.11473038294885875, 'lr': 0.0002664419272207187, 'optimizer': 'Adam', 'lr_decay': 0.9985306815175136, 'activation': 'LeakyReLU'}. Best is trial 466 with value: 0.8210116731517509.
[I 2024-04-03 20:05:48,812] Trial 475 finished with value: 0.7996108949416343 and parameters: {'num_layers': 5, 'num_neurons': 485, 'dropout_rate': 0.1000807342477702, 'lr': 0.00027096088371692965, 'optimizer': 'RMSprop', 'lr_decay': 0.9987311734640807, 'activation': 'LeakyReLU'}. Best is trial 466 with value: 0.8210116731517509.
[I 2024-04-03 20:05:48,960] Trial 476 pruned. 
[I 2024-04-03 20:05:49,108] Trial 477 pruned. 
[I 2024-04-03 20:06:40,333] Trial 478 finished with value: 0.7782101167315175 and parameters: {'num_layers': 5, 'num_neurons': 499, 'dropout_rate': 0.10026673429636616, 'lr': 0.00046333925122870706, 'optimizer': 'RMSprop', 'lr_decay': 0.9986090052520569, 'activation': 'Sigmoid'}. Best is trial 466 with value: 0.8210116731517509.
[I 2024-04-03 20:07:08,356] Trial 479 finished with value: 0.7976653696498055 and parameters: {'num_layers': 2, 'num_neurons': 475, 'dropout_rate': 0.11696500291139646, 'lr': 0.0007691639980570334, 'optimizer': 'RMSprop', 'lr_decay': 0.99898884149568, 'activation': 'LeakyReLU'}. Best is trial 466 with value: 0.8210116731517509.
[I 2024-04-03 20:07:08,503] Trial 480 pruned. 
[I 2024-04-03 20:07:08,651] Trial 481 pruned. 
[I 2024-04-03 20:07:08,794] Trial 482 pruned. 
[I 2024-04-03 20:08:00,798] Trial 483 finished with value: 0.7937743190661478 and parameters: {'num_layers': 5, 'num_neurons': 512, 'dropout_rate': 0.11339169872967995, 'lr': 0.00015623614728284908, 'optimizer': 'RMSprop', 'lr_decay': 0.9982881846711891, 'activation': 'LeakyReLU'}. Best is trial 466 with value: 0.8210116731517509.
[I 2024-04-03 20:08:00,948] Trial 484 pruned. 
[I 2024-04-03 20:08:01,099] Trial 485 pruned. 
[I 2024-04-03 20:08:01,259] Trial 486 pruned. 
[I 2024-04-03 20:08:01,419] Trial 487 pruned. 
[I 2024-04-03 20:08:56,562] Trial 488 finished with value: 0.8229571984435797 and parameters: {'num_layers': 5, 'num_neurons': 455, 'dropout_rate': 0.12074189901206918, 'lr': 0.0005349795916572356, 'optimizer': 'Adam', 'lr_decay': 0.9999254588012172, 'activation': 'LeakyReLU'}. Best is trial 488 with value: 0.8229571984435797.
[I 2024-04-03 20:09:52,019] Trial 489 finished with value: 0.8054474708171206 and parameters: {'num_layers': 5, 'num_neurons': 458, 'dropout_rate': 0.1261009159992035, 'lr': 0.0005193278319581917, 'optimizer': 'Adam', 'lr_decay': 0.9999814156936735, 'activation': 'LeakyReLU'}. Best is trial 488 with value: 0.8229571984435797.
[I 2024-04-03 20:10:46,901] Trial 490 finished with value: 0.8132295719844358 and parameters: {'num_layers': 5, 'num_neurons': 445, 'dropout_rate': 0.12422448970046052, 'lr': 0.0005404457913267354, 'optimizer': 'Adam', 'lr_decay': 0.9999563157228418, 'activation': 'LeakyReLU'}. Best is trial 488 with value: 0.8229571984435797.
[I 2024-04-03 20:11:40,673] Trial 491 finished with value: 0.8035019455252919 and parameters: {'num_layers': 5, 'num_neurons': 448, 'dropout_rate': 0.12972694243971108, 'lr': 0.0005271278645023182, 'optimizer': 'Adam', 'lr_decay': 0.9992890039996838, 'activation': 'LeakyReLU'}. Best is trial 488 with value: 0.8229571984435797.
[I 2024-04-03 20:11:40,830] Trial 492 pruned. 
[I 2024-04-03 20:11:40,987] Trial 493 pruned. 
[I 2024-04-03 20:11:41,144] Trial 494 pruned. 
[I 2024-04-03 20:12:36,812] Trial 495 finished with value: 0.8132295719844358 and parameters: {'num_layers': 5, 'num_neurons': 466, 'dropout_rate': 0.1093020937060051, 'lr': 0.0006123665187881351, 'optimizer': 'Adam', 'lr_decay': 0.9999948673023052, 'activation': 'LeakyReLU'}. Best is trial 488 with value: 0.8229571984435797.
[I 2024-04-03 20:13:32,422] Trial 496 finished with value: 0.8171206225680934 and parameters: {'num_layers': 5, 'num_neurons': 459, 'dropout_rate': 0.1274152225196849, 'lr': 0.0006945622068681253, 'optimizer': 'Adam', 'lr_decay': 0.9998779049334672, 'activation': 'LeakyReLU'}. Best is trial 488 with value: 0.8229571984435797.
[I 2024-04-03 20:13:32,580] Trial 497 pruned. 
[I 2024-04-03 20:14:27,029] Trial 498 finished with value: 0.8132295719844358 and parameters: {'num_layers': 5, 'num_neurons': 425, 'dropout_rate': 0.1102558056195869, 'lr': 0.0005638375613136974, 'optimizer': 'Adam', 'lr_decay': 0.9998917571294056, 'activation': 'LeakyReLU'}. Best is trial 488 with value: 0.8229571984435797.
[I 2024-04-03 20:14:27,188] Trial 499 pruned. 
Model saved to '/lyceum/jhj1g23/Deep-Learning-Learning/uav_data/WildFires/best_model2.pth'
==============================================================================
Running epilogue script on rose02.

Submit time  : 2024-04-03T17:38:50
Start time   : 2024-04-03T17:38:51
End time     : 2024-04-03T20:16:48
Elapsed time : 02:37:57 (Timelimit=03:00:00)

Job ID: 5768521
Cluster: i5
User/Group: jhj1g23/fp
State: COMPLETED (exit code 0)
Nodes: 1
Cores per node: 48
CPU Utilized: 5-04:56:50
CPU Efficiency: 98.88% of 5-06:21:36 core-walltime
Job Wall-clock time: 02:37:57
Memory Utilized: 656.02 MB
Memory Efficiency: 0.00% of 16.00 B

