Running SLURM prolog script on rose05.cluster.local
===============================================================================
Job started on Fri May  3 19:26:03 BST 2024
Job ID          : 5941148
Job name        : launch.sh
WorkDir         : /mainfs/lyceum/jhj1g23/deeplearningpaper/inac_pytorch
Command         : /mainfs/lyceum/jhj1g23/deeplearningpaper/inac_pytorch/launch.sh
Partition       : a100
Num hosts       : 1
Num cores       : 48
Num of tasks    : 1
Hosts allocated : rose05
Job Output Follows ...
===============================================================================
/scratch/jhj1g23/.conda/envs/challenge/lib/python3.9/site-packages/glfw/__init__.py:914: GLFWError: (65550) b'Failed to detect any supported platform'
  warnings.warn(message, GLFWError)
pybullet build time: Nov 28 2023 23:52:03
/scratch/jhj1g23/.conda/envs/challenge/lib/python3.9/site-packages/gym/spaces/box.py:84: UserWarning: [33mWARN: Box bound precision lowered by casting to float32[0m
  logger.warn(f"Box bound precision lowered by casting to {self.dtype}")
load datafile:   0%|          | 0/21 [00:00<?, ?it/s]load datafile:   5%|â–         | 1/21 [00:00<00:04,  4.47it/s]load datafile:  14%|â–ˆâ–        | 3/21 [00:00<00:04,  3.96it/s]load datafile:  19%|â–ˆâ–‰        | 4/21 [00:01<00:05,  3.01it/s]load datafile:  81%|â–ˆâ–ˆâ–ˆâ–ˆâ–ˆâ–ˆâ–ˆâ–ˆ  | 17/21 [00:01<00:00, 11.45it/s]load datafile:  86%|â–ˆâ–ˆâ–ˆâ–ˆâ–ˆâ–ˆâ–ˆâ–ˆâ–Œ | 18/21 [00:02<00:00,  7.52it/s]load datafile: 100%|â–ˆâ–ˆâ–ˆâ–ˆâ–ˆâ–ˆâ–ˆâ–ˆâ–ˆâ–ˆ| 21/21 [00:02<00:00,  8.32it/s]
INFO:root:seed: 0
2024-05-03 19:27:02,846 | seed: 0
INFO:root:env_name: Walker2d
2024-05-03 19:27:02,849 | env_name: Walker2d
INFO:root:dataset: medium
2024-05-03 19:27:02,849 | dataset: medium
INFO:root:discrete_control: 0
2024-05-03 19:27:02,849 | discrete_control: 0
INFO:root:state_dim: 17
2024-05-03 19:27:02,849 | state_dim: 17
INFO:root:action_dim: 6
2024-05-03 19:27:02,850 | action_dim: 6
INFO:root:tau: 0.33
2024-05-03 19:27:02,850 | tau: 0.33
INFO:root:max_steps: 1000000
2024-05-03 19:27:02,850 | max_steps: 1000000
INFO:root:log_interval: 10000
2024-05-03 19:27:02,850 | log_interval: 10000
INFO:root:learning_rate: 0.0003
2024-05-03 19:27:02,850 | learning_rate: 0.0003
INFO:root:hidden_units: 256
2024-05-03 19:27:02,850 | hidden_units: 256
INFO:root:batch_size: 256
2024-05-03 19:27:02,850 | batch_size: 256
INFO:root:timeout: 1000
2024-05-03 19:27:02,850 | timeout: 1000
INFO:root:gamma: 0.99
2024-05-03 19:27:02,850 | gamma: 0.99
INFO:root:use_target_network: 1
2024-05-03 19:27:02,850 | use_target_network: 1
INFO:root:target_network_update_freq: 1
2024-05-03 19:27:02,850 | target_network_update_freq: 1
INFO:root:polyak: 0.995
2024-05-03 19:27:02,850 | polyak: 0.995
INFO:root:evaluation_criteria: return
2024-05-03 19:27:02,850 | evaluation_criteria: return
INFO:root:device: cpu
2024-05-03 19:27:02,850 | device: cpu
INFO:root:info: 0
2024-05-03 19:27:02,851 | info: 0
INFO:root:exp_path: /mainfs/lyceum/jhj1g23/deeplearningpaper/inac_pytorch/data/output/Walker2d/medium/0/0_run
2024-05-03 19:27:02,851 | exp_path: /mainfs/lyceum/jhj1g23/deeplearningpaper/inac_pytorch/data/output/Walker2d/medium/0/0_run
INFO:root:TRAIN LOG: steps 0, episodes   0, returns -13.51/-13.55/-14.01/-12.82/5 (mean/median/min/max/num), 118445.36 steps/s
2024-05-03 19:27:23,568 | TRAIN LOG: steps 0, episodes   0, returns -13.51/-13.55/-14.01/-12.82/5 (mean/median/min/max/num), 118445.36 steps/s
INFO:root:TEST LOG: steps 0, episodes   0, returns -13.86/-13.88/-14.53/-13.14/5 (mean/median/min/max/num), 118445.36 steps/s
2024-05-03 19:27:23,653 | TEST LOG: steps 0, episodes   0, returns -13.86/-13.88/-14.53/-13.14/5 (mean/median/min/max/num), 118445.36 steps/s
INFO:root:Normalized LOG: steps 0, episodes   0, returns -0.00/-0.00/-0.00/-0.00/5 (mean/median/min/max/num), 118445.36 steps/s
2024-05-03 19:27:23,653 | Normalized LOG: steps 0, episodes   0, returns -0.00/-0.00/-0.00/-0.00/5 (mean/median/min/max/num), 118445.36 steps/s
INFO:root:TRAIN LOG: steps 10000, episodes  10, returns 0.00/0.00/0.00/0.00/5 (mean/median/min/max/num), 68.03 steps/s
2024-05-03 19:29:50,652 | TRAIN LOG: steps 10000, episodes  10, returns 0.00/0.00/0.00/0.00/5 (mean/median/min/max/num), 68.03 steps/s
INFO:root:TEST LOG: steps 10000, episodes  10, returns 1747.45/1659.30/1061.28/2443.46/5 (mean/median/min/max/num), 68.03 steps/s
2024-05-03 19:29:51,672 | TEST LOG: steps 10000, episodes  10, returns 1747.45/1659.30/1061.28/2443.46/5 (mean/median/min/max/num), 68.03 steps/s
INFO:root:Normalized LOG: steps 10000, episodes  10, returns 0.38/0.36/0.23/0.53/5 (mean/median/min/max/num), 68.03 steps/s
2024-05-03 19:29:51,672 | Normalized LOG: steps 10000, episodes  10, returns 0.38/0.36/0.23/0.53/5 (mean/median/min/max/num), 68.03 steps/s
INFO:root:TRAIN LOG: steps 20000, episodes  20, returns 0.00/0.00/0.00/0.00/5 (mean/median/min/max/num), 68.49 steps/s
2024-05-03 19:32:17,679 | TRAIN LOG: steps 20000, episodes  20, returns 0.00/0.00/0.00/0.00/5 (mean/median/min/max/num), 68.49 steps/s
INFO:root:TEST LOG: steps 20000, episodes  20, returns 839.93/494.45/466.74/1473.69/5 (mean/median/min/max/num), 68.49 steps/s
2024-05-03 19:32:18,233 | TEST LOG: steps 20000, episodes  20, returns 839.93/494.45/466.74/1473.69/5 (mean/median/min/max/num), 68.49 steps/s
INFO:root:Normalized LOG: steps 20000, episodes  20, returns 0.18/0.11/0.10/0.32/5 (mean/median/min/max/num), 68.49 steps/s
2024-05-03 19:32:18,234 | Normalized LOG: steps 20000, episodes  20, returns 0.18/0.11/0.10/0.32/5 (mean/median/min/max/num), 68.49 steps/s
INFO:root:TRAIN LOG: steps 30000, episodes  30, returns 0.00/0.00/0.00/0.00/5 (mean/median/min/max/num), 68.84 steps/s
2024-05-03 19:34:43,488 | TRAIN LOG: steps 30000, episodes  30, returns 0.00/0.00/0.00/0.00/5 (mean/median/min/max/num), 68.84 steps/s
INFO:root:TEST LOG: steps 30000, episodes  30, returns 1336.58/547.33/484.82/3403.92/5 (mean/median/min/max/num), 68.84 steps/s
2024-05-03 19:34:44,266 | TEST LOG: steps 30000, episodes  30, returns 1336.58/547.33/484.82/3403.92/5 (mean/median/min/max/num), 68.84 steps/s
INFO:root:Normalized LOG: steps 30000, episodes  30, returns 0.29/0.12/0.11/0.74/5 (mean/median/min/max/num), 68.84 steps/s
2024-05-03 19:34:44,266 | Normalized LOG: steps 30000, episodes  30, returns 0.29/0.12/0.11/0.74/5 (mean/median/min/max/num), 68.84 steps/s
INFO:root:TRAIN LOG: steps 40000, episodes  40, returns 0.00/0.00/0.00/0.00/5 (mean/median/min/max/num), 68.76 steps/s
2024-05-03 19:37:09,705 | TRAIN LOG: steps 40000, episodes  40, returns 0.00/0.00/0.00/0.00/5 (mean/median/min/max/num), 68.76 steps/s
INFO:root:TEST LOG: steps 40000, episodes  40, returns 1769.44/777.52/80.09/3959.41/5 (mean/median/min/max/num), 68.76 steps/s
2024-05-03 19:37:10,768 | TEST LOG: steps 40000, episodes  40, returns 1769.44/777.52/80.09/3959.41/5 (mean/median/min/max/num), 68.76 steps/s
INFO:root:Normalized LOG: steps 40000, episodes  40, returns 0.39/0.17/0.02/0.86/5 (mean/median/min/max/num), 68.76 steps/s
2024-05-03 19:37:10,768 | Normalized LOG: steps 40000, episodes  40, returns 0.39/0.17/0.02/0.86/5 (mean/median/min/max/num), 68.76 steps/s
INFO:root:TRAIN LOG: steps 50000, episodes  50, returns 0.00/0.00/0.00/0.00/5 (mean/median/min/max/num), 68.65 steps/s
2024-05-03 19:39:36,426 | TRAIN LOG: steps 50000, episodes  50, returns 0.00/0.00/0.00/0.00/5 (mean/median/min/max/num), 68.65 steps/s
INFO:root:TEST LOG: steps 50000, episodes  50, returns 131.36/91.51/72.92/318.49/5 (mean/median/min/max/num), 68.65 steps/s
2024-05-03 19:39:36,718 | TEST LOG: steps 50000, episodes  50, returns 131.36/91.51/72.92/318.49/5 (mean/median/min/max/num), 68.65 steps/s
INFO:root:Normalized LOG: steps 50000, episodes  50, returns 0.03/0.02/0.02/0.07/5 (mean/median/min/max/num), 68.65 steps/s
2024-05-03 19:39:36,718 | Normalized LOG: steps 50000, episodes  50, returns 0.03/0.02/0.02/0.07/5 (mean/median/min/max/num), 68.65 steps/s
INFO:root:TRAIN LOG: steps 60000, episodes  60, returns 0.00/0.00/0.00/0.00/5 (mean/median/min/max/num), 68.63 steps/s
2024-05-03 19:42:02,422 | TRAIN LOG: steps 60000, episodes  60, returns 0.00/0.00/0.00/0.00/5 (mean/median/min/max/num), 68.63 steps/s
INFO:root:TEST LOG: steps 60000, episodes  60, returns 69.24/70.66/61.74/72.29/5 (mean/median/min/max/num), 68.63 steps/s
2024-05-03 19:42:02,626 | TEST LOG: steps 60000, episodes  60, returns 69.24/70.66/61.74/72.29/5 (mean/median/min/max/num), 68.63 steps/s
INFO:root:Normalized LOG: steps 60000, episodes  60, returns 0.01/0.02/0.01/0.02/5 (mean/median/min/max/num), 68.63 steps/s
2024-05-03 19:42:02,626 | Normalized LOG: steps 60000, episodes  60, returns 0.01/0.02/0.01/0.02/5 (mean/median/min/max/num), 68.63 steps/s
INFO:root:TRAIN LOG: steps 70000, episodes  70, returns 0.00/0.00/0.00/0.00/5 (mean/median/min/max/num), 68.87 steps/s
2024-05-03 19:44:27,833 | TRAIN LOG: steps 70000, episodes  70, returns 0.00/0.00/0.00/0.00/5 (mean/median/min/max/num), 68.87 steps/s
INFO:root:TEST LOG: steps 70000, episodes  70, returns 28.39/24.29/16.05/44.98/5 (mean/median/min/max/num), 68.87 steps/s
2024-05-03 19:44:28,170 | TEST LOG: steps 70000, episodes  70, returns 28.39/24.29/16.05/44.98/5 (mean/median/min/max/num), 68.87 steps/s
INFO:root:Normalized LOG: steps 70000, episodes  70, returns 0.01/0.00/0.00/0.01/5 (mean/median/min/max/num), 68.87 steps/s
2024-05-03 19:44:28,170 | Normalized LOG: steps 70000, episodes  70, returns 0.01/0.00/0.00/0.01/5 (mean/median/min/max/num), 68.87 steps/s
INFO:root:TRAIN LOG: steps 80000, episodes  80, returns 0.00/0.00/0.00/0.00/5 (mean/median/min/max/num), 68.60 steps/s
2024-05-03 19:46:53,941 | TRAIN LOG: steps 80000, episodes  80, returns 0.00/0.00/0.00/0.00/5 (mean/median/min/max/num), 68.60 steps/s
INFO:root:TEST LOG: steps 80000, episodes  80, returns 469.00/301.44/99.59/1303.78/5 (mean/median/min/max/num), 68.60 steps/s
2024-05-03 19:46:54,470 | TEST LOG: steps 80000, episodes  80, returns 469.00/301.44/99.59/1303.78/5 (mean/median/min/max/num), 68.60 steps/s
INFO:root:Normalized LOG: steps 80000, episodes  80, returns 0.10/0.07/0.02/0.28/5 (mean/median/min/max/num), 68.60 steps/s
2024-05-03 19:46:54,470 | Normalized LOG: steps 80000, episodes  80, returns 0.10/0.07/0.02/0.28/5 (mean/median/min/max/num), 68.60 steps/s
INFO:root:TRAIN LOG: steps 90000, episodes  90, returns 0.00/0.00/0.00/0.00/5 (mean/median/min/max/num), 68.72 steps/s
2024-05-03 19:49:19,992 | TRAIN LOG: steps 90000, episodes  90, returns 0.00/0.00/0.00/0.00/5 (mean/median/min/max/num), 68.72 steps/s
INFO:root:TEST LOG: steps 90000, episodes  90, returns 439.69/381.89/345.73/682.17/5 (mean/median/min/max/num), 68.72 steps/s
2024-05-03 19:49:20,426 | TEST LOG: steps 90000, episodes  90, returns 439.69/381.89/345.73/682.17/5 (mean/median/min/max/num), 68.72 steps/s
INFO:root:Normalized LOG: steps 90000, episodes  90, returns 0.10/0.08/0.07/0.15/5 (mean/median/min/max/num), 68.72 steps/s
2024-05-03 19:49:20,426 | Normalized LOG: steps 90000, episodes  90, returns 0.10/0.08/0.07/0.15/5 (mean/median/min/max/num), 68.72 steps/s
INFO:root:TRAIN LOG: steps 100000, episodes 100, returns 0.00/0.00/0.00/0.00/5 (mean/median/min/max/num), 68.60 steps/s
2024-05-03 19:51:46,206 | TRAIN LOG: steps 100000, episodes 100, returns 0.00/0.00/0.00/0.00/5 (mean/median/min/max/num), 68.60 steps/s
INFO:root:TEST LOG: steps 100000, episodes 100, returns 873.50/282.36/251.57/3223.88/5 (mean/median/min/max/num), 68.60 steps/s
2024-05-03 19:51:46,942 | TEST LOG: steps 100000, episodes 100, returns 873.50/282.36/251.57/3223.88/5 (mean/median/min/max/num), 68.60 steps/s
INFO:root:Normalized LOG: steps 100000, episodes 100, returns 0.19/0.06/0.05/0.70/5 (mean/median/min/max/num), 68.60 steps/s
2024-05-03 19:51:46,943 | Normalized LOG: steps 100000, episodes 100, returns 0.19/0.06/0.05/0.70/5 (mean/median/min/max/num), 68.60 steps/s
INFO:root:TRAIN LOG: steps 110000, episodes 110, returns 0.00/0.00/0.00/0.00/5 (mean/median/min/max/num), 68.83 steps/s
2024-05-03 19:54:12,223 | TRAIN LOG: steps 110000, episodes 110, returns 0.00/0.00/0.00/0.00/5 (mean/median/min/max/num), 68.83 steps/s
INFO:root:TEST LOG: steps 110000, episodes 110, returns 442.74/165.47/26.78/964.59/5 (mean/median/min/max/num), 68.83 steps/s
2024-05-03 19:54:13,412 | TEST LOG: steps 110000, episodes 110, returns 442.74/165.47/26.78/964.59/5 (mean/median/min/max/num), 68.83 steps/s
INFO:root:Normalized LOG: steps 110000, episodes 110, returns 0.10/0.04/0.01/0.21/5 (mean/median/min/max/num), 68.83 steps/s
2024-05-03 19:54:13,452 | Normalized LOG: steps 110000, episodes 110, returns 0.10/0.04/0.01/0.21/5 (mean/median/min/max/num), 68.83 steps/s
INFO:root:TRAIN LOG: steps 120000, episodes 120, returns 0.00/0.00/0.00/0.00/5 (mean/median/min/max/num), 68.29 steps/s
2024-05-03 19:56:39,879 | TRAIN LOG: steps 120000, episodes 120, returns 0.00/0.00/0.00/0.00/5 (mean/median/min/max/num), 68.29 steps/s
INFO:root:TEST LOG: steps 120000, episodes 120, returns 992.26/1009.24/923.59/1012.47/5 (mean/median/min/max/num), 68.29 steps/s
2024-05-03 19:56:42,142 | TEST LOG: steps 120000, episodes 120, returns 992.26/1009.24/923.59/1012.47/5 (mean/median/min/max/num), 68.29 steps/s
INFO:root:Normalized LOG: steps 120000, episodes 120, returns 0.22/0.22/0.20/0.22/5 (mean/median/min/max/num), 68.29 steps/s
2024-05-03 19:56:42,142 | Normalized LOG: steps 120000, episodes 120, returns 0.22/0.22/0.20/0.22/5 (mean/median/min/max/num), 68.29 steps/s
INFO:root:TRAIN LOG: steps 130000, episodes 130, returns 0.00/0.00/0.00/0.00/5 (mean/median/min/max/num), 68.19 steps/s
2024-05-03 19:59:08,782 | TRAIN LOG: steps 130000, episodes 130, returns 0.00/0.00/0.00/0.00/5 (mean/median/min/max/num), 68.19 steps/s
INFO:root:TEST LOG: steps 130000, episodes 130, returns 3378.60/3377.94/3133.10/3567.62/5 (mean/median/min/max/num), 68.19 steps/s
2024-05-03 19:59:10,956 | TEST LOG: steps 130000, episodes 130, returns 3378.60/3377.94/3133.10/3567.62/5 (mean/median/min/max/num), 68.19 steps/s
INFO:root:Normalized LOG: steps 130000, episodes 130, returns 0.74/0.74/0.68/0.78/5 (mean/median/min/max/num), 68.19 steps/s
2024-05-03 19:59:10,956 | Normalized LOG: steps 130000, episodes 130, returns 0.74/0.74/0.68/0.78/5 (mean/median/min/max/num), 68.19 steps/s
INFO:root:TRAIN LOG: steps 140000, episodes 140, returns 0.00/0.00/0.00/0.00/5 (mean/median/min/max/num), 68.64 steps/s
2024-05-03 20:01:36,646 | TRAIN LOG: steps 140000, episodes 140, returns 0.00/0.00/0.00/0.00/5 (mean/median/min/max/num), 68.64 steps/s
INFO:root:TEST LOG: steps 140000, episodes 140, returns 3355.28/3642.46/2230.87/3665.38/5 (mean/median/min/max/num), 68.64 steps/s
2024-05-03 20:01:38,616 | TEST LOG: steps 140000, episodes 140, returns 3355.28/3642.46/2230.87/3665.38/5 (mean/median/min/max/num), 68.64 steps/s
INFO:root:Normalized LOG: steps 140000, episodes 140, returns 0.73/0.79/0.49/0.80/5 (mean/median/min/max/num), 68.64 steps/s
2024-05-03 20:01:38,617 | Normalized LOG: steps 140000, episodes 140, returns 0.73/0.79/0.49/0.80/5 (mean/median/min/max/num), 68.64 steps/s
INFO:root:TRAIN LOG: steps 150000, episodes 150, returns 0.00/0.00/0.00/0.00/5 (mean/median/min/max/num), 69.74 steps/s
2024-05-03 20:04:02,009 | TRAIN LOG: steps 150000, episodes 150, returns 0.00/0.00/0.00/0.00/5 (mean/median/min/max/num), 69.74 steps/s
INFO:root:TEST LOG: steps 150000, episodes 150, returns 3533.83/3382.16/2993.29/4007.99/5 (mean/median/min/max/num), 69.74 steps/s
2024-05-03 20:04:03,991 | TEST LOG: steps 150000, episodes 150, returns 3533.83/3382.16/2993.29/4007.99/5 (mean/median/min/max/num), 69.74 steps/s
INFO:root:Normalized LOG: steps 150000, episodes 150, returns 0.77/0.74/0.65/0.87/5 (mean/median/min/max/num), 69.74 steps/s
2024-05-03 20:04:03,991 | Normalized LOG: steps 150000, episodes 150, returns 0.77/0.74/0.65/0.87/5 (mean/median/min/max/num), 69.74 steps/s
INFO:root:TRAIN LOG: steps 160000, episodes 160, returns 0.00/0.00/0.00/0.00/5 (mean/median/min/max/num), 69.68 steps/s
2024-05-03 20:06:27,504 | TRAIN LOG: steps 160000, episodes 160, returns 0.00/0.00/0.00/0.00/5 (mean/median/min/max/num), 69.68 steps/s
INFO:root:TEST LOG: steps 160000, episodes 160, returns 3076.11/2848.78/2308.75/3899.75/5 (mean/median/min/max/num), 69.68 steps/s
2024-05-03 20:06:29,214 | TEST LOG: steps 160000, episodes 160, returns 3076.11/2848.78/2308.75/3899.75/5 (mean/median/min/max/num), 69.68 steps/s
INFO:root:Normalized LOG: steps 160000, episodes 160, returns 0.67/0.62/0.50/0.85/5 (mean/median/min/max/num), 69.68 steps/s
2024-05-03 20:06:29,214 | Normalized LOG: steps 160000, episodes 160, returns 0.67/0.62/0.50/0.85/5 (mean/median/min/max/num), 69.68 steps/s
INFO:root:TRAIN LOG: steps 170000, episodes 170, returns 0.00/0.00/0.00/0.00/5 (mean/median/min/max/num), 69.72 steps/s
2024-05-03 20:08:52,663 | TRAIN LOG: steps 170000, episodes 170, returns 0.00/0.00/0.00/0.00/5 (mean/median/min/max/num), 69.72 steps/s
INFO:root:TEST LOG: steps 170000, episodes 170, returns 3749.09/3793.01/3469.23/3974.83/5 (mean/median/min/max/num), 69.72 steps/s
2024-05-03 20:08:54,704 | TEST LOG: steps 170000, episodes 170, returns 3749.09/3793.01/3469.23/3974.83/5 (mean/median/min/max/num), 69.72 steps/s
INFO:root:Normalized LOG: steps 170000, episodes 170, returns 0.82/0.83/0.76/0.87/5 (mean/median/min/max/num), 69.72 steps/s
2024-05-03 20:08:54,704 | Normalized LOG: steps 170000, episodes 170, returns 0.82/0.83/0.76/0.87/5 (mean/median/min/max/num), 69.72 steps/s
INFO:root:TRAIN LOG: steps 180000, episodes 180, returns 0.00/0.00/0.00/0.00/5 (mean/median/min/max/num), 69.68 steps/s
2024-05-03 20:11:18,212 | TRAIN LOG: steps 180000, episodes 180, returns 0.00/0.00/0.00/0.00/5 (mean/median/min/max/num), 69.68 steps/s
INFO:root:TEST LOG: steps 180000, episodes 180, returns 3284.30/3494.48/2589.30/3859.02/5 (mean/median/min/max/num), 69.68 steps/s
2024-05-03 20:11:20,031 | TEST LOG: steps 180000, episodes 180, returns 3284.30/3494.48/2589.30/3859.02/5 (mean/median/min/max/num), 69.68 steps/s
INFO:root:Normalized LOG: steps 180000, episodes 180, returns 0.72/0.76/0.56/0.84/5 (mean/median/min/max/num), 69.68 steps/s
2024-05-03 20:11:20,031 | Normalized LOG: steps 180000, episodes 180, returns 0.72/0.76/0.56/0.84/5 (mean/median/min/max/num), 69.68 steps/s
INFO:root:TRAIN LOG: steps 190000, episodes 190, returns 0.00/0.00/0.00/0.00/5 (mean/median/min/max/num), 69.63 steps/s
2024-05-03 20:13:43,642 | TRAIN LOG: steps 190000, episodes 190, returns 0.00/0.00/0.00/0.00/5 (mean/median/min/max/num), 69.63 steps/s
INFO:root:TEST LOG: steps 190000, episodes 190, returns 3269.20/3904.76/1218.90/4285.14/5 (mean/median/min/max/num), 69.63 steps/s
2024-05-03 20:13:45,352 | TEST LOG: steps 190000, episodes 190, returns 3269.20/3904.76/1218.90/4285.14/5 (mean/median/min/max/num), 69.63 steps/s
INFO:root:Normalized LOG: steps 190000, episodes 190, returns 0.71/0.85/0.27/0.93/5 (mean/median/min/max/num), 69.63 steps/s
2024-05-03 20:13:45,352 | Normalized LOG: steps 190000, episodes 190, returns 0.71/0.85/0.27/0.93/5 (mean/median/min/max/num), 69.63 steps/s
INFO:root:TRAIN LOG: steps 200000, episodes 200, returns 0.00/0.00/0.00/0.00/5 (mean/median/min/max/num), 69.54 steps/s
2024-05-03 20:16:09,158 | TRAIN LOG: steps 200000, episodes 200, returns 0.00/0.00/0.00/0.00/5 (mean/median/min/max/num), 69.54 steps/s
INFO:root:TEST LOG: steps 200000, episodes 200, returns 3933.35/3922.52/3894.12/3987.49/5 (mean/median/min/max/num), 69.54 steps/s
2024-05-03 20:16:11,280 | TEST LOG: steps 200000, episodes 200, returns 3933.35/3922.52/3894.12/3987.49/5 (mean/median/min/max/num), 69.54 steps/s
INFO:root:Normalized LOG: steps 200000, episodes 200, returns 0.86/0.85/0.85/0.87/5 (mean/median/min/max/num), 69.54 steps/s
2024-05-03 20:16:11,280 | Normalized LOG: steps 200000, episodes 200, returns 0.86/0.85/0.85/0.87/5 (mean/median/min/max/num), 69.54 steps/s
INFO:root:TRAIN LOG: steps 210000, episodes 210, returns 0.00/0.00/0.00/0.00/5 (mean/median/min/max/num), 69.52 steps/s
2024-05-03 20:18:35,123 | TRAIN LOG: steps 210000, episodes 210, returns 0.00/0.00/0.00/0.00/5 (mean/median/min/max/num), 69.52 steps/s
INFO:root:TEST LOG: steps 210000, episodes 210, returns 3399.01/3887.83/1855.74/3944.17/5 (mean/median/min/max/num), 69.52 steps/s
2024-05-03 20:18:36,969 | TEST LOG: steps 210000, episodes 210, returns 3399.01/3887.83/1855.74/3944.17/5 (mean/median/min/max/num), 69.52 steps/s
INFO:root:Normalized LOG: steps 210000, episodes 210, returns 0.74/0.85/0.40/0.86/5 (mean/median/min/max/num), 69.52 steps/s
2024-05-03 20:18:36,970 | Normalized LOG: steps 210000, episodes 210, returns 0.74/0.85/0.40/0.86/5 (mean/median/min/max/num), 69.52 steps/s
INFO:root:TRAIN LOG: steps 220000, episodes 220, returns 0.00/0.00/0.00/0.00/5 (mean/median/min/max/num), 69.59 steps/s
2024-05-03 20:21:00,693 | TRAIN LOG: steps 220000, episodes 220, returns 0.00/0.00/0.00/0.00/5 (mean/median/min/max/num), 69.59 steps/s
INFO:root:TEST LOG: steps 220000, episodes 220, returns 2918.99/3951.96/873.96/4244.65/5 (mean/median/min/max/num), 69.59 steps/s
2024-05-03 20:21:02,234 | TEST LOG: steps 220000, episodes 220, returns 2918.99/3951.96/873.96/4244.65/5 (mean/median/min/max/num), 69.59 steps/s
INFO:root:Normalized LOG: steps 220000, episodes 220, returns 0.64/0.86/0.19/0.92/5 (mean/median/min/max/num), 69.59 steps/s
2024-05-03 20:21:02,234 | Normalized LOG: steps 220000, episodes 220, returns 0.64/0.86/0.19/0.92/5 (mean/median/min/max/num), 69.59 steps/s
INFO:root:TRAIN LOG: steps 230000, episodes 230, returns 0.00/0.00/0.00/0.00/5 (mean/median/min/max/num), 69.32 steps/s
2024-05-03 20:23:26,494 | TRAIN LOG: steps 230000, episodes 230, returns 0.00/0.00/0.00/0.00/5 (mean/median/min/max/num), 69.32 steps/s
INFO:root:TEST LOG: steps 230000, episodes 230, returns 3661.96/3819.43/2847.97/4010.89/5 (mean/median/min/max/num), 69.32 steps/s
2024-05-03 20:23:28,495 | TEST LOG: steps 230000, episodes 230, returns 3661.96/3819.43/2847.97/4010.89/5 (mean/median/min/max/num), 69.32 steps/s
INFO:root:Normalized LOG: steps 230000, episodes 230, returns 0.80/0.83/0.62/0.87/5 (mean/median/min/max/num), 69.32 steps/s
2024-05-03 20:23:28,496 | Normalized LOG: steps 230000, episodes 230, returns 0.80/0.83/0.62/0.87/5 (mean/median/min/max/num), 69.32 steps/s
INFO:root:TRAIN LOG: steps 240000, episodes 240, returns 0.00/0.00/0.00/0.00/5 (mean/median/min/max/num), 69.93 steps/s
2024-05-03 20:25:51,504 | TRAIN LOG: steps 240000, episodes 240, returns 0.00/0.00/0.00/0.00/5 (mean/median/min/max/num), 69.93 steps/s
INFO:root:TEST LOG: steps 240000, episodes 240, returns 3773.74/3805.38/3675.42/3835.02/5 (mean/median/min/max/num), 69.93 steps/s
2024-05-03 20:25:53,623 | TEST LOG: steps 240000, episodes 240, returns 3773.74/3805.38/3675.42/3835.02/5 (mean/median/min/max/num), 69.93 steps/s
INFO:root:Normalized LOG: steps 240000, episodes 240, returns 0.82/0.83/0.80/0.84/5 (mean/median/min/max/num), 69.93 steps/s
2024-05-03 20:25:53,623 | Normalized LOG: steps 240000, episodes 240, returns 0.82/0.83/0.80/0.84/5 (mean/median/min/max/num), 69.93 steps/s
INFO:root:TRAIN LOG: steps 250000, episodes 250, returns 0.00/0.00/0.00/0.00/5 (mean/median/min/max/num), 69.54 steps/s
2024-05-03 20:28:17,424 | TRAIN LOG: steps 250000, episodes 250, returns 0.00/0.00/0.00/0.00/5 (mean/median/min/max/num), 69.54 steps/s
INFO:root:TEST LOG: steps 250000, episodes 250, returns 3755.73/3800.02/3412.07/3971.74/5 (mean/median/min/max/num), 69.54 steps/s
2024-05-03 20:28:19,424 | TEST LOG: steps 250000, episodes 250, returns 3755.73/3800.02/3412.07/3971.74/5 (mean/median/min/max/num), 69.54 steps/s
INFO:root:Normalized LOG: steps 250000, episodes 250, returns 0.82/0.83/0.74/0.86/5 (mean/median/min/max/num), 69.54 steps/s
2024-05-03 20:28:19,424 | Normalized LOG: steps 250000, episodes 250, returns 0.82/0.83/0.74/0.86/5 (mean/median/min/max/num), 69.54 steps/s
INFO:root:TRAIN LOG: steps 260000, episodes 260, returns 0.00/0.00/0.00/0.00/5 (mean/median/min/max/num), 69.87 steps/s
2024-05-03 20:30:42,544 | TRAIN LOG: steps 260000, episodes 260, returns 0.00/0.00/0.00/0.00/5 (mean/median/min/max/num), 69.87 steps/s
INFO:root:TEST LOG: steps 260000, episodes 260, returns 3891.41/3863.67/3781.54/4089.66/5 (mean/median/min/max/num), 69.87 steps/s
2024-05-03 20:30:44,658 | TEST LOG: steps 260000, episodes 260, returns 3891.41/3863.67/3781.54/4089.66/5 (mean/median/min/max/num), 69.87 steps/s
INFO:root:Normalized LOG: steps 260000, episodes 260, returns 0.85/0.84/0.82/0.89/5 (mean/median/min/max/num), 69.87 steps/s
2024-05-03 20:30:44,658 | Normalized LOG: steps 260000, episodes 260, returns 0.85/0.84/0.82/0.89/5 (mean/median/min/max/num), 69.87 steps/s
INFO:root:TRAIN LOG: steps 270000, episodes 270, returns 0.00/0.00/0.00/0.00/5 (mean/median/min/max/num), 69.49 steps/s
2024-05-03 20:33:08,596 | TRAIN LOG: steps 270000, episodes 270, returns 0.00/0.00/0.00/0.00/5 (mean/median/min/max/num), 69.49 steps/s
INFO:root:TEST LOG: steps 270000, episodes 270, returns 3884.88/3889.30/3833.95/3945.10/5 (mean/median/min/max/num), 69.49 steps/s
2024-05-03 20:33:10,723 | TEST LOG: steps 270000, episodes 270, returns 3884.88/3889.30/3833.95/3945.10/5 (mean/median/min/max/num), 69.49 steps/s
INFO:root:Normalized LOG: steps 270000, episodes 270, returns 0.85/0.85/0.83/0.86/5 (mean/median/min/max/num), 69.49 steps/s
2024-05-03 20:33:10,723 | Normalized LOG: steps 270000, episodes 270, returns 0.85/0.85/0.83/0.86/5 (mean/median/min/max/num), 69.49 steps/s
INFO:root:TRAIN LOG: steps 280000, episodes 280, returns 0.00/0.00/0.00/0.00/5 (mean/median/min/max/num), 69.39 steps/s
2024-05-03 20:35:34,833 | TRAIN LOG: steps 280000, episodes 280, returns 0.00/0.00/0.00/0.00/5 (mean/median/min/max/num), 69.39 steps/s
INFO:root:TEST LOG: steps 280000, episodes 280, returns 3924.66/3875.43/3821.44/4157.29/5 (mean/median/min/max/num), 69.39 steps/s
2024-05-03 20:35:36,960 | TEST LOG: steps 280000, episodes 280, returns 3924.66/3875.43/3821.44/4157.29/5 (mean/median/min/max/num), 69.39 steps/s
INFO:root:Normalized LOG: steps 280000, episodes 280, returns 0.85/0.84/0.83/0.91/5 (mean/median/min/max/num), 69.39 steps/s
2024-05-03 20:35:36,960 | Normalized LOG: steps 280000, episodes 280, returns 0.85/0.84/0.83/0.91/5 (mean/median/min/max/num), 69.39 steps/s
INFO:root:TRAIN LOG: steps 290000, episodes 290, returns 0.00/0.00/0.00/0.00/5 (mean/median/min/max/num), 69.61 steps/s
2024-05-03 20:38:00,619 | TRAIN LOG: steps 290000, episodes 290, returns 0.00/0.00/0.00/0.00/5 (mean/median/min/max/num), 69.61 steps/s
INFO:root:TEST LOG: steps 290000, episodes 290, returns 3766.58/3768.49/3718.35/3836.54/5 (mean/median/min/max/num), 69.61 steps/s
2024-05-03 20:38:02,735 | TEST LOG: steps 290000, episodes 290, returns 3766.58/3768.49/3718.35/3836.54/5 (mean/median/min/max/num), 69.61 steps/s
INFO:root:Normalized LOG: steps 290000, episodes 290, returns 0.82/0.82/0.81/0.84/5 (mean/median/min/max/num), 69.61 steps/s
2024-05-03 20:38:02,736 | Normalized LOG: steps 290000, episodes 290, returns 0.82/0.82/0.81/0.84/5 (mean/median/min/max/num), 69.61 steps/s
INFO:root:TRAIN LOG: steps 300000, episodes 300, returns 0.00/0.00/0.00/0.00/5 (mean/median/min/max/num), 70.22 steps/s
2024-05-03 20:40:25,150 | TRAIN LOG: steps 300000, episodes 300, returns 0.00/0.00/0.00/0.00/5 (mean/median/min/max/num), 70.22 steps/s
INFO:root:TEST LOG: steps 300000, episodes 300, returns 3762.74/3922.84/3050.43/3989.19/5 (mean/median/min/max/num), 70.22 steps/s
2024-05-03 20:40:27,141 | TEST LOG: steps 300000, episodes 300, returns 3762.74/3922.84/3050.43/3989.19/5 (mean/median/min/max/num), 70.22 steps/s
INFO:root:Normalized LOG: steps 300000, episodes 300, returns 0.82/0.85/0.66/0.87/5 (mean/median/min/max/num), 70.22 steps/s
2024-05-03 20:40:27,141 | Normalized LOG: steps 300000, episodes 300, returns 0.82/0.85/0.66/0.87/5 (mean/median/min/max/num), 70.22 steps/s
INFO:root:TRAIN LOG: steps 310000, episodes 310, returns 0.00/0.00/0.00/0.00/5 (mean/median/min/max/num), 70.77 steps/s
2024-05-03 20:42:48,450 | TRAIN LOG: steps 310000, episodes 310, returns 0.00/0.00/0.00/0.00/5 (mean/median/min/max/num), 70.77 steps/s
INFO:root:TEST LOG: steps 310000, episodes 310, returns 3468.46/3829.26/1903.78/3942.77/5 (mean/median/min/max/num), 70.77 steps/s
2024-05-03 20:42:50,351 | TEST LOG: steps 310000, episodes 310, returns 3468.46/3829.26/1903.78/3942.77/5 (mean/median/min/max/num), 70.77 steps/s
INFO:root:Normalized LOG: steps 310000, episodes 310, returns 0.76/0.83/0.41/0.86/5 (mean/median/min/max/num), 70.77 steps/s
2024-05-03 20:42:50,351 | Normalized LOG: steps 310000, episodes 310, returns 0.76/0.83/0.41/0.86/5 (mean/median/min/max/num), 70.77 steps/s
INFO:root:TRAIN LOG: steps 320000, episodes 320, returns 0.00/0.00/0.00/0.00/5 (mean/median/min/max/num), 70.50 steps/s
2024-05-03 20:45:12,196 | TRAIN LOG: steps 320000, episodes 320, returns 0.00/0.00/0.00/0.00/5 (mean/median/min/max/num), 70.50 steps/s
INFO:root:TEST LOG: steps 320000, episodes 320, returns 3672.75/3871.73/2817.15/3925.53/5 (mean/median/min/max/num), 70.50 steps/s
2024-05-03 20:45:14,225 | TEST LOG: steps 320000, episodes 320, returns 3672.75/3871.73/2817.15/3925.53/5 (mean/median/min/max/num), 70.50 steps/s
INFO:root:Normalized LOG: steps 320000, episodes 320, returns 0.80/0.84/0.61/0.85/5 (mean/median/min/max/num), 70.50 steps/s
2024-05-03 20:45:14,226 | Normalized LOG: steps 320000, episodes 320, returns 0.80/0.84/0.61/0.85/5 (mean/median/min/max/num), 70.50 steps/s
INFO:root:TRAIN LOG: steps 330000, episodes 330, returns 0.00/0.00/0.00/0.00/5 (mean/median/min/max/num), 70.43 steps/s
2024-05-03 20:47:36,212 | TRAIN LOG: steps 330000, episodes 330, returns 0.00/0.00/0.00/0.00/5 (mean/median/min/max/num), 70.43 steps/s
INFO:root:TEST LOG: steps 330000, episodes 330, returns 3906.68/3857.84/3829.48/4091.43/5 (mean/median/min/max/num), 70.43 steps/s
2024-05-03 20:47:38,327 | TEST LOG: steps 330000, episodes 330, returns 3906.68/3857.84/3829.48/4091.43/5 (mean/median/min/max/num), 70.43 steps/s
INFO:root:Normalized LOG: steps 330000, episodes 330, returns 0.85/0.84/0.83/0.89/5 (mean/median/min/max/num), 70.43 steps/s
2024-05-03 20:47:38,327 | Normalized LOG: steps 330000, episodes 330, returns 0.85/0.84/0.83/0.89/5 (mean/median/min/max/num), 70.43 steps/s
INFO:root:TRAIN LOG: steps 340000, episodes 340, returns 0.00/0.00/0.00/0.00/5 (mean/median/min/max/num), 70.39 steps/s
2024-05-03 20:50:00,385 | TRAIN LOG: steps 340000, episodes 340, returns 0.00/0.00/0.00/0.00/5 (mean/median/min/max/num), 70.39 steps/s
INFO:root:TEST LOG: steps 340000, episodes 340, returns 3767.60/3774.61/3716.49/3825.11/5 (mean/median/min/max/num), 70.39 steps/s
2024-05-03 20:50:02,501 | TEST LOG: steps 340000, episodes 340, returns 3767.60/3774.61/3716.49/3825.11/5 (mean/median/min/max/num), 70.39 steps/s
INFO:root:Normalized LOG: steps 340000, episodes 340, returns 0.82/0.82/0.81/0.83/5 (mean/median/min/max/num), 70.39 steps/s
2024-05-03 20:50:02,502 | Normalized LOG: steps 340000, episodes 340, returns 0.82/0.82/0.81/0.83/5 (mean/median/min/max/num), 70.39 steps/s
INFO:root:TRAIN LOG: steps 350000, episodes 350, returns 0.00/0.00/0.00/0.00/5 (mean/median/min/max/num), 70.82 steps/s
2024-05-03 20:52:23,707 | TRAIN LOG: steps 350000, episodes 350, returns 0.00/0.00/0.00/0.00/5 (mean/median/min/max/num), 70.82 steps/s
INFO:root:TEST LOG: steps 350000, episodes 350, returns 3901.43/3906.82/3800.03/3965.86/5 (mean/median/min/max/num), 70.82 steps/s
2024-05-03 20:52:25,821 | TEST LOG: steps 350000, episodes 350, returns 3901.43/3906.82/3800.03/3965.86/5 (mean/median/min/max/num), 70.82 steps/s
INFO:root:Normalized LOG: steps 350000, episodes 350, returns 0.85/0.85/0.83/0.86/5 (mean/median/min/max/num), 70.82 steps/s
2024-05-03 20:52:25,822 | Normalized LOG: steps 350000, episodes 350, returns 0.85/0.85/0.83/0.86/5 (mean/median/min/max/num), 70.82 steps/s
INFO:root:TRAIN LOG: steps 360000, episodes 360, returns 0.00/0.00/0.00/0.00/5 (mean/median/min/max/num), 70.43 steps/s
2024-05-03 20:54:47,811 | TRAIN LOG: steps 360000, episodes 360, returns 0.00/0.00/0.00/0.00/5 (mean/median/min/max/num), 70.43 steps/s
INFO:root:TEST LOG: steps 360000, episodes 360, returns 3929.28/3931.39/3900.63/3953.01/5 (mean/median/min/max/num), 70.43 steps/s
2024-05-03 20:54:49,924 | TEST LOG: steps 360000, episodes 360, returns 3929.28/3931.39/3900.63/3953.01/5 (mean/median/min/max/num), 70.43 steps/s
INFO:root:Normalized LOG: steps 360000, episodes 360, returns 0.86/0.86/0.85/0.86/5 (mean/median/min/max/num), 70.43 steps/s
2024-05-03 20:54:49,924 | Normalized LOG: steps 360000, episodes 360, returns 0.86/0.86/0.85/0.86/5 (mean/median/min/max/num), 70.43 steps/s
INFO:root:TRAIN LOG: steps 370000, episodes 370, returns 0.00/0.00/0.00/0.00/5 (mean/median/min/max/num), 70.46 steps/s
2024-05-03 20:57:11,852 | TRAIN LOG: steps 370000, episodes 370, returns 0.00/0.00/0.00/0.00/5 (mean/median/min/max/num), 70.46 steps/s
INFO:root:TEST LOG: steps 370000, episodes 370, returns 3802.94/3804.68/3754.97/3828.61/5 (mean/median/min/max/num), 70.46 steps/s
2024-05-03 20:57:14,065 | TEST LOG: steps 370000, episodes 370, returns 3802.94/3804.68/3754.97/3828.61/5 (mean/median/min/max/num), 70.46 steps/s
INFO:root:Normalized LOG: steps 370000, episodes 370, returns 0.83/0.83/0.82/0.83/5 (mean/median/min/max/num), 70.46 steps/s
2024-05-03 20:57:14,065 | Normalized LOG: steps 370000, episodes 370, returns 0.83/0.83/0.82/0.83/5 (mean/median/min/max/num), 70.46 steps/s
INFO:root:TRAIN LOG: steps 380000, episodes 380, returns 0.00/0.00/0.00/0.00/5 (mean/median/min/max/num), 70.77 steps/s
2024-05-03 20:59:35,365 | TRAIN LOG: steps 380000, episodes 380, returns 0.00/0.00/0.00/0.00/5 (mean/median/min/max/num), 70.77 steps/s
INFO:root:TEST LOG: steps 380000, episodes 380, returns 3839.29/3860.63/3713.30/3893.85/5 (mean/median/min/max/num), 70.77 steps/s
2024-05-03 20:59:37,447 | TEST LOG: steps 380000, episodes 380, returns 3839.29/3860.63/3713.30/3893.85/5 (mean/median/min/max/num), 70.77 steps/s
INFO:root:Normalized LOG: steps 380000, episodes 380, returns 0.84/0.84/0.81/0.85/5 (mean/median/min/max/num), 70.77 steps/s
2024-05-03 20:59:37,448 | Normalized LOG: steps 380000, episodes 380, returns 0.84/0.84/0.81/0.85/5 (mean/median/min/max/num), 70.77 steps/s
INFO:root:TRAIN LOG: steps 390000, episodes 390, returns 0.00/0.00/0.00/0.00/5 (mean/median/min/max/num), 70.48 steps/s
2024-05-03 21:01:59,326 | TRAIN LOG: steps 390000, episodes 390, returns 0.00/0.00/0.00/0.00/5 (mean/median/min/max/num), 70.48 steps/s
INFO:root:TEST LOG: steps 390000, episodes 390, returns 3566.23/3936.32/2729.15/4029.20/5 (mean/median/min/max/num), 70.48 steps/s
2024-05-03 21:02:01,214 | TEST LOG: steps 390000, episodes 390, returns 3566.23/3936.32/2729.15/4029.20/5 (mean/median/min/max/num), 70.48 steps/s
INFO:root:Normalized LOG: steps 390000, episodes 390, returns 0.78/0.86/0.59/0.88/5 (mean/median/min/max/num), 70.48 steps/s
2024-05-03 21:02:01,214 | Normalized LOG: steps 390000, episodes 390, returns 0.78/0.86/0.59/0.88/5 (mean/median/min/max/num), 70.48 steps/s
INFO:root:TRAIN LOG: steps 400000, episodes 400, returns 0.00/0.00/0.00/0.00/5 (mean/median/min/max/num), 70.39 steps/s
2024-05-03 21:04:23,271 | TRAIN LOG: steps 400000, episodes 400, returns 0.00/0.00/0.00/0.00/5 (mean/median/min/max/num), 70.39 steps/s
INFO:root:TEST LOG: steps 400000, episodes 400, returns 3681.60/3781.23/3165.78/3883.88/5 (mean/median/min/max/num), 70.39 steps/s
2024-05-03 21:04:25,300 | TEST LOG: steps 400000, episodes 400, returns 3681.60/3781.23/3165.78/3883.88/5 (mean/median/min/max/num), 70.39 steps/s
INFO:root:Normalized LOG: steps 400000, episodes 400, returns 0.80/0.82/0.69/0.85/5 (mean/median/min/max/num), 70.39 steps/s
2024-05-03 21:04:25,300 | Normalized LOG: steps 400000, episodes 400, returns 0.80/0.82/0.69/0.85/5 (mean/median/min/max/num), 70.39 steps/s
INFO:root:TRAIN LOG: steps 410000, episodes 410, returns 0.00/0.00/0.00/0.00/5 (mean/median/min/max/num), 70.44 steps/s
2024-05-03 21:06:47,260 | TRAIN LOG: steps 410000, episodes 410, returns 0.00/0.00/0.00/0.00/5 (mean/median/min/max/num), 70.44 steps/s
INFO:root:TEST LOG: steps 410000, episodes 410, returns 3713.60/3725.95/3660.95/3754.55/5 (mean/median/min/max/num), 70.44 steps/s
2024-05-03 21:06:49,346 | TEST LOG: steps 410000, episodes 410, returns 3713.60/3725.95/3660.95/3754.55/5 (mean/median/min/max/num), 70.44 steps/s
INFO:root:Normalized LOG: steps 410000, episodes 410, returns 0.81/0.81/0.80/0.82/5 (mean/median/min/max/num), 70.44 steps/s
2024-05-03 21:06:49,347 | Normalized LOG: steps 410000, episodes 410, returns 0.81/0.81/0.80/0.82/5 (mean/median/min/max/num), 70.44 steps/s
INFO:root:TRAIN LOG: steps 420000, episodes 420, returns 0.00/0.00/0.00/0.00/5 (mean/median/min/max/num), 70.47 steps/s
2024-05-03 21:09:11,243 | TRAIN LOG: steps 420000, episodes 420, returns 0.00/0.00/0.00/0.00/5 (mean/median/min/max/num), 70.47 steps/s
INFO:root:TEST LOG: steps 420000, episodes 420, returns 3797.30/3998.30/3008.83/4034.96/5 (mean/median/min/max/num), 70.47 steps/s
2024-05-03 21:09:13,287 | TEST LOG: steps 420000, episodes 420, returns 3797.30/3998.30/3008.83/4034.96/5 (mean/median/min/max/num), 70.47 steps/s
INFO:root:Normalized LOG: steps 420000, episodes 420, returns 0.83/0.87/0.66/0.88/5 (mean/median/min/max/num), 70.47 steps/s
2024-05-03 21:09:13,287 | Normalized LOG: steps 420000, episodes 420, returns 0.83/0.87/0.66/0.88/5 (mean/median/min/max/num), 70.47 steps/s
INFO:root:TRAIN LOG: steps 430000, episodes 430, returns 0.00/0.00/0.00/0.00/5 (mean/median/min/max/num), 69.51 steps/s
2024-05-03 21:11:37,142 | TRAIN LOG: steps 430000, episodes 430, returns 0.00/0.00/0.00/0.00/5 (mean/median/min/max/num), 69.51 steps/s
INFO:root:TEST LOG: steps 430000, episodes 430, returns 3736.20/4002.53/2674.74/4055.89/5 (mean/median/min/max/num), 69.51 steps/s
2024-05-03 21:11:39,116 | TEST LOG: steps 430000, episodes 430, returns 3736.20/4002.53/2674.74/4055.89/5 (mean/median/min/max/num), 69.51 steps/s
INFO:root:Normalized LOG: steps 430000, episodes 430, returns 0.81/0.87/0.58/0.88/5 (mean/median/min/max/num), 69.51 steps/s
2024-05-03 21:11:39,116 | Normalized LOG: steps 430000, episodes 430, returns 0.81/0.87/0.58/0.88/5 (mean/median/min/max/num), 69.51 steps/s
INFO:root:TRAIN LOG: steps 440000, episodes 440, returns 0.00/0.00/0.00/0.00/5 (mean/median/min/max/num), 70.40 steps/s
2024-05-03 21:14:01,169 | TRAIN LOG: steps 440000, episodes 440, returns 0.00/0.00/0.00/0.00/5 (mean/median/min/max/num), 70.40 steps/s
INFO:root:TEST LOG: steps 440000, episodes 440, returns 3601.30/3951.50/2295.07/3998.85/5 (mean/median/min/max/num), 70.40 steps/s
2024-05-03 21:14:03,111 | TEST LOG: steps 440000, episodes 440, returns 3601.30/3951.50/2295.07/3998.85/5 (mean/median/min/max/num), 70.40 steps/s
INFO:root:Normalized LOG: steps 440000, episodes 440, returns 0.78/0.86/0.50/0.87/5 (mean/median/min/max/num), 70.40 steps/s
2024-05-03 21:14:03,111 | Normalized LOG: steps 440000, episodes 440, returns 0.78/0.86/0.50/0.87/5 (mean/median/min/max/num), 70.40 steps/s
INFO:root:TRAIN LOG: steps 450000, episodes 450, returns 0.00/0.00/0.00/0.00/5 (mean/median/min/max/num), 70.46 steps/s
2024-05-03 21:16:25,040 | TRAIN LOG: steps 450000, episodes 450, returns 0.00/0.00/0.00/0.00/5 (mean/median/min/max/num), 70.46 steps/s
INFO:root:TEST LOG: steps 450000, episodes 450, returns 3748.81/3970.72/2763.64/4070.78/5 (mean/median/min/max/num), 70.46 steps/s
2024-05-03 21:16:27,024 | TEST LOG: steps 450000, episodes 450, returns 3748.81/3970.72/2763.64/4070.78/5 (mean/median/min/max/num), 70.46 steps/s
INFO:root:Normalized LOG: steps 450000, episodes 450, returns 0.82/0.86/0.60/0.89/5 (mean/median/min/max/num), 70.46 steps/s
2024-05-03 21:16:27,024 | Normalized LOG: steps 450000, episodes 450, returns 0.82/0.86/0.60/0.89/5 (mean/median/min/max/num), 70.46 steps/s
INFO:root:TRAIN LOG: steps 460000, episodes 460, returns 0.00/0.00/0.00/0.00/5 (mean/median/min/max/num), 70.42 steps/s
2024-05-03 21:18:49,035 | TRAIN LOG: steps 460000, episodes 460, returns 0.00/0.00/0.00/0.00/5 (mean/median/min/max/num), 70.42 steps/s
INFO:root:TEST LOG: steps 460000, episodes 460, returns 3977.24/3954.22/3870.42/4102.84/5 (mean/median/min/max/num), 70.42 steps/s
2024-05-03 21:18:51,156 | TEST LOG: steps 460000, episodes 460, returns 3977.24/3954.22/3870.42/4102.84/5 (mean/median/min/max/num), 70.42 steps/s
INFO:root:Normalized LOG: steps 460000, episodes 460, returns 0.87/0.86/0.84/0.89/5 (mean/median/min/max/num), 70.42 steps/s
2024-05-03 21:18:51,156 | Normalized LOG: steps 460000, episodes 460, returns 0.87/0.86/0.84/0.89/5 (mean/median/min/max/num), 70.42 steps/s
INFO:root:TRAIN LOG: steps 470000, episodes 470, returns 0.00/0.00/0.00/0.00/5 (mean/median/min/max/num), 70.94 steps/s
2024-05-03 21:21:12,112 | TRAIN LOG: steps 470000, episodes 470, returns 0.00/0.00/0.00/0.00/5 (mean/median/min/max/num), 70.94 steps/s
INFO:root:TEST LOG: steps 470000, episodes 470, returns 3912.46/3906.91/3864.52/3968.71/5 (mean/median/min/max/num), 70.94 steps/s
2024-05-03 21:21:14,231 | TEST LOG: steps 470000, episodes 470, returns 3912.46/3906.91/3864.52/3968.71/5 (mean/median/min/max/num), 70.94 steps/s
INFO:root:Normalized LOG: steps 470000, episodes 470, returns 0.85/0.85/0.84/0.86/5 (mean/median/min/max/num), 70.94 steps/s
2024-05-03 21:21:14,241 | Normalized LOG: steps 470000, episodes 470, returns 0.85/0.85/0.84/0.86/5 (mean/median/min/max/num), 70.94 steps/s
INFO:root:TRAIN LOG: steps 480000, episodes 480, returns 0.00/0.00/0.00/0.00/5 (mean/median/min/max/num), 70.40 steps/s
2024-05-03 21:23:36,283 | TRAIN LOG: steps 480000, episodes 480, returns 0.00/0.00/0.00/0.00/5 (mean/median/min/max/num), 70.40 steps/s
INFO:root:TEST LOG: steps 480000, episodes 480, returns 3642.31/4027.43/2757.96/4157.61/5 (mean/median/min/max/num), 70.40 steps/s
2024-05-03 21:23:38,179 | TEST LOG: steps 480000, episodes 480, returns 3642.31/4027.43/2757.96/4157.61/5 (mean/median/min/max/num), 70.40 steps/s
INFO:root:Normalized LOG: steps 480000, episodes 480, returns 0.79/0.88/0.60/0.91/5 (mean/median/min/max/num), 70.40 steps/s
2024-05-03 21:23:38,179 | Normalized LOG: steps 480000, episodes 480, returns 0.79/0.88/0.60/0.91/5 (mean/median/min/max/num), 70.40 steps/s
INFO:root:TRAIN LOG: steps 490000, episodes 490, returns 0.00/0.00/0.00/0.00/5 (mean/median/min/max/num), 70.41 steps/s
2024-05-03 21:26:00,215 | TRAIN LOG: steps 490000, episodes 490, returns 0.00/0.00/0.00/0.00/5 (mean/median/min/max/num), 70.41 steps/s
INFO:root:TEST LOG: steps 490000, episodes 490, returns 3934.54/3951.29/3848.93/4002.26/5 (mean/median/min/max/num), 70.41 steps/s
2024-05-03 21:26:02,331 | TEST LOG: steps 490000, episodes 490, returns 3934.54/3951.29/3848.93/4002.26/5 (mean/median/min/max/num), 70.41 steps/s
INFO:root:Normalized LOG: steps 490000, episodes 490, returns 0.86/0.86/0.84/0.87/5 (mean/median/min/max/num), 70.41 steps/s
2024-05-03 21:26:02,331 | Normalized LOG: steps 490000, episodes 490, returns 0.86/0.86/0.84/0.87/5 (mean/median/min/max/num), 70.41 steps/s
INFO:root:TRAIN LOG: steps 500000, episodes 500, returns 0.00/0.00/0.00/0.00/5 (mean/median/min/max/num), 70.74 steps/s
2024-05-03 21:28:23,696 | TRAIN LOG: steps 500000, episodes 500, returns 0.00/0.00/0.00/0.00/5 (mean/median/min/max/num), 70.74 steps/s
INFO:root:TEST LOG: steps 500000, episodes 500, returns 3860.58/3878.09/3792.28/3902.23/5 (mean/median/min/max/num), 70.74 steps/s
2024-05-03 21:28:25,812 | TEST LOG: steps 500000, episodes 500, returns 3860.58/3878.09/3792.28/3902.23/5 (mean/median/min/max/num), 70.74 steps/s
INFO:root:Normalized LOG: steps 500000, episodes 500, returns 0.84/0.84/0.83/0.85/5 (mean/median/min/max/num), 70.74 steps/s
2024-05-03 21:28:25,812 | Normalized LOG: steps 500000, episodes 500, returns 0.84/0.84/0.83/0.85/5 (mean/median/min/max/num), 70.74 steps/s
INFO:root:TRAIN LOG: steps 510000, episodes 510, returns 0.00/0.00/0.00/0.00/5 (mean/median/min/max/num), 70.89 steps/s
2024-05-03 21:30:46,867 | TRAIN LOG: steps 510000, episodes 510, returns 0.00/0.00/0.00/0.00/5 (mean/median/min/max/num), 70.89 steps/s
INFO:root:TEST LOG: steps 510000, episodes 510, returns 3900.41/3891.44/3854.38/3980.69/5 (mean/median/min/max/num), 70.89 steps/s
2024-05-03 21:30:48,979 | TEST LOG: steps 510000, episodes 510, returns 3900.41/3891.44/3854.38/3980.69/5 (mean/median/min/max/num), 70.89 steps/s
INFO:root:Normalized LOG: steps 510000, episodes 510, returns 0.85/0.85/0.84/0.87/5 (mean/median/min/max/num), 70.89 steps/s
2024-05-03 21:30:48,979 | Normalized LOG: steps 510000, episodes 510, returns 0.85/0.85/0.84/0.87/5 (mean/median/min/max/num), 70.89 steps/s
INFO:root:TRAIN LOG: steps 520000, episodes 520, returns 0.00/0.00/0.00/0.00/5 (mean/median/min/max/num), 70.46 steps/s
2024-05-03 21:33:10,909 | TRAIN LOG: steps 520000, episodes 520, returns 0.00/0.00/0.00/0.00/5 (mean/median/min/max/num), 70.46 steps/s
INFO:root:TEST LOG: steps 520000, episodes 520, returns 3373.79/3894.02/2519.53/3939.55/5 (mean/median/min/max/num), 70.46 steps/s
2024-05-03 21:33:12,731 | TEST LOG: steps 520000, episodes 520, returns 3373.79/3894.02/2519.53/3939.55/5 (mean/median/min/max/num), 70.46 steps/s
INFO:root:Normalized LOG: steps 520000, episodes 520, returns 0.73/0.85/0.55/0.86/5 (mean/median/min/max/num), 70.46 steps/s
2024-05-03 21:33:12,748 | Normalized LOG: steps 520000, episodes 520, returns 0.73/0.85/0.55/0.86/5 (mean/median/min/max/num), 70.46 steps/s
INFO:root:TRAIN LOG: steps 530000, episodes 530, returns 0.00/0.00/0.00/0.00/5 (mean/median/min/max/num), 70.75 steps/s
2024-05-03 21:35:34,081 | TRAIN LOG: steps 530000, episodes 530, returns 0.00/0.00/0.00/0.00/5 (mean/median/min/max/num), 70.75 steps/s
INFO:root:TEST LOG: steps 530000, episodes 530, returns 3829.12/3799.00/3782.07/3885.16/5 (mean/median/min/max/num), 70.75 steps/s
2024-05-03 21:35:36,200 | TEST LOG: steps 530000, episodes 530, returns 3829.12/3799.00/3782.07/3885.16/5 (mean/median/min/max/num), 70.75 steps/s
INFO:root:Normalized LOG: steps 530000, episodes 530, returns 0.83/0.83/0.82/0.85/5 (mean/median/min/max/num), 70.75 steps/s
2024-05-03 21:35:36,200 | Normalized LOG: steps 530000, episodes 530, returns 0.83/0.83/0.82/0.85/5 (mean/median/min/max/num), 70.75 steps/s
INFO:root:TRAIN LOG: steps 540000, episodes 540, returns 0.00/0.00/0.00/0.00/5 (mean/median/min/max/num), 70.82 steps/s
2024-05-03 21:37:57,394 | TRAIN LOG: steps 540000, episodes 540, returns 0.00/0.00/0.00/0.00/5 (mean/median/min/max/num), 70.82 steps/s
INFO:root:TEST LOG: steps 540000, episodes 540, returns 3894.82/3890.80/3868.78/3929.30/5 (mean/median/min/max/num), 70.82 steps/s
2024-05-03 21:37:59,507 | TEST LOG: steps 540000, episodes 540, returns 3894.82/3890.80/3868.78/3929.30/5 (mean/median/min/max/num), 70.82 steps/s
INFO:root:Normalized LOG: steps 540000, episodes 540, returns 0.85/0.85/0.84/0.86/5 (mean/median/min/max/num), 70.82 steps/s
2024-05-03 21:37:59,508 | Normalized LOG: steps 540000, episodes 540, returns 0.85/0.85/0.84/0.86/5 (mean/median/min/max/num), 70.82 steps/s
INFO:root:TRAIN LOG: steps 550000, episodes 550, returns 0.00/0.00/0.00/0.00/5 (mean/median/min/max/num), 70.43 steps/s
2024-05-03 21:40:21,489 | TRAIN LOG: steps 550000, episodes 550, returns 0.00/0.00/0.00/0.00/5 (mean/median/min/max/num), 70.43 steps/s
INFO:root:TEST LOG: steps 550000, episodes 550, returns 3867.83/3851.94/3813.78/3933.10/5 (mean/median/min/max/num), 70.43 steps/s
2024-05-03 21:40:23,610 | TEST LOG: steps 550000, episodes 550, returns 3867.83/3851.94/3813.78/3933.10/5 (mean/median/min/max/num), 70.43 steps/s
INFO:root:Normalized LOG: steps 550000, episodes 550, returns 0.84/0.84/0.83/0.86/5 (mean/median/min/max/num), 70.43 steps/s
2024-05-03 21:40:23,610 | Normalized LOG: steps 550000, episodes 550, returns 0.84/0.84/0.83/0.86/5 (mean/median/min/max/num), 70.43 steps/s
INFO:root:TRAIN LOG: steps 560000, episodes 560, returns 0.00/0.00/0.00/0.00/5 (mean/median/min/max/num), 70.56 steps/s
2024-05-03 21:42:45,335 | TRAIN LOG: steps 560000, episodes 560, returns 0.00/0.00/0.00/0.00/5 (mean/median/min/max/num), 70.56 steps/s
INFO:root:TEST LOG: steps 560000, episodes 560, returns 3930.49/3876.02/3783.25/4127.82/5 (mean/median/min/max/num), 70.56 steps/s
2024-05-03 21:42:47,456 | TEST LOG: steps 560000, episodes 560, returns 3930.49/3876.02/3783.25/4127.82/5 (mean/median/min/max/num), 70.56 steps/s
INFO:root:Normalized LOG: steps 560000, episodes 560, returns 0.86/0.84/0.82/0.90/5 (mean/median/min/max/num), 70.56 steps/s
2024-05-03 21:42:47,456 | Normalized LOG: steps 560000, episodes 560, returns 0.86/0.84/0.82/0.90/5 (mean/median/min/max/num), 70.56 steps/s
INFO:root:TRAIN LOG: steps 570000, episodes 570, returns 0.00/0.00/0.00/0.00/5 (mean/median/min/max/num), 70.43 steps/s
2024-05-03 21:45:09,451 | TRAIN LOG: steps 570000, episodes 570, returns 0.00/0.00/0.00/0.00/5 (mean/median/min/max/num), 70.43 steps/s
INFO:root:TEST LOG: steps 570000, episodes 570, returns 3792.51/3777.98/3766.31/3850.38/5 (mean/median/min/max/num), 70.43 steps/s
2024-05-03 21:45:11,569 | TEST LOG: steps 570000, episodes 570, returns 3792.51/3777.98/3766.31/3850.38/5 (mean/median/min/max/num), 70.43 steps/s
INFO:root:Normalized LOG: steps 570000, episodes 570, returns 0.83/0.82/0.82/0.84/5 (mean/median/min/max/num), 70.43 steps/s
2024-05-03 21:45:11,589 | Normalized LOG: steps 570000, episodes 570, returns 0.83/0.82/0.82/0.84/5 (mean/median/min/max/num), 70.43 steps/s
INFO:root:TRAIN LOG: steps 580000, episodes 580, returns 0.00/0.00/0.00/0.00/5 (mean/median/min/max/num), 70.84 steps/s
2024-05-03 21:47:32,755 | TRAIN LOG: steps 580000, episodes 580, returns 0.00/0.00/0.00/0.00/5 (mean/median/min/max/num), 70.84 steps/s
INFO:root:TEST LOG: steps 580000, episodes 580, returns 3874.07/3866.78/3758.96/3978.32/5 (mean/median/min/max/num), 70.84 steps/s
2024-05-03 21:47:34,867 | TEST LOG: steps 580000, episodes 580, returns 3874.07/3866.78/3758.96/3978.32/5 (mean/median/min/max/num), 70.84 steps/s
INFO:root:Normalized LOG: steps 580000, episodes 580, returns 0.84/0.84/0.82/0.87/5 (mean/median/min/max/num), 70.84 steps/s
2024-05-03 21:47:34,867 | Normalized LOG: steps 580000, episodes 580, returns 0.84/0.84/0.82/0.87/5 (mean/median/min/max/num), 70.84 steps/s
INFO:root:TRAIN LOG: steps 590000, episodes 590, returns 0.00/0.00/0.00/0.00/5 (mean/median/min/max/num), 70.60 steps/s
2024-05-03 21:49:56,508 | TRAIN LOG: steps 590000, episodes 590, returns 0.00/0.00/0.00/0.00/5 (mean/median/min/max/num), 70.60 steps/s
INFO:root:TEST LOG: steps 590000, episodes 590, returns 3872.60/3860.84/3801.18/3948.92/5 (mean/median/min/max/num), 70.60 steps/s
2024-05-03 21:49:58,623 | TEST LOG: steps 590000, episodes 590, returns 3872.60/3860.84/3801.18/3948.92/5 (mean/median/min/max/num), 70.60 steps/s
INFO:root:Normalized LOG: steps 590000, episodes 590, returns 0.84/0.84/0.83/0.86/5 (mean/median/min/max/num), 70.60 steps/s
2024-05-03 21:49:58,624 | Normalized LOG: steps 590000, episodes 590, returns 0.84/0.84/0.83/0.86/5 (mean/median/min/max/num), 70.60 steps/s
INFO:root:TRAIN LOG: steps 600000, episodes 600, returns 0.00/0.00/0.00/0.00/5 (mean/median/min/max/num), 70.58 steps/s
2024-05-03 21:52:20,304 | TRAIN LOG: steps 600000, episodes 600, returns 0.00/0.00/0.00/0.00/5 (mean/median/min/max/num), 70.58 steps/s
INFO:root:TEST LOG: steps 600000, episodes 600, returns 3769.81/3880.70/3284.21/3917.83/5 (mean/median/min/max/num), 70.58 steps/s
2024-05-03 21:52:22,353 | TEST LOG: steps 600000, episodes 600, returns 3769.81/3880.70/3284.21/3917.83/5 (mean/median/min/max/num), 70.58 steps/s
INFO:root:Normalized LOG: steps 600000, episodes 600, returns 0.82/0.84/0.72/0.85/5 (mean/median/min/max/num), 70.58 steps/s
2024-05-03 21:52:22,353 | Normalized LOG: steps 600000, episodes 600, returns 0.82/0.84/0.72/0.85/5 (mean/median/min/max/num), 70.58 steps/s
INFO:root:TRAIN LOG: steps 610000, episodes 610, returns 0.00/0.00/0.00/0.00/5 (mean/median/min/max/num), 71.03 steps/s
2024-05-03 21:54:43,136 | TRAIN LOG: steps 610000, episodes 610, returns 0.00/0.00/0.00/0.00/5 (mean/median/min/max/num), 71.03 steps/s
INFO:root:TEST LOG: steps 610000, episodes 610, returns 3586.67/3809.99/2600.76/3917.22/5 (mean/median/min/max/num), 71.03 steps/s
2024-05-03 21:54:45,105 | TEST LOG: steps 610000, episodes 610, returns 3586.67/3809.99/2600.76/3917.22/5 (mean/median/min/max/num), 71.03 steps/s
INFO:root:Normalized LOG: steps 610000, episodes 610, returns 0.78/0.83/0.57/0.85/5 (mean/median/min/max/num), 71.03 steps/s
2024-05-03 21:54:45,105 | Normalized LOG: steps 610000, episodes 610, returns 0.78/0.83/0.57/0.85/5 (mean/median/min/max/num), 71.03 steps/s
INFO:root:TRAIN LOG: steps 620000, episodes 620, returns 0.00/0.00/0.00/0.00/5 (mean/median/min/max/num), 71.03 steps/s
2024-05-03 21:57:05,881 | TRAIN LOG: steps 620000, episodes 620, returns 0.00/0.00/0.00/0.00/5 (mean/median/min/max/num), 71.03 steps/s
INFO:root:TEST LOG: steps 620000, episodes 620, returns 3839.64/3835.61/3798.96/3906.46/5 (mean/median/min/max/num), 71.03 steps/s
2024-05-03 21:57:08,170 | TEST LOG: steps 620000, episodes 620, returns 3839.64/3835.61/3798.96/3906.46/5 (mean/median/min/max/num), 71.03 steps/s
INFO:root:Normalized LOG: steps 620000, episodes 620, returns 0.84/0.84/0.83/0.85/5 (mean/median/min/max/num), 71.03 steps/s
2024-05-03 21:57:08,170 | Normalized LOG: steps 620000, episodes 620, returns 0.84/0.84/0.83/0.85/5 (mean/median/min/max/num), 71.03 steps/s
INFO:root:TRAIN LOG: steps 630000, episodes 630, returns 0.00/0.00/0.00/0.00/5 (mean/median/min/max/num), 70.39 steps/s
2024-05-03 21:59:30,238 | TRAIN LOG: steps 630000, episodes 630, returns 0.00/0.00/0.00/0.00/5 (mean/median/min/max/num), 70.39 steps/s
INFO:root:TEST LOG: steps 630000, episodes 630, returns 3935.46/3906.23/3898.69/4048.71/5 (mean/median/min/max/num), 70.39 steps/s
2024-05-03 21:59:32,353 | TEST LOG: steps 630000, episodes 630, returns 3935.46/3906.23/3898.69/4048.71/5 (mean/median/min/max/num), 70.39 steps/s
INFO:root:Normalized LOG: steps 630000, episodes 630, returns 0.86/0.85/0.85/0.88/5 (mean/median/min/max/num), 70.39 steps/s
2024-05-03 21:59:32,353 | Normalized LOG: steps 630000, episodes 630, returns 0.86/0.85/0.85/0.88/5 (mean/median/min/max/num), 70.39 steps/s
INFO:root:TRAIN LOG: steps 640000, episodes 640, returns 0.00/0.00/0.00/0.00/5 (mean/median/min/max/num), 70.43 steps/s
2024-05-03 22:01:54,344 | TRAIN LOG: steps 640000, episodes 640, returns 0.00/0.00/0.00/0.00/5 (mean/median/min/max/num), 70.43 steps/s
INFO:root:TEST LOG: steps 640000, episodes 640, returns 3253.89/3984.87/389.05/4132.85/5 (mean/median/min/max/num), 70.43 steps/s
2024-05-03 22:01:56,071 | TEST LOG: steps 640000, episodes 640, returns 3253.89/3984.87/389.05/4132.85/5 (mean/median/min/max/num), 70.43 steps/s
INFO:root:Normalized LOG: steps 640000, episodes 640, returns 0.71/0.87/0.08/0.90/5 (mean/median/min/max/num), 70.43 steps/s
2024-05-03 22:01:56,071 | Normalized LOG: steps 640000, episodes 640, returns 0.71/0.87/0.08/0.90/5 (mean/median/min/max/num), 70.43 steps/s
INFO:root:TRAIN LOG: steps 650000, episodes 650, returns 0.00/0.00/0.00/0.00/5 (mean/median/min/max/num), 70.70 steps/s
2024-05-03 22:04:17,516 | TRAIN LOG: steps 650000, episodes 650, returns 0.00/0.00/0.00/0.00/5 (mean/median/min/max/num), 70.70 steps/s
INFO:root:TEST LOG: steps 650000, episodes 650, returns 3828.43/3828.70/3784.39/3871.34/5 (mean/median/min/max/num), 70.70 steps/s
2024-05-03 22:04:19,639 | TEST LOG: steps 650000, episodes 650, returns 3828.43/3828.70/3784.39/3871.34/5 (mean/median/min/max/num), 70.70 steps/s
INFO:root:Normalized LOG: steps 650000, episodes 650, returns 0.83/0.83/0.82/0.84/5 (mean/median/min/max/num), 70.70 steps/s
2024-05-03 22:04:19,639 | Normalized LOG: steps 650000, episodes 650, returns 0.83/0.83/0.82/0.84/5 (mean/median/min/max/num), 70.70 steps/s
INFO:root:TRAIN LOG: steps 660000, episodes 660, returns 0.00/0.00/0.00/0.00/5 (mean/median/min/max/num), 70.44 steps/s
2024-05-03 22:06:41,596 | TRAIN LOG: steps 660000, episodes 660, returns 0.00/0.00/0.00/0.00/5 (mean/median/min/max/num), 70.44 steps/s
INFO:root:TEST LOG: steps 660000, episodes 660, returns 3835.20/3839.47/3749.59/3950.99/5 (mean/median/min/max/num), 70.44 steps/s
2024-05-03 22:06:43,715 | TEST LOG: steps 660000, episodes 660, returns 3835.20/3839.47/3749.59/3950.99/5 (mean/median/min/max/num), 70.44 steps/s
INFO:root:Normalized LOG: steps 660000, episodes 660, returns 0.84/0.84/0.82/0.86/5 (mean/median/min/max/num), 70.44 steps/s
2024-05-03 22:06:43,715 | Normalized LOG: steps 660000, episodes 660, returns 0.84/0.84/0.82/0.86/5 (mean/median/min/max/num), 70.44 steps/s
INFO:root:TRAIN LOG: steps 670000, episodes 670, returns 0.00/0.00/0.00/0.00/5 (mean/median/min/max/num), 70.75 steps/s
2024-05-03 22:09:05,061 | TRAIN LOG: steps 670000, episodes 670, returns 0.00/0.00/0.00/0.00/5 (mean/median/min/max/num), 70.75 steps/s
INFO:root:TEST LOG: steps 670000, episodes 670, returns 3810.43/3793.10/3788.79/3871.31/5 (mean/median/min/max/num), 70.75 steps/s
2024-05-03 22:09:07,179 | TEST LOG: steps 670000, episodes 670, returns 3810.43/3793.10/3788.79/3871.31/5 (mean/median/min/max/num), 70.75 steps/s
INFO:root:Normalized LOG: steps 670000, episodes 670, returns 0.83/0.83/0.82/0.84/5 (mean/median/min/max/num), 70.75 steps/s
2024-05-03 22:09:07,179 | Normalized LOG: steps 670000, episodes 670, returns 0.83/0.83/0.82/0.84/5 (mean/median/min/max/num), 70.75 steps/s
INFO:root:TRAIN LOG: steps 680000, episodes 680, returns 0.00/0.00/0.00/0.00/5 (mean/median/min/max/num), 70.56 steps/s
2024-05-03 22:11:28,957 | TRAIN LOG: steps 680000, episodes 680, returns 0.00/0.00/0.00/0.00/5 (mean/median/min/max/num), 70.56 steps/s
INFO:root:TEST LOG: steps 680000, episodes 680, returns 3859.71/3864.46/3805.89/3897.59/5 (mean/median/min/max/num), 70.56 steps/s
2024-05-03 22:11:31,074 | TEST LOG: steps 680000, episodes 680, returns 3859.71/3864.46/3805.89/3897.59/5 (mean/median/min/max/num), 70.56 steps/s
INFO:root:Normalized LOG: steps 680000, episodes 680, returns 0.84/0.84/0.83/0.85/5 (mean/median/min/max/num), 70.56 steps/s
2024-05-03 22:11:31,074 | Normalized LOG: steps 680000, episodes 680, returns 0.84/0.84/0.83/0.85/5 (mean/median/min/max/num), 70.56 steps/s
INFO:root:TRAIN LOG: steps 690000, episodes 690, returns 0.00/0.00/0.00/0.00/5 (mean/median/min/max/num), 70.37 steps/s
2024-05-03 22:13:53,188 | TRAIN LOG: steps 690000, episodes 690, returns 0.00/0.00/0.00/0.00/5 (mean/median/min/max/num), 70.37 steps/s
INFO:root:TEST LOG: steps 690000, episodes 690, returns 3918.60/3870.28/3786.82/4252.24/5 (mean/median/min/max/num), 70.37 steps/s
2024-05-03 22:13:55,296 | TEST LOG: steps 690000, episodes 690, returns 3918.60/3870.28/3786.82/4252.24/5 (mean/median/min/max/num), 70.37 steps/s
INFO:root:Normalized LOG: steps 690000, episodes 690, returns 0.85/0.84/0.82/0.93/5 (mean/median/min/max/num), 70.37 steps/s
2024-05-03 22:13:55,296 | Normalized LOG: steps 690000, episodes 690, returns 0.85/0.84/0.82/0.93/5 (mean/median/min/max/num), 70.37 steps/s
INFO:root:TRAIN LOG: steps 700000, episodes 700, returns 0.00/0.00/0.00/0.00/5 (mean/median/min/max/num), 70.52 steps/s
2024-05-03 22:16:17,108 | TRAIN LOG: steps 700000, episodes 700, returns 0.00/0.00/0.00/0.00/5 (mean/median/min/max/num), 70.52 steps/s
INFO:root:TEST LOG: steps 700000, episodes 700, returns 3884.40/3888.74/3802.86/3945.81/5 (mean/median/min/max/num), 70.52 steps/s
2024-05-03 22:16:19,225 | TEST LOG: steps 700000, episodes 700, returns 3884.40/3888.74/3802.86/3945.81/5 (mean/median/min/max/num), 70.52 steps/s
INFO:root:Normalized LOG: steps 700000, episodes 700, returns 0.85/0.85/0.83/0.86/5 (mean/median/min/max/num), 70.52 steps/s
2024-05-03 22:16:19,225 | Normalized LOG: steps 700000, episodes 700, returns 0.85/0.85/0.83/0.86/5 (mean/median/min/max/num), 70.52 steps/s
INFO:root:TRAIN LOG: steps 710000, episodes 710, returns 0.00/0.00/0.00/0.00/5 (mean/median/min/max/num), 70.40 steps/s
2024-05-03 22:18:41,278 | TRAIN LOG: steps 710000, episodes 710, returns 0.00/0.00/0.00/0.00/5 (mean/median/min/max/num), 70.40 steps/s
INFO:root:TEST LOG: steps 710000, episodes 710, returns 3634.54/3984.57/2172.15/4048.42/5 (mean/median/min/max/num), 70.40 steps/s
2024-05-03 22:18:43,192 | TEST LOG: steps 710000, episodes 710, returns 3634.54/3984.57/2172.15/4048.42/5 (mean/median/min/max/num), 70.40 steps/s
INFO:root:Normalized LOG: steps 710000, episodes 710, returns 0.79/0.87/0.47/0.88/5 (mean/median/min/max/num), 70.40 steps/s
2024-05-03 22:18:43,192 | Normalized LOG: steps 710000, episodes 710, returns 0.79/0.87/0.47/0.88/5 (mean/median/min/max/num), 70.40 steps/s
INFO:root:TRAIN LOG: steps 720000, episodes 720, returns 0.00/0.00/0.00/0.00/5 (mean/median/min/max/num), 70.42 steps/s
2024-05-03 22:21:05,206 | TRAIN LOG: steps 720000, episodes 720, returns 0.00/0.00/0.00/0.00/5 (mean/median/min/max/num), 70.42 steps/s
INFO:root:TEST LOG: steps 720000, episodes 720, returns 3978.04/3973.32/3949.68/4009.80/5 (mean/median/min/max/num), 70.42 steps/s
2024-05-03 22:21:07,325 | TEST LOG: steps 720000, episodes 720, returns 3978.04/3973.32/3949.68/4009.80/5 (mean/median/min/max/num), 70.42 steps/s
INFO:root:Normalized LOG: steps 720000, episodes 720, returns 0.87/0.87/0.86/0.87/5 (mean/median/min/max/num), 70.42 steps/s
2024-05-03 22:21:07,326 | Normalized LOG: steps 720000, episodes 720, returns 0.87/0.87/0.86/0.87/5 (mean/median/min/max/num), 70.42 steps/s
INFO:root:TRAIN LOG: steps 730000, episodes 730, returns 0.00/0.00/0.00/0.00/5 (mean/median/min/max/num), 70.39 steps/s
2024-05-03 22:23:29,392 | TRAIN LOG: steps 730000, episodes 730, returns 0.00/0.00/0.00/0.00/5 (mean/median/min/max/num), 70.39 steps/s
INFO:root:TEST LOG: steps 730000, episodes 730, returns 3847.19/3846.53/3818.03/3880.15/5 (mean/median/min/max/num), 70.39 steps/s
2024-05-03 22:23:31,509 | TEST LOG: steps 730000, episodes 730, returns 3847.19/3846.53/3818.03/3880.15/5 (mean/median/min/max/num), 70.39 steps/s
INFO:root:Normalized LOG: steps 730000, episodes 730, returns 0.84/0.84/0.83/0.84/5 (mean/median/min/max/num), 70.39 steps/s
2024-05-03 22:23:31,509 | Normalized LOG: steps 730000, episodes 730, returns 0.84/0.84/0.83/0.84/5 (mean/median/min/max/num), 70.39 steps/s
INFO:root:TRAIN LOG: steps 740000, episodes 740, returns 0.00/0.00/0.00/0.00/5 (mean/median/min/max/num), 70.35 steps/s
2024-05-03 22:25:53,650 | TRAIN LOG: steps 740000, episodes 740, returns 0.00/0.00/0.00/0.00/5 (mean/median/min/max/num), 70.35 steps/s
INFO:root:TEST LOG: steps 740000, episodes 740, returns 3967.85/4019.53/3791.69/4090.67/5 (mean/median/min/max/num), 70.35 steps/s
2024-05-03 22:25:55,733 | TEST LOG: steps 740000, episodes 740, returns 3967.85/4019.53/3791.69/4090.67/5 (mean/median/min/max/num), 70.35 steps/s
INFO:root:Normalized LOG: steps 740000, episodes 740, returns 0.86/0.88/0.83/0.89/5 (mean/median/min/max/num), 70.35 steps/s
2024-05-03 22:25:55,733 | Normalized LOG: steps 740000, episodes 740, returns 0.86/0.88/0.83/0.89/5 (mean/median/min/max/num), 70.35 steps/s
INFO:root:TRAIN LOG: steps 750000, episodes 750, returns 0.00/0.00/0.00/0.00/5 (mean/median/min/max/num), 70.41 steps/s
2024-05-03 22:28:17,758 | TRAIN LOG: steps 750000, episodes 750, returns 0.00/0.00/0.00/0.00/5 (mean/median/min/max/num), 70.41 steps/s
INFO:root:TEST LOG: steps 750000, episodes 750, returns 3932.05/3908.98/3859.76/4035.09/5 (mean/median/min/max/num), 70.41 steps/s
2024-05-03 22:28:19,876 | TEST LOG: steps 750000, episodes 750, returns 3932.05/3908.98/3859.76/4035.09/5 (mean/median/min/max/num), 70.41 steps/s
INFO:root:Normalized LOG: steps 750000, episodes 750, returns 0.86/0.85/0.84/0.88/5 (mean/median/min/max/num), 70.41 steps/s
2024-05-03 22:28:19,876 | Normalized LOG: steps 750000, episodes 750, returns 0.86/0.85/0.84/0.88/5 (mean/median/min/max/num), 70.41 steps/s
INFO:root:TRAIN LOG: steps 760000, episodes 760, returns 0.00/0.00/0.00/0.00/5 (mean/median/min/max/num), 70.32 steps/s
2024-05-03 22:30:42,076 | TRAIN LOG: steps 760000, episodes 760, returns 0.00/0.00/0.00/0.00/5 (mean/median/min/max/num), 70.32 steps/s
INFO:root:TEST LOG: steps 760000, episodes 760, returns 3937.09/3941.21/3849.32/3990.45/5 (mean/median/min/max/num), 70.32 steps/s
2024-05-03 22:30:44,190 | TEST LOG: steps 760000, episodes 760, returns 3937.09/3941.21/3849.32/3990.45/5 (mean/median/min/max/num), 70.32 steps/s
INFO:root:Normalized LOG: steps 760000, episodes 760, returns 0.86/0.86/0.84/0.87/5 (mean/median/min/max/num), 70.32 steps/s
2024-05-03 22:30:44,190 | Normalized LOG: steps 760000, episodes 760, returns 0.86/0.86/0.84/0.87/5 (mean/median/min/max/num), 70.32 steps/s
INFO:root:TRAIN LOG: steps 770000, episodes 770, returns 0.00/0.00/0.00/0.00/5 (mean/median/min/max/num), 70.41 steps/s
2024-05-03 22:33:06,223 | TRAIN LOG: steps 770000, episodes 770, returns 0.00/0.00/0.00/0.00/5 (mean/median/min/max/num), 70.41 steps/s
INFO:root:TEST LOG: steps 770000, episodes 770, returns 3886.61/3887.12/3848.59/3930.05/5 (mean/median/min/max/num), 70.41 steps/s
2024-05-03 22:33:08,341 | TEST LOG: steps 770000, episodes 770, returns 3886.61/3887.12/3848.59/3930.05/5 (mean/median/min/max/num), 70.41 steps/s
INFO:root:Normalized LOG: steps 770000, episodes 770, returns 0.85/0.85/0.84/0.86/5 (mean/median/min/max/num), 70.41 steps/s
2024-05-03 22:33:08,342 | Normalized LOG: steps 770000, episodes 770, returns 0.85/0.85/0.84/0.86/5 (mean/median/min/max/num), 70.41 steps/s
INFO:root:TRAIN LOG: steps 780000, episodes 780, returns 0.00/0.00/0.00/0.00/5 (mean/median/min/max/num), 70.36 steps/s
2024-05-03 22:35:30,467 | TRAIN LOG: steps 780000, episodes 780, returns 0.00/0.00/0.00/0.00/5 (mean/median/min/max/num), 70.36 steps/s
INFO:root:TEST LOG: steps 780000, episodes 780, returns 3969.47/3974.38/3933.37/4010.50/5 (mean/median/min/max/num), 70.36 steps/s
2024-05-03 22:35:32,594 | TEST LOG: steps 780000, episodes 780, returns 3969.47/3974.38/3933.37/4010.50/5 (mean/median/min/max/num), 70.36 steps/s
INFO:root:Normalized LOG: steps 780000, episodes 780, returns 0.86/0.87/0.86/0.87/5 (mean/median/min/max/num), 70.36 steps/s
2024-05-03 22:35:32,595 | Normalized LOG: steps 780000, episodes 780, returns 0.86/0.87/0.86/0.87/5 (mean/median/min/max/num), 70.36 steps/s
INFO:root:TRAIN LOG: steps 790000, episodes 790, returns 0.00/0.00/0.00/0.00/5 (mean/median/min/max/num), 70.54 steps/s
2024-05-03 22:37:54,362 | TRAIN LOG: steps 790000, episodes 790, returns 0.00/0.00/0.00/0.00/5 (mean/median/min/max/num), 70.54 steps/s
INFO:root:TEST LOG: steps 790000, episodes 790, returns 3805.16/3775.22/3763.55/3901.79/5 (mean/median/min/max/num), 70.54 steps/s
2024-05-03 22:37:56,479 | TEST LOG: steps 790000, episodes 790, returns 3805.16/3775.22/3763.55/3901.79/5 (mean/median/min/max/num), 70.54 steps/s
INFO:root:Normalized LOG: steps 790000, episodes 790, returns 0.83/0.82/0.82/0.85/5 (mean/median/min/max/num), 70.54 steps/s
2024-05-03 22:37:56,480 | Normalized LOG: steps 790000, episodes 790, returns 0.83/0.82/0.82/0.85/5 (mean/median/min/max/num), 70.54 steps/s
INFO:root:TRAIN LOG: steps 800000, episodes 800, returns 0.00/0.00/0.00/0.00/5 (mean/median/min/max/num), 70.35 steps/s
2024-05-03 22:40:18,631 | TRAIN LOG: steps 800000, episodes 800, returns 0.00/0.00/0.00/0.00/5 (mean/median/min/max/num), 70.35 steps/s
INFO:root:TEST LOG: steps 800000, episodes 800, returns 3733.11/3993.83/2560.20/4109.42/5 (mean/median/min/max/num), 70.35 steps/s
2024-05-03 22:40:20,598 | TEST LOG: steps 800000, episodes 800, returns 3733.11/3993.83/2560.20/4109.42/5 (mean/median/min/max/num), 70.35 steps/s
INFO:root:Normalized LOG: steps 800000, episodes 800, returns 0.81/0.87/0.56/0.89/5 (mean/median/min/max/num), 70.35 steps/s
2024-05-03 22:40:20,598 | Normalized LOG: steps 800000, episodes 800, returns 0.81/0.87/0.56/0.89/5 (mean/median/min/max/num), 70.35 steps/s
INFO:root:TRAIN LOG: steps 810000, episodes 810, returns 0.00/0.00/0.00/0.00/5 (mean/median/min/max/num), 70.37 steps/s
2024-05-03 22:42:42,702 | TRAIN LOG: steps 810000, episodes 810, returns 0.00/0.00/0.00/0.00/5 (mean/median/min/max/num), 70.37 steps/s
INFO:root:TEST LOG: steps 810000, episodes 810, returns 3902.22/3879.75/3815.29/4037.69/5 (mean/median/min/max/num), 70.37 steps/s
2024-05-03 22:42:44,815 | TEST LOG: steps 810000, episodes 810, returns 3902.22/3879.75/3815.29/4037.69/5 (mean/median/min/max/num), 70.37 steps/s
INFO:root:Normalized LOG: steps 810000, episodes 810, returns 0.85/0.84/0.83/0.88/5 (mean/median/min/max/num), 70.37 steps/s
2024-05-03 22:42:44,815 | Normalized LOG: steps 810000, episodes 810, returns 0.85/0.84/0.83/0.88/5 (mean/median/min/max/num), 70.37 steps/s
INFO:root:TRAIN LOG: steps 820000, episodes 820, returns 0.00/0.00/0.00/0.00/5 (mean/median/min/max/num), 70.72 steps/s
2024-05-03 22:45:06,223 | TRAIN LOG: steps 820000, episodes 820, returns 0.00/0.00/0.00/0.00/5 (mean/median/min/max/num), 70.72 steps/s
INFO:root:TEST LOG: steps 820000, episodes 820, returns 3893.12/3890.73/3868.42/3919.41/5 (mean/median/min/max/num), 70.72 steps/s
2024-05-03 22:45:08,340 | TEST LOG: steps 820000, episodes 820, returns 3893.12/3890.73/3868.42/3919.41/5 (mean/median/min/max/num), 70.72 steps/s
INFO:root:Normalized LOG: steps 820000, episodes 820, returns 0.85/0.85/0.84/0.85/5 (mean/median/min/max/num), 70.72 steps/s
2024-05-03 22:45:08,340 | Normalized LOG: steps 820000, episodes 820, returns 0.85/0.85/0.84/0.85/5 (mean/median/min/max/num), 70.72 steps/s
INFO:root:TRAIN LOG: steps 830000, episodes 830, returns 0.00/0.00/0.00/0.00/5 (mean/median/min/max/num), 70.33 steps/s
2024-05-03 22:47:30,530 | TRAIN LOG: steps 830000, episodes 830, returns 0.00/0.00/0.00/0.00/5 (mean/median/min/max/num), 70.33 steps/s
INFO:root:TEST LOG: steps 830000, episodes 830, returns 3899.19/3916.90/3841.24/3940.68/5 (mean/median/min/max/num), 70.33 steps/s
2024-05-03 22:47:32,682 | TEST LOG: steps 830000, episodes 830, returns 3899.19/3916.90/3841.24/3940.68/5 (mean/median/min/max/num), 70.33 steps/s
INFO:root:Normalized LOG: steps 830000, episodes 830, returns 0.85/0.85/0.84/0.86/5 (mean/median/min/max/num), 70.33 steps/s
2024-05-03 22:47:32,682 | Normalized LOG: steps 830000, episodes 830, returns 0.85/0.85/0.84/0.86/5 (mean/median/min/max/num), 70.33 steps/s
INFO:root:TRAIN LOG: steps 840000, episodes 840, returns 0.00/0.00/0.00/0.00/5 (mean/median/min/max/num), 70.35 steps/s
2024-05-03 22:49:54,838 | TRAIN LOG: steps 840000, episodes 840, returns 0.00/0.00/0.00/0.00/5 (mean/median/min/max/num), 70.35 steps/s
INFO:root:TEST LOG: steps 840000, episodes 840, returns 3915.30/3908.10/3879.14/3968.76/5 (mean/median/min/max/num), 70.35 steps/s
2024-05-03 22:49:56,958 | TEST LOG: steps 840000, episodes 840, returns 3915.30/3908.10/3879.14/3968.76/5 (mean/median/min/max/num), 70.35 steps/s
INFO:root:Normalized LOG: steps 840000, episodes 840, returns 0.85/0.85/0.84/0.86/5 (mean/median/min/max/num), 70.35 steps/s
2024-05-03 22:49:56,959 | Normalized LOG: steps 840000, episodes 840, returns 0.85/0.85/0.84/0.86/5 (mean/median/min/max/num), 70.35 steps/s
INFO:root:TRAIN LOG: steps 850000, episodes 850, returns 0.00/0.00/0.00/0.00/5 (mean/median/min/max/num), 70.54 steps/s
2024-05-03 22:52:18,728 | TRAIN LOG: steps 850000, episodes 850, returns 0.00/0.00/0.00/0.00/5 (mean/median/min/max/num), 70.54 steps/s
INFO:root:TEST LOG: steps 850000, episodes 850, returns 3986.42/3998.73/3932.06/4042.44/5 (mean/median/min/max/num), 70.54 steps/s
2024-05-03 22:52:20,846 | TEST LOG: steps 850000, episodes 850, returns 3986.42/3998.73/3932.06/4042.44/5 (mean/median/min/max/num), 70.54 steps/s
INFO:root:Normalized LOG: steps 850000, episodes 850, returns 0.87/0.87/0.86/0.88/5 (mean/median/min/max/num), 70.54 steps/s
2024-05-03 22:52:20,846 | Normalized LOG: steps 850000, episodes 850, returns 0.87/0.87/0.86/0.88/5 (mean/median/min/max/num), 70.54 steps/s
INFO:root:TRAIN LOG: steps 860000, episodes 860, returns 0.00/0.00/0.00/0.00/5 (mean/median/min/max/num), 70.60 steps/s
2024-05-03 22:54:42,486 | TRAIN LOG: steps 860000, episodes 860, returns 0.00/0.00/0.00/0.00/5 (mean/median/min/max/num), 70.60 steps/s
INFO:root:TEST LOG: steps 860000, episodes 860, returns 3627.75/4012.05/2031.01/4082.18/5 (mean/median/min/max/num), 70.60 steps/s
2024-05-03 22:54:44,399 | TEST LOG: steps 860000, episodes 860, returns 3627.75/4012.05/2031.01/4082.18/5 (mean/median/min/max/num), 70.60 steps/s
INFO:root:Normalized LOG: steps 860000, episodes 860, returns 0.79/0.87/0.44/0.89/5 (mean/median/min/max/num), 70.60 steps/s
2024-05-03 22:54:44,399 | Normalized LOG: steps 860000, episodes 860, returns 0.79/0.87/0.44/0.89/5 (mean/median/min/max/num), 70.60 steps/s
INFO:root:TRAIN LOG: steps 870000, episodes 870, returns 0.00/0.00/0.00/0.00/5 (mean/median/min/max/num), 70.79 steps/s
2024-05-03 22:57:05,661 | TRAIN LOG: steps 870000, episodes 870, returns 0.00/0.00/0.00/0.00/5 (mean/median/min/max/num), 70.79 steps/s
INFO:root:TEST LOG: steps 870000, episodes 870, returns 3920.33/3920.63/3883.99/3958.48/5 (mean/median/min/max/num), 70.79 steps/s
2024-05-03 22:57:07,781 | TEST LOG: steps 870000, episodes 870, returns 3920.33/3920.63/3883.99/3958.48/5 (mean/median/min/max/num), 70.79 steps/s
INFO:root:Normalized LOG: steps 870000, episodes 870, returns 0.85/0.85/0.85/0.86/5 (mean/median/min/max/num), 70.79 steps/s
2024-05-03 22:57:07,781 | Normalized LOG: steps 870000, episodes 870, returns 0.85/0.85/0.85/0.86/5 (mean/median/min/max/num), 70.79 steps/s
INFO:root:TRAIN LOG: steps 880000, episodes 880, returns 0.00/0.00/0.00/0.00/5 (mean/median/min/max/num), 70.37 steps/s
2024-05-03 22:59:29,878 | TRAIN LOG: steps 880000, episodes 880, returns 0.00/0.00/0.00/0.00/5 (mean/median/min/max/num), 70.37 steps/s
INFO:root:TEST LOG: steps 880000, episodes 880, returns 3930.54/3924.63/3905.70/3959.12/5 (mean/median/min/max/num), 70.37 steps/s
2024-05-03 22:59:31,996 | TEST LOG: steps 880000, episodes 880, returns 3930.54/3924.63/3905.70/3959.12/5 (mean/median/min/max/num), 70.37 steps/s
INFO:root:Normalized LOG: steps 880000, episodes 880, returns 0.86/0.85/0.85/0.86/5 (mean/median/min/max/num), 70.37 steps/s
2024-05-03 22:59:32,007 | Normalized LOG: steps 880000, episodes 880, returns 0.86/0.85/0.85/0.86/5 (mean/median/min/max/num), 70.37 steps/s
INFO:root:TRAIN LOG: steps 890000, episodes 890, returns 0.00/0.00/0.00/0.00/5 (mean/median/min/max/num), 70.48 steps/s
2024-05-03 23:01:53,891 | TRAIN LOG: steps 890000, episodes 890, returns 0.00/0.00/0.00/0.00/5 (mean/median/min/max/num), 70.48 steps/s
INFO:root:TEST LOG: steps 890000, episodes 890, returns 3837.82/3824.62/3810.33/3876.30/5 (mean/median/min/max/num), 70.48 steps/s
2024-05-03 23:01:56,009 | TEST LOG: steps 890000, episodes 890, returns 3837.82/3824.62/3810.33/3876.30/5 (mean/median/min/max/num), 70.48 steps/s
INFO:root:Normalized LOG: steps 890000, episodes 890, returns 0.84/0.83/0.83/0.84/5 (mean/median/min/max/num), 70.48 steps/s
2024-05-03 23:01:56,009 | Normalized LOG: steps 890000, episodes 890, returns 0.84/0.83/0.83/0.84/5 (mean/median/min/max/num), 70.48 steps/s
INFO:root:TRAIN LOG: steps 900000, episodes 900, returns 0.00/0.00/0.00/0.00/5 (mean/median/min/max/num), 70.36 steps/s
2024-05-03 23:04:18,137 | TRAIN LOG: steps 900000, episodes 900, returns 0.00/0.00/0.00/0.00/5 (mean/median/min/max/num), 70.36 steps/s
INFO:root:TEST LOG: steps 900000, episodes 900, returns 3876.86/3868.51/3839.27/3915.52/5 (mean/median/min/max/num), 70.36 steps/s
2024-05-03 23:04:20,254 | TEST LOG: steps 900000, episodes 900, returns 3876.86/3868.51/3839.27/3915.52/5 (mean/median/min/max/num), 70.36 steps/s
INFO:root:Normalized LOG: steps 900000, episodes 900, returns 0.84/0.84/0.84/0.85/5 (mean/median/min/max/num), 70.36 steps/s
2024-05-03 23:04:20,255 | Normalized LOG: steps 900000, episodes 900, returns 0.84/0.84/0.84/0.85/5 (mean/median/min/max/num), 70.36 steps/s
INFO:root:TRAIN LOG: steps 910000, episodes 910, returns 0.00/0.00/0.00/0.00/5 (mean/median/min/max/num), 70.74 steps/s
2024-05-03 23:06:41,610 | TRAIN LOG: steps 910000, episodes 910, returns 0.00/0.00/0.00/0.00/5 (mean/median/min/max/num), 70.74 steps/s
INFO:root:TEST LOG: steps 910000, episodes 910, returns 3983.53/3974.71/3967.78/4025.14/5 (mean/median/min/max/num), 70.74 steps/s
2024-05-03 23:06:43,726 | TEST LOG: steps 910000, episodes 910, returns 3983.53/3974.71/3967.78/4025.14/5 (mean/median/min/max/num), 70.74 steps/s
INFO:root:Normalized LOG: steps 910000, episodes 910, returns 0.87/0.87/0.86/0.88/5 (mean/median/min/max/num), 70.74 steps/s
2024-05-03 23:06:43,726 | Normalized LOG: steps 910000, episodes 910, returns 0.87/0.87/0.86/0.88/5 (mean/median/min/max/num), 70.74 steps/s
INFO:root:TRAIN LOG: steps 920000, episodes 920, returns 0.00/0.00/0.00/0.00/5 (mean/median/min/max/num), 70.39 steps/s
2024-05-03 23:09:05,799 | TRAIN LOG: steps 920000, episodes 920, returns 0.00/0.00/0.00/0.00/5 (mean/median/min/max/num), 70.39 steps/s
INFO:root:TEST LOG: steps 920000, episodes 920, returns 3974.13/3980.15/3894.35/4019.69/5 (mean/median/min/max/num), 70.39 steps/s
2024-05-03 23:09:07,903 | TEST LOG: steps 920000, episodes 920, returns 3974.13/3980.15/3894.35/4019.69/5 (mean/median/min/max/num), 70.39 steps/s
INFO:root:Normalized LOG: steps 920000, episodes 920, returns 0.87/0.87/0.85/0.88/5 (mean/median/min/max/num), 70.39 steps/s
2024-05-03 23:09:07,903 | Normalized LOG: steps 920000, episodes 920, returns 0.87/0.87/0.85/0.88/5 (mean/median/min/max/num), 70.39 steps/s
INFO:root:TRAIN LOG: steps 930000, episodes 930, returns 0.00/0.00/0.00/0.00/5 (mean/median/min/max/num), 70.39 steps/s
2024-05-03 23:11:29,973 | TRAIN LOG: steps 930000, episodes 930, returns 0.00/0.00/0.00/0.00/5 (mean/median/min/max/num), 70.39 steps/s
INFO:root:TEST LOG: steps 930000, episodes 930, returns 3897.41/3900.98/3839.07/3956.45/5 (mean/median/min/max/num), 70.39 steps/s
2024-05-03 23:11:32,089 | TEST LOG: steps 930000, episodes 930, returns 3897.41/3900.98/3839.07/3956.45/5 (mean/median/min/max/num), 70.39 steps/s
INFO:root:Normalized LOG: steps 930000, episodes 930, returns 0.85/0.85/0.84/0.86/5 (mean/median/min/max/num), 70.39 steps/s
2024-05-03 23:11:32,106 | Normalized LOG: steps 930000, episodes 930, returns 0.85/0.85/0.84/0.86/5 (mean/median/min/max/num), 70.39 steps/s
INFO:root:TRAIN LOG: steps 940000, episodes 940, returns 0.00/0.00/0.00/0.00/5 (mean/median/min/max/num), 70.36 steps/s
2024-05-03 23:13:54,226 | TRAIN LOG: steps 940000, episodes 940, returns 0.00/0.00/0.00/0.00/5 (mean/median/min/max/num), 70.36 steps/s
INFO:root:TEST LOG: steps 940000, episodes 940, returns 3861.14/3836.53/3815.47/3926.98/5 (mean/median/min/max/num), 70.36 steps/s
2024-05-03 23:13:56,345 | TEST LOG: steps 940000, episodes 940, returns 3861.14/3836.53/3815.47/3926.98/5 (mean/median/min/max/num), 70.36 steps/s
INFO:root:Normalized LOG: steps 940000, episodes 940, returns 0.84/0.84/0.83/0.86/5 (mean/median/min/max/num), 70.36 steps/s
2024-05-03 23:13:56,345 | Normalized LOG: steps 940000, episodes 940, returns 0.84/0.84/0.83/0.86/5 (mean/median/min/max/num), 70.36 steps/s
INFO:root:TRAIN LOG: steps 950000, episodes 950, returns 0.00/0.00/0.00/0.00/5 (mean/median/min/max/num), 70.65 steps/s
2024-05-03 23:16:17,878 | TRAIN LOG: steps 950000, episodes 950, returns 0.00/0.00/0.00/0.00/5 (mean/median/min/max/num), 70.65 steps/s
INFO:root:TEST LOG: steps 950000, episodes 950, returns 3876.79/3858.93/3801.30/4012.02/5 (mean/median/min/max/num), 70.65 steps/s
2024-05-03 23:16:19,994 | TEST LOG: steps 950000, episodes 950, returns 3876.79/3858.93/3801.30/4012.02/5 (mean/median/min/max/num), 70.65 steps/s
INFO:root:Normalized LOG: steps 950000, episodes 950, returns 0.84/0.84/0.83/0.87/5 (mean/median/min/max/num), 70.65 steps/s
2024-05-03 23:16:19,994 | Normalized LOG: steps 950000, episodes 950, returns 0.84/0.84/0.83/0.87/5 (mean/median/min/max/num), 70.65 steps/s
INFO:root:TRAIN LOG: steps 960000, episodes 960, returns 0.00/0.00/0.00/0.00/5 (mean/median/min/max/num), 70.38 steps/s
2024-05-03 23:18:42,071 | TRAIN LOG: steps 960000, episodes 960, returns 0.00/0.00/0.00/0.00/5 (mean/median/min/max/num), 70.38 steps/s
INFO:root:TEST LOG: steps 960000, episodes 960, returns 3889.64/3865.91/3837.28/3948.30/5 (mean/median/min/max/num), 70.38 steps/s
2024-05-03 23:18:44,190 | TEST LOG: steps 960000, episodes 960, returns 3889.64/3865.91/3837.28/3948.30/5 (mean/median/min/max/num), 70.38 steps/s
INFO:root:Normalized LOG: steps 960000, episodes 960, returns 0.85/0.84/0.84/0.86/5 (mean/median/min/max/num), 70.38 steps/s
2024-05-03 23:18:44,191 | Normalized LOG: steps 960000, episodes 960, returns 0.85/0.84/0.84/0.86/5 (mean/median/min/max/num), 70.38 steps/s
INFO:root:TRAIN LOG: steps 970000, episodes 970, returns 0.00/0.00/0.00/0.00/5 (mean/median/min/max/num), 70.45 steps/s
2024-05-03 23:21:06,129 | TRAIN LOG: steps 970000, episodes 970, returns 0.00/0.00/0.00/0.00/5 (mean/median/min/max/num), 70.45 steps/s
INFO:root:TEST LOG: steps 970000, episodes 970, returns 3512.84/4079.25/1754.11/4117.33/5 (mean/median/min/max/num), 70.45 steps/s
2024-05-03 23:21:07,932 | TEST LOG: steps 970000, episodes 970, returns 3512.84/4079.25/1754.11/4117.33/5 (mean/median/min/max/num), 70.45 steps/s
INFO:root:Normalized LOG: steps 970000, episodes 970, returns 0.76/0.89/0.38/0.90/5 (mean/median/min/max/num), 70.45 steps/s
2024-05-03 23:21:07,933 | Normalized LOG: steps 970000, episodes 970, returns 0.76/0.89/0.38/0.90/5 (mean/median/min/max/num), 70.45 steps/s
INFO:root:TRAIN LOG: steps 980000, episodes 980, returns 0.00/0.00/0.00/0.00/5 (mean/median/min/max/num), 70.60 steps/s
2024-05-03 23:23:29,571 | TRAIN LOG: steps 980000, episodes 980, returns 0.00/0.00/0.00/0.00/5 (mean/median/min/max/num), 70.60 steps/s
INFO:root:TEST LOG: steps 980000, episodes 980, returns 3874.57/3890.92/3821.47/3904.91/5 (mean/median/min/max/num), 70.60 steps/s
2024-05-03 23:23:31,692 | TEST LOG: steps 980000, episodes 980, returns 3874.57/3890.92/3821.47/3904.91/5 (mean/median/min/max/num), 70.60 steps/s
INFO:root:Normalized LOG: steps 980000, episodes 980, returns 0.84/0.85/0.83/0.85/5 (mean/median/min/max/num), 70.60 steps/s
2024-05-03 23:23:31,705 | Normalized LOG: steps 980000, episodes 980, returns 0.84/0.85/0.83/0.85/5 (mean/median/min/max/num), 70.60 steps/s
INFO:root:TRAIN LOG: steps 990000, episodes 990, returns 0.00/0.00/0.00/0.00/5 (mean/median/min/max/num), 70.77 steps/s
2024-05-03 23:25:53,014 | TRAIN LOG: steps 990000, episodes 990, returns 0.00/0.00/0.00/0.00/5 (mean/median/min/max/num), 70.77 steps/s
INFO:root:TEST LOG: steps 990000, episodes 990, returns 3907.82/3906.41/3888.93/3924.22/5 (mean/median/min/max/num), 70.77 steps/s
2024-05-03 23:25:55,128 | TEST LOG: steps 990000, episodes 990, returns 3907.82/3906.41/3888.93/3924.22/5 (mean/median/min/max/num), 70.77 steps/s
INFO:root:Normalized LOG: steps 990000, episodes 990, returns 0.85/0.85/0.85/0.85/5 (mean/median/min/max/num), 70.77 steps/s
2024-05-03 23:25:55,128 | Normalized LOG: steps 990000, episodes 990, returns 0.85/0.85/0.85/0.85/5 (mean/median/min/max/num), 70.77 steps/s
INFO:root:TRAIN LOG: steps 1000000, episodes 1000, returns 0.00/0.00/0.00/0.00/5 (mean/median/min/max/num), 70.42 steps/s
2024-05-03 23:28:17,136 | TRAIN LOG: steps 1000000, episodes 1000, returns 0.00/0.00/0.00/0.00/5 (mean/median/min/max/num), 70.42 steps/s
INFO:root:TEST LOG: steps 1000000, episodes 1000, returns 3913.07/3908.73/3890.93/3949.75/5 (mean/median/min/max/num), 70.42 steps/s
2024-05-03 23:28:19,251 | TEST LOG: steps 1000000, episodes 1000, returns 3913.07/3908.73/3890.93/3949.75/5 (mean/median/min/max/num), 70.42 steps/s
INFO:root:Normalized LOG: steps 1000000, episodes 1000, returns 0.85/0.85/0.85/0.86/5 (mean/median/min/max/num), 70.42 steps/s
2024-05-03 23:28:19,252 | Normalized LOG: steps 1000000, episodes 1000, returns 0.85/0.85/0.85/0.86/5 (mean/median/min/max/num), 70.42 steps/s
