Running SLURM prolog script on rose08.cluster.local
===============================================================================
Job started on Fri Apr 12 14:34:54 BST 2024
Job ID          : 5826425
Job name        : launch.sh
WorkDir         : /mainfs/lyceum/jhj1g23/deeplearningpaper/inac_pytorch
Command         : /mainfs/lyceum/jhj1g23/deeplearningpaper/inac_pytorch/launch.sh
Partition       : a100
Num hosts       : 1
Num cores       : 48
Num of tasks    : 1
Hosts allocated : rose08
Job Output Follows ...
===============================================================================
/lyceum/jhj1g23/.conda/envs/challenge/lib/python3.9/site-packages/glfw/__init__.py:914: GLFWError: (65550) b'Failed to detect any supported platform'
  warnings.warn(message, GLFWError)
pybullet build time: Nov 28 2023 23:52:03
/lyceum/jhj1g23/.conda/envs/challenge/lib/python3.9/site-packages/gym/spaces/box.py:84: UserWarning: [33mWARN: Box bound precision lowered by casting to float32[0m
  logger.warn(f"Box bound precision lowered by casting to {self.dtype}")
load datafile:   0%|          | 0/21 [00:00<?, ?it/s]load datafile:   5%|â–         | 1/21 [00:00<00:04,  4.47it/s]load datafile:  14%|â–ˆâ–        | 3/21 [00:00<00:04,  3.93it/s]load datafile:  19%|â–ˆâ–‰        | 4/21 [00:01<00:05,  2.99it/s]load datafile:  81%|â–ˆâ–ˆâ–ˆâ–ˆâ–ˆâ–ˆâ–ˆâ–ˆ  | 17/21 [00:01<00:00, 10.93it/s]load datafile:  86%|â–ˆâ–ˆâ–ˆâ–ˆâ–ˆâ–ˆâ–ˆâ–ˆâ–Œ | 18/21 [00:02<00:00,  7.33it/s]load datafile: 100%|â–ˆâ–ˆâ–ˆâ–ˆâ–ˆâ–ˆâ–ˆâ–ˆâ–ˆâ–ˆ| 21/21 [00:02<00:00,  8.12it/s]
INFO:root:seed: 0
2024-04-12 14:35:41,953 | seed: 0
INFO:root:env_name: Walker2d
2024-04-12 14:35:41,954 | env_name: Walker2d
INFO:root:dataset: expert
2024-04-12 14:35:41,954 | dataset: expert
INFO:root:discrete_control: 0
2024-04-12 14:35:41,954 | discrete_control: 0
INFO:root:state_dim: 17
2024-04-12 14:35:41,955 | state_dim: 17
INFO:root:action_dim: 6
2024-04-12 14:35:41,955 | action_dim: 6
INFO:root:tau: 0.01
2024-04-12 14:35:41,955 | tau: 0.01
INFO:root:max_steps: 1000000
2024-04-12 14:35:41,955 | max_steps: 1000000
INFO:root:log_interval: 10000
2024-04-12 14:35:41,955 | log_interval: 10000
INFO:root:learning_rate: 0.0003
2024-04-12 14:35:41,955 | learning_rate: 0.0003
INFO:root:hidden_units: 256
2024-04-12 14:35:41,956 | hidden_units: 256
INFO:root:batch_size: 256
2024-04-12 14:35:41,956 | batch_size: 256
INFO:root:timeout: 1000
2024-04-12 14:35:41,956 | timeout: 1000
INFO:root:gamma: 0.99
2024-04-12 14:35:41,956 | gamma: 0.99
INFO:root:use_target_network: 1
2024-04-12 14:35:41,956 | use_target_network: 1
INFO:root:target_network_update_freq: 1
2024-04-12 14:35:41,956 | target_network_update_freq: 1
INFO:root:polyak: 0.995
2024-04-12 14:35:41,957 | polyak: 0.995
INFO:root:evaluation_criteria: return
2024-04-12 14:35:41,957 | evaluation_criteria: return
INFO:root:device: cpu
2024-04-12 14:35:41,957 | device: cpu
INFO:root:info: 0
2024-04-12 14:35:41,957 | info: 0
INFO:root:exp_path: /mainfs/lyceum/jhj1g23/deeplearningpaper/inac_pytorch/data/output/Walker2d/expert/0/0_run
2024-04-12 14:35:41,957 | exp_path: /mainfs/lyceum/jhj1g23/deeplearningpaper/inac_pytorch/data/output/Walker2d/expert/0/0_run
INFO:root:TRAIN LOG: steps 0, episodes   0, returns -13.51/-13.55/-14.01/-12.82/5 (mean/median/min/max/num), 124183.69 steps/s
2024-04-12 14:35:59,641 | TRAIN LOG: steps 0, episodes   0, returns -13.51/-13.55/-14.01/-12.82/5 (mean/median/min/max/num), 124183.69 steps/s
INFO:root:TEST LOG: steps 0, episodes   0, returns -13.86/-13.88/-14.53/-13.14/5 (mean/median/min/max/num), 124183.69 steps/s
2024-04-12 14:35:59,726 | TEST LOG: steps 0, episodes   0, returns -13.86/-13.88/-14.53/-13.14/5 (mean/median/min/max/num), 124183.69 steps/s
INFO:root:Normalized LOG: steps 0, episodes   0, returns -0.00/-0.00/-0.00/-0.00/5 (mean/median/min/max/num), 124183.69 steps/s
2024-04-12 14:35:59,726 | Normalized LOG: steps 0, episodes   0, returns -0.00/-0.00/-0.00/-0.00/5 (mean/median/min/max/num), 124183.69 steps/s
INFO:root:TRAIN LOG: steps 10000, episodes  10, returns 0.00/0.00/0.00/0.00/5 (mean/median/min/max/num), 67.72 steps/s
2024-04-12 14:38:27,392 | TRAIN LOG: steps 10000, episodes  10, returns 0.00/0.00/0.00/0.00/5 (mean/median/min/max/num), 67.72 steps/s
INFO:root:TEST LOG: steps 10000, episodes  10, returns 3515.53/3495.97/964.88/5085.83/5 (mean/median/min/max/num), 67.72 steps/s
2024-04-12 14:38:28,929 | TEST LOG: steps 10000, episodes  10, returns 3515.53/3495.97/964.88/5085.83/5 (mean/median/min/max/num), 67.72 steps/s
INFO:root:Normalized LOG: steps 10000, episodes  10, returns 0.77/0.76/0.21/1.11/5 (mean/median/min/max/num), 67.72 steps/s
2024-04-12 14:38:28,930 | Normalized LOG: steps 10000, episodes  10, returns 0.77/0.76/0.21/1.11/5 (mean/median/min/max/num), 67.72 steps/s
INFO:root:TRAIN LOG: steps 20000, episodes  20, returns 0.00/0.00/0.00/0.00/5 (mean/median/min/max/num), 68.24 steps/s
2024-04-12 14:40:55,468 | TRAIN LOG: steps 20000, episodes  20, returns 0.00/0.00/0.00/0.00/5 (mean/median/min/max/num), 68.24 steps/s
INFO:root:TEST LOG: steps 20000, episodes  20, returns 4876.21/4881.10/4846.61/4893.96/5 (mean/median/min/max/num), 68.24 steps/s
2024-04-12 14:40:57,619 | TEST LOG: steps 20000, episodes  20, returns 4876.21/4881.10/4846.61/4893.96/5 (mean/median/min/max/num), 68.24 steps/s
INFO:root:Normalized LOG: steps 20000, episodes  20, returns 1.06/1.06/1.06/1.07/5 (mean/median/min/max/num), 68.24 steps/s
2024-04-12 14:40:57,619 | Normalized LOG: steps 20000, episodes  20, returns 1.06/1.06/1.06/1.07/5 (mean/median/min/max/num), 68.24 steps/s
INFO:root:TRAIN LOG: steps 30000, episodes  30, returns 0.00/0.00/0.00/0.00/5 (mean/median/min/max/num), 67.71 steps/s
2024-04-12 14:43:25,307 | TRAIN LOG: steps 30000, episodes  30, returns 0.00/0.00/0.00/0.00/5 (mean/median/min/max/num), 67.71 steps/s
INFO:root:TEST LOG: steps 30000, episodes  30, returns 4996.09/4997.37/4986.87/5000.67/5 (mean/median/min/max/num), 67.71 steps/s
2024-04-12 14:43:27,457 | TEST LOG: steps 30000, episodes  30, returns 4996.09/4997.37/4986.87/5000.67/5 (mean/median/min/max/num), 67.71 steps/s
INFO:root:Normalized LOG: steps 30000, episodes  30, returns 1.09/1.09/1.09/1.09/5 (mean/median/min/max/num), 67.71 steps/s
2024-04-12 14:43:27,458 | Normalized LOG: steps 30000, episodes  30, returns 1.09/1.09/1.09/1.09/5 (mean/median/min/max/num), 67.71 steps/s
INFO:root:TRAIN LOG: steps 40000, episodes  40, returns 0.00/0.00/0.00/0.00/5 (mean/median/min/max/num), 67.82 steps/s
2024-04-12 14:45:54,917 | TRAIN LOG: steps 40000, episodes  40, returns 0.00/0.00/0.00/0.00/5 (mean/median/min/max/num), 67.82 steps/s
INFO:root:TEST LOG: steps 40000, episodes  40, returns 4390.62/4416.39/3456.60/5040.36/5 (mean/median/min/max/num), 67.82 steps/s
2024-04-12 14:45:56,837 | TEST LOG: steps 40000, episodes  40, returns 4390.62/4416.39/3456.60/5040.36/5 (mean/median/min/max/num), 67.82 steps/s
INFO:root:Normalized LOG: steps 40000, episodes  40, returns 0.96/0.96/0.75/1.10/5 (mean/median/min/max/num), 67.82 steps/s
2024-04-12 14:45:56,837 | Normalized LOG: steps 40000, episodes  40, returns 0.96/0.96/0.75/1.10/5 (mean/median/min/max/num), 67.82 steps/s
INFO:root:TRAIN LOG: steps 50000, episodes  50, returns 0.00/0.00/0.00/0.00/5 (mean/median/min/max/num), 68.01 steps/s
2024-04-12 14:48:23,866 | TRAIN LOG: steps 50000, episodes  50, returns 0.00/0.00/0.00/0.00/5 (mean/median/min/max/num), 68.01 steps/s
INFO:root:TEST LOG: steps 50000, episodes  50, returns 4813.50/4995.20/4061.95/5024.81/5 (mean/median/min/max/num), 68.01 steps/s
2024-04-12 14:48:25,942 | TEST LOG: steps 50000, episodes  50, returns 4813.50/4995.20/4061.95/5024.81/5 (mean/median/min/max/num), 68.01 steps/s
INFO:root:Normalized LOG: steps 50000, episodes  50, returns 1.05/1.09/0.88/1.09/5 (mean/median/min/max/num), 68.01 steps/s
2024-04-12 14:48:25,942 | Normalized LOG: steps 50000, episodes  50, returns 1.05/1.09/0.88/1.09/5 (mean/median/min/max/num), 68.01 steps/s
INFO:root:TRAIN LOG: steps 60000, episodes  60, returns 0.00/0.00/0.00/0.00/5 (mean/median/min/max/num), 68.44 steps/s
2024-04-12 14:50:52,046 | TRAIN LOG: steps 60000, episodes  60, returns 0.00/0.00/0.00/0.00/5 (mean/median/min/max/num), 68.44 steps/s
INFO:root:TEST LOG: steps 60000, episodes  60, returns 5000.23/5025.38/4831.83/5064.63/5 (mean/median/min/max/num), 68.44 steps/s
2024-04-12 14:50:54,185 | TEST LOG: steps 60000, episodes  60, returns 5000.23/5025.38/4831.83/5064.63/5 (mean/median/min/max/num), 68.44 steps/s
INFO:root:Normalized LOG: steps 60000, episodes  60, returns 1.09/1.09/1.05/1.10/5 (mean/median/min/max/num), 68.44 steps/s
2024-04-12 14:50:54,185 | Normalized LOG: steps 60000, episodes  60, returns 1.09/1.09/1.05/1.10/5 (mean/median/min/max/num), 68.44 steps/s
INFO:root:TRAIN LOG: steps 70000, episodes  70, returns 0.00/0.00/0.00/0.00/5 (mean/median/min/max/num), 68.17 steps/s
2024-04-12 14:53:20,871 | TRAIN LOG: steps 70000, episodes  70, returns 0.00/0.00/0.00/0.00/5 (mean/median/min/max/num), 68.17 steps/s
INFO:root:TEST LOG: steps 70000, episodes  70, returns 4168.09/4986.20/805.33/5062.48/5 (mean/median/min/max/num), 68.17 steps/s
2024-04-12 14:53:22,691 | TEST LOG: steps 70000, episodes  70, returns 4168.09/4986.20/805.33/5062.48/5 (mean/median/min/max/num), 68.17 steps/s
INFO:root:Normalized LOG: steps 70000, episodes  70, returns 0.91/1.09/0.18/1.10/5 (mean/median/min/max/num), 68.17 steps/s
2024-04-12 14:53:22,692 | Normalized LOG: steps 70000, episodes  70, returns 0.91/1.09/0.18/1.10/5 (mean/median/min/max/num), 68.17 steps/s
INFO:root:TRAIN LOG: steps 80000, episodes  80, returns 0.00/0.00/0.00/0.00/5 (mean/median/min/max/num), 67.45 steps/s
2024-04-12 14:55:50,948 | TRAIN LOG: steps 80000, episodes  80, returns 0.00/0.00/0.00/0.00/5 (mean/median/min/max/num), 67.45 steps/s
INFO:root:TEST LOG: steps 80000, episodes  80, returns 4473.87/5050.35/2855.66/5162.85/5 (mean/median/min/max/num), 67.45 steps/s
2024-04-12 14:55:52,850 | TEST LOG: steps 80000, episodes  80, returns 4473.87/5050.35/2855.66/5162.85/5 (mean/median/min/max/num), 67.45 steps/s
INFO:root:Normalized LOG: steps 80000, episodes  80, returns 0.97/1.10/0.62/1.12/5 (mean/median/min/max/num), 67.45 steps/s
2024-04-12 14:55:52,850 | Normalized LOG: steps 80000, episodes  80, returns 0.97/1.10/0.62/1.12/5 (mean/median/min/max/num), 67.45 steps/s
INFO:root:TRAIN LOG: steps 90000, episodes  90, returns 0.00/0.00/0.00/0.00/5 (mean/median/min/max/num), 67.41 steps/s
2024-04-12 14:58:21,193 | TRAIN LOG: steps 90000, episodes  90, returns 0.00/0.00/0.00/0.00/5 (mean/median/min/max/num), 67.41 steps/s
INFO:root:TEST LOG: steps 90000, episodes  90, returns 3575.11/4530.90/737.17/5111.55/5 (mean/median/min/max/num), 67.41 steps/s
2024-04-12 14:58:22,753 | TEST LOG: steps 90000, episodes  90, returns 3575.11/4530.90/737.17/5111.55/5 (mean/median/min/max/num), 67.41 steps/s
INFO:root:Normalized LOG: steps 90000, episodes  90, returns 0.78/0.99/0.16/1.11/5 (mean/median/min/max/num), 67.41 steps/s
2024-04-12 14:58:22,753 | Normalized LOG: steps 90000, episodes  90, returns 0.78/0.99/0.16/1.11/5 (mean/median/min/max/num), 67.41 steps/s
INFO:root:TRAIN LOG: steps 100000, episodes 100, returns 0.00/0.00/0.00/0.00/5 (mean/median/min/max/num), 67.56 steps/s
2024-04-12 15:00:50,780 | TRAIN LOG: steps 100000, episodes 100, returns 0.00/0.00/0.00/0.00/5 (mean/median/min/max/num), 67.56 steps/s
INFO:root:TEST LOG: steps 100000, episodes 100, returns 5115.13/5119.41/5039.36/5166.71/5 (mean/median/min/max/num), 67.56 steps/s
2024-04-12 15:00:52,925 | TEST LOG: steps 100000, episodes 100, returns 5115.13/5119.41/5039.36/5166.71/5 (mean/median/min/max/num), 67.56 steps/s
INFO:root:Normalized LOG: steps 100000, episodes 100, returns 1.11/1.11/1.10/1.13/5 (mean/median/min/max/num), 67.56 steps/s
2024-04-12 15:00:52,925 | Normalized LOG: steps 100000, episodes 100, returns 1.11/1.11/1.10/1.13/5 (mean/median/min/max/num), 67.56 steps/s
INFO:root:TRAIN LOG: steps 110000, episodes 110, returns 0.00/0.00/0.00/0.00/5 (mean/median/min/max/num), 67.16 steps/s
2024-04-12 15:03:21,826 | TRAIN LOG: steps 110000, episodes 110, returns 0.00/0.00/0.00/0.00/5 (mean/median/min/max/num), 67.16 steps/s
INFO:root:TEST LOG: steps 110000, episodes 110, returns 5067.15/5057.95/5045.25/5100.65/5 (mean/median/min/max/num), 67.16 steps/s
2024-04-12 15:03:23,971 | TEST LOG: steps 110000, episodes 110, returns 5067.15/5057.95/5045.25/5100.65/5 (mean/median/min/max/num), 67.16 steps/s
INFO:root:Normalized LOG: steps 110000, episodes 110, returns 1.10/1.10/1.10/1.11/5 (mean/median/min/max/num), 67.16 steps/s
2024-04-12 15:03:23,972 | Normalized LOG: steps 110000, episodes 110, returns 1.10/1.10/1.10/1.11/5 (mean/median/min/max/num), 67.16 steps/s
INFO:root:TRAIN LOG: steps 120000, episodes 120, returns 0.00/0.00/0.00/0.00/5 (mean/median/min/max/num), 67.21 steps/s
2024-04-12 15:05:52,753 | TRAIN LOG: steps 120000, episodes 120, returns 0.00/0.00/0.00/0.00/5 (mean/median/min/max/num), 67.21 steps/s
INFO:root:TEST LOG: steps 120000, episodes 120, returns 5030.16/5031.69/5019.25/5037.55/5 (mean/median/min/max/num), 67.21 steps/s
2024-04-12 15:05:54,898 | TEST LOG: steps 120000, episodes 120, returns 5030.16/5031.69/5019.25/5037.55/5 (mean/median/min/max/num), 67.21 steps/s
INFO:root:Normalized LOG: steps 120000, episodes 120, returns 1.10/1.10/1.09/1.10/5 (mean/median/min/max/num), 67.21 steps/s
2024-04-12 15:05:54,898 | Normalized LOG: steps 120000, episodes 120, returns 1.10/1.10/1.09/1.10/5 (mean/median/min/max/num), 67.21 steps/s
INFO:root:TRAIN LOG: steps 130000, episodes 130, returns 0.00/0.00/0.00/0.00/5 (mean/median/min/max/num), 67.61 steps/s
2024-04-12 15:08:22,810 | TRAIN LOG: steps 130000, episodes 130, returns 0.00/0.00/0.00/0.00/5 (mean/median/min/max/num), 67.61 steps/s
INFO:root:TEST LOG: steps 130000, episodes 130, returns 5081.63/5096.08/5037.63/5101.10/5 (mean/median/min/max/num), 67.61 steps/s
2024-04-12 15:08:24,948 | TEST LOG: steps 130000, episodes 130, returns 5081.63/5096.08/5037.63/5101.10/5 (mean/median/min/max/num), 67.61 steps/s
INFO:root:Normalized LOG: steps 130000, episodes 130, returns 1.11/1.11/1.10/1.11/5 (mean/median/min/max/num), 67.61 steps/s
2024-04-12 15:08:24,949 | Normalized LOG: steps 130000, episodes 130, returns 1.11/1.11/1.10/1.11/5 (mean/median/min/max/num), 67.61 steps/s
INFO:root:TRAIN LOG: steps 140000, episodes 140, returns 0.00/0.00/0.00/0.00/5 (mean/median/min/max/num), 68.25 steps/s
2024-04-12 15:10:51,461 | TRAIN LOG: steps 140000, episodes 140, returns 0.00/0.00/0.00/0.00/5 (mean/median/min/max/num), 68.25 steps/s
INFO:root:TEST LOG: steps 140000, episodes 140, returns 5037.48/5041.83/4991.12/5067.64/5 (mean/median/min/max/num), 68.25 steps/s
2024-04-12 15:10:53,593 | TEST LOG: steps 140000, episodes 140, returns 5037.48/5041.83/4991.12/5067.64/5 (mean/median/min/max/num), 68.25 steps/s
INFO:root:Normalized LOG: steps 140000, episodes 140, returns 1.10/1.10/1.09/1.10/5 (mean/median/min/max/num), 68.25 steps/s
2024-04-12 15:10:53,594 | Normalized LOG: steps 140000, episodes 140, returns 1.10/1.10/1.09/1.10/5 (mean/median/min/max/num), 68.25 steps/s
INFO:root:TRAIN LOG: steps 150000, episodes 150, returns 0.00/0.00/0.00/0.00/5 (mean/median/min/max/num), 69.28 steps/s
2024-04-12 15:13:17,926 | TRAIN LOG: steps 150000, episodes 150, returns 0.00/0.00/0.00/0.00/5 (mean/median/min/max/num), 69.28 steps/s
INFO:root:TEST LOG: steps 150000, episodes 150, returns 4985.25/5003.33/4866.23/5048.92/5 (mean/median/min/max/num), 69.28 steps/s
2024-04-12 15:13:20,051 | TEST LOG: steps 150000, episodes 150, returns 4985.25/5003.33/4866.23/5048.92/5 (mean/median/min/max/num), 69.28 steps/s
INFO:root:Normalized LOG: steps 150000, episodes 150, returns 1.09/1.09/1.06/1.10/5 (mean/median/min/max/num), 69.28 steps/s
2024-04-12 15:13:20,051 | Normalized LOG: steps 150000, episodes 150, returns 1.09/1.09/1.06/1.10/5 (mean/median/min/max/num), 69.28 steps/s
INFO:root:TRAIN LOG: steps 160000, episodes 160, returns 0.00/0.00/0.00/0.00/5 (mean/median/min/max/num), 69.23 steps/s
2024-04-12 15:15:44,507 | TRAIN LOG: steps 160000, episodes 160, returns 0.00/0.00/0.00/0.00/5 (mean/median/min/max/num), 69.23 steps/s
INFO:root:TEST LOG: steps 160000, episodes 160, returns 4981.40/4994.03/4891.76/5022.07/5 (mean/median/min/max/num), 69.23 steps/s
2024-04-12 15:15:46,635 | TEST LOG: steps 160000, episodes 160, returns 4981.40/4994.03/4891.76/5022.07/5 (mean/median/min/max/num), 69.23 steps/s
INFO:root:Normalized LOG: steps 160000, episodes 160, returns 1.08/1.09/1.07/1.09/5 (mean/median/min/max/num), 69.23 steps/s
2024-04-12 15:15:46,635 | Normalized LOG: steps 160000, episodes 160, returns 1.08/1.09/1.07/1.09/5 (mean/median/min/max/num), 69.23 steps/s
INFO:root:TRAIN LOG: steps 170000, episodes 170, returns 0.00/0.00/0.00/0.00/5 (mean/median/min/max/num), 69.42 steps/s
2024-04-12 15:18:10,693 | TRAIN LOG: steps 170000, episodes 170, returns 0.00/0.00/0.00/0.00/5 (mean/median/min/max/num), 69.42 steps/s
INFO:root:TEST LOG: steps 170000, episodes 170, returns 5043.15/5043.32/5036.86/5048.64/5 (mean/median/min/max/num), 69.42 steps/s
2024-04-12 15:18:12,820 | TEST LOG: steps 170000, episodes 170, returns 5043.15/5043.32/5036.86/5048.64/5 (mean/median/min/max/num), 69.42 steps/s
INFO:root:Normalized LOG: steps 170000, episodes 170, returns 1.10/1.10/1.10/1.10/5 (mean/median/min/max/num), 69.42 steps/s
2024-04-12 15:18:12,820 | Normalized LOG: steps 170000, episodes 170, returns 1.10/1.10/1.10/1.10/5 (mean/median/min/max/num), 69.42 steps/s
INFO:root:TRAIN LOG: steps 180000, episodes 180, returns 0.00/0.00/0.00/0.00/5 (mean/median/min/max/num), 69.05 steps/s
2024-04-12 15:20:37,634 | TRAIN LOG: steps 180000, episodes 180, returns 0.00/0.00/0.00/0.00/5 (mean/median/min/max/num), 69.05 steps/s
INFO:root:TEST LOG: steps 180000, episodes 180, returns 5003.72/4999.15/4962.21/5040.94/5 (mean/median/min/max/num), 69.05 steps/s
2024-04-12 15:20:39,762 | TEST LOG: steps 180000, episodes 180, returns 5003.72/4999.15/4962.21/5040.94/5 (mean/median/min/max/num), 69.05 steps/s
INFO:root:Normalized LOG: steps 180000, episodes 180, returns 1.09/1.09/1.08/1.10/5 (mean/median/min/max/num), 69.05 steps/s
2024-04-12 15:20:39,763 | Normalized LOG: steps 180000, episodes 180, returns 1.09/1.09/1.08/1.10/5 (mean/median/min/max/num), 69.05 steps/s
INFO:root:TRAIN LOG: steps 190000, episodes 190, returns 0.00/0.00/0.00/0.00/5 (mean/median/min/max/num), 69.50 steps/s
2024-04-12 15:23:03,646 | TRAIN LOG: steps 190000, episodes 190, returns 0.00/0.00/0.00/0.00/5 (mean/median/min/max/num), 69.50 steps/s
INFO:root:TEST LOG: steps 190000, episodes 190, returns 5039.00/5038.65/5012.63/5067.14/5 (mean/median/min/max/num), 69.50 steps/s
2024-04-12 15:23:05,774 | TEST LOG: steps 190000, episodes 190, returns 5039.00/5038.65/5012.63/5067.14/5 (mean/median/min/max/num), 69.50 steps/s
INFO:root:Normalized LOG: steps 190000, episodes 190, returns 1.10/1.10/1.09/1.10/5 (mean/median/min/max/num), 69.50 steps/s
2024-04-12 15:23:05,775 | Normalized LOG: steps 190000, episodes 190, returns 1.10/1.10/1.09/1.10/5 (mean/median/min/max/num), 69.50 steps/s
INFO:root:TRAIN LOG: steps 200000, episodes 200, returns 0.00/0.00/0.00/0.00/5 (mean/median/min/max/num), 69.12 steps/s
2024-04-12 15:25:30,460 | TRAIN LOG: steps 200000, episodes 200, returns 0.00/0.00/0.00/0.00/5 (mean/median/min/max/num), 69.12 steps/s
INFO:root:TEST LOG: steps 200000, episodes 200, returns 5082.37/5091.39/5033.93/5114.88/5 (mean/median/min/max/num), 69.12 steps/s
2024-04-12 15:25:32,589 | TEST LOG: steps 200000, episodes 200, returns 5082.37/5091.39/5033.93/5114.88/5 (mean/median/min/max/num), 69.12 steps/s
INFO:root:Normalized LOG: steps 200000, episodes 200, returns 1.11/1.11/1.10/1.11/5 (mean/median/min/max/num), 69.12 steps/s
2024-04-12 15:25:32,589 | Normalized LOG: steps 200000, episodes 200, returns 1.11/1.11/1.10/1.11/5 (mean/median/min/max/num), 69.12 steps/s
INFO:root:TRAIN LOG: steps 210000, episodes 210, returns 0.00/0.00/0.00/0.00/5 (mean/median/min/max/num), 68.80 steps/s
2024-04-12 15:27:57,941 | TRAIN LOG: steps 210000, episodes 210, returns 0.00/0.00/0.00/0.00/5 (mean/median/min/max/num), 68.80 steps/s
INFO:root:TEST LOG: steps 210000, episodes 210, returns 5047.16/5044.42/5016.68/5067.82/5 (mean/median/min/max/num), 68.80 steps/s
2024-04-12 15:28:00,070 | TEST LOG: steps 210000, episodes 210, returns 5047.16/5044.42/5016.68/5067.82/5 (mean/median/min/max/num), 68.80 steps/s
INFO:root:Normalized LOG: steps 210000, episodes 210, returns 1.10/1.10/1.09/1.10/5 (mean/median/min/max/num), 68.80 steps/s
2024-04-12 15:28:00,070 | Normalized LOG: steps 210000, episodes 210, returns 1.10/1.10/1.09/1.10/5 (mean/median/min/max/num), 68.80 steps/s
INFO:root:TRAIN LOG: steps 220000, episodes 220, returns 0.00/0.00/0.00/0.00/5 (mean/median/min/max/num), 69.30 steps/s
2024-04-12 15:30:24,371 | TRAIN LOG: steps 220000, episodes 220, returns 0.00/0.00/0.00/0.00/5 (mean/median/min/max/num), 69.30 steps/s
INFO:root:TEST LOG: steps 220000, episodes 220, returns 5042.24/5035.13/5010.20/5067.86/5 (mean/median/min/max/num), 69.30 steps/s
2024-04-12 15:30:26,498 | TEST LOG: steps 220000, episodes 220, returns 5042.24/5035.13/5010.20/5067.86/5 (mean/median/min/max/num), 69.30 steps/s
INFO:root:Normalized LOG: steps 220000, episodes 220, returns 1.10/1.10/1.09/1.10/5 (mean/median/min/max/num), 69.30 steps/s
2024-04-12 15:30:26,498 | Normalized LOG: steps 220000, episodes 220, returns 1.10/1.10/1.09/1.10/5 (mean/median/min/max/num), 69.30 steps/s
INFO:root:TRAIN LOG: steps 230000, episodes 230, returns 0.00/0.00/0.00/0.00/5 (mean/median/min/max/num), 68.88 steps/s
2024-04-12 15:32:51,671 | TRAIN LOG: steps 230000, episodes 230, returns 0.00/0.00/0.00/0.00/5 (mean/median/min/max/num), 68.88 steps/s
INFO:root:TEST LOG: steps 230000, episodes 230, returns 5026.34/5015.08/5005.71/5066.29/5 (mean/median/min/max/num), 68.88 steps/s
2024-04-12 15:32:53,808 | TEST LOG: steps 230000, episodes 230, returns 5026.34/5015.08/5005.71/5066.29/5 (mean/median/min/max/num), 68.88 steps/s
INFO:root:Normalized LOG: steps 230000, episodes 230, returns 1.09/1.09/1.09/1.10/5 (mean/median/min/max/num), 68.88 steps/s
2024-04-12 15:32:53,808 | Normalized LOG: steps 230000, episodes 230, returns 1.09/1.09/1.09/1.10/5 (mean/median/min/max/num), 68.88 steps/s
INFO:root:TRAIN LOG: steps 240000, episodes 240, returns 0.00/0.00/0.00/0.00/5 (mean/median/min/max/num), 68.97 steps/s
2024-04-12 15:35:18,798 | TRAIN LOG: steps 240000, episodes 240, returns 0.00/0.00/0.00/0.00/5 (mean/median/min/max/num), 68.97 steps/s
INFO:root:TEST LOG: steps 240000, episodes 240, returns 5077.76/5076.49/5040.01/5108.19/5 (mean/median/min/max/num), 68.97 steps/s
2024-04-12 15:35:20,930 | TEST LOG: steps 240000, episodes 240, returns 5077.76/5076.49/5040.01/5108.19/5 (mean/median/min/max/num), 68.97 steps/s
INFO:root:Normalized LOG: steps 240000, episodes 240, returns 1.11/1.11/1.10/1.11/5 (mean/median/min/max/num), 68.97 steps/s
2024-04-12 15:35:20,930 | Normalized LOG: steps 240000, episodes 240, returns 1.11/1.11/1.10/1.11/5 (mean/median/min/max/num), 68.97 steps/s
INFO:root:TRAIN LOG: steps 250000, episodes 250, returns 0.00/0.00/0.00/0.00/5 (mean/median/min/max/num), 68.92 steps/s
2024-04-12 15:37:46,026 | TRAIN LOG: steps 250000, episodes 250, returns 0.00/0.00/0.00/0.00/5 (mean/median/min/max/num), 68.92 steps/s
INFO:root:TEST LOG: steps 250000, episodes 250, returns 5066.63/5060.68/5043.20/5090.32/5 (mean/median/min/max/num), 68.92 steps/s
2024-04-12 15:37:48,154 | TEST LOG: steps 250000, episodes 250, returns 5066.63/5060.68/5043.20/5090.32/5 (mean/median/min/max/num), 68.92 steps/s
INFO:root:Normalized LOG: steps 250000, episodes 250, returns 1.10/1.10/1.10/1.11/5 (mean/median/min/max/num), 68.92 steps/s
2024-04-12 15:37:48,154 | Normalized LOG: steps 250000, episodes 250, returns 1.10/1.10/1.10/1.11/5 (mean/median/min/max/num), 68.92 steps/s
INFO:root:TRAIN LOG: steps 260000, episodes 260, returns 0.00/0.00/0.00/0.00/5 (mean/median/min/max/num), 69.13 steps/s
2024-04-12 15:40:12,814 | TRAIN LOG: steps 260000, episodes 260, returns 0.00/0.00/0.00/0.00/5 (mean/median/min/max/num), 69.13 steps/s
INFO:root:TEST LOG: steps 260000, episodes 260, returns 5057.24/5058.83/5023.45/5089.22/5 (mean/median/min/max/num), 69.13 steps/s
2024-04-12 15:40:14,936 | TEST LOG: steps 260000, episodes 260, returns 5057.24/5058.83/5023.45/5089.22/5 (mean/median/min/max/num), 69.13 steps/s
INFO:root:Normalized LOG: steps 260000, episodes 260, returns 1.10/1.10/1.09/1.11/5 (mean/median/min/max/num), 69.13 steps/s
2024-04-12 15:40:14,937 | Normalized LOG: steps 260000, episodes 260, returns 1.10/1.10/1.09/1.11/5 (mean/median/min/max/num), 69.13 steps/s
INFO:root:TRAIN LOG: steps 270000, episodes 270, returns 0.00/0.00/0.00/0.00/5 (mean/median/min/max/num), 68.99 steps/s
2024-04-12 15:42:39,884 | TRAIN LOG: steps 270000, episodes 270, returns 0.00/0.00/0.00/0.00/5 (mean/median/min/max/num), 68.99 steps/s
INFO:root:TEST LOG: steps 270000, episodes 270, returns 5090.40/5087.87/5074.13/5113.39/5 (mean/median/min/max/num), 68.99 steps/s
2024-04-12 15:42:42,013 | TEST LOG: steps 270000, episodes 270, returns 5090.40/5087.87/5074.13/5113.39/5 (mean/median/min/max/num), 68.99 steps/s
INFO:root:Normalized LOG: steps 270000, episodes 270, returns 1.11/1.11/1.10/1.11/5 (mean/median/min/max/num), 68.99 steps/s
2024-04-12 15:42:42,013 | Normalized LOG: steps 270000, episodes 270, returns 1.11/1.11/1.10/1.11/5 (mean/median/min/max/num), 68.99 steps/s
INFO:root:TRAIN LOG: steps 280000, episodes 280, returns 0.00/0.00/0.00/0.00/5 (mean/median/min/max/num), 69.00 steps/s
2024-04-12 15:45:06,946 | TRAIN LOG: steps 280000, episodes 280, returns 0.00/0.00/0.00/0.00/5 (mean/median/min/max/num), 69.00 steps/s
INFO:root:TEST LOG: steps 280000, episodes 280, returns 5079.83/5079.65/5055.40/5100.27/5 (mean/median/min/max/num), 69.00 steps/s
2024-04-12 15:45:09,081 | TEST LOG: steps 280000, episodes 280, returns 5079.83/5079.65/5055.40/5100.27/5 (mean/median/min/max/num), 69.00 steps/s
INFO:root:Normalized LOG: steps 280000, episodes 280, returns 1.11/1.11/1.10/1.11/5 (mean/median/min/max/num), 69.00 steps/s
2024-04-12 15:45:09,081 | Normalized LOG: steps 280000, episodes 280, returns 1.11/1.11/1.10/1.11/5 (mean/median/min/max/num), 69.00 steps/s
INFO:root:TRAIN LOG: steps 290000, episodes 290, returns 0.00/0.00/0.00/0.00/5 (mean/median/min/max/num), 68.63 steps/s
2024-04-12 15:47:34,788 | TRAIN LOG: steps 290000, episodes 290, returns 0.00/0.00/0.00/0.00/5 (mean/median/min/max/num), 68.63 steps/s
INFO:root:TEST LOG: steps 290000, episodes 290, returns 5022.12/5018.71/4994.16/5042.17/5 (mean/median/min/max/num), 68.63 steps/s
2024-04-12 15:47:36,911 | TEST LOG: steps 290000, episodes 290, returns 5022.12/5018.71/4994.16/5042.17/5 (mean/median/min/max/num), 68.63 steps/s
INFO:root:Normalized LOG: steps 290000, episodes 290, returns 1.09/1.09/1.09/1.10/5 (mean/median/min/max/num), 68.63 steps/s
2024-04-12 15:47:36,911 | Normalized LOG: steps 290000, episodes 290, returns 1.09/1.09/1.09/1.10/5 (mean/median/min/max/num), 68.63 steps/s
INFO:root:TRAIN LOG: steps 300000, episodes 300, returns 0.00/0.00/0.00/0.00/5 (mean/median/min/max/num), 68.24 steps/s
2024-04-12 15:50:03,448 | TRAIN LOG: steps 300000, episodes 300, returns 0.00/0.00/0.00/0.00/5 (mean/median/min/max/num), 68.24 steps/s
INFO:root:TEST LOG: steps 300000, episodes 300, returns 5073.97/5077.00/5054.26/5100.15/5 (mean/median/min/max/num), 68.24 steps/s
2024-04-12 15:50:05,578 | TEST LOG: steps 300000, episodes 300, returns 5073.97/5077.00/5054.26/5100.15/5 (mean/median/min/max/num), 68.24 steps/s
INFO:root:Normalized LOG: steps 300000, episodes 300, returns 1.10/1.11/1.10/1.11/5 (mean/median/min/max/num), 68.24 steps/s
2024-04-12 15:50:05,578 | Normalized LOG: steps 300000, episodes 300, returns 1.10/1.11/1.10/1.11/5 (mean/median/min/max/num), 68.24 steps/s
INFO:root:TRAIN LOG: steps 310000, episodes 310, returns 0.00/0.00/0.00/0.00/5 (mean/median/min/max/num), 68.53 steps/s
2024-04-12 15:52:31,502 | TRAIN LOG: steps 310000, episodes 310, returns 0.00/0.00/0.00/0.00/5 (mean/median/min/max/num), 68.53 steps/s
INFO:root:TEST LOG: steps 310000, episodes 310, returns 5063.99/5066.76/5043.78/5082.95/5 (mean/median/min/max/num), 68.53 steps/s
2024-04-12 15:52:33,627 | TEST LOG: steps 310000, episodes 310, returns 5063.99/5066.76/5043.78/5082.95/5 (mean/median/min/max/num), 68.53 steps/s
INFO:root:Normalized LOG: steps 310000, episodes 310, returns 1.10/1.10/1.10/1.11/5 (mean/median/min/max/num), 68.53 steps/s
2024-04-12 15:52:33,627 | Normalized LOG: steps 310000, episodes 310, returns 1.10/1.10/1.10/1.11/5 (mean/median/min/max/num), 68.53 steps/s
INFO:root:TRAIN LOG: steps 320000, episodes 320, returns 0.00/0.00/0.00/0.00/5 (mean/median/min/max/num), 68.51 steps/s
2024-04-12 15:54:59,599 | TRAIN LOG: steps 320000, episodes 320, returns 0.00/0.00/0.00/0.00/5 (mean/median/min/max/num), 68.51 steps/s
INFO:root:TEST LOG: steps 320000, episodes 320, returns 4798.48/4758.95/4733.32/4991.86/5 (mean/median/min/max/num), 68.51 steps/s
2024-04-12 15:55:01,727 | TEST LOG: steps 320000, episodes 320, returns 4798.48/4758.95/4733.32/4991.86/5 (mean/median/min/max/num), 68.51 steps/s
INFO:root:Normalized LOG: steps 320000, episodes 320, returns 1.04/1.04/1.03/1.09/5 (mean/median/min/max/num), 68.51 steps/s
2024-04-12 15:55:01,728 | Normalized LOG: steps 320000, episodes 320, returns 1.04/1.04/1.03/1.09/5 (mean/median/min/max/num), 68.51 steps/s
INFO:root:TRAIN LOG: steps 330000, episodes 330, returns 0.00/0.00/0.00/0.00/5 (mean/median/min/max/num), 68.34 steps/s
2024-04-12 15:57:28,058 | TRAIN LOG: steps 330000, episodes 330, returns 0.00/0.00/0.00/0.00/5 (mean/median/min/max/num), 68.34 steps/s
INFO:root:TEST LOG: steps 330000, episodes 330, returns 5082.36/5078.75/5065.86/5107.98/5 (mean/median/min/max/num), 68.34 steps/s
2024-04-12 15:57:30,194 | TEST LOG: steps 330000, episodes 330, returns 5082.36/5078.75/5065.86/5107.98/5 (mean/median/min/max/num), 68.34 steps/s
INFO:root:Normalized LOG: steps 330000, episodes 330, returns 1.11/1.11/1.10/1.11/5 (mean/median/min/max/num), 68.34 steps/s
2024-04-12 15:57:30,194 | Normalized LOG: steps 330000, episodes 330, returns 1.11/1.11/1.10/1.11/5 (mean/median/min/max/num), 68.34 steps/s
INFO:root:TRAIN LOG: steps 340000, episodes 340, returns 0.00/0.00/0.00/0.00/5 (mean/median/min/max/num), 68.46 steps/s
2024-04-12 15:59:56,267 | TRAIN LOG: steps 340000, episodes 340, returns 0.00/0.00/0.00/0.00/5 (mean/median/min/max/num), 68.46 steps/s
INFO:root:TEST LOG: steps 340000, episodes 340, returns 5030.44/5015.82/5002.69/5064.46/5 (mean/median/min/max/num), 68.46 steps/s
2024-04-12 15:59:58,393 | TEST LOG: steps 340000, episodes 340, returns 5030.44/5015.82/5002.69/5064.46/5 (mean/median/min/max/num), 68.46 steps/s
INFO:root:Normalized LOG: steps 340000, episodes 340, returns 1.10/1.09/1.09/1.10/5 (mean/median/min/max/num), 68.46 steps/s
2024-04-12 15:59:58,394 | Normalized LOG: steps 340000, episodes 340, returns 1.10/1.09/1.09/1.10/5 (mean/median/min/max/num), 68.46 steps/s
INFO:root:TRAIN LOG: steps 350000, episodes 350, returns 0.00/0.00/0.00/0.00/5 (mean/median/min/max/num), 68.21 steps/s
2024-04-12 16:02:24,995 | TRAIN LOG: steps 350000, episodes 350, returns 0.00/0.00/0.00/0.00/5 (mean/median/min/max/num), 68.21 steps/s
INFO:root:TEST LOG: steps 350000, episodes 350, returns 5013.86/5018.81/4986.28/5031.48/5 (mean/median/min/max/num), 68.21 steps/s
2024-04-12 16:02:27,119 | TEST LOG: steps 350000, episodes 350, returns 5013.86/5018.81/4986.28/5031.48/5 (mean/median/min/max/num), 68.21 steps/s
INFO:root:Normalized LOG: steps 350000, episodes 350, returns 1.09/1.09/1.09/1.10/5 (mean/median/min/max/num), 68.21 steps/s
2024-04-12 16:02:27,119 | Normalized LOG: steps 350000, episodes 350, returns 1.09/1.09/1.09/1.10/5 (mean/median/min/max/num), 68.21 steps/s
INFO:root:TRAIN LOG: steps 360000, episodes 360, returns 0.00/0.00/0.00/0.00/5 (mean/median/min/max/num), 67.24 steps/s
2024-04-12 16:04:55,839 | TRAIN LOG: steps 360000, episodes 360, returns 0.00/0.00/0.00/0.00/5 (mean/median/min/max/num), 67.24 steps/s
INFO:root:TEST LOG: steps 360000, episodes 360, returns 5032.51/5034.02/4996.04/5054.24/5 (mean/median/min/max/num), 67.24 steps/s
2024-04-12 16:04:57,991 | TEST LOG: steps 360000, episodes 360, returns 5032.51/5034.02/4996.04/5054.24/5 (mean/median/min/max/num), 67.24 steps/s
INFO:root:Normalized LOG: steps 360000, episodes 360, returns 1.10/1.10/1.09/1.10/5 (mean/median/min/max/num), 67.24 steps/s
2024-04-12 16:04:57,991 | Normalized LOG: steps 360000, episodes 360, returns 1.10/1.10/1.09/1.10/5 (mean/median/min/max/num), 67.24 steps/s
INFO:root:TRAIN LOG: steps 370000, episodes 370, returns 0.00/0.00/0.00/0.00/5 (mean/median/min/max/num), 67.36 steps/s
2024-04-12 16:07:26,449 | TRAIN LOG: steps 370000, episodes 370, returns 0.00/0.00/0.00/0.00/5 (mean/median/min/max/num), 67.36 steps/s
INFO:root:TEST LOG: steps 370000, episodes 370, returns 5045.61/5055.24/4999.03/5074.45/5 (mean/median/min/max/num), 67.36 steps/s
2024-04-12 16:07:28,604 | TEST LOG: steps 370000, episodes 370, returns 5045.61/5055.24/4999.03/5074.45/5 (mean/median/min/max/num), 67.36 steps/s
INFO:root:Normalized LOG: steps 370000, episodes 370, returns 1.10/1.10/1.09/1.11/5 (mean/median/min/max/num), 67.36 steps/s
2024-04-12 16:07:28,604 | Normalized LOG: steps 370000, episodes 370, returns 1.10/1.10/1.09/1.11/5 (mean/median/min/max/num), 67.36 steps/s
INFO:root:TRAIN LOG: steps 380000, episodes 380, returns 0.00/0.00/0.00/0.00/5 (mean/median/min/max/num), 67.60 steps/s
2024-04-12 16:09:56,541 | TRAIN LOG: steps 380000, episodes 380, returns 0.00/0.00/0.00/0.00/5 (mean/median/min/max/num), 67.60 steps/s
INFO:root:TEST LOG: steps 380000, episodes 380, returns 5034.72/5034.43/5014.46/5049.26/5 (mean/median/min/max/num), 67.60 steps/s
2024-04-12 16:09:58,699 | TEST LOG: steps 380000, episodes 380, returns 5034.72/5034.43/5014.46/5049.26/5 (mean/median/min/max/num), 67.60 steps/s
INFO:root:Normalized LOG: steps 380000, episodes 380, returns 1.10/1.10/1.09/1.10/5 (mean/median/min/max/num), 67.60 steps/s
2024-04-12 16:09:58,700 | Normalized LOG: steps 380000, episodes 380, returns 1.10/1.10/1.09/1.10/5 (mean/median/min/max/num), 67.60 steps/s
INFO:root:TRAIN LOG: steps 390000, episodes 390, returns 0.00/0.00/0.00/0.00/5 (mean/median/min/max/num), 67.25 steps/s
2024-04-12 16:12:27,398 | TRAIN LOG: steps 390000, episodes 390, returns 0.00/0.00/0.00/0.00/5 (mean/median/min/max/num), 67.25 steps/s
INFO:root:TEST LOG: steps 390000, episodes 390, returns 5069.67/5065.62/5057.81/5096.02/5 (mean/median/min/max/num), 67.25 steps/s
2024-04-12 16:12:29,556 | TEST LOG: steps 390000, episodes 390, returns 5069.67/5065.62/5057.81/5096.02/5 (mean/median/min/max/num), 67.25 steps/s
INFO:root:Normalized LOG: steps 390000, episodes 390, returns 1.10/1.10/1.10/1.11/5 (mean/median/min/max/num), 67.25 steps/s
2024-04-12 16:12:29,556 | Normalized LOG: steps 390000, episodes 390, returns 1.10/1.10/1.10/1.11/5 (mean/median/min/max/num), 67.25 steps/s
INFO:root:TRAIN LOG: steps 400000, episodes 400, returns 0.00/0.00/0.00/0.00/5 (mean/median/min/max/num), 67.51 steps/s
2024-04-12 16:14:57,687 | TRAIN LOG: steps 400000, episodes 400, returns 0.00/0.00/0.00/0.00/5 (mean/median/min/max/num), 67.51 steps/s
INFO:root:TEST LOG: steps 400000, episodes 400, returns 5110.39/5117.00/5096.24/5123.57/5 (mean/median/min/max/num), 67.51 steps/s
2024-04-12 16:14:59,838 | TEST LOG: steps 400000, episodes 400, returns 5110.39/5117.00/5096.24/5123.57/5 (mean/median/min/max/num), 67.51 steps/s
INFO:root:Normalized LOG: steps 400000, episodes 400, returns 1.11/1.11/1.11/1.12/5 (mean/median/min/max/num), 67.51 steps/s
2024-04-12 16:14:59,839 | Normalized LOG: steps 400000, episodes 400, returns 1.11/1.11/1.11/1.12/5 (mean/median/min/max/num), 67.51 steps/s
INFO:root:TRAIN LOG: steps 410000, episodes 410, returns 0.00/0.00/0.00/0.00/5 (mean/median/min/max/num), 67.33 steps/s
2024-04-12 16:17:28,366 | TRAIN LOG: steps 410000, episodes 410, returns 0.00/0.00/0.00/0.00/5 (mean/median/min/max/num), 67.33 steps/s
INFO:root:TEST LOG: steps 410000, episodes 410, returns 5078.10/5080.77/5061.13/5093.79/5 (mean/median/min/max/num), 67.33 steps/s
2024-04-12 16:17:30,520 | TEST LOG: steps 410000, episodes 410, returns 5078.10/5080.77/5061.13/5093.79/5 (mean/median/min/max/num), 67.33 steps/s
INFO:root:Normalized LOG: steps 410000, episodes 410, returns 1.11/1.11/1.10/1.11/5 (mean/median/min/max/num), 67.33 steps/s
2024-04-12 16:17:30,520 | Normalized LOG: steps 410000, episodes 410, returns 1.11/1.11/1.10/1.11/5 (mean/median/min/max/num), 67.33 steps/s
INFO:root:TRAIN LOG: steps 420000, episodes 420, returns 0.00/0.00/0.00/0.00/5 (mean/median/min/max/num), 67.39 steps/s
2024-04-12 16:19:58,910 | TRAIN LOG: steps 420000, episodes 420, returns 0.00/0.00/0.00/0.00/5 (mean/median/min/max/num), 67.39 steps/s
INFO:root:TEST LOG: steps 420000, episodes 420, returns 5087.08/5084.98/5062.16/5122.57/5 (mean/median/min/max/num), 67.39 steps/s
2024-04-12 16:20:01,073 | TEST LOG: steps 420000, episodes 420, returns 5087.08/5084.98/5062.16/5122.57/5 (mean/median/min/max/num), 67.39 steps/s
INFO:root:Normalized LOG: steps 420000, episodes 420, returns 1.11/1.11/1.10/1.12/5 (mean/median/min/max/num), 67.39 steps/s
2024-04-12 16:20:01,073 | Normalized LOG: steps 420000, episodes 420, returns 1.11/1.11/1.10/1.12/5 (mean/median/min/max/num), 67.39 steps/s
INFO:root:TRAIN LOG: steps 430000, episodes 430, returns 0.00/0.00/0.00/0.00/5 (mean/median/min/max/num), 67.42 steps/s
2024-04-12 16:22:29,407 | TRAIN LOG: steps 430000, episodes 430, returns 0.00/0.00/0.00/0.00/5 (mean/median/min/max/num), 67.42 steps/s
INFO:root:TEST LOG: steps 430000, episodes 430, returns 5127.64/5128.65/5122.11/5130.55/5 (mean/median/min/max/num), 67.42 steps/s
2024-04-12 16:22:31,564 | TEST LOG: steps 430000, episodes 430, returns 5127.64/5128.65/5122.11/5130.55/5 (mean/median/min/max/num), 67.42 steps/s
INFO:root:Normalized LOG: steps 430000, episodes 430, returns 1.12/1.12/1.12/1.12/5 (mean/median/min/max/num), 67.42 steps/s
2024-04-12 16:22:31,564 | Normalized LOG: steps 430000, episodes 430, returns 1.12/1.12/1.12/1.12/5 (mean/median/min/max/num), 67.42 steps/s
INFO:root:TRAIN LOG: steps 440000, episodes 440, returns 0.00/0.00/0.00/0.00/5 (mean/median/min/max/num), 67.27 steps/s
2024-04-12 16:25:00,209 | TRAIN LOG: steps 440000, episodes 440, returns 0.00/0.00/0.00/0.00/5 (mean/median/min/max/num), 67.27 steps/s
INFO:root:TEST LOG: steps 440000, episodes 440, returns 5089.79/5090.44/5049.24/5123.71/5 (mean/median/min/max/num), 67.27 steps/s
2024-04-12 16:25:02,360 | TEST LOG: steps 440000, episodes 440, returns 5089.79/5090.44/5049.24/5123.71/5 (mean/median/min/max/num), 67.27 steps/s
INFO:root:Normalized LOG: steps 440000, episodes 440, returns 1.11/1.11/1.10/1.12/5 (mean/median/min/max/num), 67.27 steps/s
2024-04-12 16:25:02,361 | Normalized LOG: steps 440000, episodes 440, returns 1.11/1.11/1.10/1.12/5 (mean/median/min/max/num), 67.27 steps/s
INFO:root:TRAIN LOG: steps 450000, episodes 450, returns 0.00/0.00/0.00/0.00/5 (mean/median/min/max/num), 67.35 steps/s
2024-04-12 16:27:30,842 | TRAIN LOG: steps 450000, episodes 450, returns 0.00/0.00/0.00/0.00/5 (mean/median/min/max/num), 67.35 steps/s
INFO:root:TEST LOG: steps 450000, episodes 450, returns 5080.21/5082.24/5054.44/5107.41/5 (mean/median/min/max/num), 67.35 steps/s
2024-04-12 16:27:32,993 | TEST LOG: steps 450000, episodes 450, returns 5080.21/5082.24/5054.44/5107.41/5 (mean/median/min/max/num), 67.35 steps/s
INFO:root:Normalized LOG: steps 450000, episodes 450, returns 1.11/1.11/1.10/1.11/5 (mean/median/min/max/num), 67.35 steps/s
2024-04-12 16:27:32,993 | Normalized LOG: steps 450000, episodes 450, returns 1.11/1.11/1.10/1.11/5 (mean/median/min/max/num), 67.35 steps/s
INFO:root:TRAIN LOG: steps 460000, episodes 460, returns 0.00/0.00/0.00/0.00/5 (mean/median/min/max/num), 67.57 steps/s
2024-04-12 16:30:00,989 | TRAIN LOG: steps 460000, episodes 460, returns 0.00/0.00/0.00/0.00/5 (mean/median/min/max/num), 67.57 steps/s
INFO:root:TEST LOG: steps 460000, episodes 460, returns 5082.73/5079.18/5059.68/5109.78/5 (mean/median/min/max/num), 67.57 steps/s
2024-04-12 16:30:03,138 | TEST LOG: steps 460000, episodes 460, returns 5082.73/5079.18/5059.68/5109.78/5 (mean/median/min/max/num), 67.57 steps/s
INFO:root:Normalized LOG: steps 460000, episodes 460, returns 1.11/1.11/1.10/1.11/5 (mean/median/min/max/num), 67.57 steps/s
2024-04-12 16:30:03,138 | Normalized LOG: steps 460000, episodes 460, returns 1.11/1.11/1.10/1.11/5 (mean/median/min/max/num), 67.57 steps/s
INFO:root:TRAIN LOG: steps 470000, episodes 470, returns 0.00/0.00/0.00/0.00/5 (mean/median/min/max/num), 64.90 steps/s
2024-04-12 16:32:37,212 | TRAIN LOG: steps 470000, episodes 470, returns 0.00/0.00/0.00/0.00/5 (mean/median/min/max/num), 64.90 steps/s
INFO:root:TEST LOG: steps 470000, episodes 470, returns 5120.59/5119.20/5103.36/5147.88/5 (mean/median/min/max/num), 64.90 steps/s
2024-04-12 16:32:39,364 | TEST LOG: steps 470000, episodes 470, returns 5120.59/5119.20/5103.36/5147.88/5 (mean/median/min/max/num), 64.90 steps/s
INFO:root:Normalized LOG: steps 470000, episodes 470, returns 1.12/1.11/1.11/1.12/5 (mean/median/min/max/num), 64.90 steps/s
2024-04-12 16:32:39,364 | Normalized LOG: steps 470000, episodes 470, returns 1.12/1.11/1.11/1.12/5 (mean/median/min/max/num), 64.90 steps/s
INFO:root:TRAIN LOG: steps 480000, episodes 480, returns 0.00/0.00/0.00/0.00/5 (mean/median/min/max/num), 67.20 steps/s
2024-04-12 16:35:08,178 | TRAIN LOG: steps 480000, episodes 480, returns 0.00/0.00/0.00/0.00/5 (mean/median/min/max/num), 67.20 steps/s
INFO:root:TEST LOG: steps 480000, episodes 480, returns 5130.54/5131.41/5126.10/5134.37/5 (mean/median/min/max/num), 67.20 steps/s
2024-04-12 16:35:10,336 | TEST LOG: steps 480000, episodes 480, returns 5130.54/5131.41/5126.10/5134.37/5 (mean/median/min/max/num), 67.20 steps/s
INFO:root:Normalized LOG: steps 480000, episodes 480, returns 1.12/1.12/1.12/1.12/5 (mean/median/min/max/num), 67.20 steps/s
2024-04-12 16:35:10,336 | Normalized LOG: steps 480000, episodes 480, returns 1.12/1.12/1.12/1.12/5 (mean/median/min/max/num), 67.20 steps/s
INFO:root:TRAIN LOG: steps 490000, episodes 490, returns 0.00/0.00/0.00/0.00/5 (mean/median/min/max/num), 67.34 steps/s
2024-04-12 16:37:38,830 | TRAIN LOG: steps 490000, episodes 490, returns 0.00/0.00/0.00/0.00/5 (mean/median/min/max/num), 67.34 steps/s
INFO:root:TEST LOG: steps 490000, episodes 490, returns 5087.81/5089.49/5069.05/5100.55/5 (mean/median/min/max/num), 67.34 steps/s
2024-04-12 16:37:41,173 | TEST LOG: steps 490000, episodes 490, returns 5087.81/5089.49/5069.05/5100.55/5 (mean/median/min/max/num), 67.34 steps/s
INFO:root:Normalized LOG: steps 490000, episodes 490, returns 1.11/1.11/1.10/1.11/5 (mean/median/min/max/num), 67.34 steps/s
2024-04-12 16:37:41,174 | Normalized LOG: steps 490000, episodes 490, returns 1.11/1.11/1.10/1.11/5 (mean/median/min/max/num), 67.34 steps/s
INFO:root:TRAIN LOG: steps 500000, episodes 500, returns 0.00/0.00/0.00/0.00/5 (mean/median/min/max/num), 67.19 steps/s
2024-04-12 16:40:09,999 | TRAIN LOG: steps 500000, episodes 500, returns 0.00/0.00/0.00/0.00/5 (mean/median/min/max/num), 67.19 steps/s
INFO:root:TEST LOG: steps 500000, episodes 500, returns 5118.69/5126.82/5095.36/5137.83/5 (mean/median/min/max/num), 67.19 steps/s
2024-04-12 16:40:12,158 | TEST LOG: steps 500000, episodes 500, returns 5118.69/5126.82/5095.36/5137.83/5 (mean/median/min/max/num), 67.19 steps/s
INFO:root:Normalized LOG: steps 500000, episodes 500, returns 1.11/1.12/1.11/1.12/5 (mean/median/min/max/num), 67.19 steps/s
2024-04-12 16:40:12,159 | Normalized LOG: steps 500000, episodes 500, returns 1.11/1.12/1.11/1.12/5 (mean/median/min/max/num), 67.19 steps/s
INFO:root:TRAIN LOG: steps 510000, episodes 510, returns 0.00/0.00/0.00/0.00/5 (mean/median/min/max/num), 67.18 steps/s
2024-04-12 16:42:41,012 | TRAIN LOG: steps 510000, episodes 510, returns 0.00/0.00/0.00/0.00/5 (mean/median/min/max/num), 67.18 steps/s
INFO:root:TEST LOG: steps 510000, episodes 510, returns 5012.95/5016.39/4992.55/5027.76/5 (mean/median/min/max/num), 67.18 steps/s
2024-04-12 16:42:43,172 | TEST LOG: steps 510000, episodes 510, returns 5012.95/5016.39/4992.55/5027.76/5 (mean/median/min/max/num), 67.18 steps/s
INFO:root:Normalized LOG: steps 510000, episodes 510, returns 1.09/1.09/1.09/1.09/5 (mean/median/min/max/num), 67.18 steps/s
2024-04-12 16:42:43,173 | Normalized LOG: steps 510000, episodes 510, returns 1.09/1.09/1.09/1.09/5 (mean/median/min/max/num), 67.18 steps/s
INFO:root:TRAIN LOG: steps 520000, episodes 520, returns 0.00/0.00/0.00/0.00/5 (mean/median/min/max/num), 67.17 steps/s
2024-04-12 16:45:12,056 | TRAIN LOG: steps 520000, episodes 520, returns 0.00/0.00/0.00/0.00/5 (mean/median/min/max/num), 67.17 steps/s
INFO:root:TEST LOG: steps 520000, episodes 520, returns 5117.73/5118.94/5107.84/5128.82/5 (mean/median/min/max/num), 67.17 steps/s
2024-04-12 16:45:14,219 | TEST LOG: steps 520000, episodes 520, returns 5117.73/5118.94/5107.84/5128.82/5 (mean/median/min/max/num), 67.17 steps/s
INFO:root:Normalized LOG: steps 520000, episodes 520, returns 1.11/1.11/1.11/1.12/5 (mean/median/min/max/num), 67.17 steps/s
2024-04-12 16:45:14,219 | Normalized LOG: steps 520000, episodes 520, returns 1.11/1.11/1.11/1.12/5 (mean/median/min/max/num), 67.17 steps/s
INFO:root:TRAIN LOG: steps 530000, episodes 530, returns 0.00/0.00/0.00/0.00/5 (mean/median/min/max/num), 67.14 steps/s
2024-04-12 16:47:43,155 | TRAIN LOG: steps 530000, episodes 530, returns 0.00/0.00/0.00/0.00/5 (mean/median/min/max/num), 67.14 steps/s
INFO:root:TEST LOG: steps 530000, episodes 530, returns 5114.34/5112.74/5094.32/5134.10/5 (mean/median/min/max/num), 67.14 steps/s
2024-04-12 16:47:45,311 | TEST LOG: steps 530000, episodes 530, returns 5114.34/5112.74/5094.32/5134.10/5 (mean/median/min/max/num), 67.14 steps/s
INFO:root:Normalized LOG: steps 530000, episodes 530, returns 1.11/1.11/1.11/1.12/5 (mean/median/min/max/num), 67.14 steps/s
2024-04-12 16:47:45,312 | Normalized LOG: steps 530000, episodes 530, returns 1.11/1.11/1.11/1.12/5 (mean/median/min/max/num), 67.14 steps/s
INFO:root:TRAIN LOG: steps 540000, episodes 540, returns 0.00/0.00/0.00/0.00/5 (mean/median/min/max/num), 67.24 steps/s
2024-04-12 16:50:14,039 | TRAIN LOG: steps 540000, episodes 540, returns 0.00/0.00/0.00/0.00/5 (mean/median/min/max/num), 67.24 steps/s
INFO:root:TEST LOG: steps 540000, episodes 540, returns 5119.53/5121.00/5094.03/5144.27/5 (mean/median/min/max/num), 67.24 steps/s
2024-04-12 16:50:16,191 | TEST LOG: steps 540000, episodes 540, returns 5119.53/5121.00/5094.03/5144.27/5 (mean/median/min/max/num), 67.24 steps/s
INFO:root:Normalized LOG: steps 540000, episodes 540, returns 1.11/1.12/1.11/1.12/5 (mean/median/min/max/num), 67.24 steps/s
2024-04-12 16:50:16,191 | Normalized LOG: steps 540000, episodes 540, returns 1.11/1.12/1.11/1.12/5 (mean/median/min/max/num), 67.24 steps/s
INFO:root:TRAIN LOG: steps 550000, episodes 550, returns 0.00/0.00/0.00/0.00/5 (mean/median/min/max/num), 67.28 steps/s
2024-04-12 16:52:44,822 | TRAIN LOG: steps 550000, episodes 550, returns 0.00/0.00/0.00/0.00/5 (mean/median/min/max/num), 67.28 steps/s
INFO:root:TEST LOG: steps 550000, episodes 550, returns 5138.76/5147.17/5118.62/5149.57/5 (mean/median/min/max/num), 67.28 steps/s
2024-04-12 16:52:46,977 | TEST LOG: steps 550000, episodes 550, returns 5138.76/5147.17/5118.62/5149.57/5 (mean/median/min/max/num), 67.28 steps/s
INFO:root:Normalized LOG: steps 550000, episodes 550, returns 1.12/1.12/1.11/1.12/5 (mean/median/min/max/num), 67.28 steps/s
2024-04-12 16:52:46,977 | Normalized LOG: steps 550000, episodes 550, returns 1.12/1.12/1.11/1.12/5 (mean/median/min/max/num), 67.28 steps/s
INFO:root:TRAIN LOG: steps 560000, episodes 560, returns 0.00/0.00/0.00/0.00/5 (mean/median/min/max/num), 67.27 steps/s
2024-04-12 16:55:15,639 | TRAIN LOG: steps 560000, episodes 560, returns 0.00/0.00/0.00/0.00/5 (mean/median/min/max/num), 67.27 steps/s
INFO:root:TEST LOG: steps 560000, episodes 560, returns 5115.33/5125.31/5084.95/5138.74/5 (mean/median/min/max/num), 67.27 steps/s
2024-04-12 16:55:17,795 | TEST LOG: steps 560000, episodes 560, returns 5115.33/5125.31/5084.95/5138.74/5 (mean/median/min/max/num), 67.27 steps/s
INFO:root:Normalized LOG: steps 560000, episodes 560, returns 1.11/1.12/1.11/1.12/5 (mean/median/min/max/num), 67.27 steps/s
2024-04-12 16:55:17,795 | Normalized LOG: steps 560000, episodes 560, returns 1.11/1.12/1.11/1.12/5 (mean/median/min/max/num), 67.27 steps/s
INFO:root:TRAIN LOG: steps 570000, episodes 570, returns 0.00/0.00/0.00/0.00/5 (mean/median/min/max/num), 67.22 steps/s
2024-04-12 16:57:46,561 | TRAIN LOG: steps 570000, episodes 570, returns 0.00/0.00/0.00/0.00/5 (mean/median/min/max/num), 67.22 steps/s
INFO:root:TEST LOG: steps 570000, episodes 570, returns 5125.12/5135.55/5076.32/5143.87/5 (mean/median/min/max/num), 67.22 steps/s
2024-04-12 16:57:48,721 | TEST LOG: steps 570000, episodes 570, returns 5125.12/5135.55/5076.32/5143.87/5 (mean/median/min/max/num), 67.22 steps/s
INFO:root:Normalized LOG: steps 570000, episodes 570, returns 1.12/1.12/1.11/1.12/5 (mean/median/min/max/num), 67.22 steps/s
2024-04-12 16:57:48,721 | Normalized LOG: steps 570000, episodes 570, returns 1.12/1.12/1.11/1.12/5 (mean/median/min/max/num), 67.22 steps/s
INFO:root:TRAIN LOG: steps 580000, episodes 580, returns 0.00/0.00/0.00/0.00/5 (mean/median/min/max/num), 67.15 steps/s
2024-04-12 17:00:17,649 | TRAIN LOG: steps 580000, episodes 580, returns 0.00/0.00/0.00/0.00/5 (mean/median/min/max/num), 67.15 steps/s
INFO:root:TEST LOG: steps 580000, episodes 580, returns 5129.40/5127.86/5116.62/5148.78/5 (mean/median/min/max/num), 67.15 steps/s
2024-04-12 17:00:19,802 | TEST LOG: steps 580000, episodes 580, returns 5129.40/5127.86/5116.62/5148.78/5 (mean/median/min/max/num), 67.15 steps/s
INFO:root:Normalized LOG: steps 580000, episodes 580, returns 1.12/1.12/1.11/1.12/5 (mean/median/min/max/num), 67.15 steps/s
2024-04-12 17:00:19,803 | Normalized LOG: steps 580000, episodes 580, returns 1.12/1.12/1.11/1.12/5 (mean/median/min/max/num), 67.15 steps/s
INFO:root:TRAIN LOG: steps 590000, episodes 590, returns 0.00/0.00/0.00/0.00/5 (mean/median/min/max/num), 67.29 steps/s
2024-04-12 17:02:48,418 | TRAIN LOG: steps 590000, episodes 590, returns 0.00/0.00/0.00/0.00/5 (mean/median/min/max/num), 67.29 steps/s
INFO:root:TEST LOG: steps 590000, episodes 590, returns 5149.74/5154.14/5129.24/5170.63/5 (mean/median/min/max/num), 67.29 steps/s
2024-04-12 17:02:50,577 | TEST LOG: steps 590000, episodes 590, returns 5149.74/5154.14/5129.24/5170.63/5 (mean/median/min/max/num), 67.29 steps/s
INFO:root:Normalized LOG: steps 590000, episodes 590, returns 1.12/1.12/1.12/1.13/5 (mean/median/min/max/num), 67.29 steps/s
2024-04-12 17:02:50,577 | Normalized LOG: steps 590000, episodes 590, returns 1.12/1.12/1.12/1.13/5 (mean/median/min/max/num), 67.29 steps/s
INFO:root:TRAIN LOG: steps 600000, episodes 600, returns 0.00/0.00/0.00/0.00/5 (mean/median/min/max/num), 67.19 steps/s
2024-04-12 17:05:19,412 | TRAIN LOG: steps 600000, episodes 600, returns 0.00/0.00/0.00/0.00/5 (mean/median/min/max/num), 67.19 steps/s
INFO:root:TEST LOG: steps 600000, episodes 600, returns 5138.63/5130.85/5128.87/5158.98/5 (mean/median/min/max/num), 67.19 steps/s
2024-04-12 17:05:21,564 | TEST LOG: steps 600000, episodes 600, returns 5138.63/5130.85/5128.87/5158.98/5 (mean/median/min/max/num), 67.19 steps/s
INFO:root:Normalized LOG: steps 600000, episodes 600, returns 1.12/1.12/1.12/1.12/5 (mean/median/min/max/num), 67.19 steps/s
2024-04-12 17:05:21,564 | Normalized LOG: steps 600000, episodes 600, returns 1.12/1.12/1.12/1.12/5 (mean/median/min/max/num), 67.19 steps/s
INFO:root:TRAIN LOG: steps 610000, episodes 610, returns 0.00/0.00/0.00/0.00/5 (mean/median/min/max/num), 67.20 steps/s
2024-04-12 17:07:50,366 | TRAIN LOG: steps 610000, episodes 610, returns 0.00/0.00/0.00/0.00/5 (mean/median/min/max/num), 67.20 steps/s
INFO:root:TEST LOG: steps 610000, episodes 610, returns 5156.14/5159.24/5140.42/5169.24/5 (mean/median/min/max/num), 67.20 steps/s
2024-04-12 17:07:52,524 | TEST LOG: steps 610000, episodes 610, returns 5156.14/5159.24/5140.42/5169.24/5 (mean/median/min/max/num), 67.20 steps/s
INFO:root:Normalized LOG: steps 610000, episodes 610, returns 1.12/1.12/1.12/1.13/5 (mean/median/min/max/num), 67.20 steps/s
2024-04-12 17:07:52,524 | Normalized LOG: steps 610000, episodes 610, returns 1.12/1.12/1.12/1.13/5 (mean/median/min/max/num), 67.20 steps/s
INFO:root:TRAIN LOG: steps 620000, episodes 620, returns 0.00/0.00/0.00/0.00/5 (mean/median/min/max/num), 67.17 steps/s
2024-04-12 17:10:21,403 | TRAIN LOG: steps 620000, episodes 620, returns 0.00/0.00/0.00/0.00/5 (mean/median/min/max/num), 67.17 steps/s
INFO:root:TEST LOG: steps 620000, episodes 620, returns 5150.16/5151.87/5140.23/5161.73/5 (mean/median/min/max/num), 67.17 steps/s
2024-04-12 17:10:23,560 | TEST LOG: steps 620000, episodes 620, returns 5150.16/5151.87/5140.23/5161.73/5 (mean/median/min/max/num), 67.17 steps/s
INFO:root:Normalized LOG: steps 620000, episodes 620, returns 1.12/1.12/1.12/1.12/5 (mean/median/min/max/num), 67.17 steps/s
2024-04-12 17:10:23,560 | Normalized LOG: steps 620000, episodes 620, returns 1.12/1.12/1.12/1.12/5 (mean/median/min/max/num), 67.17 steps/s
INFO:root:TRAIN LOG: steps 630000, episodes 630, returns 0.00/0.00/0.00/0.00/5 (mean/median/min/max/num), 67.18 steps/s
2024-04-12 17:12:52,414 | TRAIN LOG: steps 630000, episodes 630, returns 0.00/0.00/0.00/0.00/5 (mean/median/min/max/num), 67.18 steps/s
INFO:root:TEST LOG: steps 630000, episodes 630, returns 5053.14/5100.77/4836.53/5123.42/5 (mean/median/min/max/num), 67.18 steps/s
2024-04-12 17:12:54,573 | TEST LOG: steps 630000, episodes 630, returns 5053.14/5100.77/4836.53/5123.42/5 (mean/median/min/max/num), 67.18 steps/s
INFO:root:Normalized LOG: steps 630000, episodes 630, returns 1.10/1.11/1.05/1.12/5 (mean/median/min/max/num), 67.18 steps/s
2024-04-12 17:12:54,573 | Normalized LOG: steps 630000, episodes 630, returns 1.10/1.11/1.05/1.12/5 (mean/median/min/max/num), 67.18 steps/s
INFO:root:TRAIN LOG: steps 640000, episodes 640, returns 0.00/0.00/0.00/0.00/5 (mean/median/min/max/num), 67.44 steps/s
2024-04-12 17:15:22,857 | TRAIN LOG: steps 640000, episodes 640, returns 0.00/0.00/0.00/0.00/5 (mean/median/min/max/num), 67.44 steps/s
INFO:root:TEST LOG: steps 640000, episodes 640, returns 5126.23/5128.33/5114.08/5132.82/5 (mean/median/min/max/num), 67.44 steps/s
2024-04-12 17:15:25,019 | TEST LOG: steps 640000, episodes 640, returns 5126.23/5128.33/5114.08/5132.82/5 (mean/median/min/max/num), 67.44 steps/s
INFO:root:Normalized LOG: steps 640000, episodes 640, returns 1.12/1.12/1.11/1.12/5 (mean/median/min/max/num), 67.44 steps/s
2024-04-12 17:15:25,019 | Normalized LOG: steps 640000, episodes 640, returns 1.12/1.12/1.11/1.12/5 (mean/median/min/max/num), 67.44 steps/s
INFO:root:TRAIN LOG: steps 650000, episodes 650, returns 0.00/0.00/0.00/0.00/5 (mean/median/min/max/num), 67.29 steps/s
2024-04-12 17:17:53,636 | TRAIN LOG: steps 650000, episodes 650, returns 0.00/0.00/0.00/0.00/5 (mean/median/min/max/num), 67.29 steps/s
INFO:root:TEST LOG: steps 650000, episodes 650, returns 5165.63/5158.24/5151.71/5188.79/5 (mean/median/min/max/num), 67.29 steps/s
2024-04-12 17:17:55,792 | TEST LOG: steps 650000, episodes 650, returns 5165.63/5158.24/5151.71/5188.79/5 (mean/median/min/max/num), 67.29 steps/s
INFO:root:Normalized LOG: steps 650000, episodes 650, returns 1.12/1.12/1.12/1.13/5 (mean/median/min/max/num), 67.29 steps/s
2024-04-12 17:17:55,792 | Normalized LOG: steps 650000, episodes 650, returns 1.12/1.12/1.12/1.13/5 (mean/median/min/max/num), 67.29 steps/s
INFO:root:TRAIN LOG: steps 660000, episodes 660, returns 0.00/0.00/0.00/0.00/5 (mean/median/min/max/num), 67.16 steps/s
2024-04-12 17:20:24,694 | TRAIN LOG: steps 660000, episodes 660, returns 0.00/0.00/0.00/0.00/5 (mean/median/min/max/num), 67.16 steps/s
INFO:root:TEST LOG: steps 660000, episodes 660, returns 5110.25/5108.47/5106.96/5116.85/5 (mean/median/min/max/num), 67.16 steps/s
2024-04-12 17:20:26,849 | TEST LOG: steps 660000, episodes 660, returns 5110.25/5108.47/5106.96/5116.85/5 (mean/median/min/max/num), 67.16 steps/s
INFO:root:Normalized LOG: steps 660000, episodes 660, returns 1.11/1.11/1.11/1.11/5 (mean/median/min/max/num), 67.16 steps/s
2024-04-12 17:20:26,849 | Normalized LOG: steps 660000, episodes 660, returns 1.11/1.11/1.11/1.11/5 (mean/median/min/max/num), 67.16 steps/s
INFO:root:TRAIN LOG: steps 670000, episodes 670, returns 0.00/0.00/0.00/0.00/5 (mean/median/min/max/num), 67.27 steps/s
2024-04-12 17:22:55,495 | TRAIN LOG: steps 670000, episodes 670, returns 0.00/0.00/0.00/0.00/5 (mean/median/min/max/num), 67.27 steps/s
INFO:root:TEST LOG: steps 670000, episodes 670, returns 5148.07/5147.91/5142.41/5156.87/5 (mean/median/min/max/num), 67.27 steps/s
2024-04-12 17:22:57,652 | TEST LOG: steps 670000, episodes 670, returns 5148.07/5147.91/5142.41/5156.87/5 (mean/median/min/max/num), 67.27 steps/s
INFO:root:Normalized LOG: steps 670000, episodes 670, returns 1.12/1.12/1.12/1.12/5 (mean/median/min/max/num), 67.27 steps/s
2024-04-12 17:22:57,652 | Normalized LOG: steps 670000, episodes 670, returns 1.12/1.12/1.12/1.12/5 (mean/median/min/max/num), 67.27 steps/s
INFO:root:TRAIN LOG: steps 680000, episodes 680, returns 0.00/0.00/0.00/0.00/5 (mean/median/min/max/num), 67.14 steps/s
2024-04-12 17:25:26,586 | TRAIN LOG: steps 680000, episodes 680, returns 0.00/0.00/0.00/0.00/5 (mean/median/min/max/num), 67.14 steps/s
INFO:root:TEST LOG: steps 680000, episodes 680, returns 5107.65/5121.76/5063.45/5130.44/5 (mean/median/min/max/num), 67.14 steps/s
2024-04-12 17:25:28,740 | TEST LOG: steps 680000, episodes 680, returns 5107.65/5121.76/5063.45/5130.44/5 (mean/median/min/max/num), 67.14 steps/s
INFO:root:Normalized LOG: steps 680000, episodes 680, returns 1.11/1.12/1.10/1.12/5 (mean/median/min/max/num), 67.14 steps/s
2024-04-12 17:25:28,740 | Normalized LOG: steps 680000, episodes 680, returns 1.11/1.12/1.10/1.12/5 (mean/median/min/max/num), 67.14 steps/s
INFO:root:TRAIN LOG: steps 690000, episodes 690, returns 0.00/0.00/0.00/0.00/5 (mean/median/min/max/num), 67.31 steps/s
2024-04-12 17:27:57,302 | TRAIN LOG: steps 690000, episodes 690, returns 0.00/0.00/0.00/0.00/5 (mean/median/min/max/num), 67.31 steps/s
INFO:root:TEST LOG: steps 690000, episodes 690, returns 5140.30/5139.09/5132.98/5154.77/5 (mean/median/min/max/num), 67.31 steps/s
2024-04-12 17:27:59,460 | TEST LOG: steps 690000, episodes 690, returns 5140.30/5139.09/5132.98/5154.77/5 (mean/median/min/max/num), 67.31 steps/s
INFO:root:Normalized LOG: steps 690000, episodes 690, returns 1.12/1.12/1.12/1.12/5 (mean/median/min/max/num), 67.31 steps/s
2024-04-12 17:27:59,461 | Normalized LOG: steps 690000, episodes 690, returns 1.12/1.12/1.12/1.12/5 (mean/median/min/max/num), 67.31 steps/s
INFO:root:TRAIN LOG: steps 700000, episodes 700, returns 0.00/0.00/0.00/0.00/5 (mean/median/min/max/num), 67.10 steps/s
2024-04-12 17:30:28,490 | TRAIN LOG: steps 700000, episodes 700, returns 0.00/0.00/0.00/0.00/5 (mean/median/min/max/num), 67.10 steps/s
INFO:root:TEST LOG: steps 700000, episodes 700, returns 5146.78/5147.83/5139.17/5154.39/5 (mean/median/min/max/num), 67.10 steps/s
2024-04-12 17:30:30,644 | TEST LOG: steps 700000, episodes 700, returns 5146.78/5147.83/5139.17/5154.39/5 (mean/median/min/max/num), 67.10 steps/s
INFO:root:Normalized LOG: steps 700000, episodes 700, returns 1.12/1.12/1.12/1.12/5 (mean/median/min/max/num), 67.10 steps/s
2024-04-12 17:30:30,645 | Normalized LOG: steps 700000, episodes 700, returns 1.12/1.12/1.12/1.12/5 (mean/median/min/max/num), 67.10 steps/s
INFO:root:TRAIN LOG: steps 710000, episodes 710, returns 0.00/0.00/0.00/0.00/5 (mean/median/min/max/num), 67.17 steps/s
2024-04-12 17:32:59,510 | TRAIN LOG: steps 710000, episodes 710, returns 0.00/0.00/0.00/0.00/5 (mean/median/min/max/num), 67.17 steps/s
INFO:root:TEST LOG: steps 710000, episodes 710, returns 5138.86/5135.41/5132.37/5151.01/5 (mean/median/min/max/num), 67.17 steps/s
2024-04-12 17:33:01,669 | TEST LOG: steps 710000, episodes 710, returns 5138.86/5135.41/5132.37/5151.01/5 (mean/median/min/max/num), 67.17 steps/s
INFO:root:Normalized LOG: steps 710000, episodes 710, returns 1.12/1.12/1.12/1.12/5 (mean/median/min/max/num), 67.17 steps/s
2024-04-12 17:33:01,670 | Normalized LOG: steps 710000, episodes 710, returns 1.12/1.12/1.12/1.12/5 (mean/median/min/max/num), 67.17 steps/s
INFO:root:TRAIN LOG: steps 720000, episodes 720, returns 0.00/0.00/0.00/0.00/5 (mean/median/min/max/num), 67.36 steps/s
2024-04-12 17:35:30,128 | TRAIN LOG: steps 720000, episodes 720, returns 0.00/0.00/0.00/0.00/5 (mean/median/min/max/num), 67.36 steps/s
INFO:root:TEST LOG: steps 720000, episodes 720, returns 5142.73/5145.14/5124.40/5150.39/5 (mean/median/min/max/num), 67.36 steps/s
2024-04-12 17:35:32,282 | TEST LOG: steps 720000, episodes 720, returns 5142.73/5145.14/5124.40/5150.39/5 (mean/median/min/max/num), 67.36 steps/s
INFO:root:Normalized LOG: steps 720000, episodes 720, returns 1.12/1.12/1.12/1.12/5 (mean/median/min/max/num), 67.36 steps/s
2024-04-12 17:35:32,282 | Normalized LOG: steps 720000, episodes 720, returns 1.12/1.12/1.12/1.12/5 (mean/median/min/max/num), 67.36 steps/s
INFO:root:TRAIN LOG: steps 730000, episodes 730, returns 0.00/0.00/0.00/0.00/5 (mean/median/min/max/num), 67.16 steps/s
2024-04-12 17:38:01,175 | TRAIN LOG: steps 730000, episodes 730, returns 0.00/0.00/0.00/0.00/5 (mean/median/min/max/num), 67.16 steps/s
INFO:root:TEST LOG: steps 730000, episodes 730, returns 5142.60/5144.71/5127.30/5148.74/5 (mean/median/min/max/num), 67.16 steps/s
2024-04-12 17:38:03,339 | TEST LOG: steps 730000, episodes 730, returns 5142.60/5144.71/5127.30/5148.74/5 (mean/median/min/max/num), 67.16 steps/s
INFO:root:Normalized LOG: steps 730000, episodes 730, returns 1.12/1.12/1.12/1.12/5 (mean/median/min/max/num), 67.16 steps/s
2024-04-12 17:38:03,340 | Normalized LOG: steps 730000, episodes 730, returns 1.12/1.12/1.12/1.12/5 (mean/median/min/max/num), 67.16 steps/s
INFO:root:TRAIN LOG: steps 740000, episodes 740, returns 0.00/0.00/0.00/0.00/5 (mean/median/min/max/num), 67.16 steps/s
2024-04-12 17:40:32,240 | TRAIN LOG: steps 740000, episodes 740, returns 0.00/0.00/0.00/0.00/5 (mean/median/min/max/num), 67.16 steps/s
INFO:root:TEST LOG: steps 740000, episodes 740, returns 5136.91/5135.58/5124.67/5151.21/5 (mean/median/min/max/num), 67.16 steps/s
2024-04-12 17:40:34,394 | TEST LOG: steps 740000, episodes 740, returns 5136.91/5135.58/5124.67/5151.21/5 (mean/median/min/max/num), 67.16 steps/s
INFO:root:Normalized LOG: steps 740000, episodes 740, returns 1.12/1.12/1.12/1.12/5 (mean/median/min/max/num), 67.16 steps/s
2024-04-12 17:40:34,395 | Normalized LOG: steps 740000, episodes 740, returns 1.12/1.12/1.12/1.12/5 (mean/median/min/max/num), 67.16 steps/s
INFO:root:TRAIN LOG: steps 750000, episodes 750, returns 0.00/0.00/0.00/0.00/5 (mean/median/min/max/num), 67.45 steps/s
2024-04-12 17:43:02,644 | TRAIN LOG: steps 750000, episodes 750, returns 0.00/0.00/0.00/0.00/5 (mean/median/min/max/num), 67.45 steps/s
INFO:root:TEST LOG: steps 750000, episodes 750, returns 5146.96/5148.38/5131.84/5158.36/5 (mean/median/min/max/num), 67.45 steps/s
2024-04-12 17:43:04,802 | TEST LOG: steps 750000, episodes 750, returns 5146.96/5148.38/5131.84/5158.36/5 (mean/median/min/max/num), 67.45 steps/s
INFO:root:Normalized LOG: steps 750000, episodes 750, returns 1.12/1.12/1.12/1.12/5 (mean/median/min/max/num), 67.45 steps/s
2024-04-12 17:43:04,803 | Normalized LOG: steps 750000, episodes 750, returns 1.12/1.12/1.12/1.12/5 (mean/median/min/max/num), 67.45 steps/s
INFO:root:TRAIN LOG: steps 760000, episodes 760, returns 0.00/0.00/0.00/0.00/5 (mean/median/min/max/num), 67.19 steps/s
2024-04-12 17:45:33,630 | TRAIN LOG: steps 760000, episodes 760, returns 0.00/0.00/0.00/0.00/5 (mean/median/min/max/num), 67.19 steps/s
INFO:root:TEST LOG: steps 760000, episodes 760, returns 5154.14/5158.05/5141.76/5161.28/5 (mean/median/min/max/num), 67.19 steps/s
2024-04-12 17:45:35,782 | TEST LOG: steps 760000, episodes 760, returns 5154.14/5158.05/5141.76/5161.28/5 (mean/median/min/max/num), 67.19 steps/s
INFO:root:Normalized LOG: steps 760000, episodes 760, returns 1.12/1.12/1.12/1.12/5 (mean/median/min/max/num), 67.19 steps/s
2024-04-12 17:45:35,783 | Normalized LOG: steps 760000, episodes 760, returns 1.12/1.12/1.12/1.12/5 (mean/median/min/max/num), 67.19 steps/s
INFO:root:TRAIN LOG: steps 770000, episodes 770, returns 0.00/0.00/0.00/0.00/5 (mean/median/min/max/num), 67.22 steps/s
2024-04-12 17:48:04,546 | TRAIN LOG: steps 770000, episodes 770, returns 0.00/0.00/0.00/0.00/5 (mean/median/min/max/num), 67.22 steps/s
INFO:root:TEST LOG: steps 770000, episodes 770, returns 5177.03/5177.89/5171.42/5180.96/5 (mean/median/min/max/num), 67.22 steps/s
2024-04-12 17:48:06,700 | TEST LOG: steps 770000, episodes 770, returns 5177.03/5177.89/5171.42/5180.96/5 (mean/median/min/max/num), 67.22 steps/s
INFO:root:Normalized LOG: steps 770000, episodes 770, returns 1.13/1.13/1.13/1.13/5 (mean/median/min/max/num), 67.22 steps/s
2024-04-12 17:48:06,701 | Normalized LOG: steps 770000, episodes 770, returns 1.13/1.13/1.13/1.13/5 (mean/median/min/max/num), 67.22 steps/s
INFO:root:TRAIN LOG: steps 780000, episodes 780, returns 0.00/0.00/0.00/0.00/5 (mean/median/min/max/num), 67.21 steps/s
2024-04-12 17:50:35,483 | TRAIN LOG: steps 780000, episodes 780, returns 0.00/0.00/0.00/0.00/5 (mean/median/min/max/num), 67.21 steps/s
INFO:root:TEST LOG: steps 780000, episodes 780, returns 5117.38/5118.03/5093.48/5146.36/5 (mean/median/min/max/num), 67.21 steps/s
2024-04-12 17:50:37,646 | TEST LOG: steps 780000, episodes 780, returns 5117.38/5118.03/5093.48/5146.36/5 (mean/median/min/max/num), 67.21 steps/s
INFO:root:Normalized LOG: steps 780000, episodes 780, returns 1.11/1.11/1.11/1.12/5 (mean/median/min/max/num), 67.21 steps/s
2024-04-12 17:50:37,647 | Normalized LOG: steps 780000, episodes 780, returns 1.11/1.11/1.11/1.12/5 (mean/median/min/max/num), 67.21 steps/s
INFO:root:TRAIN LOG: steps 790000, episodes 790, returns 0.00/0.00/0.00/0.00/5 (mean/median/min/max/num), 67.17 steps/s
2024-04-12 17:53:06,525 | TRAIN LOG: steps 790000, episodes 790, returns 0.00/0.00/0.00/0.00/5 (mean/median/min/max/num), 67.17 steps/s
INFO:root:TEST LOG: steps 790000, episodes 790, returns 5143.57/5144.07/5138.86/5147.27/5 (mean/median/min/max/num), 67.17 steps/s
2024-04-12 17:53:08,683 | TEST LOG: steps 790000, episodes 790, returns 5143.57/5144.07/5138.86/5147.27/5 (mean/median/min/max/num), 67.17 steps/s
INFO:root:Normalized LOG: steps 790000, episodes 790, returns 1.12/1.12/1.12/1.12/5 (mean/median/min/max/num), 67.17 steps/s
2024-04-12 17:53:08,683 | Normalized LOG: steps 790000, episodes 790, returns 1.12/1.12/1.12/1.12/5 (mean/median/min/max/num), 67.17 steps/s
INFO:root:TRAIN LOG: steps 800000, episodes 800, returns 0.00/0.00/0.00/0.00/5 (mean/median/min/max/num), 67.23 steps/s
2024-04-12 17:55:37,435 | TRAIN LOG: steps 800000, episodes 800, returns 0.00/0.00/0.00/0.00/5 (mean/median/min/max/num), 67.23 steps/s
INFO:root:TEST LOG: steps 800000, episodes 800, returns 5116.98/5119.35/5100.81/5124.68/5 (mean/median/min/max/num), 67.23 steps/s
2024-04-12 17:55:39,591 | TEST LOG: steps 800000, episodes 800, returns 5116.98/5119.35/5100.81/5124.68/5 (mean/median/min/max/num), 67.23 steps/s
INFO:root:Normalized LOG: steps 800000, episodes 800, returns 1.11/1.11/1.11/1.12/5 (mean/median/min/max/num), 67.23 steps/s
2024-04-12 17:55:39,591 | Normalized LOG: steps 800000, episodes 800, returns 1.11/1.11/1.11/1.12/5 (mean/median/min/max/num), 67.23 steps/s
INFO:root:TRAIN LOG: steps 810000, episodes 810, returns 0.00/0.00/0.00/0.00/5 (mean/median/min/max/num), 67.34 steps/s
2024-04-12 17:58:08,086 | TRAIN LOG: steps 810000, episodes 810, returns 0.00/0.00/0.00/0.00/5 (mean/median/min/max/num), 67.34 steps/s
INFO:root:TEST LOG: steps 810000, episodes 810, returns 5128.40/5129.22/5115.68/5135.50/5 (mean/median/min/max/num), 67.34 steps/s
2024-04-12 17:58:10,239 | TEST LOG: steps 810000, episodes 810, returns 5128.40/5129.22/5115.68/5135.50/5 (mean/median/min/max/num), 67.34 steps/s
INFO:root:Normalized LOG: steps 810000, episodes 810, returns 1.12/1.12/1.11/1.12/5 (mean/median/min/max/num), 67.34 steps/s
2024-04-12 17:58:10,239 | Normalized LOG: steps 810000, episodes 810, returns 1.12/1.12/1.11/1.12/5 (mean/median/min/max/num), 67.34 steps/s
INFO:root:TRAIN LOG: steps 820000, episodes 820, returns 0.00/0.00/0.00/0.00/5 (mean/median/min/max/num), 67.23 steps/s
2024-04-12 18:00:38,976 | TRAIN LOG: steps 820000, episodes 820, returns 0.00/0.00/0.00/0.00/5 (mean/median/min/max/num), 67.23 steps/s
INFO:root:TEST LOG: steps 820000, episodes 820, returns 5174.16/5174.92/5159.02/5182.19/5 (mean/median/min/max/num), 67.23 steps/s
2024-04-12 18:00:41,132 | TEST LOG: steps 820000, episodes 820, returns 5174.16/5174.92/5159.02/5182.19/5 (mean/median/min/max/num), 67.23 steps/s
INFO:root:Normalized LOG: steps 820000, episodes 820, returns 1.13/1.13/1.12/1.13/5 (mean/median/min/max/num), 67.23 steps/s
2024-04-12 18:00:41,132 | Normalized LOG: steps 820000, episodes 820, returns 1.13/1.13/1.12/1.13/5 (mean/median/min/max/num), 67.23 steps/s
INFO:root:TRAIN LOG: steps 830000, episodes 830, returns 0.00/0.00/0.00/0.00/5 (mean/median/min/max/num), 67.17 steps/s
2024-04-12 18:03:10,017 | TRAIN LOG: steps 830000, episodes 830, returns 0.00/0.00/0.00/0.00/5 (mean/median/min/max/num), 67.17 steps/s
INFO:root:TEST LOG: steps 830000, episodes 830, returns 5146.53/5163.32/5066.61/5180.29/5 (mean/median/min/max/num), 67.17 steps/s
2024-04-12 18:03:12,169 | TEST LOG: steps 830000, episodes 830, returns 5146.53/5163.32/5066.61/5180.29/5 (mean/median/min/max/num), 67.17 steps/s
INFO:root:Normalized LOG: steps 830000, episodes 830, returns 1.12/1.12/1.10/1.13/5 (mean/median/min/max/num), 67.17 steps/s
2024-04-12 18:03:12,169 | Normalized LOG: steps 830000, episodes 830, returns 1.12/1.12/1.10/1.13/5 (mean/median/min/max/num), 67.17 steps/s
INFO:root:TRAIN LOG: steps 840000, episodes 840, returns 0.00/0.00/0.00/0.00/5 (mean/median/min/max/num), 67.22 steps/s
2024-04-12 18:05:40,941 | TRAIN LOG: steps 840000, episodes 840, returns 0.00/0.00/0.00/0.00/5 (mean/median/min/max/num), 67.22 steps/s
INFO:root:TEST LOG: steps 840000, episodes 840, returns 5137.83/5140.41/5129.61/5145.33/5 (mean/median/min/max/num), 67.22 steps/s
2024-04-12 18:05:43,096 | TEST LOG: steps 840000, episodes 840, returns 5137.83/5140.41/5129.61/5145.33/5 (mean/median/min/max/num), 67.22 steps/s
INFO:root:Normalized LOG: steps 840000, episodes 840, returns 1.12/1.12/1.12/1.12/5 (mean/median/min/max/num), 67.22 steps/s
2024-04-12 18:05:43,096 | Normalized LOG: steps 840000, episodes 840, returns 1.12/1.12/1.12/1.12/5 (mean/median/min/max/num), 67.22 steps/s
INFO:root:TRAIN LOG: steps 850000, episodes 850, returns 0.00/0.00/0.00/0.00/5 (mean/median/min/max/num), 67.15 steps/s
2024-04-12 18:08:12,017 | TRAIN LOG: steps 850000, episodes 850, returns 0.00/0.00/0.00/0.00/5 (mean/median/min/max/num), 67.15 steps/s
INFO:root:TEST LOG: steps 850000, episodes 850, returns 5155.52/5155.04/5140.64/5165.52/5 (mean/median/min/max/num), 67.15 steps/s
2024-04-12 18:08:14,179 | TEST LOG: steps 850000, episodes 850, returns 5155.52/5155.04/5140.64/5165.52/5 (mean/median/min/max/num), 67.15 steps/s
INFO:root:Normalized LOG: steps 850000, episodes 850, returns 1.12/1.12/1.12/1.12/5 (mean/median/min/max/num), 67.15 steps/s
2024-04-12 18:08:14,180 | Normalized LOG: steps 850000, episodes 850, returns 1.12/1.12/1.12/1.12/5 (mean/median/min/max/num), 67.15 steps/s
INFO:root:TRAIN LOG: steps 860000, episodes 860, returns 0.00/0.00/0.00/0.00/5 (mean/median/min/max/num), 67.23 steps/s
2024-04-12 18:10:42,920 | TRAIN LOG: steps 860000, episodes 860, returns 0.00/0.00/0.00/0.00/5 (mean/median/min/max/num), 67.23 steps/s
INFO:root:TEST LOG: steps 860000, episodes 860, returns 5164.38/5169.47/5153.90/5173.00/5 (mean/median/min/max/num), 67.23 steps/s
2024-04-12 18:10:45,078 | TEST LOG: steps 860000, episodes 860, returns 5164.38/5169.47/5153.90/5173.00/5 (mean/median/min/max/num), 67.23 steps/s
INFO:root:Normalized LOG: steps 860000, episodes 860, returns 1.12/1.13/1.12/1.13/5 (mean/median/min/max/num), 67.23 steps/s
2024-04-12 18:10:45,079 | Normalized LOG: steps 860000, episodes 860, returns 1.12/1.13/1.12/1.13/5 (mean/median/min/max/num), 67.23 steps/s
INFO:root:TRAIN LOG: steps 870000, episodes 870, returns 0.00/0.00/0.00/0.00/5 (mean/median/min/max/num), 67.16 steps/s
2024-04-12 18:13:13,975 | TRAIN LOG: steps 870000, episodes 870, returns 0.00/0.00/0.00/0.00/5 (mean/median/min/max/num), 67.16 steps/s
INFO:root:TEST LOG: steps 870000, episodes 870, returns 5159.78/5162.96/5137.38/5172.67/5 (mean/median/min/max/num), 67.16 steps/s
2024-04-12 18:13:16,130 | TEST LOG: steps 870000, episodes 870, returns 5159.78/5162.96/5137.38/5172.67/5 (mean/median/min/max/num), 67.16 steps/s
INFO:root:Normalized LOG: steps 870000, episodes 870, returns 1.12/1.12/1.12/1.13/5 (mean/median/min/max/num), 67.16 steps/s
2024-04-12 18:13:16,130 | Normalized LOG: steps 870000, episodes 870, returns 1.12/1.12/1.12/1.13/5 (mean/median/min/max/num), 67.16 steps/s
INFO:root:TRAIN LOG: steps 880000, episodes 880, returns 0.00/0.00/0.00/0.00/5 (mean/median/min/max/num), 67.36 steps/s
2024-04-12 18:15:44,580 | TRAIN LOG: steps 880000, episodes 880, returns 0.00/0.00/0.00/0.00/5 (mean/median/min/max/num), 67.36 steps/s
INFO:root:TEST LOG: steps 880000, episodes 880, returns 5172.51/5172.31/5170.01/5174.97/5 (mean/median/min/max/num), 67.36 steps/s
2024-04-12 18:15:46,736 | TEST LOG: steps 880000, episodes 880, returns 5172.51/5172.31/5170.01/5174.97/5 (mean/median/min/max/num), 67.36 steps/s
INFO:root:Normalized LOG: steps 880000, episodes 880, returns 1.13/1.13/1.13/1.13/5 (mean/median/min/max/num), 67.36 steps/s
2024-04-12 18:15:46,736 | Normalized LOG: steps 880000, episodes 880, returns 1.13/1.13/1.13/1.13/5 (mean/median/min/max/num), 67.36 steps/s
INFO:root:TRAIN LOG: steps 890000, episodes 890, returns 0.00/0.00/0.00/0.00/5 (mean/median/min/max/num), 67.39 steps/s
2024-04-12 18:18:15,131 | TRAIN LOG: steps 890000, episodes 890, returns 0.00/0.00/0.00/0.00/5 (mean/median/min/max/num), 67.39 steps/s
INFO:root:TEST LOG: steps 890000, episodes 890, returns 5156.51/5157.11/5143.60/5170.32/5 (mean/median/min/max/num), 67.39 steps/s
2024-04-12 18:18:17,287 | TEST LOG: steps 890000, episodes 890, returns 5156.51/5157.11/5143.60/5170.32/5 (mean/median/min/max/num), 67.39 steps/s
INFO:root:Normalized LOG: steps 890000, episodes 890, returns 1.12/1.12/1.12/1.13/5 (mean/median/min/max/num), 67.39 steps/s
2024-04-12 18:18:17,287 | Normalized LOG: steps 890000, episodes 890, returns 1.12/1.12/1.12/1.13/5 (mean/median/min/max/num), 67.39 steps/s
INFO:root:TRAIN LOG: steps 900000, episodes 900, returns 0.00/0.00/0.00/0.00/5 (mean/median/min/max/num), 67.34 steps/s
2024-04-12 18:20:45,794 | TRAIN LOG: steps 900000, episodes 900, returns 0.00/0.00/0.00/0.00/5 (mean/median/min/max/num), 67.34 steps/s
INFO:root:TEST LOG: steps 900000, episodes 900, returns 5162.37/5167.64/5127.73/5179.26/5 (mean/median/min/max/num), 67.34 steps/s
2024-04-12 18:20:47,956 | TEST LOG: steps 900000, episodes 900, returns 5162.37/5167.64/5127.73/5179.26/5 (mean/median/min/max/num), 67.34 steps/s
INFO:root:Normalized LOG: steps 900000, episodes 900, returns 1.12/1.13/1.12/1.13/5 (mean/median/min/max/num), 67.34 steps/s
2024-04-12 18:20:47,956 | Normalized LOG: steps 900000, episodes 900, returns 1.12/1.13/1.12/1.13/5 (mean/median/min/max/num), 67.34 steps/s
INFO:root:TRAIN LOG: steps 910000, episodes 910, returns 0.00/0.00/0.00/0.00/5 (mean/median/min/max/num), 67.49 steps/s
2024-04-12 18:23:16,125 | TRAIN LOG: steps 910000, episodes 910, returns 0.00/0.00/0.00/0.00/5 (mean/median/min/max/num), 67.49 steps/s
INFO:root:TEST LOG: steps 910000, episodes 910, returns 5185.65/5186.32/5162.42/5202.20/5 (mean/median/min/max/num), 67.49 steps/s
2024-04-12 18:23:18,283 | TEST LOG: steps 910000, episodes 910, returns 5185.65/5186.32/5162.42/5202.20/5 (mean/median/min/max/num), 67.49 steps/s
INFO:root:Normalized LOG: steps 910000, episodes 910, returns 1.13/1.13/1.12/1.13/5 (mean/median/min/max/num), 67.49 steps/s
2024-04-12 18:23:18,283 | Normalized LOG: steps 910000, episodes 910, returns 1.13/1.13/1.12/1.13/5 (mean/median/min/max/num), 67.49 steps/s
INFO:root:TRAIN LOG: steps 920000, episodes 920, returns 0.00/0.00/0.00/0.00/5 (mean/median/min/max/num), 67.45 steps/s
2024-04-12 18:25:46,538 | TRAIN LOG: steps 920000, episodes 920, returns 0.00/0.00/0.00/0.00/5 (mean/median/min/max/num), 67.45 steps/s
INFO:root:TEST LOG: steps 920000, episodes 920, returns 5166.26/5163.64/5157.15/5179.38/5 (mean/median/min/max/num), 67.45 steps/s
2024-04-12 18:25:48,699 | TEST LOG: steps 920000, episodes 920, returns 5166.26/5163.64/5157.15/5179.38/5 (mean/median/min/max/num), 67.45 steps/s
INFO:root:Normalized LOG: steps 920000, episodes 920, returns 1.13/1.12/1.12/1.13/5 (mean/median/min/max/num), 67.45 steps/s
2024-04-12 18:25:48,699 | Normalized LOG: steps 920000, episodes 920, returns 1.13/1.12/1.12/1.13/5 (mean/median/min/max/num), 67.45 steps/s
INFO:root:TRAIN LOG: steps 930000, episodes 930, returns 0.00/0.00/0.00/0.00/5 (mean/median/min/max/num), 67.19 steps/s
2024-04-12 18:28:17,524 | TRAIN LOG: steps 930000, episodes 930, returns 0.00/0.00/0.00/0.00/5 (mean/median/min/max/num), 67.19 steps/s
INFO:root:TEST LOG: steps 930000, episodes 930, returns 5165.22/5167.33/5156.01/5173.43/5 (mean/median/min/max/num), 67.19 steps/s
2024-04-12 18:28:19,680 | TEST LOG: steps 930000, episodes 930, returns 5165.22/5167.33/5156.01/5173.43/5 (mean/median/min/max/num), 67.19 steps/s
INFO:root:Normalized LOG: steps 930000, episodes 930, returns 1.12/1.13/1.12/1.13/5 (mean/median/min/max/num), 67.19 steps/s
2024-04-12 18:28:19,680 | Normalized LOG: steps 930000, episodes 930, returns 1.12/1.13/1.12/1.13/5 (mean/median/min/max/num), 67.19 steps/s
INFO:root:TRAIN LOG: steps 940000, episodes 940, returns 0.00/0.00/0.00/0.00/5 (mean/median/min/max/num), 67.14 steps/s
2024-04-12 18:30:48,630 | TRAIN LOG: steps 940000, episodes 940, returns 0.00/0.00/0.00/0.00/5 (mean/median/min/max/num), 67.14 steps/s
INFO:root:TEST LOG: steps 940000, episodes 940, returns 5174.70/5174.35/5158.81/5184.10/5 (mean/median/min/max/num), 67.14 steps/s
2024-04-12 18:30:50,787 | TEST LOG: steps 940000, episodes 940, returns 5174.70/5174.35/5158.81/5184.10/5 (mean/median/min/max/num), 67.14 steps/s
INFO:root:Normalized LOG: steps 940000, episodes 940, returns 1.13/1.13/1.12/1.13/5 (mean/median/min/max/num), 67.14 steps/s
2024-04-12 18:30:50,787 | Normalized LOG: steps 940000, episodes 940, returns 1.13/1.13/1.12/1.13/5 (mean/median/min/max/num), 67.14 steps/s
INFO:root:TRAIN LOG: steps 950000, episodes 950, returns 0.00/0.00/0.00/0.00/5 (mean/median/min/max/num), 67.32 steps/s
2024-04-12 18:33:19,334 | TRAIN LOG: steps 950000, episodes 950, returns 0.00/0.00/0.00/0.00/5 (mean/median/min/max/num), 67.32 steps/s
INFO:root:TEST LOG: steps 950000, episodes 950, returns 5170.44/5176.07/5130.37/5189.99/5 (mean/median/min/max/num), 67.32 steps/s
2024-04-12 18:33:21,494 | TEST LOG: steps 950000, episodes 950, returns 5170.44/5176.07/5130.37/5189.99/5 (mean/median/min/max/num), 67.32 steps/s
INFO:root:Normalized LOG: steps 950000, episodes 950, returns 1.13/1.13/1.12/1.13/5 (mean/median/min/max/num), 67.32 steps/s
2024-04-12 18:33:21,494 | Normalized LOG: steps 950000, episodes 950, returns 1.13/1.13/1.12/1.13/5 (mean/median/min/max/num), 67.32 steps/s
INFO:root:TRAIN LOG: steps 960000, episodes 960, returns 0.00/0.00/0.00/0.00/5 (mean/median/min/max/num), 67.20 steps/s
2024-04-12 18:35:50,303 | TRAIN LOG: steps 960000, episodes 960, returns 0.00/0.00/0.00/0.00/5 (mean/median/min/max/num), 67.20 steps/s
INFO:root:TEST LOG: steps 960000, episodes 960, returns 5150.66/5154.21/5138.25/5159.95/5 (mean/median/min/max/num), 67.20 steps/s
2024-04-12 18:35:52,459 | TEST LOG: steps 960000, episodes 960, returns 5150.66/5154.21/5138.25/5159.95/5 (mean/median/min/max/num), 67.20 steps/s
INFO:root:Normalized LOG: steps 960000, episodes 960, returns 1.12/1.12/1.12/1.12/5 (mean/median/min/max/num), 67.20 steps/s
2024-04-12 18:35:52,459 | Normalized LOG: steps 960000, episodes 960, returns 1.12/1.12/1.12/1.12/5 (mean/median/min/max/num), 67.20 steps/s
INFO:root:TRAIN LOG: steps 970000, episodes 970, returns 0.00/0.00/0.00/0.00/5 (mean/median/min/max/num), 67.46 steps/s
2024-04-12 18:38:20,705 | TRAIN LOG: steps 970000, episodes 970, returns 0.00/0.00/0.00/0.00/5 (mean/median/min/max/num), 67.46 steps/s
INFO:root:TEST LOG: steps 970000, episodes 970, returns 5173.48/5173.69/5157.17/5190.80/5 (mean/median/min/max/num), 67.46 steps/s
2024-04-12 18:38:22,865 | TEST LOG: steps 970000, episodes 970, returns 5173.48/5173.69/5157.17/5190.80/5 (mean/median/min/max/num), 67.46 steps/s
INFO:root:Normalized LOG: steps 970000, episodes 970, returns 1.13/1.13/1.12/1.13/5 (mean/median/min/max/num), 67.46 steps/s
2024-04-12 18:38:22,865 | Normalized LOG: steps 970000, episodes 970, returns 1.13/1.13/1.12/1.13/5 (mean/median/min/max/num), 67.46 steps/s
INFO:root:TRAIN LOG: steps 980000, episodes 980, returns 0.00/0.00/0.00/0.00/5 (mean/median/min/max/num), 67.16 steps/s
2024-04-12 18:40:51,758 | TRAIN LOG: steps 980000, episodes 980, returns 0.00/0.00/0.00/0.00/5 (mean/median/min/max/num), 67.16 steps/s
INFO:root:TEST LOG: steps 980000, episodes 980, returns 5134.20/5134.03/5121.88/5144.89/5 (mean/median/min/max/num), 67.16 steps/s
2024-04-12 18:40:53,909 | TEST LOG: steps 980000, episodes 980, returns 5134.20/5134.03/5121.88/5144.89/5 (mean/median/min/max/num), 67.16 steps/s
INFO:root:Normalized LOG: steps 980000, episodes 980, returns 1.12/1.12/1.12/1.12/5 (mean/median/min/max/num), 67.16 steps/s
2024-04-12 18:40:53,909 | Normalized LOG: steps 980000, episodes 980, returns 1.12/1.12/1.12/1.12/5 (mean/median/min/max/num), 67.16 steps/s
INFO:root:TRAIN LOG: steps 990000, episodes 990, returns 0.00/0.00/0.00/0.00/5 (mean/median/min/max/num), 67.20 steps/s
2024-04-12 18:43:22,716 | TRAIN LOG: steps 990000, episodes 990, returns 0.00/0.00/0.00/0.00/5 (mean/median/min/max/num), 67.20 steps/s
INFO:root:TEST LOG: steps 990000, episodes 990, returns 5150.81/5146.71/5138.95/5163.85/5 (mean/median/min/max/num), 67.20 steps/s
2024-04-12 18:43:24,878 | TEST LOG: steps 990000, episodes 990, returns 5150.81/5146.71/5138.95/5163.85/5 (mean/median/min/max/num), 67.20 steps/s
INFO:root:Normalized LOG: steps 990000, episodes 990, returns 1.12/1.12/1.12/1.12/5 (mean/median/min/max/num), 67.20 steps/s
2024-04-12 18:43:24,878 | Normalized LOG: steps 990000, episodes 990, returns 1.12/1.12/1.12/1.12/5 (mean/median/min/max/num), 67.20 steps/s
INFO:root:TRAIN LOG: steps 1000000, episodes 1000, returns 0.00/0.00/0.00/0.00/5 (mean/median/min/max/num), 67.14 steps/s
2024-04-12 18:45:53,812 | TRAIN LOG: steps 1000000, episodes 1000, returns 0.00/0.00/0.00/0.00/5 (mean/median/min/max/num), 67.14 steps/s
INFO:root:TEST LOG: steps 1000000, episodes 1000, returns 5169.18/5169.66/5162.44/5179.41/5 (mean/median/min/max/num), 67.14 steps/s
2024-04-12 18:45:55,972 | TEST LOG: steps 1000000, episodes 1000, returns 5169.18/5169.66/5162.44/5179.41/5 (mean/median/min/max/num), 67.14 steps/s
INFO:root:Normalized LOG: steps 1000000, episodes 1000, returns 1.13/1.13/1.12/1.13/5 (mean/median/min/max/num), 67.14 steps/s
2024-04-12 18:45:55,972 | Normalized LOG: steps 1000000, episodes 1000, returns 1.13/1.13/1.12/1.13/5 (mean/median/min/max/num), 67.14 steps/s
==============================================================================
Running epilogue script on rose08.

Submit time  : 2024-04-12T14:34:54
Start time   : 2024-04-12T14:34:54
End time     : 2024-04-12T18:45:57
Elapsed time : 04:11:03 (Timelimit=06:00:00)

Job ID: 5826425
Cluster: i5
User/Group: jhj1g23/fp
State: COMPLETED (exit code 0)
Nodes: 1
Cores per node: 48
CPU Utilized: 04:09:42
CPU Efficiency: 2.07% of 8-08:50:24 core-walltime
Job Wall-clock time: 04:11:03
Memory Utilized: 1.10 GB
Memory Efficiency: 0.00% of 16.00 B

