Running SLURM prolog script on rose07.cluster.local
===============================================================================
Job started on Sat Apr 13 13:02:45 BST 2024
Job ID          : 5827817
Job name        : launch.sh
WorkDir         : /mainfs/lyceum/jhj1g23/deeplearningpaper/inac_pytorch
Command         : /mainfs/lyceum/jhj1g23/deeplearningpaper/inac_pytorch/launch.sh
Partition       : a100
Num hosts       : 1
Num cores       : 48
Num of tasks    : 1
Hosts allocated : rose07
Job Output Follows ...
===============================================================================
/lyceum/jhj1g23/.conda/envs/challenge/lib/python3.9/site-packages/glfw/__init__.py:914: GLFWError: (65550) b'Failed to detect any supported platform'
  warnings.warn(message, GLFWError)
pybullet build time: Nov 28 2023 23:52:03
/lyceum/jhj1g23/.conda/envs/challenge/lib/python3.9/site-packages/gym/spaces/box.py:84: UserWarning: [33mWARN: Box bound precision lowered by casting to float32[0m
  logger.warn(f"Box bound precision lowered by casting to {self.dtype}")
load datafile:   0%|          | 0/11 [00:00<?, ?it/s]load datafile:  27%|â–ˆâ–ˆâ–‹       | 3/11 [00:00<00:00, 11.25it/s]load datafile:  45%|â–ˆâ–ˆâ–ˆâ–ˆâ–Œ     | 5/11 [00:00<00:00, 11.41it/s]load datafile:  64%|â–ˆâ–ˆâ–ˆâ–ˆâ–ˆâ–ˆâ–Ž   | 7/11 [00:00<00:00, 11.15it/s]load datafile:  82%|â–ˆâ–ˆâ–ˆâ–ˆâ–ˆâ–ˆâ–ˆâ–ˆâ– | 9/11 [00:00<00:00, 10.80it/s]load datafile: 100%|â–ˆâ–ˆâ–ˆâ–ˆâ–ˆâ–ˆâ–ˆâ–ˆâ–ˆâ–ˆ| 11/11 [00:00<00:00, 13.36it/s]
INFO:root:seed: 0
2024-04-13 13:03:29,903 | seed: 0
INFO:root:env_name: Walker2d
2024-04-13 13:03:29,903 | env_name: Walker2d
INFO:root:dataset: medrep
2024-04-13 13:03:29,904 | dataset: medrep
INFO:root:discrete_control: 0
2024-04-13 13:03:29,904 | discrete_control: 0
INFO:root:state_dim: 17
2024-04-13 13:03:29,904 | state_dim: 17
INFO:root:action_dim: 6
2024-04-13 13:03:29,904 | action_dim: 6
INFO:root:tau: 0.5
2024-04-13 13:03:29,904 | tau: 0.5
INFO:root:max_steps: 1000000
2024-04-13 13:03:29,904 | max_steps: 1000000
INFO:root:log_interval: 10000
2024-04-13 13:03:29,904 | log_interval: 10000
INFO:root:learning_rate: 0.0003
2024-04-13 13:03:29,904 | learning_rate: 0.0003
INFO:root:hidden_units: 256
2024-04-13 13:03:29,904 | hidden_units: 256
INFO:root:batch_size: 256
2024-04-13 13:03:29,904 | batch_size: 256
INFO:root:timeout: 1000
2024-04-13 13:03:29,904 | timeout: 1000
INFO:root:gamma: 0.99
2024-04-13 13:03:29,904 | gamma: 0.99
INFO:root:use_target_network: 1
2024-04-13 13:03:29,904 | use_target_network: 1
INFO:root:target_network_update_freq: 1
2024-04-13 13:03:29,904 | target_network_update_freq: 1
INFO:root:polyak: 0.995
2024-04-13 13:03:29,904 | polyak: 0.995
INFO:root:evaluation_criteria: return
2024-04-13 13:03:29,904 | evaluation_criteria: return
INFO:root:device: cpu
2024-04-13 13:03:29,905 | device: cpu
INFO:root:info: 0
2024-04-13 13:03:29,905 | info: 0
INFO:root:exp_path: /mainfs/lyceum/jhj1g23/deeplearningpaper/inac_pytorch/data/output/Walker2d/medrep/0/0_run
2024-04-13 13:03:29,905 | exp_path: /mainfs/lyceum/jhj1g23/deeplearningpaper/inac_pytorch/data/output/Walker2d/medrep/0/0_run
INFO:root:TRAIN LOG: steps 0, episodes   0, returns -13.51/-13.55/-14.01/-12.82/5 (mean/median/min/max/num), 113214.22 steps/s
2024-04-13 13:03:44,938 | TRAIN LOG: steps 0, episodes   0, returns -13.51/-13.55/-14.01/-12.82/5 (mean/median/min/max/num), 113214.22 steps/s
INFO:root:TEST LOG: steps 0, episodes   0, returns -13.86/-13.88/-14.53/-13.14/5 (mean/median/min/max/num), 113214.22 steps/s
2024-04-13 13:03:45,022 | TEST LOG: steps 0, episodes   0, returns -13.86/-13.88/-14.53/-13.14/5 (mean/median/min/max/num), 113214.22 steps/s
INFO:root:Normalized LOG: steps 0, episodes   0, returns -0.00/-0.00/-0.00/-0.00/5 (mean/median/min/max/num), 113214.22 steps/s
2024-04-13 13:03:45,022 | Normalized LOG: steps 0, episodes   0, returns -0.00/-0.00/-0.00/-0.00/5 (mean/median/min/max/num), 113214.22 steps/s
INFO:root:TRAIN LOG: steps 10000, episodes  10, returns 0.00/0.00/0.00/0.00/5 (mean/median/min/max/num), 68.99 steps/s
2024-04-13 13:06:09,967 | TRAIN LOG: steps 10000, episodes  10, returns 0.00/0.00/0.00/0.00/5 (mean/median/min/max/num), 68.99 steps/s
INFO:root:TEST LOG: steps 10000, episodes  10, returns 276.39/264.40/255.03/336.31/5 (mean/median/min/max/num), 68.99 steps/s
2024-04-13 13:06:10,319 | TEST LOG: steps 10000, episodes  10, returns 276.39/264.40/255.03/336.31/5 (mean/median/min/max/num), 68.99 steps/s
INFO:root:Normalized LOG: steps 10000, episodes  10, returns 0.06/0.06/0.06/0.07/5 (mean/median/min/max/num), 68.99 steps/s
2024-04-13 13:06:10,319 | Normalized LOG: steps 10000, episodes  10, returns 0.06/0.06/0.06/0.07/5 (mean/median/min/max/num), 68.99 steps/s
INFO:root:TRAIN LOG: steps 20000, episodes  20, returns 0.00/0.00/0.00/0.00/5 (mean/median/min/max/num), 69.76 steps/s
2024-04-13 13:08:33,660 | TRAIN LOG: steps 20000, episodes  20, returns 0.00/0.00/0.00/0.00/5 (mean/median/min/max/num), 69.76 steps/s
INFO:root:TEST LOG: steps 20000, episodes  20, returns 209.89/210.56/202.22/214.84/5 (mean/median/min/max/num), 69.76 steps/s
2024-04-13 13:08:34,003 | TEST LOG: steps 20000, episodes  20, returns 209.89/210.56/202.22/214.84/5 (mean/median/min/max/num), 69.76 steps/s
INFO:root:Normalized LOG: steps 20000, episodes  20, returns 0.05/0.05/0.04/0.05/5 (mean/median/min/max/num), 69.76 steps/s
2024-04-13 13:08:34,003 | Normalized LOG: steps 20000, episodes  20, returns 0.05/0.05/0.04/0.05/5 (mean/median/min/max/num), 69.76 steps/s
INFO:root:TRAIN LOG: steps 30000, episodes  30, returns 0.00/0.00/0.00/0.00/5 (mean/median/min/max/num), 69.82 steps/s
2024-04-13 13:10:57,237 | TRAIN LOG: steps 30000, episodes  30, returns 0.00/0.00/0.00/0.00/5 (mean/median/min/max/num), 69.82 steps/s
INFO:root:TEST LOG: steps 30000, episodes  30, returns 607.78/599.03/569.79/649.26/5 (mean/median/min/max/num), 69.82 steps/s
2024-04-13 13:10:58,019 | TEST LOG: steps 30000, episodes  30, returns 607.78/599.03/569.79/649.26/5 (mean/median/min/max/num), 69.82 steps/s
INFO:root:Normalized LOG: steps 30000, episodes  30, returns 0.13/0.13/0.12/0.14/5 (mean/median/min/max/num), 69.82 steps/s
2024-04-13 13:10:58,020 | Normalized LOG: steps 30000, episodes  30, returns 0.13/0.13/0.12/0.14/5 (mean/median/min/max/num), 69.82 steps/s
INFO:root:TRAIN LOG: steps 40000, episodes  40, returns 0.00/0.00/0.00/0.00/5 (mean/median/min/max/num), 69.84 steps/s
2024-04-13 13:13:21,208 | TRAIN LOG: steps 40000, episodes  40, returns 0.00/0.00/0.00/0.00/5 (mean/median/min/max/num), 69.84 steps/s
INFO:root:TEST LOG: steps 40000, episodes  40, returns 743.78/732.94/345.18/1033.87/5 (mean/median/min/max/num), 69.84 steps/s
2024-04-13 13:13:22,499 | TEST LOG: steps 40000, episodes  40, returns 743.78/732.94/345.18/1033.87/5 (mean/median/min/max/num), 69.84 steps/s
INFO:root:Normalized LOG: steps 40000, episodes  40, returns 0.16/0.16/0.07/0.22/5 (mean/median/min/max/num), 69.84 steps/s
2024-04-13 13:13:22,499 | Normalized LOG: steps 40000, episodes  40, returns 0.16/0.16/0.07/0.22/5 (mean/median/min/max/num), 69.84 steps/s
INFO:root:TRAIN LOG: steps 50000, episodes  50, returns 0.00/0.00/0.00/0.00/5 (mean/median/min/max/num), 70.22 steps/s
2024-04-13 13:15:44,907 | TRAIN LOG: steps 50000, episodes  50, returns 0.00/0.00/0.00/0.00/5 (mean/median/min/max/num), 70.22 steps/s
INFO:root:TEST LOG: steps 50000, episodes  50, returns 487.90/502.75/382.31/538.54/5 (mean/median/min/max/num), 70.22 steps/s
2024-04-13 13:15:45,287 | TEST LOG: steps 50000, episodes  50, returns 487.90/502.75/382.31/538.54/5 (mean/median/min/max/num), 70.22 steps/s
INFO:root:Normalized LOG: steps 50000, episodes  50, returns 0.11/0.11/0.08/0.12/5 (mean/median/min/max/num), 70.22 steps/s
2024-04-13 13:15:45,287 | Normalized LOG: steps 50000, episodes  50, returns 0.11/0.11/0.08/0.12/5 (mean/median/min/max/num), 70.22 steps/s
INFO:root:TRAIN LOG: steps 60000, episodes  60, returns 0.00/0.00/0.00/0.00/5 (mean/median/min/max/num), 70.23 steps/s
2024-04-13 13:18:07,684 | TRAIN LOG: steps 60000, episodes  60, returns 0.00/0.00/0.00/0.00/5 (mean/median/min/max/num), 70.23 steps/s
INFO:root:TEST LOG: steps 60000, episodes  60, returns 1959.49/1327.53/446.79/3848.68/5 (mean/median/min/max/num), 70.23 steps/s
2024-04-13 13:18:08,871 | TEST LOG: steps 60000, episodes  60, returns 1959.49/1327.53/446.79/3848.68/5 (mean/median/min/max/num), 70.23 steps/s
INFO:root:Normalized LOG: steps 60000, episodes  60, returns 0.43/0.29/0.10/0.84/5 (mean/median/min/max/num), 70.23 steps/s
2024-04-13 13:18:08,871 | Normalized LOG: steps 60000, episodes  60, returns 0.43/0.29/0.10/0.84/5 (mean/median/min/max/num), 70.23 steps/s
INFO:root:TRAIN LOG: steps 70000, episodes  70, returns 0.00/0.00/0.00/0.00/5 (mean/median/min/max/num), 70.23 steps/s
2024-04-13 13:20:31,267 | TRAIN LOG: steps 70000, episodes  70, returns 0.00/0.00/0.00/0.00/5 (mean/median/min/max/num), 70.23 steps/s
INFO:root:TEST LOG: steps 70000, episodes  70, returns 2164.47/1516.17/1465.52/3875.48/5 (mean/median/min/max/num), 70.23 steps/s
2024-04-13 13:20:32,518 | TEST LOG: steps 70000, episodes  70, returns 2164.47/1516.17/1465.52/3875.48/5 (mean/median/min/max/num), 70.23 steps/s
INFO:root:Normalized LOG: steps 70000, episodes  70, returns 0.47/0.33/0.32/0.84/5 (mean/median/min/max/num), 70.23 steps/s
2024-04-13 13:20:32,518 | Normalized LOG: steps 70000, episodes  70, returns 0.47/0.33/0.32/0.84/5 (mean/median/min/max/num), 70.23 steps/s
INFO:root:TRAIN LOG: steps 80000, episodes  80, returns 0.00/0.00/0.00/0.00/5 (mean/median/min/max/num), 69.96 steps/s
2024-04-13 13:22:55,451 | TRAIN LOG: steps 80000, episodes  80, returns 0.00/0.00/0.00/0.00/5 (mean/median/min/max/num), 69.96 steps/s
INFO:root:TEST LOG: steps 80000, episodes  80, returns 2758.54/3496.19/643.92/3998.67/5 (mean/median/min/max/num), 69.96 steps/s
2024-04-13 13:22:56,905 | TEST LOG: steps 80000, episodes  80, returns 2758.54/3496.19/643.92/3998.67/5 (mean/median/min/max/num), 69.96 steps/s
INFO:root:Normalized LOG: steps 80000, episodes  80, returns 0.60/0.76/0.14/0.87/5 (mean/median/min/max/num), 69.96 steps/s
2024-04-13 13:22:56,905 | Normalized LOG: steps 80000, episodes  80, returns 0.60/0.76/0.14/0.87/5 (mean/median/min/max/num), 69.96 steps/s
INFO:root:TRAIN LOG: steps 90000, episodes  90, returns 0.00/0.00/0.00/0.00/5 (mean/median/min/max/num), 69.82 steps/s
2024-04-13 13:25:20,132 | TRAIN LOG: steps 90000, episodes  90, returns 0.00/0.00/0.00/0.00/5 (mean/median/min/max/num), 69.82 steps/s
INFO:root:TEST LOG: steps 90000, episodes  90, returns 3473.98/3786.28/2336.61/3894.92/5 (mean/median/min/max/num), 69.82 steps/s
2024-04-13 13:25:22,052 | TEST LOG: steps 90000, episodes  90, returns 3473.98/3786.28/2336.61/3894.92/5 (mean/median/min/max/num), 69.82 steps/s
INFO:root:Normalized LOG: steps 90000, episodes  90, returns 0.76/0.82/0.51/0.85/5 (mean/median/min/max/num), 69.82 steps/s
2024-04-13 13:25:22,052 | Normalized LOG: steps 90000, episodes  90, returns 0.76/0.82/0.51/0.85/5 (mean/median/min/max/num), 69.82 steps/s
INFO:root:TRAIN LOG: steps 100000, episodes 100, returns 0.00/0.00/0.00/0.00/5 (mean/median/min/max/num), 70.32 steps/s
2024-04-13 13:27:44,261 | TRAIN LOG: steps 100000, episodes 100, returns 0.00/0.00/0.00/0.00/5 (mean/median/min/max/num), 70.32 steps/s
INFO:root:TEST LOG: steps 100000, episodes 100, returns 2410.37/2530.34/804.43/3933.67/5 (mean/median/min/max/num), 70.32 steps/s
2024-04-13 13:27:45,601 | TEST LOG: steps 100000, episodes 100, returns 2410.37/2530.34/804.43/3933.67/5 (mean/median/min/max/num), 70.32 steps/s
INFO:root:Normalized LOG: steps 100000, episodes 100, returns 0.52/0.55/0.17/0.86/5 (mean/median/min/max/num), 70.32 steps/s
2024-04-13 13:27:45,601 | Normalized LOG: steps 100000, episodes 100, returns 0.52/0.55/0.17/0.86/5 (mean/median/min/max/num), 70.32 steps/s
INFO:root:TRAIN LOG: steps 110000, episodes 110, returns 0.00/0.00/0.00/0.00/5 (mean/median/min/max/num), 70.93 steps/s
2024-04-13 13:30:06,579 | TRAIN LOG: steps 110000, episodes 110, returns 0.00/0.00/0.00/0.00/5 (mean/median/min/max/num), 70.93 steps/s
INFO:root:TEST LOG: steps 110000, episodes 110, returns 3784.74/3766.97/3750.12/3872.61/5 (mean/median/min/max/num), 70.93 steps/s
2024-04-13 13:30:08,702 | TEST LOG: steps 110000, episodes 110, returns 3784.74/3766.97/3750.12/3872.61/5 (mean/median/min/max/num), 70.93 steps/s
INFO:root:Normalized LOG: steps 110000, episodes 110, returns 0.82/0.82/0.82/0.84/5 (mean/median/min/max/num), 70.93 steps/s
2024-04-13 13:30:08,702 | Normalized LOG: steps 110000, episodes 110, returns 0.82/0.82/0.82/0.84/5 (mean/median/min/max/num), 70.93 steps/s
INFO:root:TRAIN LOG: steps 120000, episodes 120, returns 0.00/0.00/0.00/0.00/5 (mean/median/min/max/num), 70.93 steps/s
2024-04-13 13:32:29,684 | TRAIN LOG: steps 120000, episodes 120, returns 0.00/0.00/0.00/0.00/5 (mean/median/min/max/num), 70.93 steps/s
INFO:root:TEST LOG: steps 120000, episodes 120, returns 2931.55/2614.29/1703.21/3989.41/5 (mean/median/min/max/num), 70.93 steps/s
2024-04-13 13:32:31,265 | TEST LOG: steps 120000, episodes 120, returns 2931.55/2614.29/1703.21/3989.41/5 (mean/median/min/max/num), 70.93 steps/s
INFO:root:Normalized LOG: steps 120000, episodes 120, returns 0.64/0.57/0.37/0.87/5 (mean/median/min/max/num), 70.93 steps/s
2024-04-13 13:32:31,265 | Normalized LOG: steps 120000, episodes 120, returns 0.64/0.57/0.37/0.87/5 (mean/median/min/max/num), 70.93 steps/s
INFO:root:TRAIN LOG: steps 130000, episodes 130, returns 0.00/0.00/0.00/0.00/5 (mean/median/min/max/num), 70.97 steps/s
2024-04-13 13:34:52,177 | TRAIN LOG: steps 130000, episodes 130, returns 0.00/0.00/0.00/0.00/5 (mean/median/min/max/num), 70.97 steps/s
INFO:root:TEST LOG: steps 130000, episodes 130, returns 3970.58/4012.98/3814.29/4039.72/5 (mean/median/min/max/num), 70.97 steps/s
2024-04-13 13:34:54,291 | TEST LOG: steps 130000, episodes 130, returns 3970.58/4012.98/3814.29/4039.72/5 (mean/median/min/max/num), 70.97 steps/s
INFO:root:Normalized LOG: steps 130000, episodes 130, returns 0.86/0.87/0.83/0.88/5 (mean/median/min/max/num), 70.97 steps/s
2024-04-13 13:34:54,291 | Normalized LOG: steps 130000, episodes 130, returns 0.86/0.87/0.83/0.88/5 (mean/median/min/max/num), 70.97 steps/s
INFO:root:TRAIN LOG: steps 140000, episodes 140, returns 0.00/0.00/0.00/0.00/5 (mean/median/min/max/num), 71.17 steps/s
2024-04-13 13:37:14,799 | TRAIN LOG: steps 140000, episodes 140, returns 0.00/0.00/0.00/0.00/5 (mean/median/min/max/num), 71.17 steps/s
INFO:root:TEST LOG: steps 140000, episodes 140, returns 3594.74/3854.60/2372.65/4015.81/5 (mean/median/min/max/num), 71.17 steps/s
2024-04-13 13:37:16,741 | TEST LOG: steps 140000, episodes 140, returns 3594.74/3854.60/2372.65/4015.81/5 (mean/median/min/max/num), 71.17 steps/s
INFO:root:Normalized LOG: steps 140000, episodes 140, returns 0.78/0.84/0.52/0.87/5 (mean/median/min/max/num), 71.17 steps/s
2024-04-13 13:37:16,741 | Normalized LOG: steps 140000, episodes 140, returns 0.78/0.84/0.52/0.87/5 (mean/median/min/max/num), 71.17 steps/s
INFO:root:TRAIN LOG: steps 150000, episodes 150, returns 0.00/0.00/0.00/0.00/5 (mean/median/min/max/num), 71.01 steps/s
2024-04-13 13:39:37,576 | TRAIN LOG: steps 150000, episodes 150, returns 0.00/0.00/0.00/0.00/5 (mean/median/min/max/num), 71.01 steps/s
INFO:root:TEST LOG: steps 150000, episodes 150, returns 3574.29/3666.44/2830.62/4015.58/5 (mean/median/min/max/num), 71.01 steps/s
2024-04-13 13:39:39,577 | TEST LOG: steps 150000, episodes 150, returns 3574.29/3666.44/2830.62/4015.58/5 (mean/median/min/max/num), 71.01 steps/s
INFO:root:Normalized LOG: steps 150000, episodes 150, returns 0.78/0.80/0.62/0.87/5 (mean/median/min/max/num), 71.01 steps/s
2024-04-13 13:39:39,577 | Normalized LOG: steps 150000, episodes 150, returns 0.78/0.80/0.62/0.87/5 (mean/median/min/max/num), 71.01 steps/s
INFO:root:TRAIN LOG: steps 160000, episodes 160, returns 0.00/0.00/0.00/0.00/5 (mean/median/min/max/num), 71.05 steps/s
2024-04-13 13:42:00,330 | TRAIN LOG: steps 160000, episodes 160, returns 0.00/0.00/0.00/0.00/5 (mean/median/min/max/num), 71.05 steps/s
INFO:root:TEST LOG: steps 160000, episodes 160, returns 3891.80/3922.76/3810.87/3962.41/5 (mean/median/min/max/num), 71.05 steps/s
2024-04-13 13:42:02,445 | TEST LOG: steps 160000, episodes 160, returns 3891.80/3922.76/3810.87/3962.41/5 (mean/median/min/max/num), 71.05 steps/s
INFO:root:Normalized LOG: steps 160000, episodes 160, returns 0.85/0.85/0.83/0.86/5 (mean/median/min/max/num), 71.05 steps/s
2024-04-13 13:42:02,445 | Normalized LOG: steps 160000, episodes 160, returns 0.85/0.85/0.83/0.86/5 (mean/median/min/max/num), 71.05 steps/s
INFO:root:TRAIN LOG: steps 170000, episodes 170, returns 0.00/0.00/0.00/0.00/5 (mean/median/min/max/num), 70.92 steps/s
2024-04-13 13:44:23,444 | TRAIN LOG: steps 170000, episodes 170, returns 0.00/0.00/0.00/0.00/5 (mean/median/min/max/num), 70.92 steps/s
INFO:root:TEST LOG: steps 170000, episodes 170, returns 3686.33/3680.93/3600.42/3802.29/5 (mean/median/min/max/num), 70.92 steps/s
2024-04-13 13:44:25,560 | TEST LOG: steps 170000, episodes 170, returns 3686.33/3680.93/3600.42/3802.29/5 (mean/median/min/max/num), 70.92 steps/s
INFO:root:Normalized LOG: steps 170000, episodes 170, returns 0.80/0.80/0.78/0.83/5 (mean/median/min/max/num), 70.92 steps/s
2024-04-13 13:44:25,561 | Normalized LOG: steps 170000, episodes 170, returns 0.80/0.80/0.78/0.83/5 (mean/median/min/max/num), 70.92 steps/s
INFO:root:TRAIN LOG: steps 180000, episodes 180, returns 0.00/0.00/0.00/0.00/5 (mean/median/min/max/num), 71.12 steps/s
2024-04-13 13:46:46,177 | TRAIN LOG: steps 180000, episodes 180, returns 0.00/0.00/0.00/0.00/5 (mean/median/min/max/num), 71.12 steps/s
INFO:root:TEST LOG: steps 180000, episodes 180, returns 3204.02/3852.09/1933.75/4074.98/5 (mean/median/min/max/num), 71.12 steps/s
2024-04-13 13:46:47,901 | TEST LOG: steps 180000, episodes 180, returns 3204.02/3852.09/1933.75/4074.98/5 (mean/median/min/max/num), 71.12 steps/s
INFO:root:Normalized LOG: steps 180000, episodes 180, returns 0.70/0.84/0.42/0.89/5 (mean/median/min/max/num), 71.12 steps/s
2024-04-13 13:46:47,901 | Normalized LOG: steps 180000, episodes 180, returns 0.70/0.84/0.42/0.89/5 (mean/median/min/max/num), 71.12 steps/s
INFO:root:TRAIN LOG: steps 190000, episodes 190, returns 0.00/0.00/0.00/0.00/5 (mean/median/min/max/num), 70.96 steps/s
2024-04-13 13:49:08,828 | TRAIN LOG: steps 190000, episodes 190, returns 0.00/0.00/0.00/0.00/5 (mean/median/min/max/num), 70.96 steps/s
INFO:root:TEST LOG: steps 190000, episodes 190, returns 3933.55/3930.05/3915.10/3948.14/5 (mean/median/min/max/num), 70.96 steps/s
2024-04-13 13:49:11,045 | TEST LOG: steps 190000, episodes 190, returns 3933.55/3930.05/3915.10/3948.14/5 (mean/median/min/max/num), 70.96 steps/s
INFO:root:Normalized LOG: steps 190000, episodes 190, returns 0.86/0.86/0.85/0.86/5 (mean/median/min/max/num), 70.96 steps/s
2024-04-13 13:49:11,046 | Normalized LOG: steps 190000, episodes 190, returns 0.86/0.86/0.85/0.86/5 (mean/median/min/max/num), 70.96 steps/s
INFO:root:TRAIN LOG: steps 200000, episodes 200, returns 0.00/0.00/0.00/0.00/5 (mean/median/min/max/num), 71.19 steps/s
2024-04-13 13:51:31,508 | TRAIN LOG: steps 200000, episodes 200, returns 0.00/0.00/0.00/0.00/5 (mean/median/min/max/num), 71.19 steps/s
INFO:root:TEST LOG: steps 200000, episodes 200, returns 3170.58/3788.07/739.65/3885.84/5 (mean/median/min/max/num), 71.19 steps/s
2024-04-13 13:51:33,266 | TEST LOG: steps 200000, episodes 200, returns 3170.58/3788.07/739.65/3885.84/5 (mean/median/min/max/num), 71.19 steps/s
INFO:root:Normalized LOG: steps 200000, episodes 200, returns 0.69/0.82/0.16/0.85/5 (mean/median/min/max/num), 71.19 steps/s
2024-04-13 13:51:33,266 | Normalized LOG: steps 200000, episodes 200, returns 0.69/0.82/0.16/0.85/5 (mean/median/min/max/num), 71.19 steps/s
INFO:root:TRAIN LOG: steps 210000, episodes 210, returns 0.00/0.00/0.00/0.00/5 (mean/median/min/max/num), 71.06 steps/s
2024-04-13 13:53:53,989 | TRAIN LOG: steps 210000, episodes 210, returns 0.00/0.00/0.00/0.00/5 (mean/median/min/max/num), 71.06 steps/s
INFO:root:TEST LOG: steps 210000, episodes 210, returns 3848.51/3879.59/3677.46/3928.97/5 (mean/median/min/max/num), 71.06 steps/s
2024-04-13 13:53:56,106 | TEST LOG: steps 210000, episodes 210, returns 3848.51/3879.59/3677.46/3928.97/5 (mean/median/min/max/num), 71.06 steps/s
INFO:root:Normalized LOG: steps 210000, episodes 210, returns 0.84/0.84/0.80/0.86/5 (mean/median/min/max/num), 71.06 steps/s
2024-04-13 13:53:56,106 | Normalized LOG: steps 210000, episodes 210, returns 0.84/0.84/0.80/0.86/5 (mean/median/min/max/num), 71.06 steps/s
INFO:root:TRAIN LOG: steps 220000, episodes 220, returns 0.00/0.00/0.00/0.00/5 (mean/median/min/max/num), 70.91 steps/s
2024-04-13 13:56:17,121 | TRAIN LOG: steps 220000, episodes 220, returns 0.00/0.00/0.00/0.00/5 (mean/median/min/max/num), 70.91 steps/s
INFO:root:TEST LOG: steps 220000, episodes 220, returns 3771.61/3811.95/3597.13/3924.02/5 (mean/median/min/max/num), 70.91 steps/s
2024-04-13 13:56:19,243 | TEST LOG: steps 220000, episodes 220, returns 3771.61/3811.95/3597.13/3924.02/5 (mean/median/min/max/num), 70.91 steps/s
INFO:root:Normalized LOG: steps 220000, episodes 220, returns 0.82/0.83/0.78/0.85/5 (mean/median/min/max/num), 70.91 steps/s
2024-04-13 13:56:19,243 | Normalized LOG: steps 220000, episodes 220, returns 0.82/0.83/0.78/0.85/5 (mean/median/min/max/num), 70.91 steps/s
INFO:root:TRAIN LOG: steps 230000, episodes 230, returns 0.00/0.00/0.00/0.00/5 (mean/median/min/max/num), 70.84 steps/s
2024-04-13 13:58:40,403 | TRAIN LOG: steps 230000, episodes 230, returns 0.00/0.00/0.00/0.00/5 (mean/median/min/max/num), 70.84 steps/s
INFO:root:TEST LOG: steps 230000, episodes 230, returns 3903.84/3922.40/3809.21/3956.81/5 (mean/median/min/max/num), 70.84 steps/s
2024-04-13 13:58:42,520 | TEST LOG: steps 230000, episodes 230, returns 3903.84/3922.40/3809.21/3956.81/5 (mean/median/min/max/num), 70.84 steps/s
INFO:root:Normalized LOG: steps 230000, episodes 230, returns 0.85/0.85/0.83/0.86/5 (mean/median/min/max/num), 70.84 steps/s
2024-04-13 13:58:42,520 | Normalized LOG: steps 230000, episodes 230, returns 0.85/0.85/0.83/0.86/5 (mean/median/min/max/num), 70.84 steps/s
INFO:root:TRAIN LOG: steps 240000, episodes 240, returns 0.00/0.00/0.00/0.00/5 (mean/median/min/max/num), 71.18 steps/s
2024-04-13 14:01:03,006 | TRAIN LOG: steps 240000, episodes 240, returns 0.00/0.00/0.00/0.00/5 (mean/median/min/max/num), 71.18 steps/s
INFO:root:TEST LOG: steps 240000, episodes 240, returns 3871.30/3885.98/3689.92/4013.32/5 (mean/median/min/max/num), 71.18 steps/s
2024-04-13 14:01:05,123 | TEST LOG: steps 240000, episodes 240, returns 3871.30/3885.98/3689.92/4013.32/5 (mean/median/min/max/num), 71.18 steps/s
INFO:root:Normalized LOG: steps 240000, episodes 240, returns 0.84/0.85/0.80/0.87/5 (mean/median/min/max/num), 71.18 steps/s
2024-04-13 14:01:05,123 | Normalized LOG: steps 240000, episodes 240, returns 0.84/0.85/0.80/0.87/5 (mean/median/min/max/num), 71.18 steps/s
INFO:root:TRAIN LOG: steps 250000, episodes 250, returns 0.00/0.00/0.00/0.00/5 (mean/median/min/max/num), 70.85 steps/s
2024-04-13 14:03:26,261 | TRAIN LOG: steps 250000, episodes 250, returns 0.00/0.00/0.00/0.00/5 (mean/median/min/max/num), 70.85 steps/s
INFO:root:TEST LOG: steps 250000, episodes 250, returns 3746.29/3761.87/3581.21/3864.65/5 (mean/median/min/max/num), 70.85 steps/s
2024-04-13 14:03:28,385 | TEST LOG: steps 250000, episodes 250, returns 3746.29/3761.87/3581.21/3864.65/5 (mean/median/min/max/num), 70.85 steps/s
INFO:root:Normalized LOG: steps 250000, episodes 250, returns 0.82/0.82/0.78/0.84/5 (mean/median/min/max/num), 70.85 steps/s
2024-04-13 14:03:28,385 | Normalized LOG: steps 250000, episodes 250, returns 0.82/0.82/0.78/0.84/5 (mean/median/min/max/num), 70.85 steps/s
INFO:root:TRAIN LOG: steps 260000, episodes 260, returns 0.00/0.00/0.00/0.00/5 (mean/median/min/max/num), 70.84 steps/s
2024-04-13 14:05:49,550 | TRAIN LOG: steps 260000, episodes 260, returns 0.00/0.00/0.00/0.00/5 (mean/median/min/max/num), 70.84 steps/s
INFO:root:TEST LOG: steps 260000, episodes 260, returns 3547.13/3578.21/3436.75/3632.30/5 (mean/median/min/max/num), 70.84 steps/s
2024-04-13 14:05:51,672 | TEST LOG: steps 260000, episodes 260, returns 3547.13/3578.21/3436.75/3632.30/5 (mean/median/min/max/num), 70.84 steps/s
INFO:root:Normalized LOG: steps 260000, episodes 260, returns 0.77/0.78/0.75/0.79/5 (mean/median/min/max/num), 70.84 steps/s
2024-04-13 14:05:51,673 | Normalized LOG: steps 260000, episodes 260, returns 0.77/0.78/0.75/0.79/5 (mean/median/min/max/num), 70.84 steps/s
INFO:root:TRAIN LOG: steps 270000, episodes 270, returns 0.00/0.00/0.00/0.00/5 (mean/median/min/max/num), 70.82 steps/s
2024-04-13 14:08:12,871 | TRAIN LOG: steps 270000, episodes 270, returns 0.00/0.00/0.00/0.00/5 (mean/median/min/max/num), 70.82 steps/s
INFO:root:TEST LOG: steps 270000, episodes 270, returns 3852.70/3865.44/3742.99/3962.37/5 (mean/median/min/max/num), 70.82 steps/s
2024-04-13 14:08:14,989 | TEST LOG: steps 270000, episodes 270, returns 3852.70/3865.44/3742.99/3962.37/5 (mean/median/min/max/num), 70.82 steps/s
INFO:root:Normalized LOG: steps 270000, episodes 270, returns 0.84/0.84/0.81/0.86/5 (mean/median/min/max/num), 70.82 steps/s
2024-04-13 14:08:14,989 | Normalized LOG: steps 270000, episodes 270, returns 0.84/0.84/0.81/0.86/5 (mean/median/min/max/num), 70.82 steps/s
INFO:root:TRAIN LOG: steps 280000, episodes 280, returns 0.00/0.00/0.00/0.00/5 (mean/median/min/max/num), 70.85 steps/s
2024-04-13 14:10:36,135 | TRAIN LOG: steps 280000, episodes 280, returns 0.00/0.00/0.00/0.00/5 (mean/median/min/max/num), 70.85 steps/s
INFO:root:TEST LOG: steps 280000, episodes 280, returns 3858.20/3882.31/3761.71/3913.35/5 (mean/median/min/max/num), 70.85 steps/s
2024-04-13 14:10:38,253 | TEST LOG: steps 280000, episodes 280, returns 3858.20/3882.31/3761.71/3913.35/5 (mean/median/min/max/num), 70.85 steps/s
INFO:root:Normalized LOG: steps 280000, episodes 280, returns 0.84/0.85/0.82/0.85/5 (mean/median/min/max/num), 70.85 steps/s
2024-04-13 14:10:38,254 | Normalized LOG: steps 280000, episodes 280, returns 0.84/0.85/0.82/0.85/5 (mean/median/min/max/num), 70.85 steps/s
INFO:root:TRAIN LOG: steps 290000, episodes 290, returns 0.00/0.00/0.00/0.00/5 (mean/median/min/max/num), 71.03 steps/s
2024-04-13 14:12:59,034 | TRAIN LOG: steps 290000, episodes 290, returns 0.00/0.00/0.00/0.00/5 (mean/median/min/max/num), 71.03 steps/s
INFO:root:TEST LOG: steps 290000, episodes 290, returns 3503.59/3440.39/3343.60/3703.36/5 (mean/median/min/max/num), 71.03 steps/s
2024-04-13 14:13:01,150 | TEST LOG: steps 290000, episodes 290, returns 3503.59/3440.39/3343.60/3703.36/5 (mean/median/min/max/num), 71.03 steps/s
INFO:root:Normalized LOG: steps 290000, episodes 290, returns 0.76/0.75/0.73/0.81/5 (mean/median/min/max/num), 71.03 steps/s
2024-04-13 14:13:01,151 | Normalized LOG: steps 290000, episodes 290, returns 0.76/0.75/0.73/0.81/5 (mean/median/min/max/num), 71.03 steps/s
INFO:root:TRAIN LOG: steps 300000, episodes 300, returns 0.00/0.00/0.00/0.00/5 (mean/median/min/max/num), 70.80 steps/s
2024-04-13 14:15:22,394 | TRAIN LOG: steps 300000, episodes 300, returns 0.00/0.00/0.00/0.00/5 (mean/median/min/max/num), 70.80 steps/s
INFO:root:TEST LOG: steps 300000, episodes 300, returns 3372.81/3388.75/3298.96/3406.02/5 (mean/median/min/max/num), 70.80 steps/s
2024-04-13 14:15:24,521 | TEST LOG: steps 300000, episodes 300, returns 3372.81/3388.75/3298.96/3406.02/5 (mean/median/min/max/num), 70.80 steps/s
INFO:root:Normalized LOG: steps 300000, episodes 300, returns 0.73/0.74/0.72/0.74/5 (mean/median/min/max/num), 70.80 steps/s
2024-04-13 14:15:24,521 | Normalized LOG: steps 300000, episodes 300, returns 0.73/0.74/0.72/0.74/5 (mean/median/min/max/num), 70.80 steps/s
INFO:root:TRAIN LOG: steps 310000, episodes 310, returns 0.00/0.00/0.00/0.00/5 (mean/median/min/max/num), 70.83 steps/s
2024-04-13 14:17:45,708 | TRAIN LOG: steps 310000, episodes 310, returns 0.00/0.00/0.00/0.00/5 (mean/median/min/max/num), 70.83 steps/s
INFO:root:TEST LOG: steps 310000, episodes 310, returns 3752.69/3762.50/3651.17/3798.92/5 (mean/median/min/max/num), 70.83 steps/s
2024-04-13 14:17:47,824 | TEST LOG: steps 310000, episodes 310, returns 3752.69/3762.50/3651.17/3798.92/5 (mean/median/min/max/num), 70.83 steps/s
INFO:root:Normalized LOG: steps 310000, episodes 310, returns 0.82/0.82/0.79/0.83/5 (mean/median/min/max/num), 70.83 steps/s
2024-04-13 14:17:47,824 | Normalized LOG: steps 310000, episodes 310, returns 0.82/0.82/0.79/0.83/5 (mean/median/min/max/num), 70.83 steps/s
INFO:root:TRAIN LOG: steps 320000, episodes 320, returns 0.00/0.00/0.00/0.00/5 (mean/median/min/max/num), 70.94 steps/s
2024-04-13 14:20:08,790 | TRAIN LOG: steps 320000, episodes 320, returns 0.00/0.00/0.00/0.00/5 (mean/median/min/max/num), 70.94 steps/s
INFO:root:TEST LOG: steps 320000, episodes 320, returns 3479.11/3450.38/3426.08/3575.47/5 (mean/median/min/max/num), 70.94 steps/s
2024-04-13 14:20:10,910 | TEST LOG: steps 320000, episodes 320, returns 3479.11/3450.38/3426.08/3575.47/5 (mean/median/min/max/num), 70.94 steps/s
INFO:root:Normalized LOG: steps 320000, episodes 320, returns 0.76/0.75/0.75/0.78/5 (mean/median/min/max/num), 70.94 steps/s
2024-04-13 14:20:10,910 | Normalized LOG: steps 320000, episodes 320, returns 0.76/0.75/0.75/0.78/5 (mean/median/min/max/num), 70.94 steps/s
INFO:root:TRAIN LOG: steps 330000, episodes 330, returns 0.00/0.00/0.00/0.00/5 (mean/median/min/max/num), 71.23 steps/s
2024-04-13 14:22:31,295 | TRAIN LOG: steps 330000, episodes 330, returns 0.00/0.00/0.00/0.00/5 (mean/median/min/max/num), 71.23 steps/s
INFO:root:TEST LOG: steps 330000, episodes 330, returns 3712.10/3727.34/3645.23/3768.46/5 (mean/median/min/max/num), 71.23 steps/s
2024-04-13 14:22:33,414 | TEST LOG: steps 330000, episodes 330, returns 3712.10/3727.34/3645.23/3768.46/5 (mean/median/min/max/num), 71.23 steps/s
INFO:root:Normalized LOG: steps 330000, episodes 330, returns 0.81/0.81/0.79/0.82/5 (mean/median/min/max/num), 71.23 steps/s
2024-04-13 14:22:33,414 | Normalized LOG: steps 330000, episodes 330, returns 0.81/0.81/0.79/0.82/5 (mean/median/min/max/num), 71.23 steps/s
INFO:root:TRAIN LOG: steps 340000, episodes 340, returns 0.00/0.00/0.00/0.00/5 (mean/median/min/max/num), 71.26 steps/s
2024-04-13 14:24:53,737 | TRAIN LOG: steps 340000, episodes 340, returns 0.00/0.00/0.00/0.00/5 (mean/median/min/max/num), 71.26 steps/s
INFO:root:TEST LOG: steps 340000, episodes 340, returns 3796.14/3903.84/3580.56/3980.25/5 (mean/median/min/max/num), 71.26 steps/s
2024-04-13 14:24:55,853 | TEST LOG: steps 340000, episodes 340, returns 3796.14/3903.84/3580.56/3980.25/5 (mean/median/min/max/num), 71.26 steps/s
INFO:root:Normalized LOG: steps 340000, episodes 340, returns 0.83/0.85/0.78/0.87/5 (mean/median/min/max/num), 71.26 steps/s
2024-04-13 14:24:55,853 | Normalized LOG: steps 340000, episodes 340, returns 0.83/0.85/0.78/0.87/5 (mean/median/min/max/num), 71.26 steps/s
INFO:root:TRAIN LOG: steps 350000, episodes 350, returns 0.00/0.00/0.00/0.00/5 (mean/median/min/max/num), 70.95 steps/s
2024-04-13 14:27:16,791 | TRAIN LOG: steps 350000, episodes 350, returns 0.00/0.00/0.00/0.00/5 (mean/median/min/max/num), 70.95 steps/s
INFO:root:TEST LOG: steps 350000, episodes 350, returns 3842.08/3920.85/3357.46/4062.00/5 (mean/median/min/max/num), 70.95 steps/s
2024-04-13 14:27:18,884 | TEST LOG: steps 350000, episodes 350, returns 3842.08/3920.85/3357.46/4062.00/5 (mean/median/min/max/num), 70.95 steps/s
INFO:root:Normalized LOG: steps 350000, episodes 350, returns 0.84/0.85/0.73/0.88/5 (mean/median/min/max/num), 70.95 steps/s
2024-04-13 14:27:18,884 | Normalized LOG: steps 350000, episodes 350, returns 0.84/0.85/0.73/0.88/5 (mean/median/min/max/num), 70.95 steps/s
INFO:root:TRAIN LOG: steps 360000, episodes 360, returns 0.00/0.00/0.00/0.00/5 (mean/median/min/max/num), 70.84 steps/s
2024-04-13 14:29:40,042 | TRAIN LOG: steps 360000, episodes 360, returns 0.00/0.00/0.00/0.00/5 (mean/median/min/max/num), 70.84 steps/s
INFO:root:TEST LOG: steps 360000, episodes 360, returns 3809.05/3800.18/3702.54/3945.40/5 (mean/median/min/max/num), 70.84 steps/s
2024-04-13 14:29:42,159 | TEST LOG: steps 360000, episodes 360, returns 3809.05/3800.18/3702.54/3945.40/5 (mean/median/min/max/num), 70.84 steps/s
INFO:root:Normalized LOG: steps 360000, episodes 360, returns 0.83/0.83/0.81/0.86/5 (mean/median/min/max/num), 70.84 steps/s
2024-04-13 14:29:42,159 | Normalized LOG: steps 360000, episodes 360, returns 0.83/0.83/0.81/0.86/5 (mean/median/min/max/num), 70.84 steps/s
INFO:root:TRAIN LOG: steps 370000, episodes 370, returns 0.00/0.00/0.00/0.00/5 (mean/median/min/max/num), 71.05 steps/s
2024-04-13 14:32:02,907 | TRAIN LOG: steps 370000, episodes 370, returns 0.00/0.00/0.00/0.00/5 (mean/median/min/max/num), 71.05 steps/s
INFO:root:TEST LOG: steps 370000, episodes 370, returns 3585.20/3579.28/3575.31/3602.79/5 (mean/median/min/max/num), 71.05 steps/s
2024-04-13 14:32:05,031 | TEST LOG: steps 370000, episodes 370, returns 3585.20/3579.28/3575.31/3602.79/5 (mean/median/min/max/num), 71.05 steps/s
INFO:root:Normalized LOG: steps 370000, episodes 370, returns 0.78/0.78/0.78/0.78/5 (mean/median/min/max/num), 71.05 steps/s
2024-04-13 14:32:05,031 | Normalized LOG: steps 370000, episodes 370, returns 0.78/0.78/0.78/0.78/5 (mean/median/min/max/num), 71.05 steps/s
INFO:root:TRAIN LOG: steps 380000, episodes 380, returns 0.00/0.00/0.00/0.00/5 (mean/median/min/max/num), 70.94 steps/s
2024-04-13 14:34:25,995 | TRAIN LOG: steps 380000, episodes 380, returns 0.00/0.00/0.00/0.00/5 (mean/median/min/max/num), 70.94 steps/s
INFO:root:TEST LOG: steps 380000, episodes 380, returns 3623.50/3545.47/3532.07/3916.69/5 (mean/median/min/max/num), 70.94 steps/s
2024-04-13 14:34:28,114 | TEST LOG: steps 380000, episodes 380, returns 3623.50/3545.47/3532.07/3916.69/5 (mean/median/min/max/num), 70.94 steps/s
INFO:root:Normalized LOG: steps 380000, episodes 380, returns 0.79/0.77/0.77/0.85/5 (mean/median/min/max/num), 70.94 steps/s
2024-04-13 14:34:28,114 | Normalized LOG: steps 380000, episodes 380, returns 0.79/0.77/0.77/0.85/5 (mean/median/min/max/num), 70.94 steps/s
INFO:root:TRAIN LOG: steps 390000, episodes 390, returns 0.00/0.00/0.00/0.00/5 (mean/median/min/max/num), 70.87 steps/s
2024-04-13 14:36:49,209 | TRAIN LOG: steps 390000, episodes 390, returns 0.00/0.00/0.00/0.00/5 (mean/median/min/max/num), 70.87 steps/s
INFO:root:TEST LOG: steps 390000, episodes 390, returns 3714.80/3726.08/3577.51/3846.27/5 (mean/median/min/max/num), 70.87 steps/s
2024-04-13 14:36:51,325 | TEST LOG: steps 390000, episodes 390, returns 3714.80/3726.08/3577.51/3846.27/5 (mean/median/min/max/num), 70.87 steps/s
INFO:root:Normalized LOG: steps 390000, episodes 390, returns 0.81/0.81/0.78/0.84/5 (mean/median/min/max/num), 70.87 steps/s
2024-04-13 14:36:51,325 | Normalized LOG: steps 390000, episodes 390, returns 0.81/0.81/0.78/0.84/5 (mean/median/min/max/num), 70.87 steps/s
INFO:root:TRAIN LOG: steps 400000, episodes 400, returns 0.00/0.00/0.00/0.00/5 (mean/median/min/max/num), 71.10 steps/s
2024-04-13 14:39:11,980 | TRAIN LOG: steps 400000, episodes 400, returns 0.00/0.00/0.00/0.00/5 (mean/median/min/max/num), 71.10 steps/s
INFO:root:TEST LOG: steps 400000, episodes 400, returns 3422.34/3432.17/3306.06/3574.30/5 (mean/median/min/max/num), 71.10 steps/s
2024-04-13 14:39:14,102 | TEST LOG: steps 400000, episodes 400, returns 3422.34/3432.17/3306.06/3574.30/5 (mean/median/min/max/num), 71.10 steps/s
INFO:root:Normalized LOG: steps 400000, episodes 400, returns 0.75/0.75/0.72/0.78/5 (mean/median/min/max/num), 71.10 steps/s
2024-04-13 14:39:14,102 | Normalized LOG: steps 400000, episodes 400, returns 0.75/0.75/0.72/0.78/5 (mean/median/min/max/num), 71.10 steps/s
INFO:root:TRAIN LOG: steps 410000, episodes 410, returns 0.00/0.00/0.00/0.00/5 (mean/median/min/max/num), 70.92 steps/s
2024-04-13 14:41:35,108 | TRAIN LOG: steps 410000, episodes 410, returns 0.00/0.00/0.00/0.00/5 (mean/median/min/max/num), 70.92 steps/s
INFO:root:TEST LOG: steps 410000, episodes 410, returns 3440.17/3871.38/1669.68/3943.60/5 (mean/median/min/max/num), 70.92 steps/s
2024-04-13 14:41:37,005 | TEST LOG: steps 410000, episodes 410, returns 3440.17/3871.38/1669.68/3943.60/5 (mean/median/min/max/num), 70.92 steps/s
INFO:root:Normalized LOG: steps 410000, episodes 410, returns 0.75/0.84/0.36/0.86/5 (mean/median/min/max/num), 70.92 steps/s
2024-04-13 14:41:37,005 | Normalized LOG: steps 410000, episodes 410, returns 0.75/0.84/0.36/0.86/5 (mean/median/min/max/num), 70.92 steps/s
INFO:root:TRAIN LOG: steps 420000, episodes 420, returns 0.00/0.00/0.00/0.00/5 (mean/median/min/max/num), 71.00 steps/s
2024-04-13 14:43:57,855 | TRAIN LOG: steps 420000, episodes 420, returns 0.00/0.00/0.00/0.00/5 (mean/median/min/max/num), 71.00 steps/s
INFO:root:TEST LOG: steps 420000, episodes 420, returns 3555.71/3518.47/3490.24/3668.25/5 (mean/median/min/max/num), 71.00 steps/s
2024-04-13 14:43:59,978 | TEST LOG: steps 420000, episodes 420, returns 3555.71/3518.47/3490.24/3668.25/5 (mean/median/min/max/num), 71.00 steps/s
INFO:root:Normalized LOG: steps 420000, episodes 420, returns 0.77/0.77/0.76/0.80/5 (mean/median/min/max/num), 71.00 steps/s
2024-04-13 14:43:59,978 | Normalized LOG: steps 420000, episodes 420, returns 0.77/0.77/0.76/0.80/5 (mean/median/min/max/num), 71.00 steps/s
INFO:root:TRAIN LOG: steps 430000, episodes 430, returns 0.00/0.00/0.00/0.00/5 (mean/median/min/max/num), 71.24 steps/s
2024-04-13 14:46:20,350 | TRAIN LOG: steps 430000, episodes 430, returns 0.00/0.00/0.00/0.00/5 (mean/median/min/max/num), 71.24 steps/s
INFO:root:TEST LOG: steps 430000, episodes 430, returns 3991.84/4019.69/3827.11/4065.65/5 (mean/median/min/max/num), 71.24 steps/s
2024-04-13 14:46:22,467 | TEST LOG: steps 430000, episodes 430, returns 3991.84/4019.69/3827.11/4065.65/5 (mean/median/min/max/num), 71.24 steps/s
INFO:root:Normalized LOG: steps 430000, episodes 430, returns 0.87/0.88/0.83/0.89/5 (mean/median/min/max/num), 71.24 steps/s
2024-04-13 14:46:22,467 | Normalized LOG: steps 430000, episodes 430, returns 0.87/0.88/0.83/0.89/5 (mean/median/min/max/num), 71.24 steps/s
INFO:root:TRAIN LOG: steps 440000, episodes 440, returns 0.00/0.00/0.00/0.00/5 (mean/median/min/max/num), 70.98 steps/s
2024-04-13 14:48:43,346 | TRAIN LOG: steps 440000, episodes 440, returns 0.00/0.00/0.00/0.00/5 (mean/median/min/max/num), 70.98 steps/s
INFO:root:TEST LOG: steps 440000, episodes 440, returns 3619.11/3592.95/3531.57/3821.67/5 (mean/median/min/max/num), 70.98 steps/s
2024-04-13 14:48:45,460 | TEST LOG: steps 440000, episodes 440, returns 3619.11/3592.95/3531.57/3821.67/5 (mean/median/min/max/num), 70.98 steps/s
INFO:root:Normalized LOG: steps 440000, episodes 440, returns 0.79/0.78/0.77/0.83/5 (mean/median/min/max/num), 70.98 steps/s
2024-04-13 14:48:45,461 | Normalized LOG: steps 440000, episodes 440, returns 0.79/0.78/0.77/0.83/5 (mean/median/min/max/num), 70.98 steps/s
INFO:root:TRAIN LOG: steps 450000, episodes 450, returns 0.00/0.00/0.00/0.00/5 (mean/median/min/max/num), 70.94 steps/s
2024-04-13 14:51:06,432 | TRAIN LOG: steps 450000, episodes 450, returns 0.00/0.00/0.00/0.00/5 (mean/median/min/max/num), 70.94 steps/s
INFO:root:TEST LOG: steps 450000, episodes 450, returns 3460.75/3445.80/3312.64/3621.25/5 (mean/median/min/max/num), 70.94 steps/s
2024-04-13 14:51:08,646 | TEST LOG: steps 450000, episodes 450, returns 3460.75/3445.80/3312.64/3621.25/5 (mean/median/min/max/num), 70.94 steps/s
INFO:root:Normalized LOG: steps 450000, episodes 450, returns 0.75/0.75/0.72/0.79/5 (mean/median/min/max/num), 70.94 steps/s
2024-04-13 14:51:08,646 | Normalized LOG: steps 450000, episodes 450, returns 0.75/0.75/0.72/0.79/5 (mean/median/min/max/num), 70.94 steps/s
INFO:root:TRAIN LOG: steps 460000, episodes 460, returns 0.00/0.00/0.00/0.00/5 (mean/median/min/max/num), 71.28 steps/s
2024-04-13 14:53:28,942 | TRAIN LOG: steps 460000, episodes 460, returns 0.00/0.00/0.00/0.00/5 (mean/median/min/max/num), 71.28 steps/s
INFO:root:TEST LOG: steps 460000, episodes 460, returns 3437.22/3403.78/3357.95/3559.49/5 (mean/median/min/max/num), 71.28 steps/s
2024-04-13 14:53:31,063 | TEST LOG: steps 460000, episodes 460, returns 3437.22/3403.78/3357.95/3559.49/5 (mean/median/min/max/num), 71.28 steps/s
INFO:root:Normalized LOG: steps 460000, episodes 460, returns 0.75/0.74/0.73/0.78/5 (mean/median/min/max/num), 71.28 steps/s
2024-04-13 14:53:31,063 | Normalized LOG: steps 460000, episodes 460, returns 0.75/0.74/0.73/0.78/5 (mean/median/min/max/num), 71.28 steps/s
INFO:root:TRAIN LOG: steps 470000, episodes 470, returns 0.00/0.00/0.00/0.00/5 (mean/median/min/max/num), 71.27 steps/s
2024-04-13 14:55:51,385 | TRAIN LOG: steps 470000, episodes 470, returns 0.00/0.00/0.00/0.00/5 (mean/median/min/max/num), 71.27 steps/s
INFO:root:TEST LOG: steps 470000, episodes 470, returns 3309.44/3326.89/3251.52/3357.91/5 (mean/median/min/max/num), 71.27 steps/s
2024-04-13 14:55:53,502 | TEST LOG: steps 470000, episodes 470, returns 3309.44/3326.89/3251.52/3357.91/5 (mean/median/min/max/num), 71.27 steps/s
INFO:root:Normalized LOG: steps 470000, episodes 470, returns 0.72/0.72/0.71/0.73/5 (mean/median/min/max/num), 71.27 steps/s
2024-04-13 14:55:53,502 | Normalized LOG: steps 470000, episodes 470, returns 0.72/0.72/0.71/0.73/5 (mean/median/min/max/num), 71.27 steps/s
INFO:root:TRAIN LOG: steps 480000, episodes 480, returns 0.00/0.00/0.00/0.00/5 (mean/median/min/max/num), 71.01 steps/s
2024-04-13 14:58:14,321 | TRAIN LOG: steps 480000, episodes 480, returns 0.00/0.00/0.00/0.00/5 (mean/median/min/max/num), 71.01 steps/s
INFO:root:TEST LOG: steps 480000, episodes 480, returns 3868.80/3895.80/3627.91/4039.88/5 (mean/median/min/max/num), 71.01 steps/s
2024-04-13 14:58:16,437 | TEST LOG: steps 480000, episodes 480, returns 3868.80/3895.80/3627.91/4039.88/5 (mean/median/min/max/num), 71.01 steps/s
INFO:root:Normalized LOG: steps 480000, episodes 480, returns 0.84/0.85/0.79/0.88/5 (mean/median/min/max/num), 71.01 steps/s
2024-04-13 14:58:16,438 | Normalized LOG: steps 480000, episodes 480, returns 0.84/0.85/0.79/0.88/5 (mean/median/min/max/num), 71.01 steps/s
INFO:root:TRAIN LOG: steps 490000, episodes 490, returns 0.00/0.00/0.00/0.00/5 (mean/median/min/max/num), 71.14 steps/s
2024-04-13 15:00:37,006 | TRAIN LOG: steps 490000, episodes 490, returns 0.00/0.00/0.00/0.00/5 (mean/median/min/max/num), 71.14 steps/s
INFO:root:TEST LOG: steps 490000, episodes 490, returns 3342.18/3710.18/1798.81/3797.10/5 (mean/median/min/max/num), 71.14 steps/s
2024-04-13 15:00:38,919 | TEST LOG: steps 490000, episodes 490, returns 3342.18/3710.18/1798.81/3797.10/5 (mean/median/min/max/num), 71.14 steps/s
INFO:root:Normalized LOG: steps 490000, episodes 490, returns 0.73/0.81/0.39/0.83/5 (mean/median/min/max/num), 71.14 steps/s
2024-04-13 15:00:38,919 | Normalized LOG: steps 490000, episodes 490, returns 0.73/0.81/0.39/0.83/5 (mean/median/min/max/num), 71.14 steps/s
INFO:root:TRAIN LOG: steps 500000, episodes 500, returns 0.00/0.00/0.00/0.00/5 (mean/median/min/max/num), 70.99 steps/s
2024-04-13 15:02:59,776 | TRAIN LOG: steps 500000, episodes 500, returns 0.00/0.00/0.00/0.00/5 (mean/median/min/max/num), 70.99 steps/s
INFO:root:TEST LOG: steps 500000, episodes 500, returns 3649.57/3609.30/3544.76/3802.06/5 (mean/median/min/max/num), 70.99 steps/s
2024-04-13 15:03:01,891 | TEST LOG: steps 500000, episodes 500, returns 3649.57/3609.30/3544.76/3802.06/5 (mean/median/min/max/num), 70.99 steps/s
INFO:root:Normalized LOG: steps 500000, episodes 500, returns 0.79/0.79/0.77/0.83/5 (mean/median/min/max/num), 70.99 steps/s
2024-04-13 15:03:01,891 | Normalized LOG: steps 500000, episodes 500, returns 0.79/0.79/0.77/0.83/5 (mean/median/min/max/num), 70.99 steps/s
INFO:root:TRAIN LOG: steps 510000, episodes 510, returns 0.00/0.00/0.00/0.00/5 (mean/median/min/max/num), 71.30 steps/s
2024-04-13 15:05:22,145 | TRAIN LOG: steps 510000, episodes 510, returns 0.00/0.00/0.00/0.00/5 (mean/median/min/max/num), 71.30 steps/s
INFO:root:TEST LOG: steps 510000, episodes 510, returns 3875.72/3909.75/3663.86/4024.91/5 (mean/median/min/max/num), 71.30 steps/s
2024-04-13 15:05:24,257 | TEST LOG: steps 510000, episodes 510, returns 3875.72/3909.75/3663.86/4024.91/5 (mean/median/min/max/num), 71.30 steps/s
INFO:root:Normalized LOG: steps 510000, episodes 510, returns 0.84/0.85/0.80/0.88/5 (mean/median/min/max/num), 71.30 steps/s
2024-04-13 15:05:24,257 | Normalized LOG: steps 510000, episodes 510, returns 0.84/0.85/0.80/0.88/5 (mean/median/min/max/num), 71.30 steps/s
INFO:root:TRAIN LOG: steps 520000, episodes 520, returns 0.00/0.00/0.00/0.00/5 (mean/median/min/max/num), 70.99 steps/s
2024-04-13 15:07:45,130 | TRAIN LOG: steps 520000, episodes 520, returns 0.00/0.00/0.00/0.00/5 (mean/median/min/max/num), 70.99 steps/s
INFO:root:TEST LOG: steps 520000, episodes 520, returns 3792.52/3786.32/3752.47/3836.51/5 (mean/median/min/max/num), 70.99 steps/s
2024-04-13 15:07:47,244 | TEST LOG: steps 520000, episodes 520, returns 3792.52/3786.32/3752.47/3836.51/5 (mean/median/min/max/num), 70.99 steps/s
INFO:root:Normalized LOG: steps 520000, episodes 520, returns 0.83/0.82/0.82/0.84/5 (mean/median/min/max/num), 70.99 steps/s
2024-04-13 15:07:47,245 | Normalized LOG: steps 520000, episodes 520, returns 0.83/0.82/0.82/0.84/5 (mean/median/min/max/num), 70.99 steps/s
INFO:root:TRAIN LOG: steps 530000, episodes 530, returns 0.00/0.00/0.00/0.00/5 (mean/median/min/max/num), 70.91 steps/s
2024-04-13 15:10:08,271 | TRAIN LOG: steps 530000, episodes 530, returns 0.00/0.00/0.00/0.00/5 (mean/median/min/max/num), 70.91 steps/s
INFO:root:TEST LOG: steps 530000, episodes 530, returns 3534.24/3532.95/3337.65/3693.88/5 (mean/median/min/max/num), 70.91 steps/s
2024-04-13 15:10:10,343 | TEST LOG: steps 530000, episodes 530, returns 3534.24/3532.95/3337.65/3693.88/5 (mean/median/min/max/num), 70.91 steps/s
INFO:root:Normalized LOG: steps 530000, episodes 530, returns 0.77/0.77/0.73/0.80/5 (mean/median/min/max/num), 70.91 steps/s
2024-04-13 15:10:10,343 | Normalized LOG: steps 530000, episodes 530, returns 0.77/0.77/0.73/0.80/5 (mean/median/min/max/num), 70.91 steps/s
INFO:root:TRAIN LOG: steps 540000, episodes 540, returns 0.00/0.00/0.00/0.00/5 (mean/median/min/max/num), 71.16 steps/s
2024-04-13 15:12:30,877 | TRAIN LOG: steps 540000, episodes 540, returns 0.00/0.00/0.00/0.00/5 (mean/median/min/max/num), 71.16 steps/s
INFO:root:TEST LOG: steps 540000, episodes 540, returns 3298.06/3297.65/3220.85/3343.88/5 (mean/median/min/max/num), 71.16 steps/s
2024-04-13 15:12:32,994 | TEST LOG: steps 540000, episodes 540, returns 3298.06/3297.65/3220.85/3343.88/5 (mean/median/min/max/num), 71.16 steps/s
INFO:root:Normalized LOG: steps 540000, episodes 540, returns 0.72/0.72/0.70/0.73/5 (mean/median/min/max/num), 71.16 steps/s
2024-04-13 15:12:32,994 | Normalized LOG: steps 540000, episodes 540, returns 0.72/0.72/0.70/0.73/5 (mean/median/min/max/num), 71.16 steps/s
INFO:root:TRAIN LOG: steps 550000, episodes 550, returns 0.00/0.00/0.00/0.00/5 (mean/median/min/max/num), 70.98 steps/s
2024-04-13 15:14:53,884 | TRAIN LOG: steps 550000, episodes 550, returns 0.00/0.00/0.00/0.00/5 (mean/median/min/max/num), 70.98 steps/s
INFO:root:TEST LOG: steps 550000, episodes 550, returns 3666.99/3669.17/3578.30/3744.19/5 (mean/median/min/max/num), 70.98 steps/s
2024-04-13 15:14:56,002 | TEST LOG: steps 550000, episodes 550, returns 3666.99/3669.17/3578.30/3744.19/5 (mean/median/min/max/num), 70.98 steps/s
INFO:root:Normalized LOG: steps 550000, episodes 550, returns 0.80/0.80/0.78/0.82/5 (mean/median/min/max/num), 70.98 steps/s
2024-04-13 15:14:56,003 | Normalized LOG: steps 550000, episodes 550, returns 0.80/0.80/0.78/0.82/5 (mean/median/min/max/num), 70.98 steps/s
INFO:root:TRAIN LOG: steps 560000, episodes 560, returns 0.00/0.00/0.00/0.00/5 (mean/median/min/max/num), 70.98 steps/s
2024-04-13 15:17:16,889 | TRAIN LOG: steps 560000, episodes 560, returns 0.00/0.00/0.00/0.00/5 (mean/median/min/max/num), 70.98 steps/s
INFO:root:TEST LOG: steps 560000, episodes 560, returns 3820.63/3838.29/3716.56/3869.72/5 (mean/median/min/max/num), 70.98 steps/s
2024-04-13 15:17:19,002 | TEST LOG: steps 560000, episodes 560, returns 3820.63/3838.29/3716.56/3869.72/5 (mean/median/min/max/num), 70.98 steps/s
INFO:root:Normalized LOG: steps 560000, episodes 560, returns 0.83/0.84/0.81/0.84/5 (mean/median/min/max/num), 70.98 steps/s
2024-04-13 15:17:19,003 | Normalized LOG: steps 560000, episodes 560, returns 0.83/0.84/0.81/0.84/5 (mean/median/min/max/num), 70.98 steps/s
INFO:root:TRAIN LOG: steps 570000, episodes 570, returns 0.00/0.00/0.00/0.00/5 (mean/median/min/max/num), 71.17 steps/s
2024-04-13 15:19:39,511 | TRAIN LOG: steps 570000, episodes 570, returns 0.00/0.00/0.00/0.00/5 (mean/median/min/max/num), 71.17 steps/s
INFO:root:TEST LOG: steps 570000, episodes 570, returns 3540.21/3605.31/3414.11/3636.73/5 (mean/median/min/max/num), 71.17 steps/s
2024-04-13 15:19:41,627 | TEST LOG: steps 570000, episodes 570, returns 3540.21/3605.31/3414.11/3636.73/5 (mean/median/min/max/num), 71.17 steps/s
INFO:root:Normalized LOG: steps 570000, episodes 570, returns 0.77/0.79/0.74/0.79/5 (mean/median/min/max/num), 71.17 steps/s
2024-04-13 15:19:41,627 | Normalized LOG: steps 570000, episodes 570, returns 0.77/0.79/0.74/0.79/5 (mean/median/min/max/num), 71.17 steps/s
INFO:root:TRAIN LOG: steps 580000, episodes 580, returns 0.00/0.00/0.00/0.00/5 (mean/median/min/max/num), 70.98 steps/s
2024-04-13 15:22:02,520 | TRAIN LOG: steps 580000, episodes 580, returns 0.00/0.00/0.00/0.00/5 (mean/median/min/max/num), 70.98 steps/s
INFO:root:TEST LOG: steps 580000, episodes 580, returns 3564.57/3550.18/3506.83/3633.83/5 (mean/median/min/max/num), 70.98 steps/s
2024-04-13 15:22:04,641 | TEST LOG: steps 580000, episodes 580, returns 3564.57/3550.18/3506.83/3633.83/5 (mean/median/min/max/num), 70.98 steps/s
INFO:root:Normalized LOG: steps 580000, episodes 580, returns 0.78/0.77/0.76/0.79/5 (mean/median/min/max/num), 70.98 steps/s
2024-04-13 15:22:04,641 | Normalized LOG: steps 580000, episodes 580, returns 0.78/0.77/0.76/0.79/5 (mean/median/min/max/num), 70.98 steps/s
INFO:root:TRAIN LOG: steps 590000, episodes 590, returns 0.00/0.00/0.00/0.00/5 (mean/median/min/max/num), 71.23 steps/s
2024-04-13 15:24:25,028 | TRAIN LOG: steps 590000, episodes 590, returns 0.00/0.00/0.00/0.00/5 (mean/median/min/max/num), 71.23 steps/s
INFO:root:TEST LOG: steps 590000, episodes 590, returns 3712.16/3697.28/3561.94/3894.90/5 (mean/median/min/max/num), 71.23 steps/s
2024-04-13 15:24:27,142 | TEST LOG: steps 590000, episodes 590, returns 3712.16/3697.28/3561.94/3894.90/5 (mean/median/min/max/num), 71.23 steps/s
INFO:root:Normalized LOG: steps 590000, episodes 590, returns 0.81/0.81/0.78/0.85/5 (mean/median/min/max/num), 71.23 steps/s
2024-04-13 15:24:27,143 | Normalized LOG: steps 590000, episodes 590, returns 0.81/0.81/0.78/0.85/5 (mean/median/min/max/num), 71.23 steps/s
INFO:root:TRAIN LOG: steps 600000, episodes 600, returns 0.00/0.00/0.00/0.00/5 (mean/median/min/max/num), 70.93 steps/s
2024-04-13 15:26:48,131 | TRAIN LOG: steps 600000, episodes 600, returns 0.00/0.00/0.00/0.00/5 (mean/median/min/max/num), 70.93 steps/s
INFO:root:TEST LOG: steps 600000, episodes 600, returns 3513.21/3504.83/3300.97/3755.53/5 (mean/median/min/max/num), 70.93 steps/s
2024-04-13 15:26:50,247 | TEST LOG: steps 600000, episodes 600, returns 3513.21/3504.83/3300.97/3755.53/5 (mean/median/min/max/num), 70.93 steps/s
INFO:root:Normalized LOG: steps 600000, episodes 600, returns 0.76/0.76/0.72/0.82/5 (mean/median/min/max/num), 70.93 steps/s
2024-04-13 15:26:50,247 | Normalized LOG: steps 600000, episodes 600, returns 0.76/0.76/0.72/0.82/5 (mean/median/min/max/num), 70.93 steps/s
INFO:root:TRAIN LOG: steps 610000, episodes 610, returns 0.00/0.00/0.00/0.00/5 (mean/median/min/max/num), 71.36 steps/s
2024-04-13 15:29:10,391 | TRAIN LOG: steps 610000, episodes 610, returns 0.00/0.00/0.00/0.00/5 (mean/median/min/max/num), 71.36 steps/s
INFO:root:TEST LOG: steps 610000, episodes 610, returns 3412.33/3363.03/3333.11/3535.03/5 (mean/median/min/max/num), 71.36 steps/s
2024-04-13 15:29:12,504 | TEST LOG: steps 610000, episodes 610, returns 3412.33/3363.03/3333.11/3535.03/5 (mean/median/min/max/num), 71.36 steps/s
INFO:root:Normalized LOG: steps 610000, episodes 610, returns 0.74/0.73/0.73/0.77/5 (mean/median/min/max/num), 71.36 steps/s
2024-04-13 15:29:12,504 | Normalized LOG: steps 610000, episodes 610, returns 0.74/0.73/0.73/0.77/5 (mean/median/min/max/num), 71.36 steps/s
INFO:root:TRAIN LOG: steps 620000, episodes 620, returns 0.00/0.00/0.00/0.00/5 (mean/median/min/max/num), 71.42 steps/s
2024-04-13 15:31:32,523 | TRAIN LOG: steps 620000, episodes 620, returns 0.00/0.00/0.00/0.00/5 (mean/median/min/max/num), 71.42 steps/s
INFO:root:TEST LOG: steps 620000, episodes 620, returns 3665.20/3682.97/3596.30/3711.47/5 (mean/median/min/max/num), 71.42 steps/s
2024-04-13 15:31:34,639 | TEST LOG: steps 620000, episodes 620, returns 3665.20/3682.97/3596.30/3711.47/5 (mean/median/min/max/num), 71.42 steps/s
INFO:root:Normalized LOG: steps 620000, episodes 620, returns 0.80/0.80/0.78/0.81/5 (mean/median/min/max/num), 71.42 steps/s
2024-04-13 15:31:34,639 | Normalized LOG: steps 620000, episodes 620, returns 0.80/0.80/0.78/0.81/5 (mean/median/min/max/num), 71.42 steps/s
INFO:root:TRAIN LOG: steps 630000, episodes 630, returns 0.00/0.00/0.00/0.00/5 (mean/median/min/max/num), 71.23 steps/s
2024-04-13 15:33:55,032 | TRAIN LOG: steps 630000, episodes 630, returns 0.00/0.00/0.00/0.00/5 (mean/median/min/max/num), 71.23 steps/s
INFO:root:TEST LOG: steps 630000, episodes 630, returns 3676.15/3725.28/3531.90/3768.62/5 (mean/median/min/max/num), 71.23 steps/s
2024-04-13 15:33:57,146 | TEST LOG: steps 630000, episodes 630, returns 3676.15/3725.28/3531.90/3768.62/5 (mean/median/min/max/num), 71.23 steps/s
INFO:root:Normalized LOG: steps 630000, episodes 630, returns 0.80/0.81/0.77/0.82/5 (mean/median/min/max/num), 71.23 steps/s
2024-04-13 15:33:57,146 | Normalized LOG: steps 630000, episodes 630, returns 0.80/0.81/0.77/0.82/5 (mean/median/min/max/num), 71.23 steps/s
INFO:root:TRAIN LOG: steps 640000, episodes 640, returns 0.00/0.00/0.00/0.00/5 (mean/median/min/max/num), 71.10 steps/s
2024-04-13 15:36:17,794 | TRAIN LOG: steps 640000, episodes 640, returns 0.00/0.00/0.00/0.00/5 (mean/median/min/max/num), 71.10 steps/s
INFO:root:TEST LOG: steps 640000, episodes 640, returns 3913.15/3884.85/3765.33/4124.59/5 (mean/median/min/max/num), 71.10 steps/s
2024-04-13 15:36:19,910 | TEST LOG: steps 640000, episodes 640, returns 3913.15/3884.85/3765.33/4124.59/5 (mean/median/min/max/num), 71.10 steps/s
INFO:root:Normalized LOG: steps 640000, episodes 640, returns 0.85/0.85/0.82/0.90/5 (mean/median/min/max/num), 71.10 steps/s
2024-04-13 15:36:19,911 | Normalized LOG: steps 640000, episodes 640, returns 0.85/0.85/0.82/0.90/5 (mean/median/min/max/num), 71.10 steps/s
INFO:root:TRAIN LOG: steps 650000, episodes 650, returns 0.00/0.00/0.00/0.00/5 (mean/median/min/max/num), 71.23 steps/s
2024-04-13 15:38:40,309 | TRAIN LOG: steps 650000, episodes 650, returns 0.00/0.00/0.00/0.00/5 (mean/median/min/max/num), 71.23 steps/s
INFO:root:TEST LOG: steps 650000, episodes 650, returns 3558.37/3559.17/3328.68/3742.23/5 (mean/median/min/max/num), 71.23 steps/s
2024-04-13 15:38:42,422 | TEST LOG: steps 650000, episodes 650, returns 3558.37/3559.17/3328.68/3742.23/5 (mean/median/min/max/num), 71.23 steps/s
INFO:root:Normalized LOG: steps 650000, episodes 650, returns 0.77/0.77/0.72/0.81/5 (mean/median/min/max/num), 71.23 steps/s
2024-04-13 15:38:42,423 | Normalized LOG: steps 650000, episodes 650, returns 0.77/0.77/0.72/0.81/5 (mean/median/min/max/num), 71.23 steps/s
INFO:root:TRAIN LOG: steps 660000, episodes 660, returns 0.00/0.00/0.00/0.00/5 (mean/median/min/max/num), 71.04 steps/s
2024-04-13 15:41:03,197 | TRAIN LOG: steps 660000, episodes 660, returns 0.00/0.00/0.00/0.00/5 (mean/median/min/max/num), 71.04 steps/s
INFO:root:TEST LOG: steps 660000, episodes 660, returns 3724.45/3704.38/3568.36/3846.76/5 (mean/median/min/max/num), 71.04 steps/s
2024-04-13 15:41:05,315 | TEST LOG: steps 660000, episodes 660, returns 3724.45/3704.38/3568.36/3846.76/5 (mean/median/min/max/num), 71.04 steps/s
INFO:root:Normalized LOG: steps 660000, episodes 660, returns 0.81/0.81/0.78/0.84/5 (mean/median/min/max/num), 71.04 steps/s
2024-04-13 15:41:05,315 | Normalized LOG: steps 660000, episodes 660, returns 0.81/0.81/0.78/0.84/5 (mean/median/min/max/num), 71.04 steps/s
INFO:root:TRAIN LOG: steps 670000, episodes 670, returns 0.00/0.00/0.00/0.00/5 (mean/median/min/max/num), 70.99 steps/s
2024-04-13 15:43:26,178 | TRAIN LOG: steps 670000, episodes 670, returns 0.00/0.00/0.00/0.00/5 (mean/median/min/max/num), 70.99 steps/s
INFO:root:TEST LOG: steps 670000, episodes 670, returns 3751.77/3908.99/3208.61/4113.68/5 (mean/median/min/max/num), 70.99 steps/s
2024-04-13 15:43:28,203 | TEST LOG: steps 670000, episodes 670, returns 3751.77/3908.99/3208.61/4113.68/5 (mean/median/min/max/num), 70.99 steps/s
INFO:root:Normalized LOG: steps 670000, episodes 670, returns 0.82/0.85/0.70/0.90/5 (mean/median/min/max/num), 70.99 steps/s
2024-04-13 15:43:28,203 | Normalized LOG: steps 670000, episodes 670, returns 0.82/0.85/0.70/0.90/5 (mean/median/min/max/num), 70.99 steps/s
INFO:root:TRAIN LOG: steps 680000, episodes 680, returns 0.00/0.00/0.00/0.00/5 (mean/median/min/max/num), 70.97 steps/s
2024-04-13 15:45:49,109 | TRAIN LOG: steps 680000, episodes 680, returns 0.00/0.00/0.00/0.00/5 (mean/median/min/max/num), 70.97 steps/s
INFO:root:TEST LOG: steps 680000, episodes 680, returns 3532.69/3512.69/3341.94/3700.93/5 (mean/median/min/max/num), 70.97 steps/s
2024-04-13 15:45:51,222 | TEST LOG: steps 680000, episodes 680, returns 3532.69/3512.69/3341.94/3700.93/5 (mean/median/min/max/num), 70.97 steps/s
INFO:root:Normalized LOG: steps 680000, episodes 680, returns 0.77/0.76/0.73/0.81/5 (mean/median/min/max/num), 70.97 steps/s
2024-04-13 15:45:51,223 | Normalized LOG: steps 680000, episodes 680, returns 0.77/0.76/0.73/0.81/5 (mean/median/min/max/num), 70.97 steps/s
INFO:root:TRAIN LOG: steps 690000, episodes 690, returns 0.00/0.00/0.00/0.00/5 (mean/median/min/max/num), 71.21 steps/s
2024-04-13 15:48:11,654 | TRAIN LOG: steps 690000, episodes 690, returns 0.00/0.00/0.00/0.00/5 (mean/median/min/max/num), 71.21 steps/s
INFO:root:TEST LOG: steps 690000, episodes 690, returns 3726.19/3715.60/3588.79/3839.55/5 (mean/median/min/max/num), 71.21 steps/s
2024-04-13 15:48:13,767 | TEST LOG: steps 690000, episodes 690, returns 3726.19/3715.60/3588.79/3839.55/5 (mean/median/min/max/num), 71.21 steps/s
INFO:root:Normalized LOG: steps 690000, episodes 690, returns 0.81/0.81/0.78/0.84/5 (mean/median/min/max/num), 71.21 steps/s
2024-04-13 15:48:13,767 | Normalized LOG: steps 690000, episodes 690, returns 0.81/0.81/0.78/0.84/5 (mean/median/min/max/num), 71.21 steps/s
INFO:root:TRAIN LOG: steps 700000, episodes 700, returns 0.00/0.00/0.00/0.00/5 (mean/median/min/max/num), 71.18 steps/s
2024-04-13 15:50:34,257 | TRAIN LOG: steps 700000, episodes 700, returns 0.00/0.00/0.00/0.00/5 (mean/median/min/max/num), 71.18 steps/s
INFO:root:TEST LOG: steps 700000, episodes 700, returns 3949.48/3931.74/3803.80/4115.79/5 (mean/median/min/max/num), 71.18 steps/s
2024-04-13 15:50:36,369 | TEST LOG: steps 700000, episodes 700, returns 3949.48/3931.74/3803.80/4115.79/5 (mean/median/min/max/num), 71.18 steps/s
INFO:root:Normalized LOG: steps 700000, episodes 700, returns 0.86/0.86/0.83/0.90/5 (mean/median/min/max/num), 71.18 steps/s
2024-04-13 15:50:36,369 | Normalized LOG: steps 700000, episodes 700, returns 0.86/0.86/0.83/0.90/5 (mean/median/min/max/num), 71.18 steps/s
INFO:root:TRAIN LOG: steps 710000, episodes 710, returns 0.00/0.00/0.00/0.00/5 (mean/median/min/max/num), 71.26 steps/s
2024-04-13 15:52:56,708 | TRAIN LOG: steps 710000, episodes 710, returns 0.00/0.00/0.00/0.00/5 (mean/median/min/max/num), 71.26 steps/s
INFO:root:TEST LOG: steps 710000, episodes 710, returns 3760.50/3760.64/3681.44/3868.98/5 (mean/median/min/max/num), 71.26 steps/s
2024-04-13 15:52:58,923 | TEST LOG: steps 710000, episodes 710, returns 3760.50/3760.64/3681.44/3868.98/5 (mean/median/min/max/num), 71.26 steps/s
INFO:root:Normalized LOG: steps 710000, episodes 710, returns 0.82/0.82/0.80/0.84/5 (mean/median/min/max/num), 71.26 steps/s
2024-04-13 15:52:58,923 | Normalized LOG: steps 710000, episodes 710, returns 0.82/0.82/0.80/0.84/5 (mean/median/min/max/num), 71.26 steps/s
INFO:root:TRAIN LOG: steps 720000, episodes 720, returns 0.00/0.00/0.00/0.00/5 (mean/median/min/max/num), 71.29 steps/s
2024-04-13 15:55:19,192 | TRAIN LOG: steps 720000, episodes 720, returns 0.00/0.00/0.00/0.00/5 (mean/median/min/max/num), 71.29 steps/s
INFO:root:TEST LOG: steps 720000, episodes 720, returns 3373.53/3597.98/2828.38/3888.68/5 (mean/median/min/max/num), 71.29 steps/s
2024-04-13 15:55:21,125 | TEST LOG: steps 720000, episodes 720, returns 3373.53/3597.98/2828.38/3888.68/5 (mean/median/min/max/num), 71.29 steps/s
INFO:root:Normalized LOG: steps 720000, episodes 720, returns 0.73/0.78/0.62/0.85/5 (mean/median/min/max/num), 71.29 steps/s
2024-04-13 15:55:21,125 | Normalized LOG: steps 720000, episodes 720, returns 0.73/0.78/0.62/0.85/5 (mean/median/min/max/num), 71.29 steps/s
INFO:root:TRAIN LOG: steps 730000, episodes 730, returns 0.00/0.00/0.00/0.00/5 (mean/median/min/max/num), 70.98 steps/s
2024-04-13 15:57:42,002 | TRAIN LOG: steps 730000, episodes 730, returns 0.00/0.00/0.00/0.00/5 (mean/median/min/max/num), 70.98 steps/s
INFO:root:TEST LOG: steps 730000, episodes 730, returns 3756.76/3806.06/3611.17/3891.01/5 (mean/median/min/max/num), 70.98 steps/s
2024-04-13 15:57:44,090 | TEST LOG: steps 730000, episodes 730, returns 3756.76/3806.06/3611.17/3891.01/5 (mean/median/min/max/num), 70.98 steps/s
INFO:root:Normalized LOG: steps 730000, episodes 730, returns 0.82/0.83/0.79/0.85/5 (mean/median/min/max/num), 70.98 steps/s
2024-04-13 15:57:44,090 | Normalized LOG: steps 730000, episodes 730, returns 0.82/0.83/0.79/0.85/5 (mean/median/min/max/num), 70.98 steps/s
INFO:root:TRAIN LOG: steps 740000, episodes 740, returns 0.00/0.00/0.00/0.00/5 (mean/median/min/max/num), 70.93 steps/s
2024-04-13 16:00:05,070 | TRAIN LOG: steps 740000, episodes 740, returns 0.00/0.00/0.00/0.00/5 (mean/median/min/max/num), 70.93 steps/s
INFO:root:TEST LOG: steps 740000, episodes 740, returns 3523.56/3503.50/3362.95/3715.12/5 (mean/median/min/max/num), 70.93 steps/s
2024-04-13 16:00:07,187 | TEST LOG: steps 740000, episodes 740, returns 3523.56/3503.50/3362.95/3715.12/5 (mean/median/min/max/num), 70.93 steps/s
INFO:root:Normalized LOG: steps 740000, episodes 740, returns 0.77/0.76/0.73/0.81/5 (mean/median/min/max/num), 70.93 steps/s
2024-04-13 16:00:07,187 | Normalized LOG: steps 740000, episodes 740, returns 0.77/0.76/0.73/0.81/5 (mean/median/min/max/num), 70.93 steps/s
INFO:root:TRAIN LOG: steps 750000, episodes 750, returns 0.00/0.00/0.00/0.00/5 (mean/median/min/max/num), 70.96 steps/s
2024-04-13 16:02:28,108 | TRAIN LOG: steps 750000, episodes 750, returns 0.00/0.00/0.00/0.00/5 (mean/median/min/max/num), 70.96 steps/s
INFO:root:TEST LOG: steps 750000, episodes 750, returns 3633.75/3762.60/3107.32/3902.96/5 (mean/median/min/max/num), 70.96 steps/s
2024-04-13 16:02:30,141 | TEST LOG: steps 750000, episodes 750, returns 3633.75/3762.60/3107.32/3902.96/5 (mean/median/min/max/num), 70.96 steps/s
INFO:root:Normalized LOG: steps 750000, episodes 750, returns 0.79/0.82/0.68/0.85/5 (mean/median/min/max/num), 70.96 steps/s
2024-04-13 16:02:30,142 | Normalized LOG: steps 750000, episodes 750, returns 0.79/0.82/0.68/0.85/5 (mean/median/min/max/num), 70.96 steps/s
INFO:root:TRAIN LOG: steps 760000, episodes 760, returns 0.00/0.00/0.00/0.00/5 (mean/median/min/max/num), 71.07 steps/s
2024-04-13 16:04:50,855 | TRAIN LOG: steps 760000, episodes 760, returns 0.00/0.00/0.00/0.00/5 (mean/median/min/max/num), 71.07 steps/s
INFO:root:TEST LOG: steps 760000, episodes 760, returns 3753.04/3796.13/3572.69/3852.27/5 (mean/median/min/max/num), 71.07 steps/s
2024-04-13 16:04:52,968 | TEST LOG: steps 760000, episodes 760, returns 3753.04/3796.13/3572.69/3852.27/5 (mean/median/min/max/num), 71.07 steps/s
INFO:root:Normalized LOG: steps 760000, episodes 760, returns 0.82/0.83/0.78/0.84/5 (mean/median/min/max/num), 71.07 steps/s
2024-04-13 16:04:52,968 | Normalized LOG: steps 760000, episodes 760, returns 0.82/0.83/0.78/0.84/5 (mean/median/min/max/num), 71.07 steps/s
INFO:root:TRAIN LOG: steps 770000, episodes 770, returns 0.00/0.00/0.00/0.00/5 (mean/median/min/max/num), 71.17 steps/s
2024-04-13 16:07:13,471 | TRAIN LOG: steps 770000, episodes 770, returns 0.00/0.00/0.00/0.00/5 (mean/median/min/max/num), 71.17 steps/s
INFO:root:TEST LOG: steps 770000, episodes 770, returns 3280.62/3400.25/2176.42/3902.26/5 (mean/median/min/max/num), 71.17 steps/s
2024-04-13 16:07:15,413 | TEST LOG: steps 770000, episodes 770, returns 3280.62/3400.25/2176.42/3902.26/5 (mean/median/min/max/num), 71.17 steps/s
INFO:root:Normalized LOG: steps 770000, episodes 770, returns 0.71/0.74/0.47/0.85/5 (mean/median/min/max/num), 71.17 steps/s
2024-04-13 16:07:15,413 | Normalized LOG: steps 770000, episodes 770, returns 0.71/0.74/0.47/0.85/5 (mean/median/min/max/num), 71.17 steps/s
INFO:root:TRAIN LOG: steps 780000, episodes 780, returns 0.00/0.00/0.00/0.00/5 (mean/median/min/max/num), 71.19 steps/s
2024-04-13 16:09:35,892 | TRAIN LOG: steps 780000, episodes 780, returns 0.00/0.00/0.00/0.00/5 (mean/median/min/max/num), 71.19 steps/s
INFO:root:TEST LOG: steps 780000, episodes 780, returns 3696.72/3761.86/3405.43/3792.73/5 (mean/median/min/max/num), 71.19 steps/s
2024-04-13 16:09:37,954 | TEST LOG: steps 780000, episodes 780, returns 3696.72/3761.86/3405.43/3792.73/5 (mean/median/min/max/num), 71.19 steps/s
INFO:root:Normalized LOG: steps 780000, episodes 780, returns 0.80/0.82/0.74/0.83/5 (mean/median/min/max/num), 71.19 steps/s
2024-04-13 16:09:37,955 | Normalized LOG: steps 780000, episodes 780, returns 0.80/0.82/0.74/0.83/5 (mean/median/min/max/num), 71.19 steps/s
INFO:root:TRAIN LOG: steps 790000, episodes 790, returns 0.00/0.00/0.00/0.00/5 (mean/median/min/max/num), 71.18 steps/s
2024-04-13 16:11:58,435 | TRAIN LOG: steps 790000, episodes 790, returns 0.00/0.00/0.00/0.00/5 (mean/median/min/max/num), 71.18 steps/s
INFO:root:TEST LOG: steps 790000, episodes 790, returns 3810.27/3852.70/3550.67/3918.00/5 (mean/median/min/max/num), 71.18 steps/s
2024-04-13 16:12:00,555 | TEST LOG: steps 790000, episodes 790, returns 3810.27/3852.70/3550.67/3918.00/5 (mean/median/min/max/num), 71.18 steps/s
INFO:root:Normalized LOG: steps 790000, episodes 790, returns 0.83/0.84/0.77/0.85/5 (mean/median/min/max/num), 71.18 steps/s
2024-04-13 16:12:00,555 | Normalized LOG: steps 790000, episodes 790, returns 0.83/0.84/0.77/0.85/5 (mean/median/min/max/num), 71.18 steps/s
INFO:root:TRAIN LOG: steps 800000, episodes 800, returns 0.00/0.00/0.00/0.00/5 (mean/median/min/max/num), 70.98 steps/s
2024-04-13 16:14:21,443 | TRAIN LOG: steps 800000, episodes 800, returns 0.00/0.00/0.00/0.00/5 (mean/median/min/max/num), 70.98 steps/s
INFO:root:TEST LOG: steps 800000, episodes 800, returns 3680.81/3671.62/3596.45/3762.90/5 (mean/median/min/max/num), 70.98 steps/s
2024-04-13 16:14:23,559 | TEST LOG: steps 800000, episodes 800, returns 3680.81/3671.62/3596.45/3762.90/5 (mean/median/min/max/num), 70.98 steps/s
INFO:root:Normalized LOG: steps 800000, episodes 800, returns 0.80/0.80/0.78/0.82/5 (mean/median/min/max/num), 70.98 steps/s
2024-04-13 16:14:23,560 | Normalized LOG: steps 800000, episodes 800, returns 0.80/0.80/0.78/0.82/5 (mean/median/min/max/num), 70.98 steps/s
INFO:root:TRAIN LOG: steps 810000, episodes 810, returns 0.00/0.00/0.00/0.00/5 (mean/median/min/max/num), 71.04 steps/s
2024-04-13 16:16:44,333 | TRAIN LOG: steps 810000, episodes 810, returns 0.00/0.00/0.00/0.00/5 (mean/median/min/max/num), 71.04 steps/s
INFO:root:TEST LOG: steps 810000, episodes 810, returns 3698.71/3754.96/3518.19/3807.27/5 (mean/median/min/max/num), 71.04 steps/s
2024-04-13 16:16:46,442 | TEST LOG: steps 810000, episodes 810, returns 3698.71/3754.96/3518.19/3807.27/5 (mean/median/min/max/num), 71.04 steps/s
INFO:root:Normalized LOG: steps 810000, episodes 810, returns 0.81/0.82/0.77/0.83/5 (mean/median/min/max/num), 71.04 steps/s
2024-04-13 16:16:46,442 | Normalized LOG: steps 810000, episodes 810, returns 0.81/0.82/0.77/0.83/5 (mean/median/min/max/num), 71.04 steps/s
INFO:root:TRAIN LOG: steps 820000, episodes 820, returns 0.00/0.00/0.00/0.00/5 (mean/median/min/max/num), 71.16 steps/s
2024-04-13 16:19:06,973 | TRAIN LOG: steps 820000, episodes 820, returns 0.00/0.00/0.00/0.00/5 (mean/median/min/max/num), 71.16 steps/s
INFO:root:TEST LOG: steps 820000, episodes 820, returns 3648.05/3844.86/2644.68/3999.39/5 (mean/median/min/max/num), 71.16 steps/s
2024-04-13 16:19:08,934 | TEST LOG: steps 820000, episodes 820, returns 3648.05/3844.86/2644.68/3999.39/5 (mean/median/min/max/num), 71.16 steps/s
INFO:root:Normalized LOG: steps 820000, episodes 820, returns 0.79/0.84/0.58/0.87/5 (mean/median/min/max/num), 71.16 steps/s
2024-04-13 16:19:08,934 | Normalized LOG: steps 820000, episodes 820, returns 0.79/0.84/0.58/0.87/5 (mean/median/min/max/num), 71.16 steps/s
INFO:root:TRAIN LOG: steps 830000, episodes 830, returns 0.00/0.00/0.00/0.00/5 (mean/median/min/max/num), 71.03 steps/s
2024-04-13 16:21:29,726 | TRAIN LOG: steps 830000, episodes 830, returns 0.00/0.00/0.00/0.00/5 (mean/median/min/max/num), 71.03 steps/s
INFO:root:TEST LOG: steps 830000, episodes 830, returns 3535.33/3494.74/3466.04/3631.02/5 (mean/median/min/max/num), 71.03 steps/s
2024-04-13 16:21:31,843 | TEST LOG: steps 830000, episodes 830, returns 3535.33/3494.74/3466.04/3631.02/5 (mean/median/min/max/num), 71.03 steps/s
INFO:root:Normalized LOG: steps 830000, episodes 830, returns 0.77/0.76/0.75/0.79/5 (mean/median/min/max/num), 71.03 steps/s
2024-04-13 16:21:31,843 | Normalized LOG: steps 830000, episodes 830, returns 0.77/0.76/0.75/0.79/5 (mean/median/min/max/num), 71.03 steps/s
INFO:root:TRAIN LOG: steps 840000, episodes 840, returns 0.00/0.00/0.00/0.00/5 (mean/median/min/max/num), 71.06 steps/s
2024-04-13 16:23:52,574 | TRAIN LOG: steps 840000, episodes 840, returns 0.00/0.00/0.00/0.00/5 (mean/median/min/max/num), 71.06 steps/s
INFO:root:TEST LOG: steps 840000, episodes 840, returns 3647.02/3609.04/3455.28/3850.91/5 (mean/median/min/max/num), 71.06 steps/s
2024-04-13 16:23:54,695 | TEST LOG: steps 840000, episodes 840, returns 3647.02/3609.04/3455.28/3850.91/5 (mean/median/min/max/num), 71.06 steps/s
INFO:root:Normalized LOG: steps 840000, episodes 840, returns 0.79/0.79/0.75/0.84/5 (mean/median/min/max/num), 71.06 steps/s
2024-04-13 16:23:54,695 | Normalized LOG: steps 840000, episodes 840, returns 0.79/0.79/0.75/0.84/5 (mean/median/min/max/num), 71.06 steps/s
INFO:root:TRAIN LOG: steps 850000, episodes 850, returns 0.00/0.00/0.00/0.00/5 (mean/median/min/max/num), 71.40 steps/s
2024-04-13 16:26:14,761 | TRAIN LOG: steps 850000, episodes 850, returns 0.00/0.00/0.00/0.00/5 (mean/median/min/max/num), 71.40 steps/s
INFO:root:TEST LOG: steps 850000, episodes 850, returns 3779.94/3869.28/3553.93/3885.06/5 (mean/median/min/max/num), 71.40 steps/s
2024-04-13 16:26:16,874 | TEST LOG: steps 850000, episodes 850, returns 3779.94/3869.28/3553.93/3885.06/5 (mean/median/min/max/num), 71.40 steps/s
INFO:root:Normalized LOG: steps 850000, episodes 850, returns 0.82/0.84/0.77/0.85/5 (mean/median/min/max/num), 71.40 steps/s
2024-04-13 16:26:16,874 | Normalized LOG: steps 850000, episodes 850, returns 0.82/0.84/0.77/0.85/5 (mean/median/min/max/num), 71.40 steps/s
INFO:root:TRAIN LOG: steps 860000, episodes 860, returns 0.00/0.00/0.00/0.00/5 (mean/median/min/max/num), 71.15 steps/s
2024-04-13 16:28:37,430 | TRAIN LOG: steps 860000, episodes 860, returns 0.00/0.00/0.00/0.00/5 (mean/median/min/max/num), 71.15 steps/s
INFO:root:TEST LOG: steps 860000, episodes 860, returns 3674.24/3647.64/3637.99/3743.65/5 (mean/median/min/max/num), 71.15 steps/s
2024-04-13 16:28:39,542 | TEST LOG: steps 860000, episodes 860, returns 3674.24/3647.64/3637.99/3743.65/5 (mean/median/min/max/num), 71.15 steps/s
INFO:root:Normalized LOG: steps 860000, episodes 860, returns 0.80/0.79/0.79/0.82/5 (mean/median/min/max/num), 71.15 steps/s
2024-04-13 16:28:39,542 | Normalized LOG: steps 860000, episodes 860, returns 0.80/0.79/0.79/0.82/5 (mean/median/min/max/num), 71.15 steps/s
INFO:root:TRAIN LOG: steps 870000, episodes 870, returns 0.00/0.00/0.00/0.00/5 (mean/median/min/max/num), 71.23 steps/s
2024-04-13 16:30:59,927 | TRAIN LOG: steps 870000, episodes 870, returns 0.00/0.00/0.00/0.00/5 (mean/median/min/max/num), 71.23 steps/s
INFO:root:TEST LOG: steps 870000, episodes 870, returns 3810.38/3805.62/3716.44/3938.28/5 (mean/median/min/max/num), 71.23 steps/s
2024-04-13 16:31:02,043 | TEST LOG: steps 870000, episodes 870, returns 3810.38/3805.62/3716.44/3938.28/5 (mean/median/min/max/num), 71.23 steps/s
INFO:root:Normalized LOG: steps 870000, episodes 870, returns 0.83/0.83/0.81/0.86/5 (mean/median/min/max/num), 71.23 steps/s
2024-04-13 16:31:02,043 | Normalized LOG: steps 870000, episodes 870, returns 0.83/0.83/0.81/0.86/5 (mean/median/min/max/num), 71.23 steps/s
INFO:root:TRAIN LOG: steps 880000, episodes 880, returns 0.00/0.00/0.00/0.00/5 (mean/median/min/max/num), 71.34 steps/s
2024-04-13 16:33:22,225 | TRAIN LOG: steps 880000, episodes 880, returns 0.00/0.00/0.00/0.00/5 (mean/median/min/max/num), 71.34 steps/s
INFO:root:TEST LOG: steps 880000, episodes 880, returns 3641.68/3576.39/3450.67/3861.66/5 (mean/median/min/max/num), 71.34 steps/s
2024-04-13 16:33:24,345 | TEST LOG: steps 880000, episodes 880, returns 3641.68/3576.39/3450.67/3861.66/5 (mean/median/min/max/num), 71.34 steps/s
INFO:root:Normalized LOG: steps 880000, episodes 880, returns 0.79/0.78/0.75/0.84/5 (mean/median/min/max/num), 71.34 steps/s
2024-04-13 16:33:24,346 | Normalized LOG: steps 880000, episodes 880, returns 0.79/0.78/0.75/0.84/5 (mean/median/min/max/num), 71.34 steps/s
INFO:root:TRAIN LOG: steps 890000, episodes 890, returns 0.00/0.00/0.00/0.00/5 (mean/median/min/max/num), 70.97 steps/s
2024-04-13 16:35:45,248 | TRAIN LOG: steps 890000, episodes 890, returns 0.00/0.00/0.00/0.00/5 (mean/median/min/max/num), 70.97 steps/s
INFO:root:TEST LOG: steps 890000, episodes 890, returns 3446.88/3908.31/1849.97/4041.10/5 (mean/median/min/max/num), 70.97 steps/s
2024-04-13 16:35:47,158 | TEST LOG: steps 890000, episodes 890, returns 3446.88/3908.31/1849.97/4041.10/5 (mean/median/min/max/num), 70.97 steps/s
INFO:root:Normalized LOG: steps 890000, episodes 890, returns 0.75/0.85/0.40/0.88/5 (mean/median/min/max/num), 70.97 steps/s
2024-04-13 16:35:47,158 | Normalized LOG: steps 890000, episodes 890, returns 0.75/0.85/0.40/0.88/5 (mean/median/min/max/num), 70.97 steps/s
INFO:root:TRAIN LOG: steps 900000, episodes 900, returns 0.00/0.00/0.00/0.00/5 (mean/median/min/max/num), 71.35 steps/s
2024-04-13 16:38:07,320 | TRAIN LOG: steps 900000, episodes 900, returns 0.00/0.00/0.00/0.00/5 (mean/median/min/max/num), 71.35 steps/s
INFO:root:TEST LOG: steps 900000, episodes 900, returns 3652.49/3674.31/3565.71/3707.30/5 (mean/median/min/max/num), 71.35 steps/s
2024-04-13 16:38:09,432 | TEST LOG: steps 900000, episodes 900, returns 3652.49/3674.31/3565.71/3707.30/5 (mean/median/min/max/num), 71.35 steps/s
INFO:root:Normalized LOG: steps 900000, episodes 900, returns 0.80/0.80/0.78/0.81/5 (mean/median/min/max/num), 71.35 steps/s
2024-04-13 16:38:09,432 | Normalized LOG: steps 900000, episodes 900, returns 0.80/0.80/0.78/0.81/5 (mean/median/min/max/num), 71.35 steps/s
INFO:root:TRAIN LOG: steps 910000, episodes 910, returns 0.00/0.00/0.00/0.00/5 (mean/median/min/max/num), 70.99 steps/s
2024-04-13 16:40:30,294 | TRAIN LOG: steps 910000, episodes 910, returns 0.00/0.00/0.00/0.00/5 (mean/median/min/max/num), 70.99 steps/s
INFO:root:TEST LOG: steps 910000, episodes 910, returns 3720.45/3767.09/3518.45/3795.36/5 (mean/median/min/max/num), 70.99 steps/s
2024-04-13 16:40:32,408 | TEST LOG: steps 910000, episodes 910, returns 3720.45/3767.09/3518.45/3795.36/5 (mean/median/min/max/num), 70.99 steps/s
INFO:root:Normalized LOG: steps 910000, episodes 910, returns 0.81/0.82/0.77/0.83/5 (mean/median/min/max/num), 70.99 steps/s
2024-04-13 16:40:32,409 | Normalized LOG: steps 910000, episodes 910, returns 0.81/0.82/0.77/0.83/5 (mean/median/min/max/num), 70.99 steps/s
INFO:root:TRAIN LOG: steps 920000, episodes 920, returns 0.00/0.00/0.00/0.00/5 (mean/median/min/max/num), 71.04 steps/s
2024-04-13 16:42:53,170 | TRAIN LOG: steps 920000, episodes 920, returns 0.00/0.00/0.00/0.00/5 (mean/median/min/max/num), 71.04 steps/s
INFO:root:TEST LOG: steps 920000, episodes 920, returns 3700.20/3651.17/3611.49/3825.48/5 (mean/median/min/max/num), 71.04 steps/s
2024-04-13 16:42:55,288 | TEST LOG: steps 920000, episodes 920, returns 3700.20/3651.17/3611.49/3825.48/5 (mean/median/min/max/num), 71.04 steps/s
INFO:root:Normalized LOG: steps 920000, episodes 920, returns 0.81/0.79/0.79/0.83/5 (mean/median/min/max/num), 71.04 steps/s
2024-04-13 16:42:55,288 | Normalized LOG: steps 920000, episodes 920, returns 0.81/0.79/0.79/0.83/5 (mean/median/min/max/num), 71.04 steps/s
INFO:root:TRAIN LOG: steps 930000, episodes 930, returns 0.00/0.00/0.00/0.00/5 (mean/median/min/max/num), 71.06 steps/s
2024-04-13 16:45:16,012 | TRAIN LOG: steps 930000, episodes 930, returns 0.00/0.00/0.00/0.00/5 (mean/median/min/max/num), 71.06 steps/s
INFO:root:TEST LOG: steps 930000, episodes 930, returns 3494.92/3510.88/3311.64/3637.26/5 (mean/median/min/max/num), 71.06 steps/s
2024-04-13 16:45:18,127 | TEST LOG: steps 930000, episodes 930, returns 3494.92/3510.88/3311.64/3637.26/5 (mean/median/min/max/num), 71.06 steps/s
INFO:root:Normalized LOG: steps 930000, episodes 930, returns 0.76/0.76/0.72/0.79/5 (mean/median/min/max/num), 71.06 steps/s
2024-04-13 16:45:18,127 | Normalized LOG: steps 930000, episodes 930, returns 0.76/0.76/0.72/0.79/5 (mean/median/min/max/num), 71.06 steps/s
INFO:root:TRAIN LOG: steps 940000, episodes 940, returns 0.00/0.00/0.00/0.00/5 (mean/median/min/max/num), 71.17 steps/s
2024-04-13 16:47:38,627 | TRAIN LOG: steps 940000, episodes 940, returns 0.00/0.00/0.00/0.00/5 (mean/median/min/max/num), 71.17 steps/s
INFO:root:TEST LOG: steps 940000, episodes 940, returns 3568.18/3675.33/3327.56/3783.70/5 (mean/median/min/max/num), 71.17 steps/s
2024-04-13 16:47:40,742 | TEST LOG: steps 940000, episodes 940, returns 3568.18/3675.33/3327.56/3783.70/5 (mean/median/min/max/num), 71.17 steps/s
INFO:root:Normalized LOG: steps 940000, episodes 940, returns 0.78/0.80/0.72/0.82/5 (mean/median/min/max/num), 71.17 steps/s
2024-04-13 16:47:40,742 | Normalized LOG: steps 940000, episodes 940, returns 0.78/0.80/0.72/0.82/5 (mean/median/min/max/num), 71.17 steps/s
INFO:root:TRAIN LOG: steps 950000, episodes 950, returns 0.00/0.00/0.00/0.00/5 (mean/median/min/max/num), 71.00 steps/s
2024-04-13 16:50:01,581 | TRAIN LOG: steps 950000, episodes 950, returns 0.00/0.00/0.00/0.00/5 (mean/median/min/max/num), 71.00 steps/s
INFO:root:TEST LOG: steps 950000, episodes 950, returns 3335.64/3508.44/2536.38/3580.67/5 (mean/median/min/max/num), 71.00 steps/s
2024-04-13 16:50:03,576 | TEST LOG: steps 950000, episodes 950, returns 3335.64/3508.44/2536.38/3580.67/5 (mean/median/min/max/num), 71.00 steps/s
INFO:root:Normalized LOG: steps 950000, episodes 950, returns 0.73/0.76/0.55/0.78/5 (mean/median/min/max/num), 71.00 steps/s
2024-04-13 16:50:03,577 | Normalized LOG: steps 950000, episodes 950, returns 0.73/0.76/0.55/0.78/5 (mean/median/min/max/num), 71.00 steps/s
INFO:root:TRAIN LOG: steps 960000, episodes 960, returns 0.00/0.00/0.00/0.00/5 (mean/median/min/max/num), 70.98 steps/s
2024-04-13 16:52:24,458 | TRAIN LOG: steps 960000, episodes 960, returns 0.00/0.00/0.00/0.00/5 (mean/median/min/max/num), 70.98 steps/s
INFO:root:TEST LOG: steps 960000, episodes 960, returns 3839.83/3804.52/3715.24/3971.49/5 (mean/median/min/max/num), 70.98 steps/s
2024-04-13 16:52:26,573 | TEST LOG: steps 960000, episodes 960, returns 3839.83/3804.52/3715.24/3971.49/5 (mean/median/min/max/num), 70.98 steps/s
INFO:root:Normalized LOG: steps 960000, episodes 960, returns 0.84/0.83/0.81/0.86/5 (mean/median/min/max/num), 70.98 steps/s
2024-04-13 16:52:26,573 | Normalized LOG: steps 960000, episodes 960, returns 0.84/0.83/0.81/0.86/5 (mean/median/min/max/num), 70.98 steps/s
INFO:root:TRAIN LOG: steps 970000, episodes 970, returns 0.00/0.00/0.00/0.00/5 (mean/median/min/max/num), 71.20 steps/s
2024-04-13 16:54:47,014 | TRAIN LOG: steps 970000, episodes 970, returns 0.00/0.00/0.00/0.00/5 (mean/median/min/max/num), 71.20 steps/s
INFO:root:TEST LOG: steps 970000, episodes 970, returns 3474.68/3473.30/3289.36/3742.34/5 (mean/median/min/max/num), 71.20 steps/s
2024-04-13 16:54:49,231 | TEST LOG: steps 970000, episodes 970, returns 3474.68/3473.30/3289.36/3742.34/5 (mean/median/min/max/num), 71.20 steps/s
INFO:root:Normalized LOG: steps 970000, episodes 970, returns 0.76/0.76/0.72/0.81/5 (mean/median/min/max/num), 71.20 steps/s
2024-04-13 16:54:49,231 | Normalized LOG: steps 970000, episodes 970, returns 0.76/0.76/0.72/0.81/5 (mean/median/min/max/num), 71.20 steps/s
INFO:root:TRAIN LOG: steps 980000, episodes 980, returns 0.00/0.00/0.00/0.00/5 (mean/median/min/max/num), 71.04 steps/s
2024-04-13 16:57:09,989 | TRAIN LOG: steps 980000, episodes 980, returns 0.00/0.00/0.00/0.00/5 (mean/median/min/max/num), 71.04 steps/s
INFO:root:TEST LOG: steps 980000, episodes 980, returns 3736.57/3724.17/3695.39/3774.18/5 (mean/median/min/max/num), 71.04 steps/s
2024-04-13 16:57:12,102 | TEST LOG: steps 980000, episodes 980, returns 3736.57/3724.17/3695.39/3774.18/5 (mean/median/min/max/num), 71.04 steps/s
INFO:root:Normalized LOG: steps 980000, episodes 980, returns 0.81/0.81/0.80/0.82/5 (mean/median/min/max/num), 71.04 steps/s
2024-04-13 16:57:12,102 | Normalized LOG: steps 980000, episodes 980, returns 0.81/0.81/0.80/0.82/5 (mean/median/min/max/num), 71.04 steps/s
INFO:root:TRAIN LOG: steps 990000, episodes 990, returns 0.00/0.00/0.00/0.00/5 (mean/median/min/max/num), 71.02 steps/s
2024-04-13 16:59:32,916 | TRAIN LOG: steps 990000, episodes 990, returns 0.00/0.00/0.00/0.00/5 (mean/median/min/max/num), 71.02 steps/s
INFO:root:TEST LOG: steps 990000, episodes 990, returns 3667.75/3690.51/3490.27/3751.54/5 (mean/median/min/max/num), 71.02 steps/s
2024-04-13 16:59:35,030 | TEST LOG: steps 990000, episodes 990, returns 3667.75/3690.51/3490.27/3751.54/5 (mean/median/min/max/num), 71.02 steps/s
INFO:root:Normalized LOG: steps 990000, episodes 990, returns 0.80/0.80/0.76/0.82/5 (mean/median/min/max/num), 71.02 steps/s
2024-04-13 16:59:35,031 | Normalized LOG: steps 990000, episodes 990, returns 0.80/0.80/0.76/0.82/5 (mean/median/min/max/num), 71.02 steps/s
INFO:root:TRAIN LOG: steps 1000000, episodes 1000, returns 0.00/0.00/0.00/0.00/5 (mean/median/min/max/num), 71.00 steps/s
2024-04-13 17:01:55,867 | TRAIN LOG: steps 1000000, episodes 1000, returns 0.00/0.00/0.00/0.00/5 (mean/median/min/max/num), 71.00 steps/s
INFO:root:TEST LOG: steps 1000000, episodes 1000, returns 3531.49/3753.35/2544.23/3856.36/5 (mean/median/min/max/num), 71.00 steps/s
2024-04-13 17:01:57,851 | TEST LOG: steps 1000000, episodes 1000, returns 3531.49/3753.35/2544.23/3856.36/5 (mean/median/min/max/num), 71.00 steps/s
INFO:root:Normalized LOG: steps 1000000, episodes 1000, returns 0.77/0.82/0.55/0.84/5 (mean/median/min/max/num), 71.00 steps/s
2024-04-13 17:01:57,851 | Normalized LOG: steps 1000000, episodes 1000, returns 0.77/0.82/0.55/0.84/5 (mean/median/min/max/num), 71.00 steps/s
==============================================================================
Running epilogue script on rose07.

Submit time  : 2024-04-13T13:02:44
Start time   : 2024-04-13T13:02:45
End time     : 2024-04-13T17:01:59
Elapsed time : 03:59:14 (Timelimit=06:00:00)

Job ID: 5827817
Cluster: i5
User/Group: jhj1g23/fp
State: COMPLETED (exit code 0)
Nodes: 1
Cores per node: 48
CPU Utilized: 03:57:58
CPU Efficiency: 2.07% of 7-23:23:12 core-walltime
Job Wall-clock time: 03:59:14
Memory Utilized: 647.99 MB
Memory Efficiency: 0.00% of 16.00 B

